[ 2016-08-21T10:53:04+08:00 ] 127.0.0.1 /zhihuiyuan/
INFO: [ app_init ] --START--
INFO: Run Behavior\BuildLiteBehavior [ RunTime:0.000000s ]
INFO: [ app_init ] --END-- [ RunTime:0.061004s ]

[ 2016-08-21T10:53:10+08:00 ] 127.0.0.1 /zhihuiyuan/Index/commitList1/nid/17
INFO: [ app_init ] --START--
INFO: Run Behavior\BuildLiteBehavior [ RunTime:0.000000s ]
INFO: [ app_init ] --END-- [ RunTime:0.000000s ]

[ 2016-08-21T10:53:10+08:00 ] 127.0.0.1 /zhihuiyuan/Reteacher/index/nid/17
INFO: [ app_init ] --START--
INFO: Run Behavior\BuildLiteBehavior [ RunTime:0.000000s ]
INFO: [ app_init ] --END-- [ RunTime:0.000000s ]

[ 2016-08-21T10:53:15+08:00 ] 127.0.0.1 /zhihuiyuan/Index/index
INFO: [ app_init ] --START--
INFO: Run Behavior\BuildLiteBehavior [ RunTime:0.000000s ]
INFO: [ app_init ] --END-- [ RunTime:0.001000s ]

[ 2016-08-21T10:53:28+08:00 ] 127.0.0.1 /zhihuiyuan/Index/commitList1/nid/35
INFO: [ app_init ] --START--
INFO: Run Behavior\BuildLiteBehavior [ RunTime:0.000000s ]
INFO: [ app_init ] --END-- [ RunTime:0.001000s ]

[ 2016-08-21T10:53:30+08:00 ] 127.0.0.1 /zhihuiyuan/Index/index
INFO: [ app_init ] --START--
INFO: Run Behavior\BuildLiteBehavior [ RunTime:0.000000s ]
INFO: [ app_init ] --END-- [ RunTime:0.001000s ]

[ 2016-08-21T10:53:36+08:00 ] 127.0.0.1 /zhihuiyuan/Index/commitList1/nid/16
INFO: [ app_init ] --START--
INFO: Run Behavior\BuildLiteBehavior [ RunTime:0.000000s ]
INFO: [ app_init ] --END-- [ RunTime:0.001000s ]

[ 2016-08-21T10:53:36+08:00 ] 127.0.0.1 /zhihuiyuan/Contact/commit/nid/16
INFO: [ app_init ] --START--
INFO: Run Behavior\BuildLiteBehavior [ RunTime:0.000000s ]
INFO: [ app_init ] --END-- [ RunTime:0.001000s ]

[ 2016-08-21T10:53:39+08:00 ] 127.0.0.1 /zhihuiyuan/Index/index
INFO: [ app_init ] --START--
INFO: Run Behavior\BuildLiteBehavior [ RunTime:0.000000s ]
INFO: [ app_init ] --END-- [ RunTime:0.003000s ]

[ 2016-08-21T10:53:41+08:00 ] 127.0.0.1 /zhihuiyuan/Index/commitList1/nid/18
INFO: [ app_init ] --START--
INFO: Run Behavior\BuildLiteBehavior [ RunTime:0.000000s ]
INFO: [ app_init ] --END-- [ RunTime:0.000000s ]

[ 2016-08-21T10:53:42+08:00 ] 127.0.0.1 /zhihuiyuan/Train/index/nid/18
INFO: [ app_init ] --START--
INFO: Run Behavior\BuildLiteBehavior [ RunTime:0.000000s ]
INFO: [ app_init ] --END-- [ RunTime:0.001000s ]

[ 2016-08-21T10:53:43+08:00 ] 127.0.0.1 /zhihuiyuan/Index/index
INFO: [ app_init ] --START--
INFO: Run Behavior\BuildLiteBehavior [ RunTime:0.000000s ]
INFO: [ app_init ] --END-- [ RunTime:0.001000s ]

[ 2016-08-21T10:53:54+08:00 ] 127.0.0.1 /zhihuiyuan/Index/commitList1/nid/12
INFO: [ app_init ] --START--
INFO: Run Behavior\BuildLiteBehavior [ RunTime:0.000000s ]
INFO: [ app_init ] --END-- [ RunTime:0.001000s ]

[ 2016-08-21T10:53:56+08:00 ] 127.0.0.1 /zhihuiyuan/Index/index
INFO: [ app_init ] --START--
INFO: Run Behavior\BuildLiteBehavior [ RunTime:0.000000s ]
INFO: [ app_init ] --END-- [ RunTime:0.000000s ]

[ 2016-08-21T10:54:02+08:00 ] 127.0.0.1 /zhihuiyuan/Company/index
INFO: [ app_init ] --START--
INFO: Run Behavior\BuildLiteBehavior [ RunTime:0.000000s ]
INFO: [ app_init ] --END-- [ RunTime:0.000000s ]

[ 2016-08-21T10:54:07+08:00 ] 127.0.0.1 /zhihuiyuan/Index/index
INFO: [ app_init ] --START--
INFO: Run Behavior\BuildLiteBehavior [ RunTime:0.000000s ]
INFO: [ app_init ] --END-- [ RunTime:0.000000s ]

[ 2016-08-21T10:54:10+08:00 ] 127.0.0.1 /zhihuiyuan/News/index
INFO: [ app_init ] --START--
INFO: Run Behavior\BuildLiteBehavior [ RunTime:0.000000s ]
INFO: [ app_init ] --END-- [ RunTime:0.000000s ]

[ 2016-08-21T10:54:17+08:00 ] 127.0.0.1 /zhihuiyuan/News/index/p/2.html
INFO: [ app_init ] --START--
INFO: Run Behavior\BuildLiteBehavior [ RunTime:0.000000s ]
INFO: [ app_init ] --END-- [ RunTime:0.001000s ]

[ 2016-08-21T10:54:19+08:00 ] 127.0.0.1 /zhihuiyuan/Index/index
INFO: [ app_init ] --START--
INFO: Run Behavior\BuildLiteBehavior [ RunTime:0.000000s ]
INFO: [ app_init ] --END-- [ RunTime:0.001000s ]

[ 2016-08-21T10:58:26+08:00 ] 127.0.0.1 /zhihuiyuan/
INFO: [ app_init ] --START--
INFO: Run Behavior\BuildLiteBehavior [ RunTime:0.000000s ]
INFO: [ app_init ] --END-- [ RunTime:0.001000s ]

[ 2016-08-21T12:33:10+08:00 ] 127.0.0.1 /zhihuiyuan/Public/Admin/js/jquery-1.10.1.min.map
INFO: [ app_init ] --START--
INFO: Run Behavior\BuildLiteBehavior [ RunTime:0.000000s ]
INFO: [ app_init ] --END-- [ RunTime:0.000000s ]
ERR: 无法加载控制器:Public

[ 2016-08-21T12:33:15+08:00 ] 127.0.0.1 /zhihuiyuan/Public/Admin/js/jquery-1.10.1.min.map
INFO: [ app_init ] --START--
INFO: Run Behavior\BuildLiteBehavior [ RunTime:0.000000s ]
INFO: [ app_init ] --END-- [ RunTime:0.001000s ]
ERR: 无法加载控制器:Public

[ 2016-08-21T12:33:19+08:00 ] 127.0.0.1 /zhihuiyuan/Public/Admin/js/jquery-1.10.1.min.map
INFO: [ app_init ] --START--
INFO: Run Behavior\BuildLiteBehavior [ RunTime:0.000000s ]
INFO: [ app_init ] --END-- [ RunTime:0.001000s ]
ERR: 无法加载控制器:Public

[ 2016-08-21T12:33:35+08:00 ] 127.0.0.1 /zhihuiyuan/Public/Admin/js/jquery-1.10.1.min.map
INFO: [ app_init ] --START--
INFO: Run Behavior\BuildLiteBehavior [ RunTime:0.000000s ]
INFO: [ app_init ] --END-- [ RunTime:0.000000s ]
ERR: 无法加载控制器:Public

[ 2016-08-21T12:34:01+08:00 ] 127.0.0.1 /zhihuiyuan/Public/Admin/js/jquery-1.10.1.min.map
INFO: [ app_init ] --START--
INFO: Run Behavior\BuildLiteBehavior [ RunTime:0.000000s ]
INFO: [ app_init ] --END-- [ RunTime:0.001000s ]
ERR: 无法加载控制器:Public

[ 2016-08-21T12:34:52+08:00 ] 127.0.0.1 /zhihuiyuan/Public/Admin/js/jquery-1.10.1.min.map
INFO: [ app_init ] --START--
INFO: Run Behavior\BuildLiteBehavior [ RunTime:0.000000s ]
INFO: [ app_init ] --END-- [ RunTime:0.001000s ]
ERR: 无法加载控制器:Public

[ 2016-08-21T12:35:57+08:00 ] 127.0.0.1 /zhihuiyuan/Public/Admin/js/jquery-1.10.1.min.map
INFO: [ app_init ] --START--
INFO: Run Behavior\BuildLiteBehavior [ RunTime:0.000000s ]
INFO: [ app_init ] --END-- [ RunTime:0.000000s ]
ERR: 无法加载控制器:Public

[ 2016-08-21T12:38:03+08:00 ] 127.0.0.1 /zhihuiyuan/Public/Admin/js/jquery-1.10.1.min.map
INFO: [ app_init ] --START--
INFO: Run Behavior\BuildLiteBehavior [ RunTime:0.000000s ]
INFO: [ app_init ] --END-- [ RunTime:0.001000s ]
ERR: 无法加载控制器:Public

[ 2016-08-21T12:38:22+08:00 ] 127.0.0.1 /zhihuiyuan/Public/Admin/js/jquery-1.10.1.min.map
INFO: [ app_init ] --START--
INFO: Run Behavior\BuildLiteBehavior [ RunTime:0.000000s ]
INFO: [ app_init ] --END-- [ RunTime:0.001000s ]
ERR: 无法加载控制器:Public

[ 2016-08-21T12:39:24+08:00 ] 127.0.0.1 /zhihuiyuan/Public/Admin/js/jquery-1.10.1.min.map
INFO: [ app_init ] --START--
INFO: Run Behavior\BuildLiteBehavior [ RunTime:0.000000s ]
INFO: [ app_init ] --END-- [ RunTime:0.001000s ]
ERR: 无法加载控制器:Public

[ 2016-08-21T12:39:51+08:00 ] 127.0.0.1 /zhihuiyuan/Public/Admin/js/jquery-1.10.1.min.map
INFO: [ app_init ] --START--
INFO: Run Behavior\BuildLiteBehavior [ RunTime:0.000000s ]
INFO: [ app_init ] --END-- [ RunTime:0.001000s ]
ERR: 无法加载控制器:Public

[ 2016-08-21T12:39:59+08:00 ] 127.0.0.1 /zhihuiyuan/Public/Admin/js/jquery-1.10.1.min.map
INFO: [ app_init ] --START--
INFO: Run Behavior\BuildLiteBehavior [ RunTime:0.000000s ]
INFO: [ app_init ] --END-- [ RunTime:0.000000s ]
ERR: 无法加载控制器:Public

[ 2016-08-21T12:40:04+08:00 ] 127.0.0.1 /zhihuiyuan/Public/Admin/js/jquery-1.10.1.min.map
INFO: [ app_init ] --START--
INFO: Run Behavior\BuildLiteBehavior [ RunTime:0.000000s ]
INFO: [ app_init ] --END-- [ RunTime:0.001000s ]
ERR: 无法加载控制器:Public

[ 2016-08-21T12:41:22+08:00 ] 127.0.0.1 /zhihuiyuan/Public/Admin/js/jquery-1.10.1.min.map
INFO: [ app_init ] --START--
INFO: Run Behavior\BuildLiteBehavior [ RunTime:0.000000s ]
INFO: [ app_init ] --END-- [ RunTime:0.000000s ]
ERR: 无法加载控制器:Public

[ 2016-08-21T12:41:29+08:00 ] 127.0.0.1 /zhihuiyuan/Public/Admin/js/jquery-1.10.1.min.map
INFO: [ app_init ] --START--
INFO: Run Behavior\BuildLiteBehavior [ RunTime:0.000000s ]
INFO: [ app_init ] --END-- [ RunTime:0.001000s ]
ERR: 无法加载控制器:Public

[ 2016-08-21T12:41:52+08:00 ] 127.0.0.1 /zhihuiyuan/Public/Admin/js/jquery-1.10.1.min.map
INFO: [ app_init ] --START--
INFO: Run Behavior\BuildLiteBehavior [ RunTime:0.000000s ]
INFO: [ app_init ] --END-- [ RunTime:0.001000s ]
ERR: 无法加载控制器:Public

[ 2016-08-21T12:42:29+08:00 ] 127.0.0.1 /zhihuiyuan/Public/Admin/js/jquery-1.10.1.min.map
INFO: [ app_init ] --START--
INFO: Run Behavior\BuildLiteBehavior [ RunTime:0.000000s ]
INFO: [ app_init ] --END-- [ RunTime:0.002000s ]
ERR: 无法加载控制器:Public

[ 2016-08-21T12:43:10+08:00 ] 127.0.0.1 /zhihuiyuan/Public/Admin/js/jquery-1.10.1.min.map
INFO: [ app_init ] --START--
INFO: Run Behavior\BuildLiteBehavior [ RunTime:0.000000s ]
INFO: [ app_init ] --END-- [ RunTime:0.001000s ]
ERR: 无法加载控制器:Public

[ 2016-08-21T12:44:10+08:00 ] 127.0.0.1 /zhihuiyuan/Public/Admin/js/jquery-1.10.1.min.map
INFO: [ app_init ] --START--
INFO: Run Behavior\BuildLiteBehavior [ RunTime:0.000000s ]
INFO: [ app_init ] --END-- [ RunTime:0.001000s ]
ERR: 无法加载控制器:Public

[ 2016-08-21T12:45:49+08:00 ] 127.0.0.1 /zhihuiyuan/Public/Admin/js/jquery-1.10.1.min.map
INFO: [ app_init ] --START--
INFO: Run Behavior\BuildLiteBehavior [ RunTime:0.000000s ]
INFO: [ app_init ] --END-- [ RunTime:0.001000s ]
ERR: 无法加载控制器:Public

[ 2016-08-21T12:51:41+08:00 ] 127.0.0.1 /zhihuiyuan/Public/Admin/js/jquery-1.10.1.min.map
INFO: [ app_init ] --START--
INFO: Run Behavior\BuildLiteBehavior [ RunTime:0.000000s ]
INFO: [ app_init ] --END-- [ RunTime:0.001000s ]
ERR: 无法加载控制器:Public

[ 2016-08-21T12:54:04+08:00 ] 127.0.0.1 /zhihuiyuan/Public/Admin/js/jquery-1.10.1.min.map
INFO: [ app_init ] --START--
INFO: Run Behavior\BuildLiteBehavior [ RunTime:0.000000s ]
INFO: [ app_init ] --END-- [ RunTime:0.001000s ]
ERR: 无法加载控制器:Public

[ 2016-08-21T12:54:09+08:00 ] 127.0.0.1 /zhihuiyuan/Public/Admin/js/jquery-1.10.1.min.map
INFO: [ app_init ] --START--
INFO: Run Behavior\BuildLiteBehavior [ RunTime:0.000000s ]
INFO: [ app_init ] --END-- [ RunTime:0.001000s ]
ERR: 无法加载控制器:Public

[ 2016-08-21T12:54:30+08:00 ] 127.0.0.1 /zhihuiyuan/Public/Admin/js/jquery-1.10.1.min.map
INFO: [ app_init ] --START--
INFO: Run Behavior\BuildLiteBehavior [ RunTime:0.000000s ]
INFO: [ app_init ] --END-- [ RunTime:0.001000s ]
ERR: 无法加载控制器:Public

[ 2016-08-21T12:54:43+08:00 ] 127.0.0.1 /zhihuiyuan/Public/Admin/js/jquery-1.10.1.min.map
INFO: [ app_init ] --START--
INFO: Run Behavior\BuildLiteBehavior [ RunTime:0.001000s ]
INFO: [ app_init ] --END-- [ RunTime:0.001000s ]
ERR: 无法加载控制器:Public

[ 2016-08-21T12:55:49+08:00 ] 127.0.0.1 /zhihuiyuan/Public/Admin/js/jquery-1.10.1.min.map
INFO: [ app_init ] --START--
INFO: Run Behavior\BuildLiteBehavior [ RunTime:0.000000s ]
INFO: [ app_init ] --END-- [ RunTime:0.000000s ]
ERR: 无法加载控制器:Public

[ 2016-08-21T12:56:04+08:00 ] 127.0.0.1 /zhihuiyuan/Public/Admin/js/jquery-1.10.1.min.map
INFO: [ app_init ] --START--
INFO: Run Behavior\BuildLiteBehavior [ RunTime:0.000000s ]
INFO: [ app_init ] --END-- [ RunTime:0.001001s ]
ERR: 无法加载控制器:Public

[ 2016-08-21T12:56:18+08:00 ] 127.0.0.1 /zhihuiyuan/Public/Admin/js/jquery-1.10.1.min.map
INFO: [ app_init ] --START--
INFO: Run Behavior\BuildLiteBehavior [ RunTime:0.000000s ]
INFO: [ app_init ] --END-- [ RunTime:0.001000s ]
ERR: 无法加载控制器:Public

[ 2016-08-21T12:58:18+08:00 ] 127.0.0.1 /zhihuiyuan/Public/Admin/js/jquery-1.10.1.min.map
INFO: [ app_init ] --START--
INFO: Run Behavior\BuildLiteBehavior [ RunTime:0.000000s ]
INFO: [ app_init ] --END-- [ RunTime:0.001000s ]
ERR: 无法加载控制器:Public

[ 2016-08-21T12:58:37+08:00 ] 127.0.0.1 /zhihuiyuan/Public/Admin/js/jquery-1.10.1.min.map
INFO: [ app_init ] --START--
INFO: Run Behavior\BuildLiteBehavior [ RunTime:0.000000s ]
INFO: [ app_init ] --END-- [ RunTime:0.001000s ]
ERR: 无法加载控制器:Public

[ 2016-08-21T12:58:47+08:00 ] 127.0.0.1 /zhihuiyuan/Public/Admin/js/jquery-1.10.1.min.map
INFO: [ app_init ] --START--
INFO: Run Behavior\BuildLiteBehavior [ RunTime:0.001000s ]
INFO: [ app_init ] --END-- [ RunTime:0.001000s ]
ERR: 无法加载控制器:Public

[ 2016-08-21T12:59:03+08:00 ] 127.0.0.1 /zhihuiyuan/Public/Admin/js/jquery-1.10.1.min.map
INFO: [ app_init ] --START--
INFO: Run Behavior\BuildLiteBehavior [ RunTime:0.000000s ]
INFO: [ app_init ] --END-- [ RunTime:0.002000s ]
ERR: 无法加载控制器:Public

[ 2016-08-21T12:59:35+08:00 ] 127.0.0.1 /zhihuiyuan/Public/Admin/js/jquery-1.10.1.min.map
INFO: [ app_init ] --START--
INFO: Run Behavior\BuildLiteBehavior [ RunTime:0.000000s ]
INFO: [ app_init ] --END-- [ RunTime:0.001000s ]
ERR: 无法加载控制器:Public

[ 2016-08-21T13:03:40+08:00 ] 127.0.0.1 /zhihuiyuan/Public/Admin/js/jquery-1.10.1.min.map
INFO: [ app_init ] --START--
INFO: Run Behavior\BuildLiteBehavior [ RunTime:0.000000s ]
INFO: [ app_init ] --END-- [ RunTime:0.001000s ]
ERR: 无法加载控制器:Public

[ 2016-08-21T13:03:47+08:00 ] 127.0.0.1 /zhihuiyuan/Public/Admin/js/jquery-1.10.1.min.map
INFO: [ app_init ] --START--
INFO: Run Behavior\BuildLiteBehavior [ RunTime:0.000000s ]
INFO: [ app_init ] --END-- [ RunTime:0.001001s ]
ERR: 无法加载控制器:Public

[ 2016-08-21T13:07:28+08:00 ] 127.0.0.1 /zhihuiyuan/Public/Admin/js/jquery-1.10.1.min.map
INFO: [ app_init ] --START--
INFO: Run Behavior\BuildLiteBehavior [ RunTime:0.000000s ]
INFO: [ app_init ] --END-- [ RunTime:0.001000s ]
ERR: 无法加载控制器:Public

[ 2016-08-21T13:08:00+08:00 ] 127.0.0.1 /zhihuiyuan/Public/Admin/js/jquery-1.10.1.min.map
INFO: [ app_init ] --START--
INFO: Run Behavior\BuildLiteBehavior [ RunTime:0.000000s ]
INFO: [ app_init ] --END-- [ RunTime:0.001000s ]
ERR: 无法加载控制器:Public

[ 2016-08-21T13:12:26+08:00 ] 127.0.0.1 /zhihuiyuan/Public/Admin/js/jquery-1.10.1.min.map
INFO: [ app_init ] --START--
INFO: Run Behavior\BuildLiteBehavior [ RunTime:0.000000s ]
INFO: [ app_init ] --END-- [ RunTime:0.001000s ]
ERR: 无法加载控制器:Public

[ 2016-08-21T13:12:34+08:00 ] 127.0.0.1 /zhihuiyuan/Public/Admin/js/jquery-1.10.1.min.map
INFO: [ app_init ] --START--
INFO: Run Behavior\BuildLiteBehavior [ RunTime:0.000000s ]
INFO: [ app_init ] --END-- [ RunTime:0.001000s ]
ERR: 无法加载控制器:Public

[ 2016-08-21T13:12:45+08:00 ] 127.0.0.1 /zhihuiyuan/Public/Admin/js/jquery-1.10.1.min.map
INFO: [ app_init ] --START--
INFO: Run Behavior\BuildLiteBehavior [ RunTime:0.000000s ]
INFO: [ app_init ] --END-- [ RunTime:0.001000s ]
ERR: 无法加载控制器:Public

[ 2016-08-21T13:12:56+08:00 ] 127.0.0.1 /zhihuiyuan/Public/Admin/js/jquery-1.10.1.min.map
INFO: [ app_init ] --START--
INFO: Run Behavior\BuildLiteBehavior [ RunTime:0.000000s ]
INFO: [ app_init ] --END-- [ RunTime:0.000000s ]
ERR: 无法加载控制器:Public

[ 2016-08-21T13:20:39+08:00 ] 127.0.0.1 /zhihuiyuan/Public/Admin/js/jquery-1.10.1.min.map
INFO: [ app_init ] --START--
INFO: Run Behavior\BuildLiteBehavior [ RunTime:0.000000s ]
INFO: [ app_init ] --END-- [ RunTime:0.001001s ]
ERR: 无法加载控制器:Public

[ 2016-08-21T13:24:07+08:00 ] 127.0.0.1 /zhihuiyuan/Public/Admin/js/jquery-1.10.1.min.map
INFO: [ app_init ] --START--
INFO: Run Behavior\BuildLiteBehavior [ RunTime:0.000000s ]
INFO: [ app_init ] --END-- [ RunTime:0.001000s ]
ERR: 无法加载控制器:Public

[ 2016-08-21T13:27:02+08:00 ] 127.0.0.1 /zhihuiyuan/Public/Admin/js/jquery-1.10.1.min.map
INFO: [ app_init ] --START--
INFO: Run Behavior\BuildLiteBehavior [ RunTime:0.000000s ]
INFO: [ app_init ] --END-- [ RunTime:0.001000s ]
ERR: 无法加载控制器:Public

[ 2016-08-21T13:27:45+08:00 ] 127.0.0.1 /zhihuiyuan/Public/Admin/js/jquery-1.10.1.min.map
INFO: [ app_init ] --START--
INFO: Run Behavior\BuildLiteBehavior [ RunTime:0.000000s ]
INFO: [ app_init ] --END-- [ RunTime:0.001000s ]
ERR: 无法加载控制器:Public

[ 2016-08-21T13:33:05+08:00 ] 127.0.0.1 /zhihuiyuan/Public/Admin/js/jquery-1.10.1.min.map
INFO: [ app_init ] --START--
INFO: Run Behavior\BuildLiteBehavior [ RunTime:0.000000s ]
INFO: [ app_init ] --END-- [ RunTime:0.001000s ]
ERR: 无法加载控制器:Public

[ 2016-08-21T13:33:16+08:00 ] 127.0.0.1 /zhihuiyuan/Public/Admin/js/jquery-1.10.1.min.map
INFO: [ app_init ] --START--
INFO: Run Behavior\BuildLiteBehavior [ RunTime:0.000000s ]
INFO: [ app_init ] --END-- [ RunTime:0.001000s ]
ERR: 无法加载控制器:Public

[ 2016-08-21T13:39:13+08:00 ] 127.0.0.1 /zhihuiyuan/Public/Admin/js/jquery-1.10.1.min.map
INFO: [ app_init ] --START--
INFO: Run Behavior\BuildLiteBehavior [ RunTime:0.000000s ]
INFO: [ app_init ] --END-- [ RunTime:0.001000s ]
ERR: 无法加载控制器:Public

[ 2016-08-21T13:40:19+08:00 ] 127.0.0.1 /zhihuiyuan/Public/Admin/js/jquery-1.10.1.min.map
INFO: [ app_init ] --START--
INFO: Run Behavior\BuildLiteBehavior [ RunTime:0.000000s ]
INFO: [ app_init ] --END-- [ RunTime:0.000000s ]
ERR: 无法加载控制器:Public

[ 2016-08-21T13:41:01+08:00 ] 127.0.0.1 /zhihuiyuan/Public/Admin/js/jquery-1.10.1.min.map
INFO: [ app_init ] --START--
INFO: Run Behavior\BuildLiteBehavior [ RunTime:0.000000s ]
INFO: [ app_init ] --END-- [ RunTime:0.001000s ]
ERR: 无法加载控制器:Public

[ 2016-08-21T13:42:38+08:00 ] 127.0.0.1 /zhihuiyuan/Public/Admin/js/jquery-1.10.1.min.map
INFO: [ app_init ] --START--
INFO: Run Behavior\BuildLiteBehavior [ RunTime:0.000000s ]
INFO: [ app_init ] --END-- [ RunTime:0.001000s ]
ERR: 无法加载控制器:Public

[ 2016-08-21T13:43:05+08:00 ] 127.0.0.1 /zhihuiyuan/Public/Admin/js/jquery-1.10.1.min.map
INFO: [ app_init ] --START--
INFO: Run Behavior\BuildLiteBehavior [ RunTime:0.000000s ]
INFO: [ app_init ] --END-- [ RunTime:0.001000s ]
ERR: 无法加载控制器:Public

[ 2016-08-21T13:43:18+08:00 ] 127.0.0.1 /zhihuiyuan/Public/Admin/js/jquery-1.10.1.min.map
INFO: [ app_init ] --START--
INFO: Run Behavior\BuildLiteBehavior [ RunTime:0.000000s ]
INFO: [ app_init ] --END-- [ RunTime:0.001000s ]
ERR: 无法加载控制器:Public

[ 2016-08-21T13:43:42+08:00 ] 127.0.0.1 /zhihuiyuan/Public/Admin/js/jquery-1.10.1.min.map
INFO: [ app_init ] --START--
INFO: Run Behavior\BuildLiteBehavior [ RunTime:0.000000s ]
INFO: [ app_init ] --END-- [ RunTime:0.000000s ]
ERR: 无法加载控制器:Public

[ 2016-08-21T13:44:06+08:00 ] 127.0.0.1 /zhihuiyuan/Public/Admin/js/jquery-1.10.1.min.map
INFO: [ app_init ] --START--
INFO: Run Behavior\BuildLiteBehavior [ RunTime:0.000000s ]
INFO: [ app_init ] --END-- [ RunTime:0.001000s ]
ERR: 无法加载控制器:Public

[ 2016-08-21T13:45:04+08:00 ] 127.0.0.1 /zhihuiyuan/Public/Admin/js/jquery-1.10.1.min.map
INFO: [ app_init ] --START--
INFO: Run Behavior\BuildLiteBehavior [ RunTime:0.000000s ]
INFO: [ app_init ] --END-- [ RunTime:0.001000s ]
ERR: 无法加载控制器:Public

[ 2016-08-21T13:45:43+08:00 ] 127.0.0.1 /zhihuiyuan/Public/Admin/js/jquery-1.10.1.min.map
INFO: [ app_init ] --START--
INFO: Run Behavior\BuildLiteBehavior [ RunTime:0.000000s ]
INFO: [ app_init ] --END-- [ RunTime:0.001000s ]
ERR: 无法加载控制器:Public

[ 2016-08-21T13:45:57+08:00 ] 127.0.0.1 /zhihuiyuan/Public/Admin/js/jquery-1.10.1.min.map
INFO: [ app_init ] --START--
INFO: Run Behavior\BuildLiteBehavior [ RunTime:0.000000s ]
INFO: [ app_init ] --END-- [ RunTime:0.001000s ]
ERR: 无法加载控制器:Public

[ 2016-08-21T13:46:51+08:00 ] 127.0.0.1 /zhihuiyuan/Public/Admin/js/jquery-1.10.1.min.map
INFO: [ app_init ] --START--
INFO: Run Behavior\BuildLiteBehavior [ RunTime:0.000000s ]
INFO: [ app_init ] --END-- [ RunTime:0.001000s ]
ERR: 无法加载控制器:Public

[ 2016-08-21T13:46:55+08:00 ] 127.0.0.1 /zhihuiyuan/Public/Admin/js/jquery-1.10.1.min.map
INFO: [ app_init ] --START--
INFO: Run Behavior\BuildLiteBehavior [ RunTime:0.000000s ]
INFO: [ app_init ] --END-- [ RunTime:0.001000s ]
ERR: 无法加载控制器:Public

[ 2016-08-21T13:47:22+08:00 ] 127.0.0.1 /zhihuiyuan/Public/Admin/js/jquery-1.10.1.min.map
INFO: [ app_init ] --START--
INFO: Run Behavior\BuildLiteBehavior [ RunTime:0.000000s ]
INFO: [ app_init ] --END-- [ RunTime:0.001000s ]
ERR: 无法加载控制器:Public

[ 2016-08-21T13:47:45+08:00 ] 127.0.0.1 /zhihuiyuan/Public/Admin/js/jquery-1.10.1.min.map
INFO: [ app_init ] --START--
INFO: Run Behavior\BuildLiteBehavior [ RunTime:0.000000s ]
INFO: [ app_init ] --END-- [ RunTime:0.001000s ]
ERR: 无法加载控制器:Public

[ 2016-08-21T13:48:13+08:00 ] 127.0.0.1 /zhihuiyuan/Public/Admin/js/jquery-1.10.1.min.map
INFO: [ app_init ] --START--
INFO: Run Behavior\BuildLiteBehavior [ RunTime:0.000000s ]
INFO: [ app_init ] --END-- [ RunTime:0.001000s ]
ERR: 无法加载控制器:Public

[ 2016-08-21T13:48:48+08:00 ] 127.0.0.1 /zhihuiyuan/Public/Admin/js/jquery-1.10.1.min.map
INFO: [ app_init ] --START--
INFO: Run Behavior\BuildLiteBehavior [ RunTime:0.000000s ]
INFO: [ app_init ] --END-- [ RunTime:0.001000s ]
ERR: 无法加载控制器:Public

[ 2016-08-21T14:00:04+08:00 ] 127.0.0.1 /zhihuiyuan/Public/Admin/js/jquery-1.10.1.min.map
INFO: [ app_init ] --START--
INFO: Run Behavior\BuildLiteBehavior [ RunTime:0.000000s ]
INFO: [ app_init ] --END-- [ RunTime:0.001000s ]
ERR: 无法加载控制器:Public

[ 2016-08-21T14:00:36+08:00 ] 127.0.0.1 /zhihuiyuan/Public/Admin/js/jquery-1.10.1.min.map
INFO: [ app_init ] --START--
INFO: Run Behavior\BuildLiteBehavior [ RunTime:0.000000s ]
INFO: [ app_init ] --END-- [ RunTime:0.002000s ]
ERR: 无法加载控制器:Public

[ 2016-08-21T14:01:15+08:00 ] 127.0.0.1 /zhihuiyuan/Public/Admin/js/jquery-1.10.1.min.map
INFO: [ app_init ] --START--
INFO: Run Behavior\BuildLiteBehavior [ RunTime:0.000000s ]
INFO: [ app_init ] --END-- [ RunTime:0.001001s ]
ERR: 无法加载控制器:Public

[ 2016-08-21T14:06:22+08:00 ] 127.0.0.1 /zhihuiyuan/Public/Admin/js/jquery-1.10.1.min.map
INFO: [ app_init ] --START--
INFO: Run Behavior\BuildLiteBehavior [ RunTime:0.000000s ]
INFO: [ app_init ] --END-- [ RunTime:0.002000s ]
ERR: 无法加载控制器:Public

[ 2016-08-21T14:06:48+08:00 ] 127.0.0.1 /zhihuiyuan/Public/Admin/js/jquery-1.10.1.min.map
INFO: [ app_init ] --START--
INFO: Run Behavior\BuildLiteBehavior [ RunTime:0.000000s ]
INFO: [ app_init ] --END-- [ RunTime:0.001000s ]
ERR: 无法加载控制器:Public

[ 2016-08-21T14:06:56+08:00 ] 127.0.0.1 /zhihuiyuan/Public/Admin/js/jquery-1.10.1.min.map
INFO: [ app_init ] --START--
INFO: Run Behavior\BuildLiteBehavior [ RunTime:0.000000s ]
INFO: [ app_init ] --END-- [ RunTime:0.001001s ]
ERR: 无法加载控制器:Public

[ 2016-08-21T14:07:25+08:00 ] 127.0.0.1 /zhihuiyuan/Public/Admin/js/jquery-1.10.1.min.map
INFO: [ app_init ] --START--
INFO: Run Behavior\BuildLiteBehavior [ RunTime:0.000000s ]
INFO: [ app_init ] --END-- [ RunTime:0.001000s ]
ERR: 无法加载控制器:Public

[ 2016-08-21T14:08:13+08:00 ] 127.0.0.1 /zhihuiyuan/Public/Admin/js/jquery-1.10.1.min.map
INFO: [ app_init ] --START--
INFO: Run Behavior\BuildLiteBehavior [ RunTime:0.000000s ]
INFO: [ app_init ] --END-- [ RunTime:0.001000s ]
ERR: 无法加载控制器:Public

[ 2016-08-21T14:08:48+08:00 ] 127.0.0.1 /zhihuiyuan/Public/Admin/js/jquery-1.10.1.min.map
INFO: [ app_init ] --START--
INFO: Run Behavior\BuildLiteBehavior [ RunTime:0.000000s ]
INFO: [ app_init ] --END-- [ RunTime:0.000000s ]
ERR: 无法加载控制器:Public

[ 2016-08-21T14:09:33+08:00 ] 127.0.0.1 /zhihuiyuan/Public/Admin/js/jquery-1.10.1.min.map
INFO: [ app_init ] --START--
INFO: Run Behavior\BuildLiteBehavior [ RunTime:0.000000s ]
INFO: [ app_init ] --END-- [ RunTime:0.001000s ]
ERR: 无法加载控制器:Public

[ 2016-08-21T14:10:21+08:00 ] 127.0.0.1 /zhihuiyuan/Public/Admin/js/jquery-1.10.1.min.map
INFO: [ app_init ] --START--
INFO: Run Behavior\BuildLiteBehavior [ RunTime:0.000000s ]
INFO: [ app_init ] --END-- [ RunTime:0.001001s ]
ERR: 无法加载控制器:Public

[ 2016-08-21T14:10:38+08:00 ] 127.0.0.1 /zhihuiyuan/Public/Admin/js/jquery-1.10.1.min.map
INFO: [ app_init ] --START--
INFO: Run Behavior\BuildLiteBehavior [ RunTime:0.000000s ]
INFO: [ app_init ] --END-- [ RunTime:0.001001s ]
ERR: 无法加载控制器:Public

[ 2016-08-21T14:11:39+08:00 ] 127.0.0.1 /zhihuiyuan/Public/Admin/js/jquery-1.10.1.min.map
INFO: [ app_init ] --START--
INFO: Run Behavior\BuildLiteBehavior [ RunTime:0.000000s ]
INFO: [ app_init ] --END-- [ RunTime:0.001000s ]
ERR: 无法加载控制器:Public

[ 2016-08-21T14:12:14+08:00 ] 127.0.0.1 /zhihuiyuan/Public/Home/js/jquery-1.10.1.min.map
INFO: [ app_init ] --START--
INFO: Run Behavior\BuildLiteBehavior [ RunTime:0.000000s ]
INFO: [ app_init ] --END-- [ RunTime:0.001000s ]
ERR: 无法加载控制器:Public

[ 2016-08-21T14:12:15+08:00 ] 127.0.0.1 /zhihuiyuan/Company/index
INFO: [ app_init ] --START--
INFO: Run Behavior\BuildLiteBehavior [ RunTime:0.000000s ]
INFO: [ app_init ] --END-- [ RunTime:0.000000s ]

[ 2016-08-21T14:12:16+08:00 ] 127.0.0.1 /zhihuiyuan/Public/Home/js/jquery-1.10.1.min.map
INFO: [ app_init ] --START--
INFO: Run Behavior\BuildLiteBehavior [ RunTime:0.000000s ]
INFO: [ app_init ] --END-- [ RunTime:0.001000s ]
ERR: 无法加载控制器:Public

[ 2016-08-21T14:54:11+08:00 ] 127.0.0.1 /zhihuiyuan/Public/Admin/js/jquery-1.10.1.min.map
INFO: [ app_init ] --START--
INFO: Run Behavior\BuildLiteBehavior [ RunTime:0.000000s ]
INFO: [ app_init ] --END-- [ RunTime:0.000000s ]
ERR: 无法加载控制器:Public

[ 2016-08-21T14:54:26+08:00 ] 127.0.0.1 /zhihuiyuan/Public/Admin/js/jquery-1.10.1.min.map
INFO: [ app_init ] --START--
INFO: Run Behavior\BuildLiteBehavior [ RunTime:0.000000s ]
INFO: [ app_init ] --END-- [ RunTime:0.001000s ]
ERR: 无法加载控制器:Public

[ 2016-08-21T14:54:57+08:00 ] 127.0.0.1 /zhihuiyuan/Public/Admin/js/jquery-1.10.1.min.map
INFO: [ app_init ] --START--
INFO: Run Behavior\BuildLiteBehavior [ RunTime:0.000000s ]
INFO: [ app_init ] --END-- [ RunTime:0.001000s ]
ERR: 无法加载控制器:Public

[ 2016-08-21T15:00:59+08:00 ] 127.0.0.1 /zhihuiyuan/Public/Admin/js/jquery-1.10.1.min.map
INFO: [ app_init ] --START--
INFO: Run Behavior\BuildLiteBehavior [ RunTime:0.000000s ]
INFO: [ app_init ] --END-- [ RunTime:0.001000s ]
ERR: 无法加载控制器:Public

[ 2016-08-21T15:02:01+08:00 ] 127.0.0.1 /zhihuiyuan/Public/Admin/js/jquery-1.10.1.min.map
INFO: [ app_init ] --START--
INFO: Run Behavior\BuildLiteBehavior [ RunTime:0.000000s ]
INFO: [ app_init ] --END-- [ RunTime:0.001000s ]
ERR: 无法加载控制器:Public

[ 2016-08-21T15:02:46+08:00 ] 127.0.0.1 /zhihuiyuan/Public/Admin/js/jquery-1.10.1.min.map
INFO: [ app_init ] --START--
INFO: Run Behavior\BuildLiteBehavior [ RunTime:0.000000s ]
INFO: [ app_init ] --END-- [ RunTime:0.003000s ]
ERR: 无法加载控制器:Public

[ 2016-08-21T15:03:00+08:00 ] 127.0.0.1 /zhihuiyuan/Public/Admin/js/jquery-1.10.1.min.map
INFO: [ app_init ] --START--
INFO: Run Behavior\BuildLiteBehavior [ RunTime:0.001000s ]
INFO: [ app_init ] --END-- [ RunTime:0.002000s ]
ERR: 无法加载控制器:Public

[ 2016-08-21T15:03:52+08:00 ] 127.0.0.1 /zhihuiyuan/Public/Admin/js/jquery-1.10.1.min.map
INFO: [ app_init ] --START--
INFO: Run Behavior\BuildLiteBehavior [ RunTime:0.000000s ]
INFO: [ app_init ] --END-- [ RunTime:0.001000s ]
ERR: 无法加载控制器:Public

[ 2016-08-21T15:04:37+08:00 ] 127.0.0.1 /zhihuiyuan/Public/Admin/js/jquery-1.10.1.min.map
INFO: [ app_init ] --START--
INFO: Run Behavior\BuildLiteBehavior [ RunTime:0.000000s ]
INFO: [ app_init ] --END-- [ RunTime:0.000000s ]
ERR: 无法加载控制器:Public

[ 2016-08-21T15:09:00+08:00 ] 127.0.0.1 /zhihuiyuan/Public/Admin/js/jquery-1.10.1.min.map
INFO: [ app_init ] --START--
INFO: Run Behavior\BuildLiteBehavior [ RunTime:0.000000s ]
INFO: [ app_init ] --END-- [ RunTime:0.001000s ]
ERR: 无法加载控制器:Public

[ 2016-08-21T15:10:17+08:00 ] 127.0.0.1 /zhihuiyuan/Public/Admin/js/jquery-1.10.1.min.map
INFO: [ app_init ] --START--
INFO: Run Behavior\BuildLiteBehavior [ RunTime:0.000000s ]
INFO: [ app_init ] --END-- [ RunTime:0.001000s ]
ERR: 无法加载控制器:Public

[ 2016-08-21T15:10:35+08:00 ] 127.0.0.1 /zhihuiyuan/Public/Admin/js/jquery-1.10.1.min.map
INFO: [ app_init ] --START--
INFO: Run Behavior\BuildLiteBehavior [ RunTime:0.000000s ]
INFO: [ app_init ] --END-- [ RunTime:0.001000s ]
ERR: 无法加载控制器:Public

[ 2016-08-21T15:11:37+08:00 ] 127.0.0.1 /zhihuiyuan/Public/Admin/js/jquery-1.10.1.min.map
INFO: [ app_init ] --START--
INFO: Run Behavior\BuildLiteBehavior [ RunTime:0.000000s ]
INFO: [ app_init ] --END-- [ RunTime:0.000000s ]
ERR: 无法加载控制器:Public

[ 2016-08-21T15:12:11+08:00 ] 127.0.0.1 /zhihuiyuan/Public/Admin/js/jquery-1.10.1.min.map
INFO: [ app_init ] --START--
INFO: Run Behavior\BuildLiteBehavior [ RunTime:0.000000s ]
INFO: [ app_init ] --END-- [ RunTime:0.001000s ]
ERR: 无法加载控制器:Public

[ 2016-08-21T15:12:55+08:00 ] 127.0.0.1 /zhihuiyuan/Public/Admin/js/jquery-1.10.1.min.map
INFO: [ app_init ] --START--
INFO: Run Behavior\BuildLiteBehavior [ RunTime:0.000000s ]
INFO: [ app_init ] --END-- [ RunTime:0.001001s ]
ERR: 无法加载控制器:Public

[ 2016-08-21T15:13:08+08:00 ] 127.0.0.1 /zhihuiyuan/Public/Admin/js/jquery-1.10.1.min.map
INFO: [ app_init ] --START--
INFO: Run Behavior\BuildLiteBehavior [ RunTime:0.000000s ]
INFO: [ app_init ] --END-- [ RunTime:0.002001s ]
ERR: 无法加载控制器:Public

[ 2016-08-21T15:13:40+08:00 ] 127.0.0.1 /zhihuiyuan/Public/Admin/js/jquery-1.10.1.min.map
INFO: [ app_init ] --START--
INFO: Run Behavior\BuildLiteBehavior [ RunTime:0.000000s ]
INFO: [ app_init ] --END-- [ RunTime:0.000000s ]
ERR: 无法加载控制器:Public

[ 2016-08-21T15:14:06+08:00 ] 127.0.0.1 /zhihuiyuan/Public/Admin/js/jquery-1.10.1.min.map
INFO: [ app_init ] --START--
INFO: Run Behavior\BuildLiteBehavior [ RunTime:0.000000s ]
INFO: [ app_init ] --END-- [ RunTime:0.001000s ]
ERR: 无法加载控制器:Public

[ 2016-08-21T15:14:44+08:00 ] 127.0.0.1 /zhihuiyuan/Public/Admin/js/jquery-1.10.1.min.map
INFO: [ app_init ] --START--
INFO: Run Behavior\BuildLiteBehavior [ RunTime:0.000000s ]
INFO: [ app_init ] --END-- [ RunTime:0.001000s ]
ERR: 无法加载控制器:Public

[ 2016-08-21T15:21:07+08:00 ] 127.0.0.1 /zhihuiyuan/Public/Admin/js/jquery-1.10.1.min.map
INFO: [ app_init ] --START--
INFO: Run Behavior\BuildLiteBehavior [ RunTime:0.000000s ]
INFO: [ app_init ] --END-- [ RunTime:0.001000s ]
ERR: 无法加载控制器:Public

[ 2016-08-21T15:22:33+08:00 ] 127.0.0.1 /zhihuiyuan/Public/Admin/js/jquery-1.10.1.min.map
INFO: [ app_init ] --START--
INFO: Run Behavior\BuildLiteBehavior [ RunTime:0.000000s ]
INFO: [ app_init ] --END-- [ RunTime:0.000000s ]
ERR: 无法加载控制器:Public

[ 2016-08-21T15:23:06+08:00 ] 127.0.0.1 /zhihuiyuan/Public/Admin/js/jquery-1.10.1.min.map
INFO: [ app_init ] --START--
INFO: Run Behavior\BuildLiteBehavior [ RunTime:0.001000s ]
INFO: [ app_init ] --END-- [ RunTime:0.001000s ]
ERR: 无法加载控制器:Public

[ 2016-08-21T15:23:38+08:00 ] 127.0.0.1 /zhihuiyuan/Public/Admin/js/jquery-1.10.1.min.map
INFO: [ app_init ] --START--
INFO: Run Behavior\BuildLiteBehavior [ RunTime:0.000000s ]
INFO: [ app_init ] --END-- [ RunTime:0.001000s ]
ERR: 无法加载控制器:Public

[ 2016-08-21T15:24:14+08:00 ] 127.0.0.1 /zhihuiyuan/Public/Admin/js/jquery-1.10.1.min.map
INFO: [ app_init ] --START--
INFO: Run Behavior\BuildLiteBehavior [ RunTime:0.000000s ]
INFO: [ app_init ] --END-- [ RunTime:0.001001s ]
ERR: 无法加载控制器:Public

[ 2016-08-21T15:24:21+08:00 ] 127.0.0.1 /zhihuiyuan/Public/Admin/js/jquery-1.10.1.min.map
INFO: [ app_init ] --START--
INFO: Run Behavior\BuildLiteBehavior [ RunTime:0.000000s ]
INFO: [ app_init ] --END-- [ RunTime:0.001001s ]
ERR: 无法加载控制器:Public

[ 2016-08-21T15:24:26+08:00 ] 127.0.0.1 /zhihuiyuan/Public/Admin/js/jquery-1.10.1.min.map
INFO: [ app_init ] --START--
INFO: Run Behavior\BuildLiteBehavior [ RunTime:0.000000s ]
INFO: [ app_init ] --END-- [ RunTime:0.000000s ]
ERR: 无法加载控制器:Public

[ 2016-08-21T15:25:01+08:00 ] 127.0.0.1 /zhihuiyuan/Public/Admin/js/jquery-1.10.1.min.map
INFO: [ app_init ] --START--
INFO: Run Behavior\BuildLiteBehavior [ RunTime:0.000000s ]
INFO: [ app_init ] --END-- [ RunTime:0.001000s ]
ERR: 无法加载控制器:Public

[ 2016-08-21T15:25:30+08:00 ] 127.0.0.1 /zhihuiyuan/Public/Admin/js/jquery-1.10.1.min.map
INFO: [ app_init ] --START--
INFO: Run Behavior\BuildLiteBehavior [ RunTime:0.000000s ]
INFO: [ app_init ] --END-- [ RunTime:0.001000s ]
ERR: 无法加载控制器:Public

[ 2016-08-21T15:25:53+08:00 ] 127.0.0.1 /zhihuiyuan/Public/Admin/js/jquery-1.10.1.min.map
INFO: [ app_init ] --START--
INFO: Run Behavior\BuildLiteBehavior [ RunTime:0.000000s ]
INFO: [ app_init ] --END-- [ RunTime:0.001000s ]
ERR: 无法加载控制器:Public

[ 2016-08-21T15:26:21+08:00 ] 127.0.0.1 /zhihuiyuan/Public/Admin/js/jquery-1.10.1.min.map
INFO: [ app_init ] --START--
INFO: Run Behavior\BuildLiteBehavior [ RunTime:0.000000s ]
INFO: [ app_init ] --END-- [ RunTime:0.001000s ]
ERR: 无法加载控制器:Public

[ 2016-08-21T16:03:08+08:00 ] 127.0.0.1 /zhihuiyuan/Public/Admin/js/jquery-1.10.1.min.map
INFO: [ app_init ] --START--
INFO: Run Behavior\BuildLiteBehavior [ RunTime:0.000000s ]
INFO: [ app_init ] --END-- [ RunTime:0.002000s ]
ERR: 无法加载控制器:Public

[ 2016-08-21T16:03:30+08:00 ] 127.0.0.1 /zhihuiyuan/Public/Admin/js/jquery-1.10.1.min.map
INFO: [ app_init ] --START--
INFO: Run Behavior\BuildLiteBehavior [ RunTime:0.000000s ]
INFO: [ app_init ] --END-- [ RunTime:0.001001s ]
ERR: 无法加载控制器:Public

[ 2016-08-21T16:03:52+08:00 ] 127.0.0.1 /zhihuiyuan/Public/Admin/js/jquery-1.10.1.min.map
INFO: [ app_init ] --START--
INFO: Run Behavior\BuildLiteBehavior [ RunTime:0.000000s ]
INFO: [ app_init ] --END-- [ RunTime:0.001000s ]
ERR: 无法加载控制器:Public

[ 2016-08-21T16:05:24+08:00 ] 127.0.0.1 /zhihuiyuan/Public/Admin/js/jquery-1.10.1.min.map
INFO: [ app_init ] --START--
INFO: Run Behavior\BuildLiteBehavior [ RunTime:0.000000s ]
INFO: [ app_init ] --END-- [ RunTime:0.001000s ]
ERR: 无法加载控制器:Public

[ 2016-08-21T16:05:47+08:00 ] 127.0.0.1 /zhihuiyuan/Public/Admin/js/jquery-1.10.1.min.map
INFO: [ app_init ] --START--
INFO: Run Behavior\BuildLiteBehavior [ RunTime:0.000000s ]
INFO: [ app_init ] --END-- [ RunTime:0.001000s ]
ERR: 无法加载控制器:Public

[ 2016-08-21T16:06:25+08:00 ] 127.0.0.1 /zhihuiyuan/Public/Admin/js/jquery-1.10.1.min.map
INFO: [ app_init ] --START--
INFO: Run Behavior\BuildLiteBehavior [ RunTime:0.000000s ]
INFO: [ app_init ] --END-- [ RunTime:0.001000s ]
ERR: 无法加载控制器:Public

[ 2016-08-21T16:09:50+08:00 ] 127.0.0.1 /zhihuiyuan/Public/Admin/js/jquery-1.10.1.min.map
INFO: [ app_init ] --START--
INFO: Run Behavior\BuildLiteBehavior [ RunTime:0.000000s ]
INFO: [ app_init ] --END-- [ RunTime:0.000000s ]
ERR: 无法加载控制器:Public

[ 2016-08-21T16:10:20+08:00 ] 127.0.0.1 /zhihuiyuan/Public/Admin/js/jquery-1.10.1.min.map
INFO: [ app_init ] --START--
INFO: Run Behavior\BuildLiteBehavior [ RunTime:0.000000s ]
INFO: [ app_init ] --END-- [ RunTime:0.001000s ]
ERR: 无法加载控制器:Public

[ 2016-08-21T16:10:24+08:00 ] 127.0.0.1 /zhihuiyuan/Public/Admin/js/jquery-1.10.1.min.map
INFO: [ app_init ] --START--
INFO: Run Behavior\BuildLiteBehavior [ RunTime:0.000000s ]
INFO: [ app_init ] --END-- [ RunTime:0.001000s ]
ERR: 无法加载控制器:Public

[ 2016-08-21T16:10:37+08:00 ] 127.0.0.1 /zhihuiyuan/Public/Admin/js/jquery-1.10.1.min.map
INFO: [ app_init ] --START--
INFO: Run Behavior\BuildLiteBehavior [ RunTime:0.000000s ]
INFO: [ app_init ] --END-- [ RunTime:0.001000s ]
ERR: 无法加载控制器:Public

[ 2016-08-21T16:10:49+08:00 ] 127.0.0.1 /zhihuiyuan/Public/Admin/js/jquery-1.10.1.min.map
INFO: [ app_init ] --START--
INFO: Run Behavior\BuildLiteBehavior [ RunTime:0.000000s ]
INFO: [ app_init ] --END-- [ RunTime:0.000000s ]
ERR: 无法加载控制器:Public

[ 2016-08-21T16:11:25+08:00 ] 127.0.0.1 /zhihuiyuan/Public/Admin/js/jquery-1.10.1.min.map
INFO: [ app_init ] --START--
INFO: Run Behavior\BuildLiteBehavior [ RunTime:0.000000s ]
INFO: [ app_init ] --END-- [ RunTime:0.001000s ]
ERR: 无法加载控制器:Public

[ 2016-08-21T16:11:39+08:00 ] 127.0.0.1 /zhihuiyuan/Public/Admin/js/jquery-1.10.1.min.map
INFO: [ app_init ] --START--
INFO: Run Behavior\BuildLiteBehavior [ RunTime:0.000000s ]
INFO: [ app_init ] --END-- [ RunTime:0.001000s ]
ERR: 无法加载控制器:Public

[ 2016-08-21T16:11:42+08:00 ] 127.0.0.1 /zhihuiyuan/Public/Admin/js/jquery-1.10.1.min.map
INFO: [ app_init ] --START--
INFO: Run Behavior\BuildLiteBehavior [ RunTime:0.000000s ]
INFO: [ app_init ] --END-- [ RunTime:0.002000s ]
ERR: 无法加载控制器:Public

[ 2016-08-21T16:12:03+08:00 ] 127.0.0.1 /zhihuiyuan/Public/Admin/js/jquery-1.10.1.min.map
INFO: [ app_init ] --START--
INFO: Run Behavior\BuildLiteBehavior [ RunTime:0.000000s ]
INFO: [ app_init ] --END-- [ RunTime:0.001000s ]
ERR: 无法加载控制器:Public

[ 2016-08-21T16:25:28+08:00 ] 127.0.0.1 /zhihuiyuan/Public/Admin/js/jquery-1.10.1.min.map
INFO: [ app_init ] --START--
INFO: Run Behavior\BuildLiteBehavior [ RunTime:0.000000s ]
INFO: [ app_init ] --END-- [ RunTime:0.001000s ]
ERR: 无法加载控制器:Public

[ 2016-08-21T16:26:43+08:00 ] 127.0.0.1 /zhihuiyuan/Public/Admin/js/jquery-1.10.1.min.map
INFO: [ app_init ] --START--
INFO: Run Behavior\BuildLiteBehavior [ RunTime:0.000000s ]
INFO: [ app_init ] --END-- [ RunTime:0.002000s ]
ERR: 无法加载控制器:Public

[ 2016-08-21T16:40:57+08:00 ] 127.0.0.1 /zhihuiyuan/Public/Admin/js/jquery-1.10.1.min.map
INFO: [ app_init ] --START--
INFO: Run Behavior\BuildLiteBehavior [ RunTime:0.000000s ]
INFO: [ app_init ] --END-- [ RunTime:0.001001s ]
ERR: 无法加载控制器:Public

[ 2016-08-21T16:42:05+08:00 ] 127.0.0.1 /zhihuiyuan/Public/Admin/js/jquery-1.10.1.min.map
INFO: [ app_init ] --START--
INFO: Run Behavior\BuildLiteBehavior [ RunTime:0.000000s ]
INFO: [ app_init ] --END-- [ RunTime:0.001000s ]
ERR: 无法加载控制器:Public

[ 2016-08-21T16:53:23+08:00 ] 127.0.0.1 /zhihuiyuan/Public/Admin/js/jquery-1.10.1.min.map
INFO: [ app_init ] --START--
INFO: Run Behavior\BuildLiteBehavior [ RunTime:0.000000s ]
INFO: [ app_init ] --END-- [ RunTime:0.001000s ]
ERR: 无法加载控制器:Public

[ 2016-08-21T16:54:09+08:00 ] 127.0.0.1 /zhihuiyuan/Public/Admin/js/jquery-1.10.1.min.map
INFO: [ app_init ] --START--
INFO: Run Behavior\BuildLiteBehavior [ RunTime:0.000000s ]
INFO: [ app_init ] --END-- [ RunTime:0.001000s ]
ERR: 无法加载控制器:Public

[ 2016-08-21T16:55:26+08:00 ] 127.0.0.1 /zhihuiyuan/Public/Admin/js/jquery-1.10.1.min.map
INFO: [ app_init ] --START--
INFO: Run Behavior\BuildLiteBehavior [ RunTime:0.000000s ]
INFO: [ app_init ] --END-- [ RunTime:0.000000s ]
ERR: 无法加载控制器:Public

[ 2016-08-21T16:55:54+08:00 ] 127.0.0.1 /zhihuiyuan/Public/Admin/js/jquery-1.10.1.min.map
INFO: [ app_init ] --START--
INFO: Run Behavior\BuildLiteBehavior [ RunTime:0.000000s ]
INFO: [ app_init ] --END-- [ RunTime:0.001000s ]
ERR: 无法加载控制器:Public

[ 2016-08-21T16:56:30+08:00 ] 127.0.0.1 /zhihuiyuan/Public/Admin/js/jquery-1.10.1.min.map
INFO: [ app_init ] --START--
INFO: Run Behavior\BuildLiteBehavior [ RunTime:0.000000s ]
INFO: [ app_init ] --END-- [ RunTime:0.001000s ]
ERR: 无法加载控制器:Public

[ 2016-08-21T16:56:32+08:00 ] 127.0.0.1 /zhihuiyuan/Public/Admin/js/jquery-1.10.1.min.map
INFO: [ app_init ] --START--
INFO: Run Behavior\BuildLiteBehavior [ RunTime:0.000000s ]
INFO: [ app_init ] --END-- [ RunTime:0.002000s ]
ERR: 无法加载控制器:Public

[ 2016-08-21T16:57:40+08:00 ] 127.0.0.1 /zhihuiyuan/Public/Admin/js/jquery-1.10.1.min.map
INFO: [ app_init ] --START--
INFO: Run Behavior\BuildLiteBehavior [ RunTime:0.000000s ]
INFO: [ app_init ] --END-- [ RunTime:0.001000s ]
ERR: 无法加载控制器:Public

[ 2016-08-21T16:57:58+08:00 ] 127.0.0.1 /zhihuiyuan/Public/Admin/js/jquery-1.10.1.min.map
INFO: [ app_init ] --START--
INFO: Run Behavior\BuildLiteBehavior [ RunTime:0.000000s ]
INFO: [ app_init ] --END-- [ RunTime:0.001000s ]
ERR: 无法加载控制器:Public

[ 2016-08-21T17:07:48+08:00 ] 127.0.0.1 /zhihuiyuan/Public/Admin/js/jquery-1.10.1.min.map
INFO: [ app_init ] --START--
INFO: Run Behavior\BuildLiteBehavior [ RunTime:0.000000s ]
INFO: [ app_init ] --END-- [ RunTime:0.001000s ]
ERR: 无法加载控制器:Public

[ 2016-08-21T17:07:50+08:00 ] 127.0.0.1 /zhihuiyuan/Public/Admin/js/jquery-1.10.1.min.map
INFO: [ app_init ] --START--
INFO: Run Behavior\BuildLiteBehavior [ RunTime:0.000000s ]
INFO: [ app_init ] --END-- [ RunTime:0.001000s ]
ERR: 无法加载控制器:Public

[ 2016-08-21T17:09:26+08:00 ] 127.0.0.1 /zhihuiyuan/Public/Admin/js/jquery-1.10.1.min.map
INFO: [ app_init ] --START--
INFO: Run Behavior\BuildLiteBehavior [ RunTime:0.000000s ]
INFO: [ app_init ] --END-- [ RunTime:0.001000s ]
ERR: 无法加载控制器:Public

[ 2016-08-21T17:12:24+08:00 ] 127.0.0.1 /zhihuiyuan/Public/Admin/js/jquery-1.10.1.min.map
INFO: [ app_init ] --START--
INFO: Run Behavior\BuildLiteBehavior [ RunTime:0.000000s ]
INFO: [ app_init ] --END-- [ RunTime:0.001000s ]
ERR: 无法加载控制器:Public

[ 2016-08-21T17:12:56+08:00 ] 127.0.0.1 /zhihuiyuan/Public/Admin/js/jquery-1.10.1.min.map
INFO: [ app_init ] --START--
INFO: Run Behavior\BuildLiteBehavior [ RunTime:0.000000s ]
INFO: [ app_init ] --END-- [ RunTime:0.001000s ]
ERR: 无法加载控制器:Public

[ 2016-08-21T17:13:25+08:00 ] 127.0.0.1 /zhihuiyuan/Public/Admin/js/jquery-1.10.1.min.map
INFO: [ app_init ] --START--
INFO: Run Behavior\BuildLiteBehavior [ RunTime:0.000000s ]
INFO: [ app_init ] --END-- [ RunTime:0.001000s ]
ERR: 无法加载控制器:Public

[ 2016-08-21T17:20:18+08:00 ] 127.0.0.1 /zhihuiyuan/Public/Admin/js/jquery-1.10.1.min.map
INFO: [ app_init ] --START--
INFO: Run Behavior\BuildLiteBehavior [ RunTime:0.000000s ]
INFO: [ app_init ] --END-- [ RunTime:0.003000s ]
ERR: 无法加载控制器:Public

[ 2016-08-21T17:21:28+08:00 ] 127.0.0.1 /zhihuiyuan/Public/Admin/js/jquery-1.10.1.min.map
INFO: [ app_init ] --START--
INFO: Run Behavior\BuildLiteBehavior [ RunTime:0.000000s ]
INFO: [ app_init ] --END-- [ RunTime:0.001000s ]
ERR: 无法加载控制器:Public

[ 2016-08-21T17:25:40+08:00 ] 127.0.0.1 /zhihuiyuan/Public/Admin/js/jquery-1.10.1.min.map
INFO: [ app_init ] --START--
INFO: Run Behavior\BuildLiteBehavior [ RunTime:0.000000s ]
INFO: [ app_init ] --END-- [ RunTime:0.001000s ]
ERR: 无法加载控制器:Public

[ 2016-08-21T17:37:44+08:00 ] 127.0.0.1 /zhihuiyuan/Public/Admin/js/jquery-1.10.1.min.map
INFO: [ app_init ] --START--
INFO: Run Behavior\BuildLiteBehavior [ RunTime:0.000000s ]
INFO: [ app_init ] --END-- [ RunTime:0.000000s ]
ERR: 无法加载控制器:Public

[ 2016-08-21T17:38:20+08:00 ] 127.0.0.1 /zhihuiyuan/Public/Admin/js/jquery-1.10.1.min.map
INFO: [ app_init ] --START--
INFO: Run Behavior\BuildLiteBehavior [ RunTime:0.000000s ]
INFO: [ app_init ] --END-- [ RunTime:0.001001s ]
ERR: 无法加载控制器:Public

[ 2016-08-21T17:38:54+08:00 ] 127.0.0.1 /zhihuiyuan/Public/Admin/js/jquery-1.10.1.min.map
INFO: [ app_init ] --START--
INFO: Run Behavior\BuildLiteBehavior [ RunTime:0.000000s ]
INFO: [ app_init ] --END-- [ RunTime:0.001000s ]
ERR: 无法加载控制器:Public

[ 2016-08-21T18:34:41+08:00 ] 127.0.0.1 /zhihuiyuan/Public/Admin/js/jquery-1.10.1.min.map
INFO: [ app_init ] --START--
INFO: Run Behavior\BuildLiteBehavior [ RunTime:0.000000s ]
INFO: [ app_init ] --END-- [ RunTime:0.000000s ]
ERR: 无法加载控制器:Public

[ 2016-08-21T18:39:52+08:00 ] 127.0.0.1 /zhihuiyuan/Public/Admin/js/jquery-1.10.1.min.map
INFO: [ app_init ] --START--
INFO: Run Behavior\BuildLiteBehavior [ RunTime:0.000000s ]
INFO: [ app_init ] --END-- [ RunTime:0.001000s ]
ERR: 无法加载控制器:Public

[ 2016-08-21T18:43:14+08:00 ] 127.0.0.1 /zhihuiyuan/Public/Admin/js/jquery-1.10.1.min.map
INFO: [ app_init ] --START--
INFO: Run Behavior\BuildLiteBehavior [ RunTime:0.000000s ]
INFO: [ app_init ] --END-- [ RunTime:0.002000s ]
ERR: 无法加载控制器:Public

[ 2016-08-21T18:43:15+08:00 ] 127.0.0.1 /zhihuiyuan/Public/Admin/js/jquery-1.10.1.min.map
INFO: [ app_init ] --START--
INFO: Run Behavior\BuildLiteBehavior [ RunTime:0.000000s ]
INFO: [ app_init ] --END-- [ RunTime:0.001000s ]
ERR: 无法加载控制器:Public

[ 2016-08-21T18:43:28+08:00 ] 127.0.0.1 /zhihuiyuan/Public/Admin/js/jquery-1.10.1.min.map
INFO: [ app_init ] --START--
INFO: Run Behavior\BuildLiteBehavior [ RunTime:0.000000s ]
INFO: [ app_init ] --END-- [ RunTime:0.001000s ]
ERR: 无法加载控制器:Public

[ 2016-08-21T18:53:04+08:00 ] 127.0.0.1 /zhihuiyuan/Public/Admin/js/jquery-1.10.1.min.map
INFO: [ app_init ] --START--
INFO: Run Behavior\BuildLiteBehavior [ RunTime:0.000000s ]
INFO: [ app_init ] --END-- [ RunTime:0.001000s ]
ERR: 无法加载控制器:Public

[ 2016-08-21T18:54:18+08:00 ] 127.0.0.1 /zhihuiyuan/Public/Admin/js/jquery-1.10.1.min.map
INFO: [ app_init ] --START--
INFO: Run Behavior\BuildLiteBehavior [ RunTime:0.000000s ]
INFO: [ app_init ] --END-- [ RunTime:0.001000s ]
ERR: 无法加载控制器:Public

[ 2016-08-21T18:54:45+08:00 ] 127.0.0.1 /zhihuiyuan/Public/Admin/js/jquery-1.10.1.min.map
INFO: [ app_init ] --START--
INFO: Run Behavior\BuildLiteBehavior [ RunTime:0.000000s ]
INFO: [ app_init ] --END-- [ RunTime:0.002000s ]
ERR: 无法加载控制器:Public

[ 2016-08-21T18:56:30+08:00 ] 127.0.0.1 /zhihuiyuan/Public/Admin/js/jquery-1.10.1.min.map
INFO: [ app_init ] --START--
INFO: Run Behavior\BuildLiteBehavior [ RunTime:0.000000s ]
INFO: [ app_init ] --END-- [ RunTime:0.001000s ]
ERR: 无法加载控制器:Public

[ 2016-08-21T18:56:52+08:00 ] 127.0.0.1 /zhihuiyuan/Public/Admin/js/jquery-1.10.1.min.map
INFO: [ app_init ] --START--
INFO: Run Behavior\BuildLiteBehavior [ RunTime:0.000000s ]
INFO: [ app_init ] --END-- [ RunTime:0.000000s ]
ERR: 无法加载控制器:Public

[ 2016-08-21T18:57:58+08:00 ] 127.0.0.1 /zhihuiyuan/Public/Admin/js/jquery-1.10.1.min.map
INFO: [ app_init ] --START--
INFO: Run Behavior\BuildLiteBehavior [ RunTime:0.000000s ]
INFO: [ app_init ] --END-- [ RunTime:0.000000s ]
ERR: 无法加载控制器:Public

[ 2016-08-21T18:58:29+08:00 ] 127.0.0.1 /zhihuiyuan/Public/Admin/js/jquery-1.10.1.min.map
INFO: [ app_init ] --START--
INFO: Run Behavior\BuildLiteBehavior [ RunTime:0.000000s ]
INFO: [ app_init ] --END-- [ RunTime:0.001000s ]
ERR: 无法加载控制器:Public

[ 2016-08-21T18:59:02+08:00 ] 127.0.0.1 /zhihuiyuan/Public/Admin/js/jquery-1.10.1.min.map
INFO: [ app_init ] --START--
INFO: Run Behavior\BuildLiteBehavior [ RunTime:0.000000s ]
INFO: [ app_init ] --END-- [ RunTime:0.001000s ]
ERR: 无法加载控制器:Public

[ 2016-08-21T19:00:44+08:00 ] 127.0.0.1 /zhihuiyuan/Public/Admin/js/jquery-1.10.1.min.map
INFO: [ app_init ] --START--
INFO: Run Behavior\BuildLiteBehavior [ RunTime:0.000000s ]
INFO: [ app_init ] --END-- [ RunTime:0.000000s ]
ERR: 无法加载控制器:Public

[ 2016-08-21T19:01:07+08:00 ] 127.0.0.1 /zhihuiyuan/Public/Admin/js/jquery-1.10.1.min.map
INFO: [ app_init ] --START--
INFO: Run Behavior\BuildLiteBehavior [ RunTime:0.000000s ]
INFO: [ app_init ] --END-- [ RunTime:0.000000s ]
ERR: 无法加载控制器:Public

[ 2016-08-21T19:01:20+08:00 ] 127.0.0.1 /zhihuiyuan/Public/Admin/js/jquery-1.10.1.min.map
INFO: [ app_init ] --START--
INFO: Run Behavior\BuildLiteBehavior [ RunTime:0.000000s ]
INFO: [ app_init ] --END-- [ RunTime:0.001000s ]
ERR: 无法加载控制器:Public

[ 2016-08-21T19:02:32+08:00 ] 127.0.0.1 /zhihuiyuan/Public/Admin/js/jquery-1.10.1.min.map
INFO: [ app_init ] --START--
INFO: Run Behavior\BuildLiteBehavior [ RunTime:0.000000s ]
INFO: [ app_init ] --END-- [ RunTime:0.001000s ]
ERR: 无法加载控制器:Public

[ 2016-08-21T19:05:27+08:00 ] 127.0.0.1 /zhihuiyuan/Public/Admin/js/jquery-1.10.1.min.map
INFO: [ app_init ] --START--
INFO: Run Behavior\BuildLiteBehavior [ RunTime:0.000000s ]
INFO: [ app_init ] --END-- [ RunTime:0.001000s ]
ERR: 无法加载控制器:Public

[ 2016-08-21T19:05:37+08:00 ] 127.0.0.1 /zhihuiyuan/Public/Admin/js/jquery-1.10.1.min.map
INFO: [ app_init ] --START--
INFO: Run Behavior\BuildLiteBehavior [ RunTime:0.000000s ]
INFO: [ app_init ] --END-- [ RunTime:0.000000s ]
ERR: 无法加载控制器:Public

[ 2016-08-21T19:06:43+08:00 ] 127.0.0.1 /zhihuiyuan/Public/Admin/js/jquery-1.10.1.min.map
INFO: [ app_init ] --START--
INFO: Run Behavior\BuildLiteBehavior [ RunTime:0.000000s ]
INFO: [ app_init ] --END-- [ RunTime:0.000000s ]
ERR: 无法加载控制器:Public

[ 2016-08-21T19:08:21+08:00 ] 127.0.0.1 /zhihuiyuan/Public/Admin/js/jquery-1.10.1.min.map
INFO: [ app_init ] --START--
INFO: Run Behavior\BuildLiteBehavior [ RunTime:0.000000s ]
INFO: [ app_init ] --END-- [ RunTime:0.001000s ]
ERR: 无法加载控制器:Public

[ 2016-08-21T19:14:05+08:00 ] 127.0.0.1 /zhihuiyuan/Public/Admin/js/jquery-1.10.1.min.map
INFO: [ app_init ] --START--
INFO: Run Behavior\BuildLiteBehavior [ RunTime:0.000000s ]
INFO: [ app_init ] --END-- [ RunTime:0.001000s ]
ERR: 无法加载控制器:Public

[ 2016-08-21T19:14:28+08:00 ] 127.0.0.1 /zhihuiyuan/Public/Admin/js/jquery-1.10.1.min.map
INFO: [ app_init ] --START--
INFO: Run Behavior\BuildLiteBehavior [ RunTime:0.000000s ]
INFO: [ app_init ] --END-- [ RunTime:0.001000s ]
ERR: 无法加载控制器:Public

[ 2016-08-21T19:31:17+08:00 ] 127.0.0.1 /zhihuiyuan/Public/Admin/js/jquery-1.10.1.min.map
INFO: [ app_init ] --START--
INFO: Run Behavior\BuildLiteBehavior [ RunTime:0.000000s ]
INFO: [ app_init ] --END-- [ RunTime:0.001001s ]
ERR: 无法加载控制器:Public

[ 2016-08-21T19:32:31+08:00 ] 127.0.0.1 /zhihuiyuan/Public/Admin/js/jquery-1.10.1.min.map
INFO: [ app_init ] --START--
INFO: Run Behavior\BuildLiteBehavior [ RunTime:0.000000s ]
INFO: [ app_init ] --END-- [ RunTime:0.001000s ]
ERR: 无法加载控制器:Public

