[ 2016-08-26T08:50:17+08:00 ] 127.0.0.1 /zhihuiyuan/
INFO: [ app_init ] --START--
INFO: Run Behavior\BuildLiteBehavior [ RunTime:0.000000s ]
INFO: [ app_init ] --END-- [ RunTime:0.031200s ]

[ 2016-08-26T08:50:33+08:00 ] 127.0.0.1 /zhihuiyuan/Login/login
INFO: [ app_init ] --START--
INFO: Run Behavior\BuildLiteBehavior [ RunTime:0.000000s ]
INFO: [ app_init ] --END-- [ RunTime:0.000000s ]

[ 2016-08-26T08:50:34+08:00 ] 127.0.0.1 /zhihuiyuan/Login/index.html
INFO: [ app_init ] --START--
INFO: Run Behavior\BuildLiteBehavior [ RunTime:0.000000s ]
INFO: [ app_init ] --END-- [ RunTime:0.000000s ]

[ 2016-08-26T08:54:53+08:00 ] 127.0.0.1 /zhihuiyuan/Company/index
INFO: [ app_init ] --START--
INFO: Run Behavior\BuildLiteBehavior [ RunTime:0.000000s ]
INFO: [ app_init ] --END-- [ RunTime:0.000000s ]

[ 2016-08-26T08:54:56+08:00 ] 127.0.0.1 /zhihuiyuan/Index/index
INFO: [ app_init ] --START--
INFO: Run Behavior\BuildLiteBehavior [ RunTime:0.000000s ]
INFO: [ app_init ] --END-- [ RunTime:0.000000s ]

[ 2016-08-26T08:55:04+08:00 ] 127.0.0.1 /zhihuiyuan/Login/logout
INFO: [ app_init ] --START--
INFO: Run Behavior\BuildLiteBehavior [ RunTime:0.000000s ]
INFO: [ app_init ] --END-- [ RunTime:0.000000s ]

[ 2016-08-26T08:55:06+08:00 ] 127.0.0.1 /zhihuiyuan/Index/index.html
INFO: [ app_init ] --START--
INFO: Run Behavior\BuildLiteBehavior [ RunTime:0.000000s ]
INFO: [ app_init ] --END-- [ RunTime:0.000000s ]

[ 2016-08-26T08:55:39+08:00 ] 127.0.0.1 /zhihuiyuan/Login/login
INFO: [ app_init ] --START--
INFO: Run Behavior\BuildLiteBehavior [ RunTime:0.000000s ]
INFO: [ app_init ] --END-- [ RunTime:0.000000s ]

[ 2016-08-26T08:55:40+08:00 ] 127.0.0.1 /zhihuiyuan/Login/index.html
INFO: [ app_init ] --START--
INFO: Run Behavior\BuildLiteBehavior [ RunTime:0.000000s ]
INFO: [ app_init ] --END-- [ RunTime:0.000000s ]

[ 2016-08-26T08:56:28+08:00 ] 127.0.0.1 /zhihuiyuan/Login/index.html
INFO: [ app_init ] --START--
INFO: Run Behavior\BuildLiteBehavior [ RunTime:0.000000s ]
INFO: [ app_init ] --END-- [ RunTime:0.000000s ]

[ 2016-08-26T08:56:30+08:00 ] 127.0.0.1 /zhihuiyuan/Login/logout
INFO: [ app_init ] --START--
INFO: Run Behavior\BuildLiteBehavior [ RunTime:0.000000s ]
INFO: [ app_init ] --END-- [ RunTime:0.001000s ]

[ 2016-08-26T08:56:31+08:00 ] 127.0.0.1 /zhihuiyuan/Index/index.html
INFO: [ app_init ] --START--
INFO: Run Behavior\BuildLiteBehavior [ RunTime:0.000000s ]
INFO: [ app_init ] --END-- [ RunTime:0.001000s ]

[ 2016-08-26T08:56:50+08:00 ] 127.0.0.1 /zhihuiyuan/Login/login
INFO: [ app_init ] --START--
INFO: Run Behavior\BuildLiteBehavior [ RunTime:0.000000s ]
INFO: [ app_init ] --END-- [ RunTime:0.000000s ]

[ 2016-08-26T08:56:51+08:00 ] 127.0.0.1 /zhihuiyuan/Login/index.html
INFO: [ app_init ] --START--
INFO: Run Behavior\BuildLiteBehavior [ RunTime:0.000000s ]
INFO: [ app_init ] --END-- [ RunTime:0.000000s ]

[ 2016-08-26T09:03:58+08:00 ] 127.0.0.1 /zhihuiyuan/Index/commitList2/id/7
INFO: [ app_init ] --START--
INFO: Run Behavior\BuildLiteBehavior [ RunTime:0.000000s ]
INFO: [ app_init ] --END-- [ RunTime:0.000000s ]

[ 2016-08-26T09:04:13+08:00 ] 127.0.0.1 /zhihuiyuan/Login/logout
INFO: [ app_init ] --START--
INFO: Run Behavior\BuildLiteBehavior [ RunTime:0.000000s ]
INFO: [ app_init ] --END-- [ RunTime:0.000000s ]

[ 2016-08-26T09:04:15+08:00 ] 127.0.0.1 /zhihuiyuan/Index/index.html
INFO: [ app_init ] --START--
INFO: Run Behavior\BuildLiteBehavior [ RunTime:0.000000s ]
INFO: [ app_init ] --END-- [ RunTime:0.000000s ]

[ 2016-08-26T09:04:26+08:00 ] 127.0.0.1 /zhihuiyuan/Login/login
INFO: [ app_init ] --START--
INFO: Run Behavior\BuildLiteBehavior [ RunTime:0.000000s ]
INFO: [ app_init ] --END-- [ RunTime:0.000000s ]

[ 2016-08-26T09:04:27+08:00 ] 127.0.0.1 /zhihuiyuan/Login/index.html
INFO: [ app_init ] --START--
INFO: Run Behavior\BuildLiteBehavior [ RunTime:0.000000s ]
INFO: [ app_init ] --END-- [ RunTime:0.000000s ]

[ 2016-08-26T09:07:32+08:00 ] 127.0.0.1 /zhihuiyuan/
INFO: [ app_init ] --START--
INFO: Run Behavior\BuildLiteBehavior [ RunTime:0.000000s ]
INFO: [ app_init ] --END-- [ RunTime:0.001001s ]

[ 2016-08-26T09:12:49+08:00 ] 127.0.0.1 /zhihuiyuan/
INFO: [ app_init ] --START--
INFO: Run Behavior\BuildLiteBehavior [ RunTime:0.000000s ]
INFO: [ app_init ] --END-- [ RunTime:0.000000s ]

[ 2016-08-26T10:32:32+08:00 ] 127.0.0.1 /zhihuiyuan/
INFO: [ app_init ] --START--
INFO: Run Behavior\BuildLiteBehavior [ RunTime:0.000000s ]
INFO: [ app_init ] --END-- [ RunTime:0.000000s ]

[ 2016-08-26T10:34:43+08:00 ] 127.0.0.1 /zhihuiyuan/Public/Admin/js/jquery-1.10.1.min.map
INFO: [ app_init ] --START--
INFO: Run Behavior\BuildLiteBehavior [ RunTime:0.000000s ]
INFO: [ app_init ] --END-- [ RunTime:0.000000s ]
ERR: 无法加载控制器:Public

[ 2016-08-26T10:35:29+08:00 ] 127.0.0.1 /zhihuiyuan/
INFO: [ app_init ] --START--
INFO: Run Behavior\BuildLiteBehavior [ RunTime:0.000000s ]
INFO: [ app_init ] --END-- [ RunTime:0.000000s ]

[ 2016-08-26T10:35:29+08:00 ] 127.0.0.1 /zhihuiyuan/Public/Home/js/jquery-1.10.1.min.map
INFO: [ app_init ] --START--
INFO: Run Behavior\BuildLiteBehavior [ RunTime:0.000000s ]
INFO: [ app_init ] --END-- [ RunTime:0.000000s ]
ERR: 无法加载控制器:Public

[ 2016-08-26T10:37:15+08:00 ] 127.0.0.1 /zhihuiyuan/Public/Admin/js/jquery-1.10.1.min.map
INFO: [ app_init ] --START--
INFO: Run Behavior\BuildLiteBehavior [ RunTime:0.000000s ]
INFO: [ app_init ] --END-- [ RunTime:0.000000s ]
ERR: 无法加载控制器:Public

[ 2016-08-26T10:41:32+08:00 ] 127.0.0.1 /zhihuiyuan/Index/commitList2/id/5
INFO: [ app_init ] --START--
INFO: Run Behavior\BuildLiteBehavior [ RunTime:0.000000s ]
INFO: [ app_init ] --END-- [ RunTime:0.000000s ]

[ 2016-08-26T10:42:49+08:00 ] 127.0.0.1 /zhihuiyuan/Index/index
INFO: [ app_init ] --START--
INFO: Run Behavior\BuildLiteBehavior [ RunTime:0.000000s ]
INFO: [ app_init ] --END-- [ RunTime:0.000000s ]

[ 2016-08-26T10:42:54+08:00 ] 127.0.0.1 /zhihuiyuan/Index/commitList2/id/2
INFO: [ app_init ] --START--
INFO: Run Behavior\BuildLiteBehavior [ RunTime:0.000000s ]
INFO: [ app_init ] --END-- [ RunTime:0.015600s ]

[ 2016-08-26T10:43:17+08:00 ] 127.0.0.1 /zhihuiyuan/Index/index
INFO: [ app_init ] --START--
INFO: Run Behavior\BuildLiteBehavior [ RunTime:0.000000s ]
INFO: [ app_init ] --END-- [ RunTime:0.000000s ]

[ 2016-08-26T10:43:22+08:00 ] 127.0.0.1 /zhihuiyuan/Index/commitList2/id/2
INFO: [ app_init ] --START--
INFO: Run Behavior\BuildLiteBehavior [ RunTime:0.000000s ]
INFO: [ app_init ] --END-- [ RunTime:0.000000s ]

[ 2016-08-26T10:43:26+08:00 ] 127.0.0.1 /zhihuiyuan/Index/index
INFO: [ app_init ] --START--
INFO: Run Behavior\BuildLiteBehavior [ RunTime:0.000000s ]
INFO: [ app_init ] --END-- [ RunTime:0.000000s ]

[ 2016-08-26T10:44:37+08:00 ] 127.0.0.1 /zhihuiyuan/Index/index
INFO: [ app_init ] --START--
INFO: Run Behavior\BuildLiteBehavior [ RunTime:0.000000s ]
INFO: [ app_init ] --END-- [ RunTime:0.000000s ]

[ 2016-08-26T10:44:47+08:00 ] 127.0.0.1 /zhihuiyuan/Index/commitList2/id/5
INFO: [ app_init ] --START--
INFO: Run Behavior\BuildLiteBehavior [ RunTime:0.000000s ]
INFO: [ app_init ] --END-- [ RunTime:0.000000s ]

[ 2016-08-26T10:44:57+08:00 ] 127.0.0.1 /zhihuiyuan/Index/index
INFO: [ app_init ] --START--
INFO: Run Behavior\BuildLiteBehavior [ RunTime:0.000000s ]
INFO: [ app_init ] --END-- [ RunTime:0.000000s ]

[ 2016-08-26T10:45:00+08:00 ] 127.0.0.1 /zhihuiyuan/Index/commitList2/id/2
INFO: [ app_init ] --START--
INFO: Run Behavior\BuildLiteBehavior [ RunTime:0.000000s ]
INFO: [ app_init ] --END-- [ RunTime:0.000000s ]

[ 2016-08-26T10:45:59+08:00 ] 127.0.0.1 /zhihuiyuan/Index/index
INFO: [ app_init ] --START--
INFO: Run Behavior\BuildLiteBehavior [ RunTime:0.000000s ]
INFO: [ app_init ] --END-- [ RunTime:0.000000s ]

[ 2016-08-26T10:46:03+08:00 ] 127.0.0.1 /zhihuiyuan/Index/commitList2/id/2
INFO: [ app_init ] --START--
INFO: Run Behavior\BuildLiteBehavior [ RunTime:0.000000s ]
INFO: [ app_init ] --END-- [ RunTime:0.015600s ]

[ 2016-08-26T10:46:20+08:00 ] 127.0.0.1 /zhihuiyuan/Index/index
INFO: [ app_init ] --START--
INFO: Run Behavior\BuildLiteBehavior [ RunTime:0.000000s ]
INFO: [ app_init ] --END-- [ RunTime:0.000000s ]

[ 2016-08-26T10:46:40+08:00 ] 127.0.0.1 /zhihuiyuan/Index/commitList2/id/12
INFO: [ app_init ] --START--
INFO: Run Behavior\BuildLiteBehavior [ RunTime:0.000000s ]
INFO: [ app_init ] --END-- [ RunTime:0.000000s ]

[ 2016-08-26T10:46:48+08:00 ] 127.0.0.1 /zhihuiyuan/Index/index
INFO: [ app_init ] --START--
INFO: Run Behavior\BuildLiteBehavior [ RunTime:0.000000s ]
INFO: [ app_init ] --END-- [ RunTime:0.000000s ]

[ 2016-08-26T10:46:51+08:00 ] 127.0.0.1 /zhihuiyuan/Index/commitList2/id/6
INFO: [ app_init ] --START--
INFO: Run Behavior\BuildLiteBehavior [ RunTime:0.000000s ]
INFO: [ app_init ] --END-- [ RunTime:0.000000s ]

[ 2016-08-26T10:46:58+08:00 ] 127.0.0.1 /zhihuiyuan/Index/index
INFO: [ app_init ] --START--
INFO: Run Behavior\BuildLiteBehavior [ RunTime:0.000000s ]
INFO: [ app_init ] --END-- [ RunTime:0.000000s ]

[ 2016-08-26T10:47:06+08:00 ] 127.0.0.1 /zhihuiyuan/Company/index
INFO: [ app_init ] --START--
INFO: Run Behavior\BuildLiteBehavior [ RunTime:0.000000s ]
INFO: [ app_init ] --END-- [ RunTime:0.000000s ]

[ 2016-08-26T10:47:08+08:00 ] 127.0.0.1 /zhihuiyuan/Index/index
INFO: [ app_init ] --START--
INFO: Run Behavior\BuildLiteBehavior [ RunTime:0.000000s ]
INFO: [ app_init ] --END-- [ RunTime:0.000000s ]

[ 2016-08-26T10:47:15+08:00 ] 127.0.0.1 /zhihuiyuan/Index/commitList2/id/5
INFO: [ app_init ] --START--
INFO: Run Behavior\BuildLiteBehavior [ RunTime:0.000000s ]
INFO: [ app_init ] --END-- [ RunTime:0.000000s ]

[ 2016-08-26T10:48:33+08:00 ] 127.0.0.1 /zhihuiyuan/Index/commitList2/id/5
INFO: [ app_init ] --START--
INFO: Run Behavior\BuildLiteBehavior [ RunTime:0.000000s ]
INFO: [ app_init ] --END-- [ RunTime:0.000000s ]

[ 2016-08-26T10:48:36+08:00 ] 127.0.0.1 /zhihuiyuan/Index/index
INFO: [ app_init ] --START--
INFO: Run Behavior\BuildLiteBehavior [ RunTime:0.000000s ]
INFO: [ app_init ] --END-- [ RunTime:0.001000s ]

[ 2016-08-26T10:48:37+08:00 ] 127.0.0.1 /zhihuiyuan/Index/index
INFO: [ app_init ] --START--
INFO: Run Behavior\BuildLiteBehavior [ RunTime:0.000000s ]
INFO: [ app_init ] --END-- [ RunTime:0.001000s ]

[ 2016-08-26T10:48:40+08:00 ] 127.0.0.1 /zhihuiyuan/Index/commitList2/id/2
INFO: [ app_init ] --START--
INFO: Run Behavior\BuildLiteBehavior [ RunTime:0.000000s ]
INFO: [ app_init ] --END-- [ RunTime:0.001000s ]

[ 2016-08-26T10:48:51+08:00 ] 127.0.0.1 /zhihuiyuan/Index/index
INFO: [ app_init ] --START--
INFO: Run Behavior\BuildLiteBehavior [ RunTime:0.000000s ]
INFO: [ app_init ] --END-- [ RunTime:0.000000s ]

[ 2016-08-26T10:48:58+08:00 ] 127.0.0.1 /zhihuiyuan/Index/commitList2/id/2
INFO: [ app_init ] --START--
INFO: Run Behavior\BuildLiteBehavior [ RunTime:0.000000s ]
INFO: [ app_init ] --END-- [ RunTime:0.000000s ]

[ 2016-08-26T10:49:08+08:00 ] 127.0.0.1 /zhihuiyuan/Index/index
INFO: [ app_init ] --START--
INFO: Run Behavior\BuildLiteBehavior [ RunTime:0.000000s ]
INFO: [ app_init ] --END-- [ RunTime:0.000000s ]

[ 2016-08-26T10:49:11+08:00 ] 127.0.0.1 /zhihuiyuan/Index/commitList2/id/3
INFO: [ app_init ] --START--
INFO: Run Behavior\BuildLiteBehavior [ RunTime:0.000000s ]
INFO: [ app_init ] --END-- [ RunTime:0.000000s ]

[ 2016-08-26T10:49:22+08:00 ] 127.0.0.1 /zhihuiyuan/Index/index
INFO: [ app_init ] --START--
INFO: Run Behavior\BuildLiteBehavior [ RunTime:0.000000s ]
INFO: [ app_init ] --END-- [ RunTime:0.000000s ]

[ 2016-08-26T11:01:29+08:00 ] 127.0.0.1 /zhihuiyuan/Index/commitList2/id/2
INFO: [ app_init ] --START--
INFO: Run Behavior\BuildLiteBehavior [ RunTime:0.000000s ]
INFO: [ app_init ] --END-- [ RunTime:0.000000s ]

[ 2016-08-26T11:01:35+08:00 ] 127.0.0.1 /zhihuiyuan/Index/index
INFO: [ app_init ] --START--
INFO: Run Behavior\BuildLiteBehavior [ RunTime:0.000000s ]
INFO: [ app_init ] --END-- [ RunTime:0.000000s ]

[ 2016-08-26T11:01:38+08:00 ] 127.0.0.1 /zhihuiyuan/Index/commitList2/id/2
INFO: [ app_init ] --START--
INFO: Run Behavior\BuildLiteBehavior [ RunTime:0.000000s ]
INFO: [ app_init ] --END-- [ RunTime:0.000000s ]

[ 2016-08-26T11:01:41+08:00 ] 127.0.0.1 /zhihuiyuan/Index/commitList2/id/3
INFO: [ app_init ] --START--
INFO: Run Behavior\BuildLiteBehavior [ RunTime:0.000000s ]
INFO: [ app_init ] --END-- [ RunTime:0.000000s ]

[ 2016-08-26T11:01:49+08:00 ] 127.0.0.1 /zhihuiyuan/Index/index
INFO: [ app_init ] --START--
INFO: Run Behavior\BuildLiteBehavior [ RunTime:0.000000s ]
INFO: [ app_init ] --END-- [ RunTime:0.015600s ]

[ 2016-08-26T11:01:55+08:00 ] 127.0.0.1 /zhihuiyuan/Index/commitList2/id/4
INFO: [ app_init ] --START--
INFO: Run Behavior\BuildLiteBehavior [ RunTime:0.000000s ]
INFO: [ app_init ] --END-- [ RunTime:0.000000s ]

[ 2016-08-26T11:11:46+08:00 ] 127.0.0.1 /zhihuiyuan/Index/commitList2/id/4
INFO: [ app_init ] --START--
INFO: Run Behavior\BuildLiteBehavior [ RunTime:0.000000s ]
INFO: [ app_init ] --END-- [ RunTime:0.000000s ]

[ 2016-08-26T11:11:49+08:00 ] 127.0.0.1 /zhihuiyuan/Index/index
INFO: [ app_init ] --START--
INFO: Run Behavior\BuildLiteBehavior [ RunTime:0.000000s ]
INFO: [ app_init ] --END-- [ RunTime:0.000000s ]

[ 2016-08-26T11:11:54+08:00 ] 127.0.0.1 /zhihuiyuan/Index/commitList2/id/2
INFO: [ app_init ] --START--
INFO: Run Behavior\BuildLiteBehavior [ RunTime:0.000000s ]
INFO: [ app_init ] --END-- [ RunTime:0.000000s ]

[ 2016-08-26T11:12:40+08:00 ] 127.0.0.1 /zhihuiyuan/Index/commitList2/id/2
INFO: [ app_init ] --START--
INFO: Run Behavior\BuildLiteBehavior [ RunTime:0.000000s ]
INFO: [ app_init ] --END-- [ RunTime:0.000000s ]

[ 2016-08-26T11:12:42+08:00 ] 127.0.0.1 /zhihuiyuan/Index/index
INFO: [ app_init ] --START--
INFO: Run Behavior\BuildLiteBehavior [ RunTime:0.000000s ]
INFO: [ app_init ] --END-- [ RunTime:0.000000s ]

[ 2016-08-26T11:12:48+08:00 ] 127.0.0.1 /zhihuiyuan/Index/commitList2/id/5
INFO: [ app_init ] --START--
INFO: Run Behavior\BuildLiteBehavior [ RunTime:0.000000s ]
INFO: [ app_init ] --END-- [ RunTime:0.000000s ]

[ 2016-08-26T11:14:55+08:00 ] 127.0.0.1 /zhihuiyuan/Index/index
INFO: [ app_init ] --START--
INFO: Run Behavior\BuildLiteBehavior [ RunTime:0.000000s ]
INFO: [ app_init ] --END-- [ RunTime:0.000000s ]

[ 2016-08-26T11:14:57+08:00 ] 127.0.0.1 /zhihuiyuan/Index/commitList2/id/2
INFO: [ app_init ] --START--
INFO: Run Behavior\BuildLiteBehavior [ RunTime:0.000000s ]
INFO: [ app_init ] --END-- [ RunTime:0.002000s ]

[ 2016-08-26T11:15:07+08:00 ] 127.0.0.1 /zhihuiyuan/Index/commitList2/id/5
INFO: [ app_init ] --START--
INFO: Run Behavior\BuildLiteBehavior [ RunTime:0.000000s ]
INFO: [ app_init ] --END-- [ RunTime:0.000000s ]

[ 2016-08-26T11:16:33+08:00 ] 127.0.0.1 /zhihuiyuan/Index/commitList2/id/5
INFO: [ app_init ] --START--
INFO: Run Behavior\BuildLiteBehavior [ RunTime:0.000000s ]
INFO: [ app_init ] --END-- [ RunTime:0.000000s ]

[ 2016-08-26T11:16:44+08:00 ] 127.0.0.1 /zhihuiyuan/Index/index
INFO: [ app_init ] --START--
INFO: Run Behavior\BuildLiteBehavior [ RunTime:0.000000s ]
INFO: [ app_init ] --END-- [ RunTime:0.000000s ]

[ 2016-08-26T11:16:46+08:00 ] 127.0.0.1 /zhihuiyuan/Index/commitList2/id/2
INFO: [ app_init ] --START--
INFO: Run Behavior\BuildLiteBehavior [ RunTime:0.000000s ]
INFO: [ app_init ] --END-- [ RunTime:0.000000s ]

[ 2016-08-26T11:17:07+08:00 ] 127.0.0.1 /zhihuiyuan/Index/commitList2/id/2
INFO: [ app_init ] --START--
INFO: Run Behavior\BuildLiteBehavior [ RunTime:0.000000s ]
INFO: [ app_init ] --END-- [ RunTime:0.000000s ]

[ 2016-08-26T11:18:57+08:00 ] 127.0.0.1 /zhihuiyuan/Index/commitList2/id/2
INFO: [ app_init ] --START--
INFO: Run Behavior\BuildLiteBehavior [ RunTime:0.000000s ]
INFO: [ app_init ] --END-- [ RunTime:0.000000s ]

[ 2016-08-26T11:18:59+08:00 ] 127.0.0.1 /zhihuiyuan/Index/index
INFO: [ app_init ] --START--
INFO: Run Behavior\BuildLiteBehavior [ RunTime:0.000000s ]
INFO: [ app_init ] --END-- [ RunTime:0.000000s ]

[ 2016-08-26T11:19:04+08:00 ] 127.0.0.1 /zhihuiyuan/Index/commitList2/id/5
INFO: [ app_init ] --START--
INFO: Run Behavior\BuildLiteBehavior [ RunTime:0.000000s ]
INFO: [ app_init ] --END-- [ RunTime:0.000000s ]

[ 2016-08-26T11:19:25+08:00 ] 127.0.0.1 /zhihuiyuan/Index/commitList2/did/5
INFO: [ app_init ] --START--
INFO: Run Behavior\BuildLiteBehavior [ RunTime:0.000000s ]
INFO: [ app_init ] --END-- [ RunTime:0.000000s ]

[ 2016-08-26T11:19:27+08:00 ] 127.0.0.1 /zhihuiyuan/Index/commitList2/id/5
INFO: [ app_init ] --START--
INFO: Run Behavior\BuildLiteBehavior [ RunTime:0.000000s ]
INFO: [ app_init ] --END-- [ RunTime:0.000000s ]

[ 2016-08-26T11:19:39+08:00 ] 127.0.0.1 /zhihuiyuan/Index/index
INFO: [ app_init ] --START--
INFO: Run Behavior\BuildLiteBehavior [ RunTime:0.000000s ]
INFO: [ app_init ] --END-- [ RunTime:0.000000s ]

[ 2016-08-26T11:20:19+08:00 ] 127.0.0.1 /zhihuiyuan/Public/Admin/js/jquery-1.10.1.min.map
INFO: [ app_init ] --START--
INFO: Run Behavior\BuildLiteBehavior [ RunTime:0.000000s ]
INFO: [ app_init ] --END-- [ RunTime:0.000000s ]
ERR: 无法加载控制器:Public

[ 2016-08-26T11:29:45+08:00 ] 127.0.0.1 /zhihuiyuan/zhihuiyuan/Index/index.html
INFO: [ app_init ] --START--
INFO: Run Behavior\BuildLiteBehavior [ RunTime:0.000000s ]
INFO: [ app_init ] --END-- [ RunTime:0.000000s ]
ERR: 无法加载控制器:Zhihuiyuan

[ 2016-08-26T11:29:50+08:00 ] 127.0.0.1 /zhihuiyuan/zhihuiyuan/Index/index.html
INFO: [ app_init ] --START--
INFO: Run Behavior\BuildLiteBehavior [ RunTime:0.000000s ]
INFO: [ app_init ] --END-- [ RunTime:0.000000s ]
ERR: 无法加载控制器:Zhihuiyuan

[ 2016-08-26T11:32:08+08:00 ] 127.0.0.1 /zhihuiyuan/zhihuiyuan/Index/index.html
INFO: [ app_init ] --START--
INFO: Run Behavior\BuildLiteBehavior [ RunTime:0.000000s ]
INFO: [ app_init ] --END-- [ RunTime:0.015600s ]
ERR: 无法加载控制器:Zhihuiyuan

[ 2016-08-26T11:32:09+08:00 ] 127.0.0.1 /zhihuiyuan/zhihuiyuan/Index/index.html
INFO: [ app_init ] --START--
INFO: Run Behavior\BuildLiteBehavior [ RunTime:0.000000s ]
INFO: [ app_init ] --END-- [ RunTime:0.000000s ]
ERR: 无法加载控制器:Zhihuiyuan

[ 2016-08-26T11:32:11+08:00 ] 127.0.0.1 /zhihuiyuan/zhihuiyuan/Index/index.html
INFO: [ app_init ] --START--
INFO: Run Behavior\BuildLiteBehavior [ RunTime:0.000000s ]
INFO: [ app_init ] --END-- [ RunTime:0.000000s ]
ERR: 无法加载控制器:Zhihuiyuan

[ 2016-08-26T11:37:10+08:00 ] 127.0.0.1 /zhihuiyuan/Index/index
INFO: [ app_init ] --START--
INFO: Run Behavior\BuildLiteBehavior [ RunTime:0.000000s ]
INFO: [ app_init ] --END-- [ RunTime:0.000000s ]

[ 2016-08-26T11:39:32+08:00 ] 127.0.0.1 /zhihuiyuan/
INFO: [ app_init ] --START--
INFO: Run Behavior\BuildLiteBehavior [ RunTime:0.000000s ]
INFO: [ app_init ] --END-- [ RunTime:0.000000s ]

[ 2016-08-26T11:43:44+08:00 ] 127.0.0.1 /zhihuiyuan/
INFO: [ app_init ] --START--
INFO: Run Behavior\BuildLiteBehavior [ RunTime:0.000000s ]
INFO: [ app_init ] --END-- [ RunTime:0.000000s ]

[ 2016-08-26T11:44:16+08:00 ] 127.0.0.1 /zhihuiyuan/
INFO: [ app_init ] --START--
INFO: Run Behavior\BuildLiteBehavior [ RunTime:0.000000s ]
INFO: [ app_init ] --END-- [ RunTime:0.000000s ]

[ 2016-08-26T11:44:39+08:00 ] 127.0.0.1 /zhihuiyuan/Index/index
INFO: [ app_init ] --START--
INFO: Run Behavior\BuildLiteBehavior [ RunTime:0.000000s ]
INFO: [ app_init ] --END-- [ RunTime:0.000000s ]

[ 2016-08-26T11:45:36+08:00 ] 127.0.0.1 /zhihuiyuan/Index/index
INFO: [ app_init ] --START--
INFO: Run Behavior\BuildLiteBehavior [ RunTime:0.000000s ]
INFO: [ app_init ] --END-- [ RunTime:0.000000s ]

[ 2016-08-26T13:14:38+08:00 ] 127.0.0.1 /zhihuiyuan/Reg/index
INFO: [ app_init ] --START--
INFO: Run Behavior\BuildLiteBehavior [ RunTime:0.000000s ]
INFO: [ app_init ] --END-- [ RunTime:0.000000s ]

[ 2016-08-26T14:14:17+08:00 ] 127.0.0.1 /zhihuiyuan/
INFO: [ app_init ] --START--
INFO: Run Behavior\BuildLiteBehavior [ RunTime:0.000000s ]
INFO: [ app_init ] --END-- [ RunTime:0.001000s ]

[ 2016-08-26T15:18:14+08:00 ] 127.0.0.1 /zhihuiyuan/Login/login
INFO: [ app_init ] --START--
INFO: Run Behavior\BuildLiteBehavior [ RunTime:0.000000s ]
INFO: [ app_init ] --END-- [ RunTime:0.000000s ]

[ 2016-08-26T15:18:16+08:00 ] 127.0.0.1 /zhihuiyuan/Login/index.html
INFO: [ app_init ] --START--
INFO: Run Behavior\BuildLiteBehavior [ RunTime:0.000000s ]
INFO: [ app_init ] --END-- [ RunTime:0.000000s ]

[ 2016-08-26T15:18:17+08:00 ] 127.0.0.1 /zhihuiyuan/Personage/index
INFO: [ app_init ] --START--
INFO: Run Behavior\BuildLiteBehavior [ RunTime:0.000000s ]
INFO: [ app_init ] --END-- [ RunTime:0.000000s ]

[ 2016-08-26T15:18:18+08:00 ] 127.0.0.1 /zhihuiyuan/Personage/321.mp4
INFO: [ app_init ] --START--
INFO: Run Behavior\BuildLiteBehavior [ RunTime:0.000000s ]
INFO: [ app_init ] --END-- [ RunTime:0.000000s ]
ERR: 非法操作:321.mp4

[ 2016-08-26T15:18:18+08:00 ] 127.0.0.1 /zhihuiyuan/Personage/321.mp4
INFO: [ app_init ] --START--
INFO: Run Behavior\BuildLiteBehavior [ RunTime:0.000000s ]
INFO: [ app_init ] --END-- [ RunTime:0.015600s ]
ERR: 非法操作:321.mp4

[ 2016-08-26T15:18:21+08:00 ] 127.0.0.1 /zhihuiyuan/Personage/orgData
INFO: [ app_init ] --START--
INFO: Run Behavior\BuildLiteBehavior [ RunTime:0.000000s ]
INFO: [ app_init ] --END-- [ RunTime:0.000000s ]

[ 2016-08-26T15:18:35+08:00 ] 127.0.0.1 /zhihuiyuan/Personage/save
INFO: [ app_init ] --START--
INFO: Run Behavior\BuildLiteBehavior [ RunTime:0.000000s ]
INFO: [ app_init ] --END-- [ RunTime:0.000000s ]

[ 2016-08-26T15:18:59+08:00 ] 127.0.0.1 /zhihuiyuan/Index/index
INFO: [ app_init ] --START--
INFO: Run Behavior\BuildLiteBehavior [ RunTime:0.000000s ]
INFO: [ app_init ] --END-- [ RunTime:0.000000s ]

[ 2016-08-26T15:19:15+08:00 ] 127.0.0.1 /zhihuiyuan/Personage/index
INFO: [ app_init ] --START--
INFO: Run Behavior\BuildLiteBehavior [ RunTime:0.000000s ]
INFO: [ app_init ] --END-- [ RunTime:0.000000s ]

[ 2016-08-26T15:19:15+08:00 ] 127.0.0.1 /zhihuiyuan/Personage/321.mp4
INFO: [ app_init ] --START--
INFO: Run Behavior\BuildLiteBehavior [ RunTime:0.000000s ]
INFO: [ app_init ] --END-- [ RunTime:0.000000s ]
ERR: 非法操作:321.mp4

[ 2016-08-26T15:19:15+08:00 ] 127.0.0.1 /zhihuiyuan/Personage/321.mp4
INFO: [ app_init ] --START--
INFO: Run Behavior\BuildLiteBehavior [ RunTime:0.000000s ]
INFO: [ app_init ] --END-- [ RunTime:0.000000s ]
ERR: 非法操作:321.mp4

[ 2016-08-26T15:20:26+08:00 ] 127.0.0.1 /zhihuiyuan/Index/index
INFO: [ app_init ] --START--
INFO: Run Behavior\BuildLiteBehavior [ RunTime:0.000000s ]
INFO: [ app_init ] --END-- [ RunTime:0.000000s ]

[ 2016-08-26T15:20:34+08:00 ] 127.0.0.1 /zhihuiyuan/Login/logout
INFO: [ app_init ] --START--
INFO: Run Behavior\BuildLiteBehavior [ RunTime:0.000000s ]
INFO: [ app_init ] --END-- [ RunTime:0.000000s ]

[ 2016-08-26T15:20:35+08:00 ] 127.0.0.1 /zhihuiyuan/Index/index.html
INFO: [ app_init ] --START--
INFO: Run Behavior\BuildLiteBehavior [ RunTime:0.000000s ]
INFO: [ app_init ] --END-- [ RunTime:0.000000s ]

[ 2016-08-26T15:20:44+08:00 ] 127.0.0.1 /zhihuiyuan/Login/login
INFO: [ app_init ] --START--
INFO: Run Behavior\BuildLiteBehavior [ RunTime:0.000000s ]
INFO: [ app_init ] --END-- [ RunTime:0.000000s ]

[ 2016-08-26T15:20:45+08:00 ] 127.0.0.1 /zhihuiyuan/Login/index.html
INFO: [ app_init ] --START--
INFO: Run Behavior\BuildLiteBehavior [ RunTime:0.000000s ]
INFO: [ app_init ] --END-- [ RunTime:0.000000s ]

[ 2016-08-26T16:09:41+08:00 ] 127.0.0.1 /zhihuiyuan/Index/index
INFO: [ app_init ] --START--
INFO: Run Behavior\BuildLiteBehavior [ RunTime:0.000000s ]
INFO: [ app_init ] --END-- [ RunTime:0.000000s ]

[ 2016-08-26T16:12:22+08:00 ] 127.0.0.1 /zhihuiyuan/Index/commitList1/nid/17
INFO: [ app_init ] --START--
INFO: Run Behavior\BuildLiteBehavior [ RunTime:0.000000s ]
INFO: [ app_init ] --END-- [ RunTime:0.000000s ]

[ 2016-08-26T16:12:22+08:00 ] 127.0.0.1 /zhihuiyuan/Reteacher/index/nid/17
INFO: [ app_init ] --START--
INFO: Run Behavior\BuildLiteBehavior [ RunTime:0.000000s ]
INFO: [ app_init ] --END-- [ RunTime:0.000000s ]

[ 2016-08-26T16:12:28+08:00 ] 127.0.0.1 /zhihuiyuan/Index/commitList1/nid/22
INFO: [ app_init ] --START--
INFO: Run Behavior\BuildLiteBehavior [ RunTime:0.000000s ]
INFO: [ app_init ] --END-- [ RunTime:0.000000s ]

[ 2016-08-26T16:13:05+08:00 ] 127.0.0.1 /zhihuiyuan/Index/commitList1/nid/17
INFO: [ app_init ] --START--
INFO: Run Behavior\BuildLiteBehavior [ RunTime:0.000000s ]
INFO: [ app_init ] --END-- [ RunTime:0.000000s ]

[ 2016-08-26T16:13:05+08:00 ] 127.0.0.1 /zhihuiyuan/Reteacher/index/nid/17
INFO: [ app_init ] --START--
INFO: Run Behavior\BuildLiteBehavior [ RunTime:0.000000s ]
INFO: [ app_init ] --END-- [ RunTime:0.000000s ]

[ 2016-08-26T16:14:11+08:00 ] 127.0.0.1 /zhihuiyuan/
INFO: [ app_init ] --START--
INFO: Run Behavior\BuildLiteBehavior [ RunTime:0.000000s ]
INFO: [ app_init ] --END-- [ RunTime:0.001000s ]

[ 2016-08-26T16:14:17+08:00 ] 127.0.0.1 /zhihuiyuan/Index/commitList1/nid/22
INFO: [ app_init ] --START--
INFO: Run Behavior\BuildLiteBehavior [ RunTime:0.000000s ]
INFO: [ app_init ] --END-- [ RunTime:0.001000s ]

[ 2016-08-26T16:16:13+08:00 ] 127.0.0.1 /zhihuiyuan/Login/index.html
INFO: [ app_init ] --START--
INFO: Run Behavior\BuildLiteBehavior [ RunTime:0.000000s ]
INFO: [ app_init ] --END-- [ RunTime:0.000000s ]

[ 2016-08-26T16:16:17+08:00 ] 127.0.0.1 /zhihuiyuan/Index/commitList1/nid/22
INFO: [ app_init ] --START--
INFO: Run Behavior\BuildLiteBehavior [ RunTime:0.000000s ]
INFO: [ app_init ] --END-- [ RunTime:0.000000s ]

[ 2016-08-26T16:16:17+08:00 ] 127.0.0.1 /zhihuiyuan/Reteacher/index/nid/22
INFO: [ app_init ] --START--
INFO: Run Behavior\BuildLiteBehavior [ RunTime:0.000000s ]
INFO: [ app_init ] --END-- [ RunTime:0.001000s ]

[ 2016-08-26T16:16:22+08:00 ] 127.0.0.1 /zhihuiyuan/Index/index
INFO: [ app_init ] --START--
INFO: Run Behavior\BuildLiteBehavior [ RunTime:0.000000s ]
INFO: [ app_init ] --END-- [ RunTime:0.000000s ]

[ 2016-08-26T16:16:25+08:00 ] 127.0.0.1 /zhihuiyuan/Index/commitList1/nid/22
INFO: [ app_init ] --START--
INFO: Run Behavior\BuildLiteBehavior [ RunTime:0.000000s ]
INFO: [ app_init ] --END-- [ RunTime:0.000000s ]

[ 2016-08-26T16:16:25+08:00 ] 127.0.0.1 /zhihuiyuan/Reteacher/index/nid/22
INFO: [ app_init ] --START--
INFO: Run Behavior\BuildLiteBehavior [ RunTime:0.000000s ]
INFO: [ app_init ] --END-- [ RunTime:0.000000s ]

[ 2016-08-26T16:16:32+08:00 ] 127.0.0.1 /zhihuiyuan/Reteacher/index/nid/22/p/2.html
INFO: [ app_init ] --START--
INFO: Run Behavior\BuildLiteBehavior [ RunTime:0.000000s ]
INFO: [ app_init ] --END-- [ RunTime:0.000000s ]

[ 2016-08-26T16:16:35+08:00 ] 127.0.0.1 /zhihuiyuan/Index/index
INFO: [ app_init ] --START--
INFO: Run Behavior\BuildLiteBehavior [ RunTime:0.000000s ]
INFO: [ app_init ] --END-- [ RunTime:0.000000s ]

[ 2016-08-26T16:18:36+08:00 ] 127.0.0.1 /zhihuiyuan/Index/commitList1/nid/16
INFO: [ app_init ] --START--
INFO: Run Behavior\BuildLiteBehavior [ RunTime:0.000000s ]
INFO: [ app_init ] --END-- [ RunTime:0.000000s ]

[ 2016-08-26T16:18:36+08:00 ] 127.0.0.1 /zhihuiyuan/Contact/commit/nid/16
INFO: [ app_init ] --START--
INFO: Run Behavior\BuildLiteBehavior [ RunTime:0.000000s ]
INFO: [ app_init ] --END-- [ RunTime:0.000000s ]

[ 2016-08-26T16:18:41+08:00 ] 127.0.0.1 /zhihuiyuan/Index/index
INFO: [ app_init ] --START--
INFO: Run Behavior\BuildLiteBehavior [ RunTime:0.000000s ]
INFO: [ app_init ] --END-- [ RunTime:0.000000s ]

[ 2016-08-26T16:18:46+08:00 ] 127.0.0.1 /zhihuiyuan/Index/commitList1/nid/17
INFO: [ app_init ] --START--
INFO: Run Behavior\BuildLiteBehavior [ RunTime:0.000000s ]
INFO: [ app_init ] --END-- [ RunTime:0.000000s ]

[ 2016-08-26T16:18:47+08:00 ] 127.0.0.1 /zhihuiyuan/Reteacher/index/nid/17
INFO: [ app_init ] --START--
INFO: Run Behavior\BuildLiteBehavior [ RunTime:0.000000s ]
INFO: [ app_init ] --END-- [ RunTime:0.000000s ]

[ 2016-08-26T16:18:51+08:00 ] 127.0.0.1 /zhihuiyuan/Index/index
INFO: [ app_init ] --START--
INFO: Run Behavior\BuildLiteBehavior [ RunTime:0.000000s ]
INFO: [ app_init ] --END-- [ RunTime:0.000000s ]

[ 2016-08-26T16:18:55+08:00 ] 127.0.0.1 /zhihuiyuan/Index/commitList1/nid/17
INFO: [ app_init ] --START--
INFO: Run Behavior\BuildLiteBehavior [ RunTime:0.000000s ]
INFO: [ app_init ] --END-- [ RunTime:0.000000s ]

[ 2016-08-26T16:18:56+08:00 ] 127.0.0.1 /zhihuiyuan/Reteacher/index/nid/17
INFO: [ app_init ] --START--
INFO: Run Behavior\BuildLiteBehavior [ RunTime:0.000000s ]
INFO: [ app_init ] --END-- [ RunTime:0.000000s ]

[ 2016-08-26T16:19:01+08:00 ] 127.0.0.1 /zhihuiyuan/Reteacher/details/id/4
INFO: [ app_init ] --START--
INFO: Run Behavior\BuildLiteBehavior [ RunTime:0.000000s ]
INFO: [ app_init ] --END-- [ RunTime:0.000000s ]

[ 2016-08-26T16:19:01+08:00 ] 127.0.0.1 /zhihuiyuan/Reteacher/details/id/321.mp4
INFO: [ app_init ] --START--
INFO: Run Behavior\BuildLiteBehavior [ RunTime:0.000000s ]
INFO: [ app_init ] --END-- [ RunTime:0.000000s ]

[ 2016-08-26T16:19:01+08:00 ] 127.0.0.1 /zhihuiyuan/Reteacher/details/id/321.mp4
INFO: [ app_init ] --START--
INFO: Run Behavior\BuildLiteBehavior [ RunTime:0.000000s ]
INFO: [ app_init ] --END-- [ RunTime:0.000000s ]

[ 2016-08-26T16:19:02+08:00 ] 127.0.0.1 /zhihuiyuan/Reteacher/details/id/321.mp4
INFO: [ app_init ] --START--
INFO: Run Behavior\BuildLiteBehavior [ RunTime:0.000000s ]
INFO: [ app_init ] --END-- [ RunTime:0.000000s ]

[ 2016-08-26T16:19:02+08:00 ] 127.0.0.1 /zhihuiyuan/Reteacher/details/id/321.mp4
INFO: [ app_init ] --START--
INFO: Run Behavior\BuildLiteBehavior [ RunTime:0.000000s ]
INFO: [ app_init ] --END-- [ RunTime:0.000000s ]

[ 2016-08-26T16:20:11+08:00 ] 127.0.0.1 /zhihuiyuan/Reteacher/details/id/4
INFO: [ app_init ] --START--
INFO: Run Behavior\BuildLiteBehavior [ RunTime:0.000000s ]
INFO: [ app_init ] --END-- [ RunTime:0.000000s ]

[ 2016-08-26T16:20:11+08:00 ] 127.0.0.1 /zhihuiyuan/Reteacher/details/id/321.mp4
INFO: [ app_init ] --START--
INFO: Run Behavior\BuildLiteBehavior [ RunTime:0.000000s ]
INFO: [ app_init ] --END-- [ RunTime:0.000000s ]

[ 2016-08-26T16:20:11+08:00 ] 127.0.0.1 /zhihuiyuan/Reteacher/details/id/321.mp4
INFO: [ app_init ] --START--
INFO: Run Behavior\BuildLiteBehavior [ RunTime:0.000000s ]
INFO: [ app_init ] --END-- [ RunTime:0.000000s ]

[ 2016-08-26T16:20:12+08:00 ] 127.0.0.1 /zhihuiyuan/Reteacher/details/id/321.mp4
INFO: [ app_init ] --START--
INFO: Run Behavior\BuildLiteBehavior [ RunTime:0.000000s ]
INFO: [ app_init ] --END-- [ RunTime:0.000000s ]

[ 2016-08-26T16:20:12+08:00 ] 127.0.0.1 /zhihuiyuan/Reteacher/details/id/321.mp4
INFO: [ app_init ] --START--
INFO: Run Behavior\BuildLiteBehavior [ RunTime:0.000000s ]
INFO: [ app_init ] --END-- [ RunTime:0.000000s ]

[ 2016-08-26T16:20:17+08:00 ] 127.0.0.1 /zhihuiyuan/Reteacher/index/nid/17
INFO: [ app_init ] --START--
INFO: Run Behavior\BuildLiteBehavior [ RunTime:0.000000s ]
INFO: [ app_init ] --END-- [ RunTime:0.000000s ]

[ 2016-08-26T16:20:21+08:00 ] 127.0.0.1 /zhihuiyuan/Index/index
INFO: [ app_init ] --START--
INFO: Run Behavior\BuildLiteBehavior [ RunTime:0.000000s ]
INFO: [ app_init ] --END-- [ RunTime:0.000000s ]

[ 2016-08-26T16:20:28+08:00 ] 127.0.0.1 /zhihuiyuan/Index/commitList1/nid/17
INFO: [ app_init ] --START--
INFO: Run Behavior\BuildLiteBehavior [ RunTime:0.000000s ]
INFO: [ app_init ] --END-- [ RunTime:0.000000s ]

[ 2016-08-26T16:20:28+08:00 ] 127.0.0.1 /zhihuiyuan/Reteacher/index/nid/17
INFO: [ app_init ] --START--
INFO: Run Behavior\BuildLiteBehavior [ RunTime:0.000000s ]
INFO: [ app_init ] --END-- [ RunTime:0.000000s ]

[ 2016-08-26T16:20:32+08:00 ] 127.0.0.1 /zhihuiyuan/Index/index
INFO: [ app_init ] --START--
INFO: Run Behavior\BuildLiteBehavior [ RunTime:0.000000s ]
INFO: [ app_init ] --END-- [ RunTime:0.000000s ]

[ 2016-08-26T16:20:49+08:00 ] 127.0.0.1 /zhihuiyuan/Index/commitList1/nid/18
INFO: [ app_init ] --START--
INFO: Run Behavior\BuildLiteBehavior [ RunTime:0.000000s ]
INFO: [ app_init ] --END-- [ RunTime:0.000000s ]

[ 2016-08-26T16:20:50+08:00 ] 127.0.0.1 /zhihuiyuan/Train/index/nid/18
INFO: [ app_init ] --START--
INFO: Run Behavior\BuildLiteBehavior [ RunTime:0.000000s ]
INFO: [ app_init ] --END-- [ RunTime:0.000000s ]

[ 2016-08-26T16:21:10+08:00 ] 127.0.0.1 /zhihuiyuan/Index/commitList1/nid/22
INFO: [ app_init ] --START--
INFO: Run Behavior\BuildLiteBehavior [ RunTime:0.000000s ]
INFO: [ app_init ] --END-- [ RunTime:0.015600s ]

[ 2016-08-26T16:21:10+08:00 ] 127.0.0.1 /zhihuiyuan/Reteacher/index/nid/22
INFO: [ app_init ] --START--
INFO: Run Behavior\BuildLiteBehavior [ RunTime:0.000000s ]
INFO: [ app_init ] --END-- [ RunTime:0.000000s ]

[ 2016-08-26T16:21:13+08:00 ] 127.0.0.1 /zhihuiyuan/Index/index
INFO: [ app_init ] --START--
INFO: Run Behavior\BuildLiteBehavior [ RunTime:0.000000s ]
INFO: [ app_init ] --END-- [ RunTime:0.000000s ]

[ 2016-08-26T16:21:20+08:00 ] 127.0.0.1 /zhihuiyuan/Index/commitList1/nid/35
INFO: [ app_init ] --START--
INFO: Run Behavior\BuildLiteBehavior [ RunTime:0.000000s ]
INFO: [ app_init ] --END-- [ RunTime:0.000000s ]

[ 2016-08-26T16:21:23+08:00 ] 127.0.0.1 /zhihuiyuan/Index/index
INFO: [ app_init ] --START--
INFO: Run Behavior\BuildLiteBehavior [ RunTime:0.000000s ]
INFO: [ app_init ] --END-- [ RunTime:0.000000s ]

[ 2016-08-26T16:21:37+08:00 ] 127.0.0.1 /zhihuiyuan/Contact/index
INFO: [ app_init ] --START--
INFO: Run Behavior\BuildLiteBehavior [ RunTime:0.000000s ]
INFO: [ app_init ] --END-- [ RunTime:0.000000s ]

[ 2016-08-26T16:21:46+08:00 ] 127.0.0.1 /zhihuiyuan/News/index
INFO: [ app_init ] --START--
INFO: Run Behavior\BuildLiteBehavior [ RunTime:0.000000s ]
INFO: [ app_init ] --END-- [ RunTime:0.000000s ]

[ 2016-08-26T16:21:52+08:00 ] 127.0.0.1 /zhihuiyuan/Index/index
INFO: [ app_init ] --START--
INFO: Run Behavior\BuildLiteBehavior [ RunTime:0.000000s ]
INFO: [ app_init ] --END-- [ RunTime:0.000000s ]

[ 2016-08-26T16:22:00+08:00 ] 127.0.0.1 /zhihuiyuan/Index/commitList1/nid/16
INFO: [ app_init ] --START--
INFO: Run Behavior\BuildLiteBehavior [ RunTime:0.000000s ]
INFO: [ app_init ] --END-- [ RunTime:0.000000s ]

[ 2016-08-26T16:22:01+08:00 ] 127.0.0.1 /zhihuiyuan/Contact/commit/nid/16
INFO: [ app_init ] --START--
INFO: Run Behavior\BuildLiteBehavior [ RunTime:0.000000s ]
INFO: [ app_init ] --END-- [ RunTime:0.000000s ]

[ 2016-08-26T16:22:03+08:00 ] 127.0.0.1 /zhihuiyuan/Index/index
INFO: [ app_init ] --START--
INFO: Run Behavior\BuildLiteBehavior [ RunTime:0.000000s ]
INFO: [ app_init ] --END-- [ RunTime:0.000000s ]

[ 2016-08-26T16:22:05+08:00 ] 127.0.0.1 /zhihuiyuan/Index/commitList1/nid/18
INFO: [ app_init ] --START--
INFO: Run Behavior\BuildLiteBehavior [ RunTime:0.000000s ]
INFO: [ app_init ] --END-- [ RunTime:0.000000s ]

[ 2016-08-26T16:22:05+08:00 ] 127.0.0.1 /zhihuiyuan/Train/index/nid/18
INFO: [ app_init ] --START--
INFO: Run Behavior\BuildLiteBehavior [ RunTime:0.000000s ]
INFO: [ app_init ] --END-- [ RunTime:0.000000s ]

[ 2016-08-26T16:22:07+08:00 ] 127.0.0.1 /zhihuiyuan/Index/index
INFO: [ app_init ] --START--
INFO: Run Behavior\BuildLiteBehavior [ RunTime:0.000000s ]
INFO: [ app_init ] --END-- [ RunTime:0.000000s ]

[ 2016-08-26T16:22:10+08:00 ] 127.0.0.1 /zhihuiyuan/Index/commitList1/nid/21
INFO: [ app_init ] --START--
INFO: Run Behavior\BuildLiteBehavior [ RunTime:0.000000s ]
INFO: [ app_init ] --END-- [ RunTime:0.000000s ]

[ 2016-08-26T16:22:11+08:00 ] 127.0.0.1 /zhihuiyuan/Index/index
INFO: [ app_init ] --START--
INFO: Run Behavior\BuildLiteBehavior [ RunTime:0.000000s ]
INFO: [ app_init ] --END-- [ RunTime:0.000000s ]

[ 2016-08-26T16:22:13+08:00 ] 127.0.0.1 /zhihuiyuan/Index/commitList1/nid/17
INFO: [ app_init ] --START--
INFO: Run Behavior\BuildLiteBehavior [ RunTime:0.000000s ]
INFO: [ app_init ] --END-- [ RunTime:0.000000s ]

[ 2016-08-26T16:22:13+08:00 ] 127.0.0.1 /zhihuiyuan/Reteacher/index/nid/17
INFO: [ app_init ] --START--
INFO: Run Behavior\BuildLiteBehavior [ RunTime:0.000000s ]
INFO: [ app_init ] --END-- [ RunTime:0.000000s ]

[ 2016-08-26T16:22:16+08:00 ] 127.0.0.1 /zhihuiyuan/Index/index
INFO: [ app_init ] --START--
INFO: Run Behavior\BuildLiteBehavior [ RunTime:0.000000s ]
INFO: [ app_init ] --END-- [ RunTime:0.000000s ]

[ 2016-08-26T16:22:18+08:00 ] 127.0.0.1 /zhihuiyuan/Index/commitList1/nid/18
INFO: [ app_init ] --START--
INFO: Run Behavior\BuildLiteBehavior [ RunTime:0.000000s ]
INFO: [ app_init ] --END-- [ RunTime:0.000000s ]

[ 2016-08-26T16:22:18+08:00 ] 127.0.0.1 /zhihuiyuan/Train/index/nid/18
INFO: [ app_init ] --START--
INFO: Run Behavior\BuildLiteBehavior [ RunTime:0.000000s ]
INFO: [ app_init ] --END-- [ RunTime:0.000000s ]

[ 2016-08-26T16:22:20+08:00 ] 127.0.0.1 /zhihuiyuan/Index/index
INFO: [ app_init ] --START--
INFO: Run Behavior\BuildLiteBehavior [ RunTime:0.000000s ]
INFO: [ app_init ] --END-- [ RunTime:0.000000s ]

[ 2016-08-26T16:22:22+08:00 ] 127.0.0.1 /zhihuiyuan/Index/commitList1/nid/21
INFO: [ app_init ] --START--
INFO: Run Behavior\BuildLiteBehavior [ RunTime:0.000000s ]
INFO: [ app_init ] --END-- [ RunTime:0.000000s ]

[ 2016-08-26T16:22:24+08:00 ] 127.0.0.1 /zhihuiyuan/Index/index
INFO: [ app_init ] --START--
INFO: Run Behavior\BuildLiteBehavior [ RunTime:0.000000s ]
INFO: [ app_init ] --END-- [ RunTime:0.000000s ]

[ 2016-08-26T16:22:27+08:00 ] 127.0.0.1 /zhihuiyuan/Index/commitList1/nid/22
INFO: [ app_init ] --START--
INFO: Run Behavior\BuildLiteBehavior [ RunTime:0.000000s ]
INFO: [ app_init ] --END-- [ RunTime:0.000000s ]

[ 2016-08-26T16:22:27+08:00 ] 127.0.0.1 /zhihuiyuan/Reteacher/index/nid/22
INFO: [ app_init ] --START--
INFO: Run Behavior\BuildLiteBehavior [ RunTime:0.000000s ]
INFO: [ app_init ] --END-- [ RunTime:0.015600s ]

[ 2016-08-26T16:22:31+08:00 ] 127.0.0.1 /zhihuiyuan/Index/commitList1/nid/23
INFO: [ app_init ] --START--
INFO: Run Behavior\BuildLiteBehavior [ RunTime:0.000000s ]
INFO: [ app_init ] --END-- [ RunTime:0.000000s ]

[ 2016-08-26T16:22:47+08:00 ] 127.0.0.1 /zhihuiyuan/Index/commitList1/nid/35
INFO: [ app_init ] --START--
INFO: Run Behavior\BuildLiteBehavior [ RunTime:0.000000s ]
INFO: [ app_init ] --END-- [ RunTime:0.000000s ]

[ 2016-08-26T16:22:49+08:00 ] 127.0.0.1 /zhihuiyuan/Index/index
INFO: [ app_init ] --START--
INFO: Run Behavior\BuildLiteBehavior [ RunTime:0.000000s ]
INFO: [ app_init ] --END-- [ RunTime:0.000000s ]

[ 2016-08-26T16:22:53+08:00 ] 127.0.0.1 /zhihuiyuan/Index/commitList1/nid/37
INFO: [ app_init ] --START--
INFO: Run Behavior\BuildLiteBehavior [ RunTime:0.000000s ]
INFO: [ app_init ] --END-- [ RunTime:0.000000s ]

[ 2016-08-26T16:22:55+08:00 ] 127.0.0.1 /zhihuiyuan/Index/index
INFO: [ app_init ] --START--
INFO: Run Behavior\BuildLiteBehavior [ RunTime:0.000000s ]
INFO: [ app_init ] --END-- [ RunTime:0.000000s ]

[ 2016-08-26T16:23:16+08:00 ] 127.0.0.1 /zhihuiyuan/Login/login
INFO: [ app_init ] --START--
INFO: Run Behavior\BuildLiteBehavior [ RunTime:0.000000s ]
INFO: [ app_init ] --END-- [ RunTime:0.000000s ]

[ 2016-08-26T16:23:17+08:00 ] 127.0.0.1 /zhihuiyuan/Login/index.html
INFO: [ app_init ] --START--
INFO: Run Behavior\BuildLiteBehavior [ RunTime:0.000000s ]
INFO: [ app_init ] --END-- [ RunTime:0.015600s ]

[ 2016-08-26T16:23:21+08:00 ] 127.0.0.1 /zhihuiyuan/Personage/index
INFO: [ app_init ] --START--
INFO: Run Behavior\BuildLiteBehavior [ RunTime:0.000000s ]
INFO: [ app_init ] --END-- [ RunTime:0.000000s ]

[ 2016-08-26T16:23:22+08:00 ] 127.0.0.1 /zhihuiyuan/Personage/321.mp4
INFO: [ app_init ] --START--
INFO: Run Behavior\BuildLiteBehavior [ RunTime:0.000000s ]
INFO: [ app_init ] --END-- [ RunTime:0.000000s ]
ERR: 非法操作:321.mp4

[ 2016-08-26T16:23:22+08:00 ] 127.0.0.1 /zhihuiyuan/Personage/321.mp4
INFO: [ app_init ] --START--
INFO: Run Behavior\BuildLiteBehavior [ RunTime:0.000000s ]
INFO: [ app_init ] --END-- [ RunTime:0.000000s ]
ERR: 非法操作:321.mp4

[ 2016-08-26T16:23:26+08:00 ] 127.0.0.1 /zhihuiyuan/Personage/orgData
INFO: [ app_init ] --START--
INFO: Run Behavior\BuildLiteBehavior [ RunTime:0.000000s ]
INFO: [ app_init ] --END-- [ RunTime:0.000000s ]

[ 2016-08-26T16:28:18+08:00 ] 127.0.0.1 /zhihuiyuan/Personage/orgData
INFO: [ app_init ] --START--
INFO: Run Behavior\BuildLiteBehavior [ RunTime:0.000000s ]
INFO: [ app_init ] --END-- [ RunTime:0.000000s ]

[ 2016-08-26T16:28:25+08:00 ] 127.0.0.1 /zhihuiyuan/Personage/save
INFO: [ app_init ] --START--
INFO: Run Behavior\BuildLiteBehavior [ RunTime:0.000000s ]
INFO: [ app_init ] --END-- [ RunTime:0.000000s ]

[ 2016-08-26T16:29:12+08:00 ] 127.0.0.1 /zhihuiyuan/Personage/save
INFO: [ app_init ] --START--
INFO: Run Behavior\BuildLiteBehavior [ RunTime:0.000000s ]
INFO: [ app_init ] --END-- [ RunTime:0.000000s ]

[ 2016-08-26T16:40:13+08:00 ] 127.0.0.1 /zhihuiyuan/Personage/orgData
INFO: [ app_init ] --START--
INFO: Run Behavior\BuildLiteBehavior [ RunTime:0.000000s ]
INFO: [ app_init ] --END-- [ RunTime:0.001000s ]

[ 2016-08-26T16:40:15+08:00 ] 127.0.0.1 /zhihuiyuan/Personage/save
INFO: [ app_init ] --START--
INFO: Run Behavior\BuildLiteBehavior [ RunTime:0.000000s ]
INFO: [ app_init ] --END-- [ RunTime:0.001000s ]

[ 2016-08-26T16:40:57+08:00 ] 127.0.0.1 /zhihuiyuan/Personage/save
INFO: [ app_init ] --START--
INFO: Run Behavior\BuildLiteBehavior [ RunTime:0.000000s ]
INFO: [ app_init ] --END-- [ RunTime:0.000000s ]

[ 2016-08-26T16:41:02+08:00 ] 127.0.0.1 /zhihuiyuan/Personage/save
INFO: [ app_init ] --START--
INFO: Run Behavior\BuildLiteBehavior [ RunTime:0.000000s ]
INFO: [ app_init ] --END-- [ RunTime:0.000000s ]

[ 2016-08-26T16:42:08+08:00 ] 127.0.0.1 /zhihuiyuan/Personage/save
INFO: [ app_init ] --START--
INFO: Run Behavior\BuildLiteBehavior [ RunTime:0.000000s ]
INFO: [ app_init ] --END-- [ RunTime:0.001000s ]

[ 2016-08-26T16:42:13+08:00 ] 127.0.0.1 /zhihuiyuan/Personage/save
INFO: [ app_init ] --START--
INFO: Run Behavior\BuildLiteBehavior [ RunTime:0.000000s ]
INFO: [ app_init ] --END-- [ RunTime:0.001001s ]

[ 2016-08-26T16:42:55+08:00 ] 127.0.0.1 /zhihuiyuan/Personage/save
INFO: [ app_init ] --START--
INFO: Run Behavior\BuildLiteBehavior [ RunTime:0.000000s ]
INFO: [ app_init ] --END-- [ RunTime:0.001000s ]

[ 2016-08-26T16:42:59+08:00 ] 127.0.0.1 /zhihuiyuan/Personage/save
INFO: [ app_init ] --START--
INFO: Run Behavior\BuildLiteBehavior [ RunTime:0.000000s ]
INFO: [ app_init ] --END-- [ RunTime:0.001000s ]

[ 2016-08-26T16:43:42+08:00 ] 127.0.0.1 /zhihuiyuan/Personage/save
INFO: [ app_init ] --START--
INFO: Run Behavior\BuildLiteBehavior [ RunTime:0.000000s ]
INFO: [ app_init ] --END-- [ RunTime:0.001000s ]

[ 2016-08-26T16:44:23+08:00 ] 127.0.0.1 /zhihuiyuan/Personage/save
INFO: [ app_init ] --START--
INFO: Run Behavior\BuildLiteBehavior [ RunTime:0.000000s ]
INFO: [ app_init ] --END-- [ RunTime:0.001000s ]

[ 2016-08-26T16:45:03+08:00 ] 127.0.0.1 /zhihuiyuan/Personage/save
INFO: [ app_init ] --START--
INFO: Run Behavior\BuildLiteBehavior [ RunTime:0.000000s ]
INFO: [ app_init ] --END-- [ RunTime:0.001000s ]

[ 2016-08-26T16:45:06+08:00 ] 127.0.0.1 /zhihuiyuan/Personage/save
INFO: [ app_init ] --START--
INFO: Run Behavior\BuildLiteBehavior [ RunTime:0.000000s ]
INFO: [ app_init ] --END-- [ RunTime:0.000000s ]

[ 2016-08-26T16:49:48+08:00 ] 127.0.0.1 /zhihuiyuan/Personage/orgData
INFO: [ app_init ] --START--
INFO: Run Behavior\BuildLiteBehavior [ RunTime:0.000000s ]
INFO: [ app_init ] --END-- [ RunTime:0.000000s ]

[ 2016-08-26T16:50:34+08:00 ] 127.0.0.1 /zhihuiyuan/Personage/index
INFO: [ app_init ] --START--
INFO: Run Behavior\BuildLiteBehavior [ RunTime:0.000000s ]
INFO: [ app_init ] --END-- [ RunTime:0.001000s ]

[ 2016-08-26T16:50:35+08:00 ] 127.0.0.1 /zhihuiyuan/Personage/321.mp4
INFO: [ app_init ] --START--
INFO: Run Behavior\BuildLiteBehavior [ RunTime:0.000000s ]
INFO: [ app_init ] --END-- [ RunTime:0.001000s ]
ERR: 非法操作:321.mp4

[ 2016-08-26T16:50:35+08:00 ] 127.0.0.1 /zhihuiyuan/Personage/321.mp4
INFO: [ app_init ] --START--
INFO: Run Behavior\BuildLiteBehavior [ RunTime:0.000000s ]
INFO: [ app_init ] --END-- [ RunTime:0.001000s ]
ERR: 非法操作:321.mp4

[ 2016-08-26T16:50:37+08:00 ] 127.0.0.1 /zhihuiyuan/Personage/index
INFO: [ app_init ] --START--
INFO: Run Behavior\BuildLiteBehavior [ RunTime:0.000000s ]
INFO: [ app_init ] --END-- [ RunTime:0.001000s ]

[ 2016-08-26T16:50:37+08:00 ] 127.0.0.1 /zhihuiyuan/Personage/321.mp4
INFO: [ app_init ] --START--
INFO: Run Behavior\BuildLiteBehavior [ RunTime:0.000000s ]
INFO: [ app_init ] --END-- [ RunTime:0.001000s ]
ERR: 非法操作:321.mp4

[ 2016-08-26T16:50:37+08:00 ] 127.0.0.1 /zhihuiyuan/Personage/321.mp4
INFO: [ app_init ] --START--
INFO: Run Behavior\BuildLiteBehavior [ RunTime:0.000000s ]
INFO: [ app_init ] --END-- [ RunTime:0.001000s ]
ERR: 非法操作:321.mp4

[ 2016-08-26T16:50:41+08:00 ] 127.0.0.1 /zhihuiyuan/Personage/orgData
INFO: [ app_init ] --START--
INFO: Run Behavior\BuildLiteBehavior [ RunTime:0.000000s ]
INFO: [ app_init ] --END-- [ RunTime:0.000000s ]

[ 2016-08-26T16:53:19+08:00 ] 127.0.0.1 /zhihuiyuan/Personage/orgData
INFO: [ app_init ] --START--
INFO: Run Behavior\BuildLiteBehavior [ RunTime:0.000000s ]
INFO: [ app_init ] --END-- [ RunTime:0.000000s ]

[ 2016-08-26T16:53:19+08:00 ] 127.0.0.1 /zhihuiyuan/Personage/321.mp4
INFO: [ app_init ] --START--
INFO: Run Behavior\BuildLiteBehavior [ RunTime:0.000000s ]
INFO: [ app_init ] --END-- [ RunTime:0.000000s ]
ERR: 非法操作:321.mp4

[ 2016-08-26T16:53:19+08:00 ] 127.0.0.1 /zhihuiyuan/Personage/321.mp4
INFO: [ app_init ] --START--
INFO: Run Behavior\BuildLiteBehavior [ RunTime:0.000000s ]
INFO: [ app_init ] --END-- [ RunTime:0.000000s ]
ERR: 非法操作:321.mp4

[ 2016-08-26T16:53:22+08:00 ] 127.0.0.1 /zhihuiyuan/Personage/index
INFO: [ app_init ] --START--
INFO: Run Behavior\BuildLiteBehavior [ RunTime:0.000000s ]
INFO: [ app_init ] --END-- [ RunTime:0.015600s ]

[ 2016-08-26T16:53:23+08:00 ] 127.0.0.1 /zhihuiyuan/Personage/321.mp4
INFO: [ app_init ] --START--
INFO: Run Behavior\BuildLiteBehavior [ RunTime:0.000000s ]
INFO: [ app_init ] --END-- [ RunTime:0.000000s ]
ERR: 非法操作:321.mp4

[ 2016-08-26T16:53:23+08:00 ] 127.0.0.1 /zhihuiyuan/Personage/321.mp4
INFO: [ app_init ] --START--
INFO: Run Behavior\BuildLiteBehavior [ RunTime:0.000000s ]
INFO: [ app_init ] --END-- [ RunTime:0.000000s ]
ERR: 非法操作:321.mp4

[ 2016-08-26T16:53:27+08:00 ] 127.0.0.1 /zhihuiyuan/Personage/orgData
INFO: [ app_init ] --START--
INFO: Run Behavior\BuildLiteBehavior [ RunTime:0.000000s ]
INFO: [ app_init ] --END-- [ RunTime:0.000000s ]

[ 2016-08-26T16:53:27+08:00 ] 127.0.0.1 /zhihuiyuan/Personage/321.mp4
INFO: [ app_init ] --START--
INFO: Run Behavior\BuildLiteBehavior [ RunTime:0.000000s ]
INFO: [ app_init ] --END-- [ RunTime:0.000000s ]
ERR: 非法操作:321.mp4

[ 2016-08-26T16:53:27+08:00 ] 127.0.0.1 /zhihuiyuan/Personage/321.mp4
INFO: [ app_init ] --START--
INFO: Run Behavior\BuildLiteBehavior [ RunTime:0.000000s ]
INFO: [ app_init ] --END-- [ RunTime:0.000000s ]
ERR: 非法操作:321.mp4

[ 2016-08-26T16:54:42+08:00 ] 127.0.0.1 /zhihuiyuan/Personage/orgData
INFO: [ app_init ] --START--
INFO: Run Behavior\BuildLiteBehavior [ RunTime:0.000000s ]
INFO: [ app_init ] --END-- [ RunTime:0.000000s ]

[ 2016-08-26T16:54:49+08:00 ] 127.0.0.1 /zhihuiyuan/Personage/index
INFO: [ app_init ] --START--
INFO: Run Behavior\BuildLiteBehavior [ RunTime:0.000000s ]
INFO: [ app_init ] --END-- [ RunTime:0.000000s ]

[ 2016-08-26T16:54:50+08:00 ] 127.0.0.1 /zhihuiyuan/Personage/321.mp4
INFO: [ app_init ] --START--
INFO: Run Behavior\BuildLiteBehavior [ RunTime:0.000000s ]
INFO: [ app_init ] --END-- [ RunTime:0.000000s ]
ERR: 非法操作:321.mp4

[ 2016-08-26T16:54:50+08:00 ] 127.0.0.1 /zhihuiyuan/Personage/321.mp4
INFO: [ app_init ] --START--
INFO: Run Behavior\BuildLiteBehavior [ RunTime:0.000000s ]
INFO: [ app_init ] --END-- [ RunTime:0.015600s ]
ERR: 非法操作:321.mp4

[ 2016-08-26T16:54:51+08:00 ] 127.0.0.1 /zhihuiyuan/Personage/index
INFO: [ app_init ] --START--
INFO: Run Behavior\BuildLiteBehavior [ RunTime:0.000000s ]
INFO: [ app_init ] --END-- [ RunTime:0.015600s ]

[ 2016-08-26T16:54:51+08:00 ] 127.0.0.1 /zhihuiyuan/Personage/321.mp4
INFO: [ app_init ] --START--
INFO: Run Behavior\BuildLiteBehavior [ RunTime:0.000000s ]
INFO: [ app_init ] --END-- [ RunTime:0.000000s ]
ERR: 非法操作:321.mp4

[ 2016-08-26T16:54:51+08:00 ] 127.0.0.1 /zhihuiyuan/Personage/321.mp4
INFO: [ app_init ] --START--
INFO: Run Behavior\BuildLiteBehavior [ RunTime:0.000000s ]
INFO: [ app_init ] --END-- [ RunTime:0.000000s ]
ERR: 非法操作:321.mp4

[ 2016-08-26T16:55:09+08:00 ] 127.0.0.1 /zhihuiyuan/Personage/index
INFO: [ app_init ] --START--
INFO: Run Behavior\BuildLiteBehavior [ RunTime:0.000000s ]
INFO: [ app_init ] --END-- [ RunTime:0.002001s ]

[ 2016-08-26T16:55:09+08:00 ] 127.0.0.1 /zhihuiyuan/Personage/321.mp4
INFO: [ app_init ] --START--
INFO: Run Behavior\BuildLiteBehavior [ RunTime:0.000000s ]
INFO: [ app_init ] --END-- [ RunTime:0.006000s ]
ERR: 非法操作:321.mp4

[ 2016-08-26T16:55:09+08:00 ] 127.0.0.1 /zhihuiyuan/Personage/321.mp4
INFO: [ app_init ] --START--
INFO: Run Behavior\BuildLiteBehavior [ RunTime:0.000000s ]
INFO: [ app_init ] --END-- [ RunTime:0.000000s ]
ERR: 非法操作:321.mp4

[ 2016-08-26T16:56:21+08:00 ] 127.0.0.1 /zhihuiyuan/Personage/index
INFO: [ app_init ] --START--
INFO: Run Behavior\BuildLiteBehavior [ RunTime:0.000000s ]
INFO: [ app_init ] --END-- [ RunTime:0.000000s ]

[ 2016-08-26T16:56:22+08:00 ] 127.0.0.1 /zhihuiyuan/Personage/321.mp4
INFO: [ app_init ] --START--
INFO: Run Behavior\BuildLiteBehavior [ RunTime:0.000000s ]
INFO: [ app_init ] --END-- [ RunTime:0.000000s ]
ERR: 非法操作:321.mp4

[ 2016-08-26T16:56:22+08:00 ] 127.0.0.1 /zhihuiyuan/Personage/321.mp4
INFO: [ app_init ] --START--
INFO: Run Behavior\BuildLiteBehavior [ RunTime:0.000000s ]
INFO: [ app_init ] --END-- [ RunTime:0.001000s ]
ERR: 非法操作:321.mp4

[ 2016-08-26T16:57:02+08:00 ] 127.0.0.1 /zhihuiyuan/Personage/orgData
INFO: [ app_init ] --START--
INFO: Run Behavior\BuildLiteBehavior [ RunTime:0.000000s ]
INFO: [ app_init ] --END-- [ RunTime:0.001000s ]

[ 2016-08-26T16:57:09+08:00 ] 127.0.0.1 /zhihuiyuan/Personage/index
INFO: [ app_init ] --START--
INFO: Run Behavior\BuildLiteBehavior [ RunTime:0.000000s ]
INFO: [ app_init ] --END-- [ RunTime:0.000000s ]

[ 2016-08-26T16:57:09+08:00 ] 127.0.0.1 /zhihuiyuan/Personage/321.mp4
INFO: [ app_init ] --START--
INFO: Run Behavior\BuildLiteBehavior [ RunTime:0.000000s ]
INFO: [ app_init ] --END-- [ RunTime:0.001000s ]
ERR: 非法操作:321.mp4

[ 2016-08-26T16:57:09+08:00 ] 127.0.0.1 /zhihuiyuan/Personage/321.mp4
INFO: [ app_init ] --START--
INFO: Run Behavior\BuildLiteBehavior [ RunTime:0.000000s ]
INFO: [ app_init ] --END-- [ RunTime:0.001000s ]
ERR: 非法操作:321.mp4

[ 2016-08-26T16:58:29+08:00 ] 127.0.0.1 /zhihuiyuan/Personage/index
INFO: [ app_init ] --START--
INFO: Run Behavior\BuildLiteBehavior [ RunTime:0.000000s ]
INFO: [ app_init ] --END-- [ RunTime:0.001000s ]

[ 2016-08-26T16:58:29+08:00 ] 127.0.0.1 /zhihuiyuan/Personage/321.mp4
INFO: [ app_init ] --START--
INFO: Run Behavior\BuildLiteBehavior [ RunTime:0.000000s ]
INFO: [ app_init ] --END-- [ RunTime:0.000000s ]
ERR: 非法操作:321.mp4

[ 2016-08-26T16:58:29+08:00 ] 127.0.0.1 /zhihuiyuan/Personage/321.mp4
INFO: [ app_init ] --START--
INFO: Run Behavior\BuildLiteBehavior [ RunTime:0.000000s ]
INFO: [ app_init ] --END-- [ RunTime:0.002000s ]
ERR: 非法操作:321.mp4

[ 2016-08-26T16:58:30+08:00 ] 127.0.0.1 /zhihuiyuan/Personage/orgData
INFO: [ app_init ] --START--
INFO: Run Behavior\BuildLiteBehavior [ RunTime:0.000000s ]
INFO: [ app_init ] --END-- [ RunTime:0.001000s ]

[ 2016-08-26T16:58:58+08:00 ] 127.0.0.1 /zhihuiyuan/Personage/save
INFO: [ app_init ] --START--
INFO: Run Behavior\BuildLiteBehavior [ RunTime:0.000000s ]
INFO: [ app_init ] --END-- [ RunTime:0.000000s ]

[ 2016-08-26T17:00:20+08:00 ] 127.0.0.1 /zhihuiyuan/Personage/orgData
INFO: [ app_init ] --START--
INFO: Run Behavior\BuildLiteBehavior [ RunTime:0.000000s ]
INFO: [ app_init ] --END-- [ RunTime:0.000000s ]

[ 2016-08-26T17:00:21+08:00 ] 127.0.0.1 /zhihuiyuan/Personage/orgData
INFO: [ app_init ] --START--
INFO: Run Behavior\BuildLiteBehavior [ RunTime:0.000000s ]
INFO: [ app_init ] --END-- [ RunTime:0.000000s ]

[ 2016-08-26T17:00:23+08:00 ] 127.0.0.1 /zhihuiyuan/Personage/save
INFO: [ app_init ] --START--
INFO: Run Behavior\BuildLiteBehavior [ RunTime:0.000000s ]
INFO: [ app_init ] --END-- [ RunTime:0.000000s ]

[ 2016-08-26T17:01:57+08:00 ] 127.0.0.1 /zhihuiyuan/Personage/orgData
INFO: [ app_init ] --START--
INFO: Run Behavior\BuildLiteBehavior [ RunTime:0.000000s ]
INFO: [ app_init ] --END-- [ RunTime:0.000000s ]

[ 2016-08-26T17:01:59+08:00 ] 127.0.0.1 /zhihuiyuan/Personage/save
INFO: [ app_init ] --START--
INFO: Run Behavior\BuildLiteBehavior [ RunTime:0.000000s ]
INFO: [ app_init ] --END-- [ RunTime:0.000000s ]

[ 2016-08-26T17:03:31+08:00 ] 127.0.0.1 /zhihuiyuan/Personage/orgData
INFO: [ app_init ] --START--
INFO: Run Behavior\BuildLiteBehavior [ RunTime:0.000000s ]
INFO: [ app_init ] --END-- [ RunTime:0.000000s ]

[ 2016-08-26T17:03:32+08:00 ] 127.0.0.1 /zhihuiyuan/Personage/save
INFO: [ app_init ] --START--
INFO: Run Behavior\BuildLiteBehavior [ RunTime:0.000000s ]
INFO: [ app_init ] --END-- [ RunTime:0.000000s ]

[ 2016-08-26T17:04:28+08:00 ] 127.0.0.1 /zhihuiyuan/Personage/orgData
INFO: [ app_init ] --START--
INFO: Run Behavior\BuildLiteBehavior [ RunTime:0.000000s ]
INFO: [ app_init ] --END-- [ RunTime:0.000000s ]

[ 2016-08-26T17:04:29+08:00 ] 127.0.0.1 /zhihuiyuan/Personage/save
INFO: [ app_init ] --START--
INFO: Run Behavior\BuildLiteBehavior [ RunTime:0.000000s ]
INFO: [ app_init ] --END-- [ RunTime:0.000000s ]

[ 2016-08-26T17:05:28+08:00 ] 127.0.0.1 /zhihuiyuan/Personage/orgData
INFO: [ app_init ] --START--
INFO: Run Behavior\BuildLiteBehavior [ RunTime:0.000000s ]
INFO: [ app_init ] --END-- [ RunTime:0.000000s ]

[ 2016-08-26T17:05:29+08:00 ] 127.0.0.1 /zhihuiyuan/Personage/save
INFO: [ app_init ] --START--
INFO: Run Behavior\BuildLiteBehavior [ RunTime:0.000000s ]
INFO: [ app_init ] --END-- [ RunTime:0.000000s ]

[ 2016-08-26T17:06:25+08:00 ] 127.0.0.1 /zhihuiyuan/Personage/orgData
INFO: [ app_init ] --START--
INFO: Run Behavior\BuildLiteBehavior [ RunTime:0.000000s ]
INFO: [ app_init ] --END-- [ RunTime:0.000000s ]

[ 2016-08-26T17:06:26+08:00 ] 127.0.0.1 /zhihuiyuan/Personage/save
INFO: [ app_init ] --START--
INFO: Run Behavior\BuildLiteBehavior [ RunTime:0.000000s ]
INFO: [ app_init ] --END-- [ RunTime:0.015600s ]

[ 2016-08-26T17:06:41+08:00 ] 127.0.0.1 /zhihuiyuan/Personage/orgData
INFO: [ app_init ] --START--
INFO: Run Behavior\BuildLiteBehavior [ RunTime:0.000000s ]
INFO: [ app_init ] --END-- [ RunTime:0.000000s ]

[ 2016-08-26T17:06:42+08:00 ] 127.0.0.1 /zhihuiyuan/Personage/save
INFO: [ app_init ] --START--
INFO: Run Behavior\BuildLiteBehavior [ RunTime:0.000000s ]
INFO: [ app_init ] --END-- [ RunTime:0.001000s ]

[ 2016-08-26T17:06:49+08:00 ] 127.0.0.1 /zhihuiyuan/Personage/orgData
INFO: [ app_init ] --START--
INFO: Run Behavior\BuildLiteBehavior [ RunTime:0.000000s ]
INFO: [ app_init ] --END-- [ RunTime:0.000000s ]

[ 2016-08-26T17:06:50+08:00 ] 127.0.0.1 /zhihuiyuan/Personage/save
INFO: [ app_init ] --START--
INFO: Run Behavior\BuildLiteBehavior [ RunTime:0.000000s ]
INFO: [ app_init ] --END-- [ RunTime:0.000000s ]

[ 2016-08-26T17:07:03+08:00 ] 127.0.0.1 /zhihuiyuan/Personage/orgData
INFO: [ app_init ] --START--
INFO: Run Behavior\BuildLiteBehavior [ RunTime:0.000000s ]
INFO: [ app_init ] --END-- [ RunTime:0.000000s ]

[ 2016-08-26T17:07:04+08:00 ] 127.0.0.1 /zhihuiyuan/Personage/save
INFO: [ app_init ] --START--
INFO: Run Behavior\BuildLiteBehavior [ RunTime:0.000000s ]
INFO: [ app_init ] --END-- [ RunTime:0.000000s ]
ERR: 非法数据对象！:[submit=>确认提交]

[ 2016-08-26T17:08:34+08:00 ] 127.0.0.1 /zhihuiyuan/Personage/orgData
INFO: [ app_init ] --START--
INFO: Run Behavior\BuildLiteBehavior [ RunTime:0.000000s ]
INFO: [ app_init ] --END-- [ RunTime:0.000000s ]

[ 2016-08-26T17:09:22+08:00 ] 127.0.0.1 /zhihuiyuan/Personage/save
INFO: [ app_init ] --START--
INFO: Run Behavior\BuildLiteBehavior [ RunTime:0.000000s ]
INFO: [ app_init ] --END-- [ RunTime:0.000000s ]

[ 2016-08-26T17:10:35+08:00 ] 127.0.0.1 /zhihuiyuan/Personage/orgData
INFO: [ app_init ] --START--
INFO: Run Behavior\BuildLiteBehavior [ RunTime:0.000000s ]
INFO: [ app_init ] --END-- [ RunTime:0.001000s ]

[ 2016-08-26T17:10:40+08:00 ] 127.0.0.1 /zhihuiyuan/Personage/save
INFO: [ app_init ] --START--
INFO: Run Behavior\BuildLiteBehavior [ RunTime:0.000000s ]
INFO: [ app_init ] --END-- [ RunTime:0.001000s ]
ERR: 非法数据对象！:[submit=>确认提交]

[ 2016-08-26T17:11:00+08:00 ] 127.0.0.1 /zhihuiyuan/Personage/orgData
INFO: [ app_init ] --START--
INFO: Run Behavior\BuildLiteBehavior [ RunTime:0.000000s ]
INFO: [ app_init ] --END-- [ RunTime:0.000000s ]

[ 2016-08-26T17:11:02+08:00 ] 127.0.0.1 /zhihuiyuan/Personage/save
INFO: [ app_init ] --START--
INFO: Run Behavior\BuildLiteBehavior [ RunTime:0.000000s ]
INFO: [ app_init ] --END-- [ RunTime:0.000000s ]

[ 2016-08-26T17:11:04+08:00 ] 127.0.0.1 /zhihuiyuan/Personage/index.html
INFO: [ app_init ] --START--
INFO: Run Behavior\BuildLiteBehavior [ RunTime:0.000000s ]
INFO: [ app_init ] --END-- [ RunTime:0.000000s ]

[ 2016-08-26T17:11:04+08:00 ] 127.0.0.1 /zhihuiyuan/Personage/321.mp4
INFO: [ app_init ] --START--
INFO: Run Behavior\BuildLiteBehavior [ RunTime:0.000000s ]
INFO: [ app_init ] --END-- [ RunTime:0.000000s ]
ERR: 非法操作:321.mp4

[ 2016-08-26T17:11:04+08:00 ] 127.0.0.1 /zhihuiyuan/Personage/321.mp4
INFO: [ app_init ] --START--
INFO: Run Behavior\BuildLiteBehavior [ RunTime:0.000000s ]
INFO: [ app_init ] --END-- [ RunTime:0.015600s ]
ERR: 非法操作:321.mp4

[ 2016-08-26T17:12:17+08:00 ] 127.0.0.1 /zhihuiyuan/Personage/orgData
INFO: [ app_init ] --START--
INFO: Run Behavior\BuildLiteBehavior [ RunTime:0.000000s ]
INFO: [ app_init ] --END-- [ RunTime:0.000000s ]

[ 2016-08-26T17:12:26+08:00 ] 127.0.0.1 /zhihuiyuan/Personage/save
INFO: [ app_init ] --START--
INFO: Run Behavior\BuildLiteBehavior [ RunTime:0.000000s ]
INFO: [ app_init ] --END-- [ RunTime:0.000000s ]

[ 2016-08-26T17:12:27+08:00 ] 127.0.0.1 /zhihuiyuan/Personage/index.html
INFO: [ app_init ] --START--
INFO: Run Behavior\BuildLiteBehavior [ RunTime:0.000000s ]
INFO: [ app_init ] --END-- [ RunTime:0.000000s ]

[ 2016-08-26T17:12:28+08:00 ] 127.0.0.1 /zhihuiyuan/Personage/321.mp4
INFO: [ app_init ] --START--
INFO: Run Behavior\BuildLiteBehavior [ RunTime:0.000000s ]
INFO: [ app_init ] --END-- [ RunTime:0.000000s ]
ERR: 非法操作:321.mp4

[ 2016-08-26T17:12:28+08:00 ] 127.0.0.1 /zhihuiyuan/Personage/321.mp4
INFO: [ app_init ] --START--
INFO: Run Behavior\BuildLiteBehavior [ RunTime:0.000000s ]
INFO: [ app_init ] --END-- [ RunTime:0.000000s ]
ERR: 非法操作:321.mp4

[ 2016-08-26T17:13:01+08:00 ] 127.0.0.1 /zhihuiyuan/Personage/orgData
INFO: [ app_init ] --START--
INFO: Run Behavior\BuildLiteBehavior [ RunTime:0.000000s ]
INFO: [ app_init ] --END-- [ RunTime:0.000000s ]

[ 2016-08-26T17:13:08+08:00 ] 127.0.0.1 /zhihuiyuan/Personage/save
INFO: [ app_init ] --START--
INFO: Run Behavior\BuildLiteBehavior [ RunTime:0.000000s ]
INFO: [ app_init ] --END-- [ RunTime:0.000000s ]

[ 2016-08-26T17:13:10+08:00 ] 127.0.0.1 /zhihuiyuan/Personage/index.html
INFO: [ app_init ] --START--
INFO: Run Behavior\BuildLiteBehavior [ RunTime:0.000000s ]
INFO: [ app_init ] --END-- [ RunTime:0.000000s ]

[ 2016-08-26T17:13:10+08:00 ] 127.0.0.1 /zhihuiyuan/Personage/321.mp4
INFO: [ app_init ] --START--
INFO: Run Behavior\BuildLiteBehavior [ RunTime:0.000000s ]
INFO: [ app_init ] --END-- [ RunTime:0.000000s ]
ERR: 非法操作:321.mp4

[ 2016-08-26T17:13:10+08:00 ] 127.0.0.1 /zhihuiyuan/Personage/321.mp4
INFO: [ app_init ] --START--
INFO: Run Behavior\BuildLiteBehavior [ RunTime:0.000000s ]
INFO: [ app_init ] --END-- [ RunTime:0.000000s ]
ERR: 非法操作:321.mp4

[ 2016-08-26T17:13:47+08:00 ] 127.0.0.1 /zhihuiyuan/Personage/index
INFO: [ app_init ] --START--
INFO: Run Behavior\BuildLiteBehavior [ RunTime:0.000000s ]
INFO: [ app_init ] --END-- [ RunTime:0.001001s ]

[ 2016-08-26T17:13:48+08:00 ] 127.0.0.1 /zhihuiyuan/Personage/321.mp4
INFO: [ app_init ] --START--
INFO: Run Behavior\BuildLiteBehavior [ RunTime:0.000000s ]
INFO: [ app_init ] --END-- [ RunTime:0.001000s ]
ERR: 非法操作:321.mp4

[ 2016-08-26T17:13:48+08:00 ] 127.0.0.1 /zhihuiyuan/Personage/321.mp4
INFO: [ app_init ] --START--
INFO: Run Behavior\BuildLiteBehavior [ RunTime:0.000000s ]
INFO: [ app_init ] --END-- [ RunTime:0.001000s ]
ERR: 非法操作:321.mp4

[ 2016-08-26T17:14:18+08:00 ] 127.0.0.1 /zhihuiyuan/Personage/orgData
INFO: [ app_init ] --START--
INFO: Run Behavior\BuildLiteBehavior [ RunTime:0.000000s ]
INFO: [ app_init ] --END-- [ RunTime:0.001000s ]

[ 2016-08-26T17:14:22+08:00 ] 127.0.0.1 /zhihuiyuan/Personage/321.mp4
INFO: [ app_init ] --START--
INFO: Run Behavior\BuildLiteBehavior [ RunTime:0.000000s ]
INFO: [ app_init ] --END-- [ RunTime:0.001000s ]
ERR: 非法操作:321.mp4

[ 2016-08-26T17:14:23+08:00 ] 127.0.0.1 /zhihuiyuan/Personage/321.mp4
INFO: [ app_init ] --START--
INFO: Run Behavior\BuildLiteBehavior [ RunTime:0.000000s ]
INFO: [ app_init ] --END-- [ RunTime:0.001000s ]
ERR: 非法操作:321.mp4

[ 2016-08-26T17:14:39+08:00 ] 127.0.0.1 /zhihuiyuan/Personage/index
INFO: [ app_init ] --START--
INFO: Run Behavior\BuildLiteBehavior [ RunTime:0.000000s ]
INFO: [ app_init ] --END-- [ RunTime:0.000000s ]

[ 2016-08-26T17:14:39+08:00 ] 127.0.0.1 /zhihuiyuan/Personage/321.mp4
INFO: [ app_init ] --START--
INFO: Run Behavior\BuildLiteBehavior [ RunTime:0.000000s ]
INFO: [ app_init ] --END-- [ RunTime:0.001000s ]
ERR: 非法操作:321.mp4

[ 2016-08-26T17:14:39+08:00 ] 127.0.0.1 /zhihuiyuan/Personage/321.mp4
INFO: [ app_init ] --START--
INFO: Run Behavior\BuildLiteBehavior [ RunTime:0.000000s ]
INFO: [ app_init ] --END-- [ RunTime:0.001000s ]
ERR: 非法操作:321.mp4

[ 2016-08-26T17:15:11+08:00 ] 127.0.0.1 /zhihuiyuan/Index/index
INFO: [ app_init ] --START--
INFO: Run Behavior\BuildLiteBehavior [ RunTime:0.000000s ]
INFO: [ app_init ] --END-- [ RunTime:0.001000s ]

[ 2016-08-26T17:15:58+08:00 ] 127.0.0.1 /zhihuiyuan/Personage/index
INFO: [ app_init ] --START--
INFO: Run Behavior\BuildLiteBehavior [ RunTime:0.000000s ]
INFO: [ app_init ] --END-- [ RunTime:0.001000s ]

[ 2016-08-26T17:15:58+08:00 ] 127.0.0.1 /zhihuiyuan/Personage/321.mp4
INFO: [ app_init ] --START--
INFO: Run Behavior\BuildLiteBehavior [ RunTime:0.000000s ]
INFO: [ app_init ] --END-- [ RunTime:0.001000s ]
ERR: 非法操作:321.mp4

[ 2016-08-26T17:15:58+08:00 ] 127.0.0.1 /zhihuiyuan/Personage/321.mp4
INFO: [ app_init ] --START--
INFO: Run Behavior\BuildLiteBehavior [ RunTime:0.000000s ]
INFO: [ app_init ] --END-- [ RunTime:0.001000s ]
ERR: 非法操作:321.mp4

[ 2016-08-26T17:16:02+08:00 ] 127.0.0.1 /zhihuiyuan/Personage/orgData
INFO: [ app_init ] --START--
INFO: Run Behavior\BuildLiteBehavior [ RunTime:0.000000s ]
INFO: [ app_init ] --END-- [ RunTime:0.001000s ]

[ 2016-08-26T17:17:56+08:00 ] 127.0.0.1 /zhihuiyuan/Personage/index
INFO: [ app_init ] --START--
INFO: Run Behavior\BuildLiteBehavior [ RunTime:0.000000s ]
INFO: [ app_init ] --END-- [ RunTime:0.000000s ]

[ 2016-08-26T17:17:56+08:00 ] 127.0.0.1 /zhihuiyuan/Personage/321.mp4
INFO: [ app_init ] --START--
INFO: Run Behavior\BuildLiteBehavior [ RunTime:0.000000s ]
INFO: [ app_init ] --END-- [ RunTime:0.002000s ]
ERR: 非法操作:321.mp4

[ 2016-08-26T17:17:56+08:00 ] 127.0.0.1 /zhihuiyuan/Personage/321.mp4
INFO: [ app_init ] --START--
INFO: Run Behavior\BuildLiteBehavior [ RunTime:0.000000s ]
INFO: [ app_init ] --END-- [ RunTime:0.002000s ]
ERR: 非法操作:321.mp4

[ 2016-08-26T17:17:58+08:00 ] 127.0.0.1 /zhihuiyuan/Personage/orgData
INFO: [ app_init ] --START--
INFO: Run Behavior\BuildLiteBehavior [ RunTime:0.000000s ]
INFO: [ app_init ] --END-- [ RunTime:0.001000s ]

[ 2016-08-26T17:18:00+08:00 ] 127.0.0.1 /zhihuiyuan/Personage/index
INFO: [ app_init ] --START--
INFO: Run Behavior\BuildLiteBehavior [ RunTime:0.000000s ]
INFO: [ app_init ] --END-- [ RunTime:0.000000s ]

[ 2016-08-26T17:18:00+08:00 ] 127.0.0.1 /zhihuiyuan/Personage/321.mp4
INFO: [ app_init ] --START--
INFO: Run Behavior\BuildLiteBehavior [ RunTime:0.000000s ]
INFO: [ app_init ] --END-- [ RunTime:0.001000s ]
ERR: 非法操作:321.mp4

[ 2016-08-26T17:18:00+08:00 ] 127.0.0.1 /zhihuiyuan/Personage/321.mp4
INFO: [ app_init ] --START--
INFO: Run Behavior\BuildLiteBehavior [ RunTime:0.000000s ]
INFO: [ app_init ] --END-- [ RunTime:0.001000s ]
ERR: 非法操作:321.mp4

[ 2016-08-26T17:18:46+08:00 ] 127.0.0.1 /zhihuiyuan/Personage/index
INFO: [ app_init ] --START--
INFO: Run Behavior\BuildLiteBehavior [ RunTime:0.000000s ]
INFO: [ app_init ] --END-- [ RunTime:0.001000s ]

[ 2016-08-26T17:18:47+08:00 ] 127.0.0.1 /zhihuiyuan/Personage/321.mp4
INFO: [ app_init ] --START--
INFO: Run Behavior\BuildLiteBehavior [ RunTime:0.000000s ]
INFO: [ app_init ] --END-- [ RunTime:0.001000s ]
ERR: 非法操作:321.mp4

[ 2016-08-26T17:18:47+08:00 ] 127.0.0.1 /zhihuiyuan/Personage/321.mp4
INFO: [ app_init ] --START--
INFO: Run Behavior\BuildLiteBehavior [ RunTime:0.000000s ]
INFO: [ app_init ] --END-- [ RunTime:0.001000s ]
ERR: 非法操作:321.mp4

[ 2016-08-26T17:22:33+08:00 ] 127.0.0.1 /zhihuiyuan/Personage/index
INFO: [ app_init ] --START--
INFO: Run Behavior\BuildLiteBehavior [ RunTime:0.000000s ]
INFO: [ app_init ] --END-- [ RunTime:0.000000s ]

[ 2016-08-26T17:22:33+08:00 ] 127.0.0.1 /zhihuiyuan/Personage/321.mp4
INFO: [ app_init ] --START--
INFO: Run Behavior\BuildLiteBehavior [ RunTime:0.000000s ]
INFO: [ app_init ] --END-- [ RunTime:0.001000s ]
ERR: 非法操作:321.mp4

[ 2016-08-26T17:22:34+08:00 ] 127.0.0.1 /zhihuiyuan/Personage/321.mp4
INFO: [ app_init ] --START--
INFO: Run Behavior\BuildLiteBehavior [ RunTime:0.000000s ]
INFO: [ app_init ] --END-- [ RunTime:0.001000s ]
ERR: 非法操作:321.mp4

[ 2016-08-26T17:23:04+08:00 ] 127.0.0.1 /zhihuiyuan/Personage/index
INFO: [ app_init ] --START--
INFO: Run Behavior\BuildLiteBehavior [ RunTime:0.000000s ]
INFO: [ app_init ] --END-- [ RunTime:0.001000s ]

[ 2016-08-26T17:23:05+08:00 ] 127.0.0.1 /zhihuiyuan/Personage/321.mp4
INFO: [ app_init ] --START--
INFO: Run Behavior\BuildLiteBehavior [ RunTime:0.000000s ]
INFO: [ app_init ] --END-- [ RunTime:0.000000s ]
ERR: 非法操作:321.mp4

[ 2016-08-26T17:23:05+08:00 ] 127.0.0.1 /zhihuiyuan/Personage/321.mp4
INFO: [ app_init ] --START--
INFO: Run Behavior\BuildLiteBehavior [ RunTime:0.000000s ]
INFO: [ app_init ] --END-- [ RunTime:0.001000s ]
ERR: 非法操作:321.mp4

[ 2016-08-26T17:23:07+08:00 ] 127.0.0.1 /zhihuiyuan/Public/Home/js/jquery-1.10.1.min.map
INFO: [ app_init ] --START--
INFO: Run Behavior\BuildLiteBehavior [ RunTime:0.000000s ]
INFO: [ app_init ] --END-- [ RunTime:0.001000s ]
ERR: 无法加载控制器:Public

[ 2016-08-26T17:23:39+08:00 ] 127.0.0.1 /zhihuiyuan/Personage/index
INFO: [ app_init ] --START--
INFO: Run Behavior\BuildLiteBehavior [ RunTime:0.000000s ]
INFO: [ app_init ] --END-- [ RunTime:0.001000s ]

[ 2016-08-26T17:23:39+08:00 ] 127.0.0.1 /zhihuiyuan/Public/Home/js/jquery-1.10.1.min.map
INFO: [ app_init ] --START--
INFO: Run Behavior\BuildLiteBehavior [ RunTime:0.000000s ]
INFO: [ app_init ] --END-- [ RunTime:0.001000s ]
ERR: 无法加载控制器:Public

[ 2016-08-26T17:23:40+08:00 ] 127.0.0.1 /zhihuiyuan/Personage/321.mp4
INFO: [ app_init ] --START--
INFO: Run Behavior\BuildLiteBehavior [ RunTime:0.000000s ]
INFO: [ app_init ] --END-- [ RunTime:0.001000s ]
ERR: 非法操作:321.mp4

[ 2016-08-26T17:23:40+08:00 ] 127.0.0.1 /zhihuiyuan/Personage/321.mp4
INFO: [ app_init ] --START--
INFO: Run Behavior\BuildLiteBehavior [ RunTime:0.000000s ]
INFO: [ app_init ] --END-- [ RunTime:0.001000s ]
ERR: 非法操作:321.mp4

[ 2016-08-26T17:26:02+08:00 ] 127.0.0.1 /zhihuiyuan/Personage/index
INFO: [ app_init ] --START--
INFO: Run Behavior\BuildLiteBehavior [ RunTime:0.000000s ]
INFO: [ app_init ] --END-- [ RunTime:0.001000s ]

[ 2016-08-26T17:26:02+08:00 ] 127.0.0.1 /zhihuiyuan/Public/Home/js/jquery-1.10.1.min.map
INFO: [ app_init ] --START--
INFO: Run Behavior\BuildLiteBehavior [ RunTime:0.000000s ]
INFO: [ app_init ] --END-- [ RunTime:0.002000s ]
ERR: 无法加载控制器:Public

[ 2016-08-26T17:26:02+08:00 ] 127.0.0.1 /zhihuiyuan/Personage/321.mp4
INFO: [ app_init ] --START--
INFO: Run Behavior\BuildLiteBehavior [ RunTime:0.000000s ]
INFO: [ app_init ] --END-- [ RunTime:0.001000s ]
ERR: 非法操作:321.mp4

[ 2016-08-26T17:26:03+08:00 ] 127.0.0.1 /zhihuiyuan/Personage/321.mp4
INFO: [ app_init ] --START--
INFO: Run Behavior\BuildLiteBehavior [ RunTime:0.000000s ]
INFO: [ app_init ] --END-- [ RunTime:0.001000s ]
ERR: 非法操作:321.mp4

[ 2016-08-26T17:27:54+08:00 ] 127.0.0.1 /zhihuiyuan/Personage/index
INFO: [ app_init ] --START--
INFO: Run Behavior\BuildLiteBehavior [ RunTime:0.000000s ]
INFO: [ app_init ] --END-- [ RunTime:0.000000s ]

[ 2016-08-26T17:27:54+08:00 ] 127.0.0.1 /zhihuiyuan/Personage/321.mp4
INFO: [ app_init ] --START--
INFO: Run Behavior\BuildLiteBehavior [ RunTime:0.000000s ]
INFO: [ app_init ] --END-- [ RunTime:0.001001s ]
ERR: 非法操作:321.mp4

[ 2016-08-26T17:27:54+08:00 ] 127.0.0.1 /zhihuiyuan/Personage/321.mp4
INFO: [ app_init ] --START--
INFO: Run Behavior\BuildLiteBehavior [ RunTime:0.000000s ]
INFO: [ app_init ] --END-- [ RunTime:0.002001s ]
ERR: 非法操作:321.mp4

[ 2016-08-26T17:28:29+08:00 ] 127.0.0.1 /zhihuiyuan/Personage/index
INFO: [ app_init ] --START--
INFO: Run Behavior\BuildLiteBehavior [ RunTime:0.000000s ]
INFO: [ app_init ] --END-- [ RunTime:0.000000s ]

[ 2016-08-26T17:28:29+08:00 ] 127.0.0.1 /zhihuiyuan/Personage/321.mp4
INFO: [ app_init ] --START--
INFO: Run Behavior\BuildLiteBehavior [ RunTime:0.000000s ]
INFO: [ app_init ] --END-- [ RunTime:0.001000s ]
ERR: 非法操作:321.mp4

[ 2016-08-26T17:28:29+08:00 ] 127.0.0.1 /zhihuiyuan/Personage/321.mp4
INFO: [ app_init ] --START--
INFO: Run Behavior\BuildLiteBehavior [ RunTime:0.000000s ]
INFO: [ app_init ] --END-- [ RunTime:0.002000s ]
ERR: 非法操作:321.mp4

[ 2016-08-26T17:29:07+08:00 ] 127.0.0.1 /zhihuiyuan/Personage/index
INFO: [ app_init ] --START--
INFO: Run Behavior\BuildLiteBehavior [ RunTime:0.000000s ]
INFO: [ app_init ] --END-- [ RunTime:0.000000s ]

[ 2016-08-26T17:30:42+08:00 ] 127.0.0.1 /zhihuiyuan/Personage/index
INFO: [ app_init ] --START--
INFO: Run Behavior\BuildLiteBehavior [ RunTime:0.000000s ]
INFO: [ app_init ] --END-- [ RunTime:0.001000s ]

[ 2016-08-26T17:30:43+08:00 ] 127.0.0.1 /zhihuiyuan/Personage/321.mp4
INFO: [ app_init ] --START--
INFO: Run Behavior\BuildLiteBehavior [ RunTime:0.000000s ]
INFO: [ app_init ] --END-- [ RunTime:0.000000s ]
ERR: 非法操作:321.mp4

[ 2016-08-26T17:30:43+08:00 ] 127.0.0.1 /zhihuiyuan/Personage/321.mp4
INFO: [ app_init ] --START--
INFO: Run Behavior\BuildLiteBehavior [ RunTime:0.000000s ]
INFO: [ app_init ] --END-- [ RunTime:0.001000s ]
ERR: 非法操作:321.mp4

[ 2016-08-26T17:31:12+08:00 ] 127.0.0.1 /zhihuiyuan/Personage/index
INFO: [ app_init ] --START--
INFO: Run Behavior\BuildLiteBehavior [ RunTime:0.000000s ]
INFO: [ app_init ] --END-- [ RunTime:0.000000s ]

[ 2016-08-26T17:31:12+08:00 ] 127.0.0.1 /zhihuiyuan/Personage/321.mp4
INFO: [ app_init ] --START--
INFO: Run Behavior\BuildLiteBehavior [ RunTime:0.000000s ]
INFO: [ app_init ] --END-- [ RunTime:0.001000s ]
ERR: 非法操作:321.mp4

[ 2016-08-26T17:31:12+08:00 ] 127.0.0.1 /zhihuiyuan/Personage/321.mp4
INFO: [ app_init ] --START--
INFO: Run Behavior\BuildLiteBehavior [ RunTime:0.000000s ]
INFO: [ app_init ] --END-- [ RunTime:0.001000s ]
ERR: 非法操作:321.mp4

[ 2016-08-26T17:31:14+08:00 ] 127.0.0.1 /zhihuiyuan/Personage/index
INFO: [ app_init ] --START--
INFO: Run Behavior\BuildLiteBehavior [ RunTime:0.000000s ]
INFO: [ app_init ] --END-- [ RunTime:0.001000s ]

[ 2016-08-26T17:31:14+08:00 ] 127.0.0.1 /zhihuiyuan/Personage/321.mp4
INFO: [ app_init ] --START--
INFO: Run Behavior\BuildLiteBehavior [ RunTime:0.001000s ]
INFO: [ app_init ] --END-- [ RunTime:0.001000s ]
ERR: 非法操作:321.mp4

[ 2016-08-26T17:31:14+08:00 ] 127.0.0.1 /zhihuiyuan/Personage/321.mp4
INFO: [ app_init ] --START--
INFO: Run Behavior\BuildLiteBehavior [ RunTime:0.000000s ]
INFO: [ app_init ] --END-- [ RunTime:0.001000s ]
ERR: 非法操作:321.mp4

[ 2016-08-26T17:31:19+08:00 ] 127.0.0.1 /zhihuiyuan/Personage/index
INFO: [ app_init ] --START--
INFO: Run Behavior\BuildLiteBehavior [ RunTime:0.000000s ]
INFO: [ app_init ] --END-- [ RunTime:0.000000s ]

[ 2016-08-26T17:31:20+08:00 ] 127.0.0.1 /zhihuiyuan/Personage/321.mp4
INFO: [ app_init ] --START--
INFO: Run Behavior\BuildLiteBehavior [ RunTime:0.000000s ]
INFO: [ app_init ] --END-- [ RunTime:0.000000s ]
ERR: 非法操作:321.mp4

[ 2016-08-26T17:31:20+08:00 ] 127.0.0.1 /zhihuiyuan/Personage/321.mp4
INFO: [ app_init ] --START--
INFO: Run Behavior\BuildLiteBehavior [ RunTime:0.000000s ]
INFO: [ app_init ] --END-- [ RunTime:0.000000s ]
ERR: 非法操作:321.mp4

[ 2016-08-26T17:31:46+08:00 ] 127.0.0.1 /zhihuiyuan/Personage/index
INFO: [ app_init ] --START--
INFO: Run Behavior\BuildLiteBehavior [ RunTime:0.000000s ]
INFO: [ app_init ] --END-- [ RunTime:0.000000s ]

[ 2016-08-26T17:31:46+08:00 ] 127.0.0.1 /zhihuiyuan/Personage/321.mp4
INFO: [ app_init ] --START--
INFO: Run Behavior\BuildLiteBehavior [ RunTime:0.000000s ]
INFO: [ app_init ] --END-- [ RunTime:0.000000s ]
ERR: 非法操作:321.mp4

[ 2016-08-26T17:31:46+08:00 ] 127.0.0.1 /zhihuiyuan/Personage/321.mp4
INFO: [ app_init ] --START--
INFO: Run Behavior\BuildLiteBehavior [ RunTime:0.000000s ]
INFO: [ app_init ] --END-- [ RunTime:0.000000s ]
ERR: 非法操作:321.mp4

[ 2016-08-26T17:32:42+08:00 ] 127.0.0.1 /zhihuiyuan/Personage/index
INFO: [ app_init ] --START--
INFO: Run Behavior\BuildLiteBehavior [ RunTime:0.000000s ]
INFO: [ app_init ] --END-- [ RunTime:0.000000s ]

[ 2016-08-26T17:32:42+08:00 ] 127.0.0.1 /zhihuiyuan/Personage/321.mp4
INFO: [ app_init ] --START--
INFO: Run Behavior\BuildLiteBehavior [ RunTime:0.000000s ]
INFO: [ app_init ] --END-- [ RunTime:0.000000s ]
ERR: 非法操作:321.mp4

[ 2016-08-26T17:32:42+08:00 ] 127.0.0.1 /zhihuiyuan/Personage/321.mp4
INFO: [ app_init ] --START--
INFO: Run Behavior\BuildLiteBehavior [ RunTime:0.000000s ]
INFO: [ app_init ] --END-- [ RunTime:0.000000s ]
ERR: 非法操作:321.mp4

[ 2016-08-26T17:33:03+08:00 ] 127.0.0.1 /zhihuiyuan/Personage/index
INFO: [ app_init ] --START--
INFO: Run Behavior\BuildLiteBehavior [ RunTime:0.000000s ]
INFO: [ app_init ] --END-- [ RunTime:0.015600s ]

[ 2016-08-26T17:33:04+08:00 ] 127.0.0.1 /zhihuiyuan/Personage/321.mp4
INFO: [ app_init ] --START--
INFO: Run Behavior\BuildLiteBehavior [ RunTime:0.000000s ]
INFO: [ app_init ] --END-- [ RunTime:0.000000s ]
ERR: 非法操作:321.mp4

[ 2016-08-26T17:33:04+08:00 ] 127.0.0.1 /zhihuiyuan/Personage/321.mp4
INFO: [ app_init ] --START--
INFO: Run Behavior\BuildLiteBehavior [ RunTime:0.000000s ]
INFO: [ app_init ] --END-- [ RunTime:0.000000s ]
ERR: 非法操作:321.mp4

[ 2016-08-26T17:39:17+08:00 ] 127.0.0.1 /zhihuiyuan/Personage/index
INFO: [ app_init ] --START--
INFO: Run Behavior\BuildLiteBehavior [ RunTime:0.000000s ]
INFO: [ app_init ] --END-- [ RunTime:0.001000s ]

[ 2016-08-26T17:39:17+08:00 ] 127.0.0.1 /zhihuiyuan/Personage/321.mp4
INFO: [ app_init ] --START--
INFO: Run Behavior\BuildLiteBehavior [ RunTime:0.000000s ]
INFO: [ app_init ] --END-- [ RunTime:0.001000s ]
ERR: 非法操作:321.mp4

[ 2016-08-26T17:39:17+08:00 ] 127.0.0.1 /zhihuiyuan/Personage/321.mp4
INFO: [ app_init ] --START--
INFO: Run Behavior\BuildLiteBehavior [ RunTime:0.000000s ]
INFO: [ app_init ] --END-- [ RunTime:0.001000s ]
ERR: 非法操作:321.mp4

[ 2016-08-26T17:39:18+08:00 ] 127.0.0.1 /zhihuiyuan/Personage/index
INFO: [ app_init ] --START--
INFO: Run Behavior\BuildLiteBehavior [ RunTime:0.000000s ]
INFO: [ app_init ] --END-- [ RunTime:0.001000s ]

[ 2016-08-26T17:39:18+08:00 ] 127.0.0.1 /zhihuiyuan/Personage/index
INFO: [ app_init ] --START--
INFO: Run Behavior\BuildLiteBehavior [ RunTime:0.001000s ]
INFO: [ app_init ] --END-- [ RunTime:0.001000s ]

[ 2016-08-26T17:39:18+08:00 ] 127.0.0.1 /zhihuiyuan/Personage/321.mp4
INFO: [ app_init ] --START--
INFO: Run Behavior\BuildLiteBehavior [ RunTime:0.000000s ]
INFO: [ app_init ] --END-- [ RunTime:0.001000s ]
ERR: 非法操作:321.mp4

[ 2016-08-26T17:39:18+08:00 ] 127.0.0.1 /zhihuiyuan/Personage/321.mp4
INFO: [ app_init ] --START--
INFO: Run Behavior\BuildLiteBehavior [ RunTime:0.000000s ]
INFO: [ app_init ] --END-- [ RunTime:0.001000s ]
ERR: 非法操作:321.mp4

[ 2016-08-26T17:39:31+08:00 ] 127.0.0.1 /zhihuiyuan/Personage/index
INFO: [ app_init ] --START--
INFO: Run Behavior\BuildLiteBehavior [ RunTime:0.000000s ]
INFO: [ app_init ] --END-- [ RunTime:0.001000s ]

[ 2016-08-26T17:39:31+08:00 ] 127.0.0.1 /zhihuiyuan/Personage/321.mp4
INFO: [ app_init ] --START--
INFO: Run Behavior\BuildLiteBehavior [ RunTime:0.000000s ]
INFO: [ app_init ] --END-- [ RunTime:0.001000s ]
ERR: 非法操作:321.mp4

[ 2016-08-26T17:39:31+08:00 ] 127.0.0.1 /zhihuiyuan/Personage/321.mp4
INFO: [ app_init ] --START--
INFO: Run Behavior\BuildLiteBehavior [ RunTime:0.000000s ]
INFO: [ app_init ] --END-- [ RunTime:0.002000s ]
ERR: 非法操作:321.mp4

[ 2016-08-26T17:39:32+08:00 ] 127.0.0.1 /zhihuiyuan/Personage/index
INFO: [ app_init ] --START--
INFO: Run Behavior\BuildLiteBehavior [ RunTime:0.000000s ]
INFO: [ app_init ] --END-- [ RunTime:0.001000s ]

[ 2016-08-26T17:39:32+08:00 ] 127.0.0.1 /zhihuiyuan/Personage/321.mp4
INFO: [ app_init ] --START--
INFO: Run Behavior\BuildLiteBehavior [ RunTime:0.000000s ]
INFO: [ app_init ] --END-- [ RunTime:0.001000s ]
ERR: 非法操作:321.mp4

[ 2016-08-26T17:39:32+08:00 ] 127.0.0.1 /zhihuiyuan/Personage/321.mp4
INFO: [ app_init ] --START--
INFO: Run Behavior\BuildLiteBehavior [ RunTime:0.000000s ]
INFO: [ app_init ] --END-- [ RunTime:0.001000s ]
ERR: 非法操作:321.mp4

[ 2016-08-26T17:40:15+08:00 ] 127.0.0.1 /zhihuiyuan/Personage/index
INFO: [ app_init ] --START--
INFO: Run Behavior\BuildLiteBehavior [ RunTime:0.000000s ]
INFO: [ app_init ] --END-- [ RunTime:0.001001s ]

[ 2016-08-26T17:40:16+08:00 ] 127.0.0.1 /zhihuiyuan/Personage/321.mp4
INFO: [ app_init ] --START--
INFO: Run Behavior\BuildLiteBehavior [ RunTime:0.000000s ]
INFO: [ app_init ] --END-- [ RunTime:0.001000s ]
ERR: 非法操作:321.mp4

[ 2016-08-26T17:40:16+08:00 ] 127.0.0.1 /zhihuiyuan/Personage/321.mp4
INFO: [ app_init ] --START--
INFO: Run Behavior\BuildLiteBehavior [ RunTime:0.000000s ]
INFO: [ app_init ] --END-- [ RunTime:0.001000s ]
ERR: 非法操作:321.mp4

[ 2016-08-26T17:47:38+08:00 ] 127.0.0.1 /zhihuiyuan/Personage/index
INFO: [ app_init ] --START--
INFO: Run Behavior\BuildLiteBehavior [ RunTime:0.000000s ]
INFO: [ app_init ] --END-- [ RunTime:0.001000s ]

[ 2016-08-26T17:47:38+08:00 ] 127.0.0.1 /zhihuiyuan/Personage/321.mp4
INFO: [ app_init ] --START--
INFO: Run Behavior\BuildLiteBehavior [ RunTime:0.000000s ]
INFO: [ app_init ] --END-- [ RunTime:0.001000s ]
ERR: 非法操作:321.mp4

[ 2016-08-26T17:47:38+08:00 ] 127.0.0.1 /zhihuiyuan/Personage/321.mp4
INFO: [ app_init ] --START--
INFO: Run Behavior\BuildLiteBehavior [ RunTime:0.000000s ]
INFO: [ app_init ] --END-- [ RunTime:0.001000s ]
ERR: 非法操作:321.mp4

[ 2016-08-26T17:48:02+08:00 ] 127.0.0.1 /zhihuiyuan/Personage/index
INFO: [ app_init ] --START--
INFO: Run Behavior\BuildLiteBehavior [ RunTime:0.000000s ]
INFO: [ app_init ] --END-- [ RunTime:0.001000s ]

[ 2016-08-26T17:48:02+08:00 ] 127.0.0.1 /zhihuiyuan/Personage/321.mp4
INFO: [ app_init ] --START--
INFO: Run Behavior\BuildLiteBehavior [ RunTime:0.000000s ]
INFO: [ app_init ] --END-- [ RunTime:0.000000s ]
ERR: 非法操作:321.mp4

[ 2016-08-26T17:48:02+08:00 ] 127.0.0.1 /zhihuiyuan/Personage/321.mp4
INFO: [ app_init ] --START--
INFO: Run Behavior\BuildLiteBehavior [ RunTime:0.000000s ]
INFO: [ app_init ] --END-- [ RunTime:0.001000s ]
ERR: 非法操作:321.mp4

[ 2016-08-26T17:48:03+08:00 ] 127.0.0.1 /zhihuiyuan/Personage/index
INFO: [ app_init ] --START--
INFO: Run Behavior\BuildLiteBehavior [ RunTime:0.000000s ]
INFO: [ app_init ] --END-- [ RunTime:0.001000s ]

[ 2016-08-26T17:48:04+08:00 ] 127.0.0.1 /zhihuiyuan/Personage/321.mp4
INFO: [ app_init ] --START--
INFO: Run Behavior\BuildLiteBehavior [ RunTime:0.000000s ]
INFO: [ app_init ] --END-- [ RunTime:0.000000s ]
ERR: 非法操作:321.mp4

[ 2016-08-26T17:48:04+08:00 ] 127.0.0.1 /zhihuiyuan/Personage/321.mp4
INFO: [ app_init ] --START--
INFO: Run Behavior\BuildLiteBehavior [ RunTime:0.000000s ]
INFO: [ app_init ] --END-- [ RunTime:0.001000s ]
ERR: 非法操作:321.mp4

[ 2016-08-26T17:49:11+08:00 ] 127.0.0.1 /zhihuiyuan/Personage/index
INFO: [ app_init ] --START--
INFO: Run Behavior\BuildLiteBehavior [ RunTime:0.000000s ]
INFO: [ app_init ] --END-- [ RunTime:0.001000s ]

[ 2016-08-26T17:49:11+08:00 ] 127.0.0.1 /zhihuiyuan/Personage/321.mp4
INFO: [ app_init ] --START--
INFO: Run Behavior\BuildLiteBehavior [ RunTime:0.000000s ]
INFO: [ app_init ] --END-- [ RunTime:0.000000s ]
ERR: 非法操作:321.mp4

[ 2016-08-26T17:49:11+08:00 ] 127.0.0.1 /zhihuiyuan/Personage/321.mp4
INFO: [ app_init ] --START--
INFO: Run Behavior\BuildLiteBehavior [ RunTime:0.000000s ]
INFO: [ app_init ] --END-- [ RunTime:0.001000s ]
ERR: 非法操作:321.mp4

[ 2016-08-26T17:49:22+08:00 ] 127.0.0.1 /zhihuiyuan/Personage/index
INFO: [ app_init ] --START--
INFO: Run Behavior\BuildLiteBehavior [ RunTime:0.000000s ]
INFO: [ app_init ] --END-- [ RunTime:0.000000s ]

[ 2016-08-26T17:49:22+08:00 ] 127.0.0.1 /zhihuiyuan/Personage/321.mp4
INFO: [ app_init ] --START--
INFO: Run Behavior\BuildLiteBehavior [ RunTime:0.000000s ]
INFO: [ app_init ] --END-- [ RunTime:0.000000s ]
ERR: 非法操作:321.mp4

[ 2016-08-26T17:49:22+08:00 ] 127.0.0.1 /zhihuiyuan/Personage/321.mp4
INFO: [ app_init ] --START--
INFO: Run Behavior\BuildLiteBehavior [ RunTime:0.000000s ]
INFO: [ app_init ] --END-- [ RunTime:0.001001s ]
ERR: 非法操作:321.mp4

[ 2016-08-26T17:49:32+08:00 ] 127.0.0.1 /zhihuiyuan/Personage/index
INFO: [ app_init ] --START--
INFO: Run Behavior\BuildLiteBehavior [ RunTime:0.000000s ]
INFO: [ app_init ] --END-- [ RunTime:0.001000s ]

[ 2016-08-26T17:49:33+08:00 ] 127.0.0.1 /zhihuiyuan/Personage/321.mp4
INFO: [ app_init ] --START--
INFO: Run Behavior\BuildLiteBehavior [ RunTime:0.000000s ]
INFO: [ app_init ] --END-- [ RunTime:0.001000s ]
ERR: 非法操作:321.mp4

[ 2016-08-26T17:49:33+08:00 ] 127.0.0.1 /zhihuiyuan/Personage/321.mp4
INFO: [ app_init ] --START--
INFO: Run Behavior\BuildLiteBehavior [ RunTime:0.000000s ]
INFO: [ app_init ] --END-- [ RunTime:0.001000s ]
ERR: 非法操作:321.mp4

[ 2016-08-26T17:49:46+08:00 ] 127.0.0.1 /zhihuiyuan/Personage/index
INFO: [ app_init ] --START--
INFO: Run Behavior\BuildLiteBehavior [ RunTime:0.000000s ]
INFO: [ app_init ] --END-- [ RunTime:0.005000s ]

[ 2016-08-26T17:49:46+08:00 ] 127.0.0.1 /zhihuiyuan/Personage/321.mp4
INFO: [ app_init ] --START--
INFO: Run Behavior\BuildLiteBehavior [ RunTime:0.000000s ]
INFO: [ app_init ] --END-- [ RunTime:0.001000s ]
ERR: 非法操作:321.mp4

[ 2016-08-26T17:49:46+08:00 ] 127.0.0.1 /zhihuiyuan/Personage/321.mp4
INFO: [ app_init ] --START--
INFO: Run Behavior\BuildLiteBehavior [ RunTime:0.000000s ]
INFO: [ app_init ] --END-- [ RunTime:0.001000s ]
ERR: 非法操作:321.mp4

[ 2016-08-26T17:50:07+08:00 ] 127.0.0.1 /zhihuiyuan/Personage/index
INFO: [ app_init ] --START--
INFO: Run Behavior\BuildLiteBehavior [ RunTime:0.000000s ]
INFO: [ app_init ] --END-- [ RunTime:0.001000s ]

[ 2016-08-26T17:50:07+08:00 ] 127.0.0.1 /zhihuiyuan/Personage/321.mp4
INFO: [ app_init ] --START--
INFO: Run Behavior\BuildLiteBehavior [ RunTime:0.000000s ]
INFO: [ app_init ] --END-- [ RunTime:0.001000s ]
ERR: 非法操作:321.mp4

[ 2016-08-26T17:50:07+08:00 ] 127.0.0.1 /zhihuiyuan/Personage/321.mp4
INFO: [ app_init ] --START--
INFO: Run Behavior\BuildLiteBehavior [ RunTime:0.000000s ]
INFO: [ app_init ] --END-- [ RunTime:0.001000s ]
ERR: 非法操作:321.mp4

[ 2016-08-26T17:50:22+08:00 ] 127.0.0.1 /zhihuiyuan/Personage/index
INFO: [ app_init ] --START--
INFO: Run Behavior\BuildLiteBehavior [ RunTime:0.000000s ]
INFO: [ app_init ] --END-- [ RunTime:0.001000s ]

[ 2016-08-26T17:50:22+08:00 ] 127.0.0.1 /zhihuiyuan/Personage/321.mp4
INFO: [ app_init ] --START--
INFO: Run Behavior\BuildLiteBehavior [ RunTime:0.000000s ]
INFO: [ app_init ] --END-- [ RunTime:0.000000s ]
ERR: 非法操作:321.mp4

[ 2016-08-26T17:50:22+08:00 ] 127.0.0.1 /zhihuiyuan/Personage/321.mp4
INFO: [ app_init ] --START--
INFO: Run Behavior\BuildLiteBehavior [ RunTime:0.000000s ]
INFO: [ app_init ] --END-- [ RunTime:0.001000s ]
ERR: 非法操作:321.mp4

[ 2016-08-26T17:50:34+08:00 ] 127.0.0.1 /zhihuiyuan/Personage/index
INFO: [ app_init ] --START--
INFO: Run Behavior\BuildLiteBehavior [ RunTime:0.001000s ]
INFO: [ app_init ] --END-- [ RunTime:0.001000s ]

[ 2016-08-26T17:50:34+08:00 ] 127.0.0.1 /zhihuiyuan/Personage/321.mp4
INFO: [ app_init ] --START--
INFO: Run Behavior\BuildLiteBehavior [ RunTime:0.000000s ]
INFO: [ app_init ] --END-- [ RunTime:0.001000s ]
ERR: 非法操作:321.mp4

[ 2016-08-26T17:50:34+08:00 ] 127.0.0.1 /zhihuiyuan/Personage/321.mp4
INFO: [ app_init ] --START--
INFO: Run Behavior\BuildLiteBehavior [ RunTime:0.000000s ]
INFO: [ app_init ] --END-- [ RunTime:0.001000s ]
ERR: 非法操作:321.mp4

[ 2016-08-26T17:50:46+08:00 ] 127.0.0.1 /zhihuiyuan/Personage/index
INFO: [ app_init ] --START--
INFO: Run Behavior\BuildLiteBehavior [ RunTime:0.000000s ]
INFO: [ app_init ] --END-- [ RunTime:0.001000s ]

[ 2016-08-26T17:50:46+08:00 ] 127.0.0.1 /zhihuiyuan/Personage/321.mp4
INFO: [ app_init ] --START--
INFO: Run Behavior\BuildLiteBehavior [ RunTime:0.000000s ]
INFO: [ app_init ] --END-- [ RunTime:0.001000s ]
ERR: 非法操作:321.mp4

[ 2016-08-26T17:50:46+08:00 ] 127.0.0.1 /zhihuiyuan/Personage/321.mp4
INFO: [ app_init ] --START--
INFO: Run Behavior\BuildLiteBehavior [ RunTime:0.000000s ]
INFO: [ app_init ] --END-- [ RunTime:0.000000s ]
ERR: 非法操作:321.mp4

[ 2016-08-26T17:50:56+08:00 ] 127.0.0.1 /zhihuiyuan/Personage/index
INFO: [ app_init ] --START--
INFO: Run Behavior\BuildLiteBehavior [ RunTime:0.000000s ]
INFO: [ app_init ] --END-- [ RunTime:0.001000s ]

[ 2016-08-26T17:50:56+08:00 ] 127.0.0.1 /zhihuiyuan/Personage/321.mp4
INFO: [ app_init ] --START--
INFO: Run Behavior\BuildLiteBehavior [ RunTime:0.000000s ]
INFO: [ app_init ] --END-- [ RunTime:0.001000s ]
ERR: 非法操作:321.mp4

[ 2016-08-26T17:50:56+08:00 ] 127.0.0.1 /zhihuiyuan/Personage/321.mp4
INFO: [ app_init ] --START--
INFO: Run Behavior\BuildLiteBehavior [ RunTime:0.000000s ]
INFO: [ app_init ] --END-- [ RunTime:0.002000s ]
ERR: 非法操作:321.mp4

[ 2016-08-26T17:51:04+08:00 ] 127.0.0.1 /zhihuiyuan/Personage/index
INFO: [ app_init ] --START--
INFO: Run Behavior\BuildLiteBehavior [ RunTime:0.000000s ]
INFO: [ app_init ] --END-- [ RunTime:0.001000s ]

[ 2016-08-26T17:51:04+08:00 ] 127.0.0.1 /zhihuiyuan/Personage/321.mp4
INFO: [ app_init ] --START--
INFO: Run Behavior\BuildLiteBehavior [ RunTime:0.000000s ]
INFO: [ app_init ] --END-- [ RunTime:0.000000s ]
ERR: 非法操作:321.mp4

[ 2016-08-26T17:51:05+08:00 ] 127.0.0.1 /zhihuiyuan/Personage/321.mp4
INFO: [ app_init ] --START--
INFO: Run Behavior\BuildLiteBehavior [ RunTime:0.000000s ]
INFO: [ app_init ] --END-- [ RunTime:0.001000s ]
ERR: 非法操作:321.mp4

[ 2016-08-26T17:51:22+08:00 ] 127.0.0.1 /zhihuiyuan/Index/index
INFO: [ app_init ] --START--
INFO: Run Behavior\BuildLiteBehavior [ RunTime:0.000000s ]
INFO: [ app_init ] --END-- [ RunTime:0.001000s ]

[ 2016-08-26T17:51:24+08:00 ] 127.0.0.1 /zhihuiyuan/Index/commitList1/nid/17
INFO: [ app_init ] --START--
INFO: Run Behavior\BuildLiteBehavior [ RunTime:0.000000s ]
INFO: [ app_init ] --END-- [ RunTime:0.001000s ]

[ 2016-08-26T17:51:24+08:00 ] 127.0.0.1 /zhihuiyuan/Reteacher/index/nid/17
INFO: [ app_init ] --START--
INFO: Run Behavior\BuildLiteBehavior [ RunTime:0.000000s ]
INFO: [ app_init ] --END-- [ RunTime:0.001000s ]

[ 2016-08-26T17:51:26+08:00 ] 127.0.0.1 /zhihuiyuan/Index/index
INFO: [ app_init ] --START--
INFO: Run Behavior\BuildLiteBehavior [ RunTime:0.000000s ]
INFO: [ app_init ] --END-- [ RunTime:0.001000s ]

[ 2016-08-26T17:51:34+08:00 ] 127.0.0.1 /zhihuiyuan/Index/commitList1/nid/22
INFO: [ app_init ] --START--
INFO: Run Behavior\BuildLiteBehavior [ RunTime:0.000000s ]
INFO: [ app_init ] --END-- [ RunTime:0.001000s ]

[ 2016-08-26T17:51:34+08:00 ] 127.0.0.1 /zhihuiyuan/Reteacher/index/nid/22
INFO: [ app_init ] --START--
INFO: Run Behavior\BuildLiteBehavior [ RunTime:0.000000s ]
INFO: [ app_init ] --END-- [ RunTime:0.000000s ]

[ 2016-08-26T17:52:05+08:00 ] 127.0.0.1 /zhihuiyuan/Index/commitList1/nid/17
INFO: [ app_init ] --START--
INFO: Run Behavior\BuildLiteBehavior [ RunTime:0.000000s ]
INFO: [ app_init ] --END-- [ RunTime:0.002001s ]

[ 2016-08-26T17:52:05+08:00 ] 127.0.0.1 /zhihuiyuan/Reteacher/index/nid/17
INFO: [ app_init ] --START--
INFO: Run Behavior\BuildLiteBehavior [ RunTime:0.000000s ]
INFO: [ app_init ] --END-- [ RunTime:0.001000s ]

[ 2016-08-26T17:52:12+08:00 ] 127.0.0.1 /zhihuiyuan/Index/commitList1/nid/22
INFO: [ app_init ] --START--
INFO: Run Behavior\BuildLiteBehavior [ RunTime:0.000000s ]
INFO: [ app_init ] --END-- [ RunTime:0.001000s ]

[ 2016-08-26T17:52:12+08:00 ] 127.0.0.1 /zhihuiyuan/Reteacher/index/nid/22
INFO: [ app_init ] --START--
INFO: Run Behavior\BuildLiteBehavior [ RunTime:0.000000s ]
INFO: [ app_init ] --END-- [ RunTime:0.001000s ]

[ 2016-08-26T17:52:24+08:00 ] 127.0.0.1 /zhihuiyuan/Index/index
INFO: [ app_init ] --START--
INFO: Run Behavior\BuildLiteBehavior [ RunTime:0.000000s ]
INFO: [ app_init ] --END-- [ RunTime:0.001000s ]

[ 2016-08-26T17:52:34+08:00 ] 127.0.0.1 /zhihuiyuan/Index/commitList1/nid/22
INFO: [ app_init ] --START--
INFO: Run Behavior\BuildLiteBehavior [ RunTime:0.000000s ]
INFO: [ app_init ] --END-- [ RunTime:0.001000s ]

[ 2016-08-26T17:52:34+08:00 ] 127.0.0.1 /zhihuiyuan/Reteacher/index/nid/22
INFO: [ app_init ] --START--
INFO: Run Behavior\BuildLiteBehavior [ RunTime:0.000000s ]
INFO: [ app_init ] --END-- [ RunTime:0.001000s ]

[ 2016-08-26T17:52:39+08:00 ] 127.0.0.1 /zhihuiyuan/Index/index
INFO: [ app_init ] --START--
INFO: Run Behavior\BuildLiteBehavior [ RunTime:0.000000s ]
INFO: [ app_init ] --END-- [ RunTime:0.000000s ]

[ 2016-08-26T17:55:22+08:00 ] 127.0.0.1 /zhihuiyuan/Index/index
INFO: [ app_init ] --START--
INFO: Run Behavior\BuildLiteBehavior [ RunTime:0.000000s ]
INFO: [ app_init ] --END-- [ RunTime:0.000000s ]

