[ 2016-09-14T09:48:10+08:00 ] 127.0.0.1 /zhihuiyuan(1)/
INFO: [ app_init ] --START--
INFO: Run Behavior\BuildLiteBehavior [ RunTime:0.000000s ]
INFO: [ app_init ] --END-- [ RunTime:0.000000s ]

[ 2016-09-14T09:48:22+08:00 ] 127.0.0.1 /zhihuiyuan(1)/Login/index
INFO: [ app_init ] --START--
INFO: Run Behavior\BuildLiteBehavior [ RunTime:0.000000s ]
INFO: [ app_init ] --END-- [ RunTime:0.001000s ]

[ 2016-09-14T09:48:26+08:00 ] 127.0.0.1 /zhihuiyuan(1)/Login/login
INFO: [ app_init ] --START--
INFO: Run Behavior\BuildLiteBehavior [ RunTime:0.000000s ]
INFO: [ app_init ] --END-- [ RunTime:0.000000s ]

[ 2016-09-14T09:49:16+08:00 ] 127.0.0.1 /zhihuiyuan(1)/index.html
INFO: [ app_init ] --START--
INFO: Run Behavior\BuildLiteBehavior [ RunTime:0.000000s ]
INFO: [ app_init ] --END-- [ RunTime:0.000000s ]

[ 2016-09-14T09:49:30+08:00 ] 127.0.0.1 /zhihuiyuan(1)/Login/index
INFO: [ app_init ] --START--
INFO: Run Behavior\BuildLiteBehavior [ RunTime:0.000000s ]
INFO: [ app_init ] --END-- [ RunTime:0.000000s ]

[ 2016-09-14T09:49:34+08:00 ] 127.0.0.1 /zhihuiyuan(1)/Login/login
INFO: [ app_init ] --START--
INFO: Run Behavior\BuildLiteBehavior [ RunTime:0.000000s ]
INFO: [ app_init ] --END-- [ RunTime:0.001000s ]

[ 2016-09-14T09:51:04+08:00 ] 127.0.0.1 /zhihuiyuan(1)/Login/information.html
INFO: [ app_init ] --START--
INFO: Run Behavior\BuildLiteBehavior [ RunTime:0.000000s ]
INFO: [ app_init ] --END-- [ RunTime:0.000000s ]

[ 2016-09-14T09:51:09+08:00 ] 127.0.0.1 /zhihuiyuan(1)/Login/information.html
INFO: [ app_init ] --START--
INFO: Run Behavior\BuildLiteBehavior [ RunTime:0.000000s ]
INFO: [ app_init ] --END-- [ RunTime:0.001000s ]

[ 2016-09-14T09:51:17+08:00 ] 127.0.0.1 /zhihuiyuan(1)/Login/information.html
INFO: [ app_init ] --START--
INFO: Run Behavior\BuildLiteBehavior [ RunTime:0.000000s ]
INFO: [ app_init ] --END-- [ RunTime:0.001000s ]

[ 2016-09-14T09:52:56+08:00 ] 127.0.0.1 /zhihuiyuan(1)/Login/information.html
INFO: [ app_init ] --START--
INFO: Run Behavior\BuildLiteBehavior [ RunTime:0.000000s ]
INFO: [ app_init ] --END-- [ RunTime:0.000000s ]

[ 2016-09-14T09:52:58+08:00 ] 127.0.0.1 /zhihuiyuan(1)/Login/index
INFO: [ app_init ] --START--
INFO: Run Behavior\BuildLiteBehavior [ RunTime:0.000000s ]
INFO: [ app_init ] --END-- [ RunTime:0.000000s ]

[ 2016-09-14T09:52:59+08:00 ] 127.0.0.1 /zhihuiyuan(1)/Login/index
INFO: [ app_init ] --START--
INFO: Run Behavior\BuildLiteBehavior [ RunTime:0.000000s ]
INFO: [ app_init ] --END-- [ RunTime:0.000000s ]

[ 2016-09-14T09:53:00+08:00 ] 127.0.0.1 /zhihuiyuan(1)/Login/information
INFO: [ app_init ] --START--
INFO: Run Behavior\BuildLiteBehavior [ RunTime:0.000000s ]
INFO: [ app_init ] --END-- [ RunTime:0.000000s ]

[ 2016-09-14T09:53:40+08:00 ] 127.0.0.1 /zhihuiyuan(1)/Login/information
INFO: [ app_init ] --START--
INFO: Run Behavior\BuildLiteBehavior [ RunTime:0.000000s ]
INFO: [ app_init ] --END-- [ RunTime:0.000000s ]

[ 2016-09-14T09:55:22+08:00 ] 127.0.0.1 /zhihuiyuan(1)/Login/information
INFO: [ app_init ] --START--
INFO: Run Behavior\BuildLiteBehavior [ RunTime:0.000000s ]
INFO: [ app_init ] --END-- [ RunTime:0.000000s ]

[ 2016-09-14T09:55:23+08:00 ] 127.0.0.1 /zhihuiyuan(1)/Login/information
INFO: [ app_init ] --START--
INFO: Run Behavior\BuildLiteBehavior [ RunTime:0.000000s ]
INFO: [ app_init ] --END-- [ RunTime:0.000000s ]

[ 2016-09-14T10:02:50+08:00 ] 127.0.0.1 /zhihuiyuan(1)/Login/information
INFO: [ app_init ] --START--
INFO: Run Behavior\BuildLiteBehavior [ RunTime:0.000000s ]
INFO: [ app_init ] --END-- [ RunTime:0.000000s ]

[ 2016-09-14T10:02:50+08:00 ] 127.0.0.1 /zhihuiyuan(1)/Login/information
INFO: [ app_init ] --START--
INFO: Run Behavior\BuildLiteBehavior [ RunTime:0.000000s ]
INFO: [ app_init ] --END-- [ RunTime:0.000000s ]

[ 2016-09-14T10:02:54+08:00 ] 127.0.0.1 /zhihuiyuan(1)/Lofin/information
INFO: [ app_init ] --START--
INFO: Run Behavior\BuildLiteBehavior [ RunTime:0.000000s ]
INFO: [ app_init ] --END-- [ RunTime:0.000000s ]
ERR: 无法加载控制器:Lofin

[ 2016-09-14T10:03:07+08:00 ] 127.0.0.1 /zhihuiyuan(1)/Login/information
INFO: [ app_init ] --START--
INFO: Run Behavior\BuildLiteBehavior [ RunTime:0.000000s ]
INFO: [ app_init ] --END-- [ RunTime:0.000000s ]

[ 2016-09-14T10:03:07+08:00 ] 127.0.0.1 /zhihuiyuan(1)/Login/information
INFO: [ app_init ] --START--
INFO: Run Behavior\BuildLiteBehavior [ RunTime:0.000000s ]
INFO: [ app_init ] --END-- [ RunTime:0.000000s ]

[ 2016-09-14T10:03:07+08:00 ] 127.0.0.1 /zhihuiyuan(1)/Login/information
INFO: [ app_init ] --START--
INFO: Run Behavior\BuildLiteBehavior [ RunTime:0.000000s ]
INFO: [ app_init ] --END-- [ RunTime:0.000000s ]

[ 2016-09-14T10:03:08+08:00 ] 127.0.0.1 /zhihuiyuan(1)/Login/information
INFO: [ app_init ] --START--
INFO: Run Behavior\BuildLiteBehavior [ RunTime:0.000000s ]
INFO: [ app_init ] --END-- [ RunTime:0.000000s ]

[ 2016-09-14T10:03:11+08:00 ] 127.0.0.1 /zhihuiyuan(1)/Map/index
INFO: [ app_init ] --START--
INFO: Run Behavior\BuildLiteBehavior [ RunTime:0.000000s ]
INFO: [ app_init ] --END-- [ RunTime:0.000000s ]

[ 2016-09-14T10:03:12+08:00 ] 127.0.0.1 /zhihuiyuan(1)/Public/Home/js/maps/swiper.jquery.min.js.map
INFO: [ app_init ] --START--
INFO: Run Behavior\BuildLiteBehavior [ RunTime:0.000000s ]
INFO: [ app_init ] --END-- [ RunTime:0.000000s ]
ERR: 无法加载控制器:Public

[ 2016-09-14T10:03:15+08:00 ] 127.0.0.1 /zhihuiyuan(1)/index.html
INFO: [ app_init ] --START--
INFO: Run Behavior\BuildLiteBehavior [ RunTime:0.000000s ]
INFO: [ app_init ] --END-- [ RunTime:0.000000s ]

[ 2016-09-14T10:03:19+08:00 ] 127.0.0.1 /zhihuiyuan(1)/Login/index
INFO: [ app_init ] --START--
INFO: Run Behavior\BuildLiteBehavior [ RunTime:0.000000s ]
INFO: [ app_init ] --END-- [ RunTime:0.000000s ]

[ 2016-09-14T10:03:22+08:00 ] 127.0.0.1 /zhihuiyuan(1)/Login/information
INFO: [ app_init ] --START--
INFO: Run Behavior\BuildLiteBehavior [ RunTime:0.000000s ]
INFO: [ app_init ] --END-- [ RunTime:0.000000s ]

[ 2016-09-14T10:27:11+08:00 ] 127.0.0.1 /zhihuiyuan(1)/Login/information
INFO: [ app_init ] --START--
INFO: Run Behavior\BuildLiteBehavior [ RunTime:0.000000s ]
INFO: [ app_init ] --END-- [ RunTime:0.000000s ]

[ 2016-09-14T10:27:13+08:00 ] 127.0.0.1 /zhihuiyuan(1)/Login/information
INFO: [ app_init ] --START--
INFO: Run Behavior\BuildLiteBehavior [ RunTime:0.000000s ]
INFO: [ app_init ] --END-- [ RunTime:0.000000s ]

[ 2016-09-14T10:29:44+08:00 ] 127.0.0.1 /zhihuiyuan(1)/index.html
INFO: [ app_init ] --START--
INFO: Run Behavior\BuildLiteBehavior [ RunTime:0.000000s ]
INFO: [ app_init ] --END-- [ RunTime:0.000000s ]

[ 2016-09-14T10:30:31+08:00 ] 127.0.0.1 /zhihuiyuan(1)/index.html
INFO: [ app_init ] --START--
INFO: Run Behavior\BuildLiteBehavior [ RunTime:0.000000s ]
INFO: [ app_init ] --END-- [ RunTime:0.000000s ]

[ 2016-09-14T10:30:44+08:00 ] 127.0.0.1 /zhihuiyuan(1)/Login/index
INFO: [ app_init ] --START--
INFO: Run Behavior\BuildLiteBehavior [ RunTime:0.000000s ]
INFO: [ app_init ] --END-- [ RunTime:0.000000s ]

[ 2016-09-14T10:30:46+08:00 ] 127.0.0.1 /zhihuiyuan(1)/Login/information
INFO: [ app_init ] --START--
INFO: Run Behavior\BuildLiteBehavior [ RunTime:0.000000s ]
INFO: [ app_init ] --END-- [ RunTime:0.001000s ]

[ 2016-09-14T10:42:31+08:00 ] 192.168.1.118 /zhihuiyuan(1)/
INFO: [ app_init ] --START--
INFO: Run Behavior\BuildLiteBehavior [ RunTime:0.000000s ]
INFO: [ app_init ] --END-- [ RunTime:0.000000s ]

[ 2016-09-14T10:42:37+08:00 ] 192.168.1.118 /zhihuiyuan(1)/Map/index
INFO: [ app_init ] --START--
INFO: Run Behavior\BuildLiteBehavior [ RunTime:0.000000s ]
INFO: [ app_init ] --END-- [ RunTime:0.000000s ]

[ 2016-09-14T10:42:37+08:00 ] 192.168.1.118 /zhihuiyuan(1)/Public/Home/css/swiper.min.css
INFO: [ app_init ] --START--
INFO: Run Behavior\BuildLiteBehavior [ RunTime:0.000000s ]
INFO: [ app_init ] --END-- [ RunTime:0.000000s ]
ERR: 无法加载控制器:Public

[ 2016-09-14T10:42:37+08:00 ] 192.168.1.118 /zhihuiyuan(1)/Public/Home/js/swiper.jquery.min.js
INFO: [ app_init ] --START--
INFO: Run Behavior\BuildLiteBehavior [ RunTime:0.000000s ]
INFO: [ app_init ] --END-- [ RunTime:0.000000s ]
ERR: 无法加载控制器:Public

[ 2016-09-14T10:42:42+08:00 ] 192.168.1.118 /zhihuiyuan(1)/Map/login.html
INFO: [ app_init ] --START--
INFO: Run Behavior\BuildLiteBehavior [ RunTime:0.000000s ]
INFO: [ app_init ] --END-- [ RunTime:0.000000s ]
ERR: 非法操作:login

[ 2016-09-14T11:33:32+08:00 ] 127.0.0.1 /zhihuiyuan(1)/Map/index
INFO: [ app_init ] --START--
INFO: Run Behavior\BuildLiteBehavior [ RunTime:0.000000s ]
INFO: [ app_init ] --END-- [ RunTime:0.000000s ]

[ 2016-09-14T11:33:35+08:00 ] 127.0.0.1 /zhihuiyuan(1)/Public/Home/js/maps/swiper.jquery.min.js.map
INFO: [ app_init ] --START--
INFO: Run Behavior\BuildLiteBehavior [ RunTime:0.000000s ]
INFO: [ app_init ] --END-- [ RunTime:0.000000s ]
ERR: 无法加载控制器:Public

[ 2016-09-14T11:34:48+08:00 ] 127.0.0.1 /zhihuiyuan(1)/Map/index
INFO: [ app_init ] --START--
INFO: Run Behavior\BuildLiteBehavior [ RunTime:0.000000s ]
INFO: [ app_init ] --END-- [ RunTime:0.000000s ]

[ 2016-09-14T11:34:48+08:00 ] 127.0.0.1 /zhihuiyuan(1)/Public/Home/css/swiper.min.css
INFO: [ app_init ] --START--
INFO: Run Behavior\BuildLiteBehavior [ RunTime:0.000000s ]
INFO: [ app_init ] --END-- [ RunTime:0.002000s ]
ERR: 无法加载控制器:Public

[ 2016-09-14T11:34:48+08:00 ] 127.0.0.1 /zhihuiyuan(1)/Public/Home/js/swiper.jquery.min.js
INFO: [ app_init ] --START--
INFO: Run Behavior\BuildLiteBehavior [ RunTime:0.000000s ]
INFO: [ app_init ] --END-- [ RunTime:0.000000s ]
ERR: 无法加载控制器:Public

[ 2016-09-14T11:39:31+08:00 ] 127.0.0.1 /zhihuiyuan(1)/index.html
INFO: [ app_init ] --START--
INFO: Run Behavior\BuildLiteBehavior [ RunTime:0.000000s ]
INFO: [ app_init ] --END-- [ RunTime:0.000000s ]

[ 2016-09-14T11:39:33+08:00 ] 127.0.0.1 /zhihuiyuan(1)/Glod/index/id/2
INFO: [ app_init ] --START--
INFO: Run Behavior\BuildLiteBehavior [ RunTime:0.000000s ]
INFO: [ app_init ] --END-- [ RunTime:0.000000s ]

[ 2016-09-14T11:39:38+08:00 ] 127.0.0.1 /zhihuiyuan(1)/Map/index
INFO: [ app_init ] --START--
INFO: Run Behavior\BuildLiteBehavior [ RunTime:0.000000s ]
INFO: [ app_init ] --END-- [ RunTime:0.000000s ]

[ 2016-09-14T11:39:38+08:00 ] 127.0.0.1 /zhihuiyuan(1)/Public/Home/css/swiper.min.css
INFO: [ app_init ] --START--
INFO: Run Behavior\BuildLiteBehavior [ RunTime:0.000000s ]
INFO: [ app_init ] --END-- [ RunTime:0.001000s ]
ERR: 无法加载控制器:Public

[ 2016-09-14T11:39:38+08:00 ] 127.0.0.1 /zhihuiyuan(1)/Public/Home/js/swiper.jquery.min.js
INFO: [ app_init ] --START--
INFO: Run Behavior\BuildLiteBehavior [ RunTime:0.000000s ]
INFO: [ app_init ] --END-- [ RunTime:0.001000s ]
ERR: 无法加载控制器:Public

[ 2016-09-14T11:39:39+08:00 ] 127.0.0.1 /zhihuiyuan(1)/index.html
INFO: [ app_init ] --START--
INFO: Run Behavior\BuildLiteBehavior [ RunTime:0.000000s ]
INFO: [ app_init ] --END-- [ RunTime:0.001000s ]

[ 2016-09-14T11:39:41+08:00 ] 127.0.0.1 /zhihuiyuan(1)/Login/index
INFO: [ app_init ] --START--
INFO: Run Behavior\BuildLiteBehavior [ RunTime:0.000000s ]
INFO: [ app_init ] --END-- [ RunTime:0.001000s ]

[ 2016-09-14T11:39:46+08:00 ] 127.0.0.1 /zhihuiyuan(1)/Login/login
INFO: [ app_init ] --START--
INFO: Run Behavior\BuildLiteBehavior [ RunTime:0.000000s ]
INFO: [ app_init ] --END-- [ RunTime:0.000000s ]

[ 2016-09-14T11:39:51+08:00 ] 127.0.0.1 /zhihuiyuan(1)/index.html
INFO: [ app_init ] --START--
INFO: Run Behavior\BuildLiteBehavior [ RunTime:0.000000s ]
INFO: [ app_init ] --END-- [ RunTime:0.000000s ]

[ 2016-09-14T11:39:54+08:00 ] 127.0.0.1 /zhihuiyuan(1)/Glod/index/id/9
INFO: [ app_init ] --START--
INFO: Run Behavior\BuildLiteBehavior [ RunTime:0.000000s ]
INFO: [ app_init ] --END-- [ RunTime:0.001000s ]

[ 2016-09-14T11:39:57+08:00 ] 127.0.0.1 /zhihuiyuan(1)/index.html
INFO: [ app_init ] --START--
INFO: Run Behavior\BuildLiteBehavior [ RunTime:0.000000s ]
INFO: [ app_init ] --END-- [ RunTime:0.000000s ]

[ 2016-09-14T11:41:55+08:00 ] 127.0.0.1 /zhihuiyuan(1)/Login/index
INFO: [ app_init ] --START--
INFO: Run Behavior\BuildLiteBehavior [ RunTime:0.000000s ]
INFO: [ app_init ] --END-- [ RunTime:0.000000s ]

[ 2016-09-14T11:45:58+08:00 ] 127.0.0.1 /zhihuiyuan(1)/Login/login
INFO: [ app_init ] --START--
INFO: Run Behavior\BuildLiteBehavior [ RunTime:0.000000s ]
INFO: [ app_init ] --END-- [ RunTime:0.000000s ]

[ 2016-09-14T11:46:20+08:00 ] 127.0.0.1 /zhihuiyuan(1)/Login/index
INFO: [ app_init ] --START--
INFO: Run Behavior\BuildLiteBehavior [ RunTime:0.000000s ]
INFO: [ app_init ] --END-- [ RunTime:0.001000s ]

[ 2016-09-14T11:46:20+08:00 ] 127.0.0.1 /zhihuiyuan(1)/Login/index
INFO: [ app_init ] --START--
INFO: Run Behavior\BuildLiteBehavior [ RunTime:0.000000s ]
INFO: [ app_init ] --END-- [ RunTime:0.001000s ]

[ 2016-09-14T11:48:50+08:00 ] 127.0.0.1 /zhihuiyuan(1)/Login/index
INFO: [ app_init ] --START--
INFO: Run Behavior\BuildLiteBehavior [ RunTime:0.000000s ]
INFO: [ app_init ] --END-- [ RunTime:0.001000s ]

[ 2016-09-14T11:48:54+08:00 ] 127.0.0.1 /zhihuiyuan(1)/Login/index
INFO: [ app_init ] --START--
INFO: Run Behavior\BuildLiteBehavior [ RunTime:0.000000s ]
INFO: [ app_init ] --END-- [ RunTime:0.000000s ]

[ 2016-09-14T11:48:59+08:00 ] 127.0.0.1 /zhihuiyuan(1)/Login/index
INFO: [ app_init ] --START--
INFO: Run Behavior\BuildLiteBehavior [ RunTime:0.000000s ]
INFO: [ app_init ] --END-- [ RunTime:0.001000s ]

[ 2016-09-14T11:49:05+08:00 ] 127.0.0.1 /zhihuiyuan(1)/Login/information
INFO: [ app_init ] --START--
INFO: Run Behavior\BuildLiteBehavior [ RunTime:0.000000s ]
INFO: [ app_init ] --END-- [ RunTime:0.001000s ]

[ 2016-09-14T11:49:09+08:00 ] 127.0.0.1 /zhihuiyuan(1)/Login/information
INFO: [ app_init ] --START--
INFO: Run Behavior\BuildLiteBehavior [ RunTime:0.000000s ]
INFO: [ app_init ] --END-- [ RunTime:0.001000s ]

[ 2016-09-14T11:49:10+08:00 ] 127.0.0.1 /zhihuiyuan(1)/Login/index
INFO: [ app_init ] --START--
INFO: Run Behavior\BuildLiteBehavior [ RunTime:0.000000s ]
INFO: [ app_init ] --END-- [ RunTime:0.001000s ]

[ 2016-09-14T11:49:15+08:00 ] 127.0.0.1 /zhihuiyuan(1)/Login/login
INFO: [ app_init ] --START--
INFO: Run Behavior\BuildLiteBehavior [ RunTime:0.000000s ]
INFO: [ app_init ] --END-- [ RunTime:0.000000s ]

[ 2016-09-14T11:49:24+08:00 ] 127.0.0.1 /zhihuiyuan(1)/index.html
INFO: [ app_init ] --START--
INFO: Run Behavior\BuildLiteBehavior [ RunTime:0.000000s ]
INFO: [ app_init ] --END-- [ RunTime:0.000000s ]

[ 2016-09-14T11:49:26+08:00 ] 127.0.0.1 /zhihuiyuan(1)/Login/index
INFO: [ app_init ] --START--
INFO: Run Behavior\BuildLiteBehavior [ RunTime:0.000000s ]
INFO: [ app_init ] --END-- [ RunTime:0.000000s ]

[ 2016-09-14T11:49:31+08:00 ] 127.0.0.1 /zhihuiyuan(1)/Login/login
INFO: [ app_init ] --START--
INFO: Run Behavior\BuildLiteBehavior [ RunTime:0.000000s ]
INFO: [ app_init ] --END-- [ RunTime:0.000000s ]

[ 2016-09-14T11:49:37+08:00 ] 127.0.0.1 /zhihuiyuan(1)/Login/login
INFO: [ app_init ] --START--
INFO: Run Behavior\BuildLiteBehavior [ RunTime:0.000000s ]
INFO: [ app_init ] --END-- [ RunTime:0.001000s ]

[ 2016-09-14T11:49:42+08:00 ] 127.0.0.1 /zhihuiyuan(1)/Login/login
INFO: [ app_init ] --START--
INFO: Run Behavior\BuildLiteBehavior [ RunTime:0.000000s ]
INFO: [ app_init ] --END-- [ RunTime:0.000000s ]

[ 2016-09-14T11:49:48+08:00 ] 127.0.0.1 /zhihuiyuan(1)/Login/login
INFO: [ app_init ] --START--
INFO: Run Behavior\BuildLiteBehavior [ RunTime:0.001001s ]
INFO: [ app_init ] --END-- [ RunTime:0.001001s ]

[ 2016-09-14T11:49:58+08:00 ] 127.0.0.1 /zhihuiyuan(1)/Login/login
INFO: [ app_init ] --START--
INFO: Run Behavior\BuildLiteBehavior [ RunTime:0.000000s ]
INFO: [ app_init ] --END-- [ RunTime:0.000000s ]

[ 2016-09-14T11:50:02+08:00 ] 127.0.0.1 /zhihuiyuan(1)/Login/login
INFO: [ app_init ] --START--
INFO: Run Behavior\BuildLiteBehavior [ RunTime:0.000000s ]
INFO: [ app_init ] --END-- [ RunTime:0.001000s ]

[ 2016-09-14T11:51:07+08:00 ] 127.0.0.1 /zhihuiyuan(1)/Login/index
INFO: [ app_init ] --START--
INFO: Run Behavior\BuildLiteBehavior [ RunTime:0.000000s ]
INFO: [ app_init ] --END-- [ RunTime:0.000000s ]

[ 2016-09-14T11:51:09+08:00 ] 127.0.0.1 /zhihuiyuan(1)/Login/login
INFO: [ app_init ] --START--
INFO: Run Behavior\BuildLiteBehavior [ RunTime:0.000000s ]
INFO: [ app_init ] --END-- [ RunTime:0.000000s ]

[ 2016-09-14T11:51:26+08:00 ] 127.0.0.1 /zhihuiyuan(1)/Login/information
INFO: [ app_init ] --START--
INFO: Run Behavior\BuildLiteBehavior [ RunTime:0.000000s ]
INFO: [ app_init ] --END-- [ RunTime:0.000000s ]

[ 2016-09-14T11:51:29+08:00 ] 127.0.0.1 /zhihuiyuan(1)/Login/information
INFO: [ app_init ] --START--
INFO: Run Behavior\BuildLiteBehavior [ RunTime:0.000000s ]
INFO: [ app_init ] --END-- [ RunTime:0.001000s ]

[ 2016-09-14T11:55:26+08:00 ] 127.0.0.1 /zhihuiyuan(1)/Login/index
INFO: [ app_init ] --START--
INFO: Run Behavior\BuildLiteBehavior [ RunTime:0.000000s ]
INFO: [ app_init ] --END-- [ RunTime:0.000000s ]

[ 2016-09-14T11:55:31+08:00 ] 127.0.0.1 /zhihuiyuan(1)/Login/regmobile
INFO: [ app_init ] --START--
INFO: Run Behavior\BuildLiteBehavior [ RunTime:0.000000s ]
INFO: [ app_init ] --END-- [ RunTime:0.001000s ]

[ 2016-09-14T12:01:08+08:00 ] 127.0.0.1 /zhihuiyuan(1)/Login/index
INFO: [ app_init ] --START--
INFO: Run Behavior\BuildLiteBehavior [ RunTime:0.000000s ]
INFO: [ app_init ] --END-- [ RunTime:0.000000s ]

[ 2016-09-14T12:01:09+08:00 ] 127.0.0.1 /zhihuiyuan(1)/Login/information
INFO: [ app_init ] --START--
INFO: Run Behavior\BuildLiteBehavior [ RunTime:0.000000s ]
INFO: [ app_init ] --END-- [ RunTime:0.000000s ]

[ 2016-09-14T12:01:14+08:00 ] 127.0.0.1 /zhihuiyuan(1)/Login/index
INFO: [ app_init ] --START--
INFO: Run Behavior\BuildLiteBehavior [ RunTime:0.000000s ]
INFO: [ app_init ] --END-- [ RunTime:0.001001s ]

[ 2016-09-14T12:01:15+08:00 ] 127.0.0.1 /zhihuiyuan(1)/Login/regmobile
INFO: [ app_init ] --START--
INFO: Run Behavior\BuildLiteBehavior [ RunTime:0.000000s ]
INFO: [ app_init ] --END-- [ RunTime:0.000000s ]

[ 2016-09-14T12:01:25+08:00 ] 127.0.0.1 /zhihuiyuan(1)/Login/index
INFO: [ app_init ] --START--
INFO: Run Behavior\BuildLiteBehavior [ RunTime:0.000000s ]
INFO: [ app_init ] --END-- [ RunTime:0.001000s ]

[ 2016-09-14T12:01:26+08:00 ] 127.0.0.1 /zhihuiyuan(1)/Login/information
INFO: [ app_init ] --START--
INFO: Run Behavior\BuildLiteBehavior [ RunTime:0.000000s ]
INFO: [ app_init ] --END-- [ RunTime:0.000000s ]

[ 2016-09-14T12:41:26+08:00 ] 127.0.0.1 /zhihuiyuan(1)/Login/information
INFO: [ app_init ] --START--
INFO: Run Behavior\BuildLiteBehavior [ RunTime:0.000000s ]
INFO: [ app_init ] --END-- [ RunTime:0.001000s ]

[ 2016-09-14T12:41:29+08:00 ] 127.0.0.1 /zhihuiyuan(1)/Login/index
INFO: [ app_init ] --START--
INFO: Run Behavior\BuildLiteBehavior [ RunTime:0.000000s ]
INFO: [ app_init ] --END-- [ RunTime:0.000000s ]

[ 2016-09-14T12:41:30+08:00 ] 127.0.0.1 /zhihuiyuan(1)/Login/login
INFO: [ app_init ] --START--
INFO: Run Behavior\BuildLiteBehavior [ RunTime:0.000000s ]
INFO: [ app_init ] --END-- [ RunTime:0.001000s ]

[ 2016-09-14T12:41:47+08:00 ] 127.0.0.1 /zhihuiyuan(1)/Login/index
INFO: [ app_init ] --START--
INFO: Run Behavior\BuildLiteBehavior [ RunTime:0.000000s ]
INFO: [ app_init ] --END-- [ RunTime:0.001000s ]

[ 2016-09-14T12:41:49+08:00 ] 127.0.0.1 /zhihuiyuan(1)/Login/regmobile
INFO: [ app_init ] --START--
INFO: Run Behavior\BuildLiteBehavior [ RunTime:0.000000s ]
INFO: [ app_init ] --END-- [ RunTime:0.000000s ]

[ 2016-09-14T12:42:37+08:00 ] 127.0.0.1 /zhihuiyuan(1)/Login/regmobile
INFO: [ app_init ] --START--
INFO: Run Behavior\BuildLiteBehavior [ RunTime:0.000000s ]
INFO: [ app_init ] --END-- [ RunTime:0.000000s ]

[ 2016-09-14T12:43:10+08:00 ] 127.0.0.1 /zhihuiyuan(1)/Login/regmobile
INFO: [ app_init ] --START--
INFO: Run Behavior\BuildLiteBehavior [ RunTime:0.000000s ]
INFO: [ app_init ] --END-- [ RunTime:0.000000s ]

[ 2016-09-14T12:43:11+08:00 ] 127.0.0.1 /zhihuiyuan(1)/Login/regmobile
INFO: [ app_init ] --START--
INFO: Run Behavior\BuildLiteBehavior [ RunTime:0.000000s ]
INFO: [ app_init ] --END-- [ RunTime:0.000000s ]

[ 2016-09-14T12:43:21+08:00 ] 127.0.0.1 /zhihuiyuan(1)/Login/regmobile
INFO: [ app_init ] --START--
INFO: Run Behavior\BuildLiteBehavior [ RunTime:0.000000s ]
INFO: [ app_init ] --END-- [ RunTime:0.001000s ]

[ 2016-09-14T12:43:23+08:00 ] 127.0.0.1 /zhihuiyuan(1)/Login/index
INFO: [ app_init ] --START--
INFO: Run Behavior\BuildLiteBehavior [ RunTime:0.000000s ]
INFO: [ app_init ] --END-- [ RunTime:0.001000s ]

[ 2016-09-14T12:43:24+08:00 ] 127.0.0.1 /zhihuiyuan(1)/Login/information
INFO: [ app_init ] --START--
INFO: Run Behavior\BuildLiteBehavior [ RunTime:0.000000s ]
INFO: [ app_init ] --END-- [ RunTime:0.000000s ]

[ 2016-09-14T13:06:59+08:00 ] 127.0.0.1 /zhihuiyuan(1)/Login/index
INFO: [ app_init ] --START--
INFO: Run Behavior\BuildLiteBehavior [ RunTime:0.000000s ]
INFO: [ app_init ] --END-- [ RunTime:0.001000s ]

[ 2016-09-14T13:07:03+08:00 ] 127.0.0.1 /zhihuiyuan(1)/Login/login
INFO: [ app_init ] --START--
INFO: Run Behavior\BuildLiteBehavior [ RunTime:0.000000s ]
INFO: [ app_init ] --END-- [ RunTime:0.001000s ]

[ 2016-09-14T13:07:14+08:00 ] 127.0.0.1 /zhihuiyuan(1)/Login/regmobile
INFO: [ app_init ] --START--
INFO: Run Behavior\BuildLiteBehavior [ RunTime:0.000000s ]
INFO: [ app_init ] --END-- [ RunTime:0.001000s ]

[ 2016-09-14T13:24:31+08:00 ] 127.0.0.1 /zhihuiyuan(1)/Login/regmobile
INFO: [ app_init ] --START--
INFO: Run Behavior\BuildLiteBehavior [ RunTime:0.000000s ]
INFO: [ app_init ] --END-- [ RunTime:0.000000s ]

[ 2016-09-14T13:25:49+08:00 ] 127.0.0.1 /zhihuiyuan(1)/Login/post?img=&user=%E6%97%B6%E4%BB%A3%E5%8D%81%E5%A4%A7&sex=%E7%94%B7&phone=13355555555&email=1232%40123.com&password=123456&password_check=123456
INFO: [ app_init ] --START--
INFO: Run Behavior\BuildLiteBehavior [ RunTime:0.000000s ]
INFO: [ app_init ] --END-- [ RunTime:0.000000s ]
ERR: 非法操作:post

[ 2016-09-14T13:27:59+08:00 ] 127.0.0.1 /zhihuiyuan(1)/Login/post?img=&user=%E6%97%B6%E4%BB%A3%E5%8D%81%E5%A4%A7&sex=%E7%94%B7&phone=13355555555&email=1232%40123.com&password=123456&password_check=123456
INFO: [ app_init ] --START--
INFO: Run Behavior\BuildLiteBehavior [ RunTime:0.000000s ]
INFO: [ app_init ] --END-- [ RunTime:0.001000s ]
ERR: 非法操作:post

[ 2016-09-14T13:28:00+08:00 ] 127.0.0.1 /zhihuiyuan(1)/Login/post?img=&user=%E6%97%B6%E4%BB%A3%E5%8D%81%E5%A4%A7&sex=%E7%94%B7&phone=13355555555&email=1232%40123.com&password=123456&password_check=123456
INFO: [ app_init ] --START--
INFO: Run Behavior\BuildLiteBehavior [ RunTime:0.000000s ]
INFO: [ app_init ] --END-- [ RunTime:0.001000s ]
ERR: 非法操作:post

[ 2016-09-14T13:28:01+08:00 ] 127.0.0.1 /zhihuiyuan(1)/Login/post?img=&user=%E6%97%B6%E4%BB%A3%E5%8D%81%E5%A4%A7&sex=%E7%94%B7&phone=13355555555&email=1232%40123.com&password=123456&password_check=123456
INFO: [ app_init ] --START--
INFO: Run Behavior\BuildLiteBehavior [ RunTime:0.000000s ]
INFO: [ app_init ] --END-- [ RunTime:0.000000s ]
ERR: 非法操作:post

[ 2016-09-14T13:29:49+08:00 ] 127.0.0.1 /zhihuiyuan(1)/Login/post?img=&user=%E6%97%B6%E4%BB%A3%E5%8D%81%E5%A4%A7&sex=%E7%94%B7&phone=13355555555&email=1232%40123.com&password=123456&password_check=123456
INFO: [ app_init ] --START--
INFO: Run Behavior\BuildLiteBehavior [ RunTime:0.000000s ]
INFO: [ app_init ] --END-- [ RunTime:0.000000s ]
ERR: 非法操作:post

[ 2016-09-14T13:29:50+08:00 ] 127.0.0.1 /zhihuiyuan(1)/Login/post?img=&user=%E6%97%B6%E4%BB%A3%E5%8D%81%E5%A4%A7&sex=%E7%94%B7&phone=13355555555&email=1232%40123.com&password=123456&password_check=123456
INFO: [ app_init ] --START--
INFO: Run Behavior\BuildLiteBehavior [ RunTime:0.000000s ]
INFO: [ app_init ] --END-- [ RunTime:0.000000s ]
ERR: 非法操作:post

[ 2016-09-14T13:29:50+08:00 ] 127.0.0.1 /zhihuiyuan(1)/Login/post?img=&user=%E6%97%B6%E4%BB%A3%E5%8D%81%E5%A4%A7&sex=%E7%94%B7&phone=13355555555&email=1232%40123.com&password=123456&password_check=123456
INFO: [ app_init ] --START--
INFO: Run Behavior\BuildLiteBehavior [ RunTime:0.000000s ]
INFO: [ app_init ] --END-- [ RunTime:0.000000s ]
ERR: 非法操作:post

[ 2016-09-14T13:29:52+08:00 ] 127.0.0.1 /zhihuiyuan(1)/Login/post?img=&user=%E6%97%B6%E4%BB%A3%E5%8D%81%E5%A4%A7&sex=%E7%94%B7&phone=13355555555&email=1232%40123.com&password=123456&password_check=123456
INFO: [ app_init ] --START--
INFO: Run Behavior\BuildLiteBehavior [ RunTime:0.000000s ]
INFO: [ app_init ] --END-- [ RunTime:0.000000s ]
ERR: 非法操作:post

[ 2016-09-14T13:29:53+08:00 ] 127.0.0.1 /zhihuiyuan(1)/Login/post?img=&user=%E6%97%B6%E4%BB%A3%E5%8D%81%E5%A4%A7&sex=%E7%94%B7&phone=13355555555&email=1232%40123.com&password=123456&password_check=123456
INFO: [ app_init ] --START--
INFO: Run Behavior\BuildLiteBehavior [ RunTime:0.000000s ]
INFO: [ app_init ] --END-- [ RunTime:0.001000s ]
ERR: 非法操作:post

[ 2016-09-14T13:30:32+08:00 ] 127.0.0.1 /zhihuiyuan(1)/Login/index
INFO: [ app_init ] --START--
INFO: Run Behavior\BuildLiteBehavior [ RunTime:0.000000s ]
INFO: [ app_init ] --END-- [ RunTime:0.001000s ]

[ 2016-09-14T13:30:34+08:00 ] 127.0.0.1 /zhihuiyuan(1)/Login/regmobile
INFO: [ app_init ] --START--
INFO: Run Behavior\BuildLiteBehavior [ RunTime:0.000000s ]
INFO: [ app_init ] --END-- [ RunTime:0.001000s ]

[ 2016-09-14T13:31:40+08:00 ] 127.0.0.1 /zhihuiyuan(1)/Login/post?img=&user=%E5%94%90%E5%83%A7&sex=%E7%94%B7&phone=13533333333&email=582553500%40qq.com&password=123456&password_check=123456
INFO: [ app_init ] --START--
INFO: Run Behavior\BuildLiteBehavior [ RunTime:0.000000s ]
INFO: [ app_init ] --END-- [ RunTime:0.000000s ]
ERR: 非法操作:post

[ 2016-09-14T13:31:45+08:00 ] 127.0.0.1 /zhihuiyuan(1)/Login/regmobile
INFO: [ app_init ] --START--
INFO: Run Behavior\BuildLiteBehavior [ RunTime:0.000000s ]
INFO: [ app_init ] --END-- [ RunTime:0.001000s ]

[ 2016-09-14T13:32:21+08:00 ] 127.0.0.1 /zhihuiyuan(1)/Login/post?img=&user=%E5%94%90%E5%83%A7&sex=%E7%94%B7&phone=13333333333&email=582553500%40qq.com&password=123456&password_check=123456
INFO: [ app_init ] --START--
INFO: Run Behavior\BuildLiteBehavior [ RunTime:0.000000s ]
INFO: [ app_init ] --END-- [ RunTime:0.001000s ]
ERR: 非法操作:post

[ 2016-09-14T13:33:41+08:00 ] 127.0.0.1 /zhihuiyuan(1)/Login/post?img=&user=%E5%94%90%E5%83%A7&sex=%E7%94%B7&phone=13333333333&email=582553500%40qq.com&password=123456&password_check=123456
INFO: [ app_init ] --START--
INFO: Run Behavior\BuildLiteBehavior [ RunTime:0.000000s ]
INFO: [ app_init ] --END-- [ RunTime:0.000000s ]
ERR: 非法操作:post

[ 2016-09-14T13:34:03+08:00 ] 127.0.0.1 /zhihuiyuan(1)/Login/post?img=&user=%E5%94%90%E5%83%A7&sex=%E7%94%B7&phone=13333333333&email=582553500%40qq.com&password=123456&password_check=123456
INFO: [ app_init ] --START--
INFO: Run Behavior\BuildLiteBehavior [ RunTime:0.000000s ]
INFO: [ app_init ] --END-- [ RunTime:0.000000s ]
ERR: 非法操作:post

[ 2016-09-14T13:34:03+08:00 ] 127.0.0.1 /zhihuiyuan(1)/Login/post?img=&user=%E5%94%90%E5%83%A7&sex=%E7%94%B7&phone=13333333333&email=582553500%40qq.com&password=123456&password_check=123456
INFO: [ app_init ] --START--
INFO: Run Behavior\BuildLiteBehavior [ RunTime:0.000000s ]
INFO: [ app_init ] --END-- [ RunTime:0.000000s ]
ERR: 非法操作:post

[ 2016-09-14T13:34:04+08:00 ] 127.0.0.1 /zhihuiyuan(1)/Login/post?img=&user=%E5%94%90%E5%83%A7&sex=%E7%94%B7&phone=13333333333&email=582553500%40qq.com&password=123456&password_check=123456
INFO: [ app_init ] --START--
INFO: Run Behavior\BuildLiteBehavior [ RunTime:0.000000s ]
INFO: [ app_init ] --END-- [ RunTime:0.000000s ]
ERR: 非法操作:post

[ 2016-09-14T13:34:04+08:00 ] 127.0.0.1 /zhihuiyuan(1)/Login/post?img=&user=%E5%94%90%E5%83%A7&sex=%E7%94%B7&phone=13333333333&email=582553500%40qq.com&password=123456&password_check=123456
INFO: [ app_init ] --START--
INFO: Run Behavior\BuildLiteBehavior [ RunTime:0.000000s ]
INFO: [ app_init ] --END-- [ RunTime:0.001000s ]
ERR: 非法操作:post

[ 2016-09-14T13:34:15+08:00 ] 127.0.0.1 /zhihuiyuan(1)/Login/post?img=&user=%E5%94%90%E5%83%A7&sex=%E7%94%B7&phone=13333333333&email=582553500%40qq.com&password=123456&password_check=123456
INFO: [ app_init ] --START--
INFO: Run Behavior\BuildLiteBehavior [ RunTime:0.000000s ]
INFO: [ app_init ] --END-- [ RunTime:0.000000s ]
ERR: 非法操作:post

[ 2016-09-14T13:34:18+08:00 ] 127.0.0.1 /zhihuiyuan(1)/Login/post?img=&user=%E5%94%90%E5%83%A7&sex=%E7%94%B7&phone=13333333333&email=582553500%40qq.com&password=123456&password_check=123456
INFO: [ app_init ] --START--
INFO: Run Behavior\BuildLiteBehavior [ RunTime:0.000000s ]
INFO: [ app_init ] --END-- [ RunTime:0.001000s ]
ERR: 非法操作:post

[ 2016-09-14T13:34:19+08:00 ] 127.0.0.1 /zhihuiyuan(1)/Login/post?img=&user=%E5%94%90%E5%83%A7&sex=%E7%94%B7&phone=13333333333&email=582553500%40qq.com&password=123456&password_check=123456
INFO: [ app_init ] --START--
INFO: Run Behavior\BuildLiteBehavior [ RunTime:0.000000s ]
INFO: [ app_init ] --END-- [ RunTime:0.000000s ]
ERR: 非法操作:post

[ 2016-09-14T13:34:22+08:00 ] 127.0.0.1 /zhihuiyuan(1)/Login/regmobile
INFO: [ app_init ] --START--
INFO: Run Behavior\BuildLiteBehavior [ RunTime:0.000000s ]
INFO: [ app_init ] --END-- [ RunTime:0.001000s ]

[ 2016-09-14T13:34:53+08:00 ] 127.0.0.1 /zhihuiyuan(1)/Login/get?img=&user=%E5%94%90%E5%83%A7&sex=%E7%94%B7&phone=13399999990&email=582553500%40qq.com&password=123456&password_check=123456
INFO: [ app_init ] --START--
INFO: Run Behavior\BuildLiteBehavior [ RunTime:0.000000s ]
INFO: [ app_init ] --END-- [ RunTime:0.000000s ]

[ 2016-09-14T13:35:19+08:00 ] 127.0.0.1 /zhihuiyuan(1)/Login/regmobile
INFO: [ app_init ] --START--
INFO: Run Behavior\BuildLiteBehavior [ RunTime:0.000000s ]
INFO: [ app_init ] --END-- [ RunTime:0.000000s ]

[ 2016-09-14T13:35:42+08:00 ] 127.0.0.1 /zhihuiyuan(1)/Login/post?img=&user=%E5%94%90%E5%83%A7&sex=%E7%94%B7&phone=13303333333&email=582553500%40qq.com&password=123456&password_check=123456
INFO: [ app_init ] --START--
INFO: Run Behavior\BuildLiteBehavior [ RunTime:0.000000s ]
INFO: [ app_init ] --END-- [ RunTime:0.000000s ]
ERR: 非法操作:post

[ 2016-09-14T13:37:49+08:00 ] 127.0.0.1 /zhihuiyuan(1)/Login/regmobile
INFO: [ app_init ] --START--
INFO: Run Behavior\BuildLiteBehavior [ RunTime:0.000000s ]
INFO: [ app_init ] --END-- [ RunTime:0.001001s ]

[ 2016-09-14T13:37:51+08:00 ] 127.0.0.1 /zhihuiyuan(1)/Login/regmobile
INFO: [ app_init ] --START--
INFO: Run Behavior\BuildLiteBehavior [ RunTime:0.000000s ]
INFO: [ app_init ] --END-- [ RunTime:0.000000s ]

[ 2016-09-14T13:38:12+08:00 ] 127.0.0.1 /zhihuiyuan(1)/Login/post?img=&user=%E5%94%90%E5%83%A7&sex=%E7%94%B7&phone=13255555555&email=582553500%40qq.com&password=123456&password_check=123456
INFO: [ app_init ] --START--
INFO: Run Behavior\BuildLiteBehavior [ RunTime:0.000000s ]
INFO: [ app_init ] --END-- [ RunTime:0.000000s ]
ERR: 非法操作:post

[ 2016-09-14T13:40:05+08:00 ] 127.0.0.1 /zhihuiyuan(1)/Login/regmobile
INFO: [ app_init ] --START--
INFO: Run Behavior\BuildLiteBehavior [ RunTime:0.000000s ]
INFO: [ app_init ] --END-- [ RunTime:0.000000s ]

[ 2016-09-14T13:40:05+08:00 ] 127.0.0.1 /zhihuiyuan(1)/Login/regmobile
INFO: [ app_init ] --START--
INFO: Run Behavior\BuildLiteBehavior [ RunTime:0.000000s ]
INFO: [ app_init ] --END-- [ RunTime:0.001000s ]

[ 2016-09-14T13:40:49+08:00 ] 127.0.0.1 /zhihuiyuan(1)/Login/zhuce
INFO: [ app_init ] --START--
INFO: Run Behavior\BuildLiteBehavior [ RunTime:0.000000s ]
INFO: [ app_init ] --END-- [ RunTime:0.000000s ]

[ 2016-09-14T13:41:38+08:00 ] 127.0.0.1 /zhihuiyuan(1)/Login/zhuce
INFO: [ app_init ] --START--
INFO: Run Behavior\BuildLiteBehavior [ RunTime:0.000000s ]
INFO: [ app_init ] --END-- [ RunTime:0.001000s ]

[ 2016-09-14T13:42:43+08:00 ] 127.0.0.1 /zhihuiyuan(1)/Login/regmobile
INFO: [ app_init ] --START--
INFO: Run Behavior\BuildLiteBehavior [ RunTime:0.000000s ]
INFO: [ app_init ] --END-- [ RunTime:0.001000s ]

[ 2016-09-14T13:43:35+08:00 ] 127.0.0.1 /zhihuiyuan(1)/Login/regmobile
INFO: [ app_init ] --START--
INFO: Run Behavior\BuildLiteBehavior [ RunTime:0.000000s ]
INFO: [ app_init ] --END-- [ RunTime:0.000000s ]

[ 2016-09-14T13:43:48+08:00 ] 127.0.0.1 /zhihuiyuan(1)/Login/regmobile
INFO: [ app_init ] --START--
INFO: Run Behavior\BuildLiteBehavior [ RunTime:0.000000s ]
INFO: [ app_init ] --END-- [ RunTime:0.001000s ]

[ 2016-09-14T13:44:14+08:00 ] 127.0.0.1 /zhihuiyuan(1)/Login/zhuce
INFO: [ app_init ] --START--
INFO: Run Behavior\BuildLiteBehavior [ RunTime:0.000000s ]
INFO: [ app_init ] --END-- [ RunTime:0.000000s ]

[ 2016-09-14T13:46:10+08:00 ] 127.0.0.1 /zhihuiyuan(1)/Login/zhuce
INFO: [ app_init ] --START--
INFO: Run Behavior\BuildLiteBehavior [ RunTime:0.000000s ]
INFO: [ app_init ] --END-- [ RunTime:0.001000s ]

[ 2016-09-14T13:46:17+08:00 ] 127.0.0.1 /zhihuiyuan(1)/Login/regmobile
INFO: [ app_init ] --START--
INFO: Run Behavior\BuildLiteBehavior [ RunTime:0.000000s ]
INFO: [ app_init ] --END-- [ RunTime:0.001000s ]

[ 2016-09-14T13:46:50+08:00 ] 127.0.0.1 /zhihuiyuan(1)/Login/zhuce
INFO: [ app_init ] --START--
INFO: Run Behavior\BuildLiteBehavior [ RunTime:0.000000s ]
INFO: [ app_init ] --END-- [ RunTime:0.001000s ]

[ 2016-09-14T13:50:14+08:00 ] 127.0.0.1 /zhihuiyuan(1)/Login/zhuce
INFO: [ app_init ] --START--
INFO: Run Behavior\BuildLiteBehavior [ RunTime:0.000000s ]
INFO: [ app_init ] --END-- [ RunTime:0.000000s ]

[ 2016-09-14T13:51:06+08:00 ] 127.0.0.1 /zhihuiyuan(1)/Login/zhuce
INFO: [ app_init ] --START--
INFO: Run Behavior\BuildLiteBehavior [ RunTime:0.000000s ]
INFO: [ app_init ] --END-- [ RunTime:0.000000s ]

[ 2016-09-14T13:51:08+08:00 ] 127.0.0.1 /zhihuiyuan(1)/Login/zhuce
INFO: [ app_init ] --START--
INFO: Run Behavior\BuildLiteBehavior [ RunTime:0.000000s ]
INFO: [ app_init ] --END-- [ RunTime:0.000000s ]

[ 2016-09-14T13:52:01+08:00 ] 127.0.0.1 /zhihuiyuan(1)/Login/zhuce
INFO: [ app_init ] --START--
INFO: Run Behavior\BuildLiteBehavior [ RunTime:0.000000s ]
INFO: [ app_init ] --END-- [ RunTime:0.001000s ]

[ 2016-09-14T13:52:52+08:00 ] 127.0.0.1 /zhihuiyuan(1)/Login/zhuce
INFO: [ app_init ] --START--
INFO: Run Behavior\BuildLiteBehavior [ RunTime:0.000000s ]
INFO: [ app_init ] --END-- [ RunTime:0.000000s ]
ERR: 无法加载控制器:Login

[ 2016-09-14T13:53:41+08:00 ] 127.0.0.1 /zhihuiyuan(1)/Login/zhuce
INFO: [ app_init ] --START--
INFO: Run Behavior\BuildLiteBehavior [ RunTime:0.000000s ]
INFO: [ app_init ] --END-- [ RunTime:0.000000s ]

[ 2016-09-14T13:54:22+08:00 ] 127.0.0.1 /zhihuiyuan(1)/Login/regmobile
INFO: [ app_init ] --START--
INFO: Run Behavior\BuildLiteBehavior [ RunTime:0.000000s ]
INFO: [ app_init ] --END-- [ RunTime:0.000000s ]

[ 2016-09-14T13:54:24+08:00 ] 127.0.0.1 /zhihuiyuan(1)/Login/regmobile
INFO: [ app_init ] --START--
INFO: Run Behavior\BuildLiteBehavior [ RunTime:0.000000s ]
INFO: [ app_init ] --END-- [ RunTime:0.000000s ]

[ 2016-09-14T13:54:47+08:00 ] 127.0.0.1 /zhihuiyuan(1)/Login/zhuce
INFO: [ app_init ] --START--
INFO: Run Behavior\BuildLiteBehavior [ RunTime:0.000000s ]
INFO: [ app_init ] --END-- [ RunTime:0.000000s ]

[ 2016-09-14T13:57:10+08:00 ] 127.0.0.1 /zhihuiyuan(1)/Login/zhuce
INFO: [ app_init ] --START--
INFO: Run Behavior\BuildLiteBehavior [ RunTime:0.000000s ]
INFO: [ app_init ] --END-- [ RunTime:0.000000s ]

[ 2016-09-14T13:57:14+08:00 ] 127.0.0.1 /zhihuiyuan(1)/Login/regmobile
INFO: [ app_init ] --START--
INFO: Run Behavior\BuildLiteBehavior [ RunTime:0.000000s ]
INFO: [ app_init ] --END-- [ RunTime:0.000000s ]

[ 2016-09-14T13:57:43+08:00 ] 127.0.0.1 /zhihuiyuan(1)/Login/zhuce
INFO: [ app_init ] --START--
INFO: Run Behavior\BuildLiteBehavior [ RunTime:0.000000s ]
INFO: [ app_init ] --END-- [ RunTime:0.000000s ]

[ 2016-09-14T13:58:51+08:00 ] 127.0.0.1 /zhihuiyuan(1)/Login/zhuce
INFO: [ app_init ] --START--
INFO: Run Behavior\BuildLiteBehavior [ RunTime:0.000000s ]
INFO: [ app_init ] --END-- [ RunTime:0.000000s ]

[ 2016-09-14T14:00:29+08:00 ] 127.0.0.1 /zhihuiyuan(1)/Login/zhuce
INFO: [ app_init ] --START--
INFO: Run Behavior\BuildLiteBehavior [ RunTime:0.000000s ]
INFO: [ app_init ] --END-- [ RunTime:0.001000s ]

[ 2016-09-14T14:00:35+08:00 ] 127.0.0.1 /zhihuiyuan(1)/Login/zhuce
INFO: [ app_init ] --START--
INFO: Run Behavior\BuildLiteBehavior [ RunTime:0.000000s ]
INFO: [ app_init ] --END-- [ RunTime:0.001000s ]

[ 2016-09-14T14:00:55+08:00 ] 127.0.0.1 /zhihuiyuan(1)/Login/zhuce
INFO: [ app_init ] --START--
INFO: Run Behavior\BuildLiteBehavior [ RunTime:0.000000s ]
INFO: [ app_init ] --END-- [ RunTime:0.001000s ]

[ 2016-09-14T14:01:40+08:00 ] 127.0.0.1 /zhihuiyuan(1)/Login/regmobile
INFO: [ app_init ] --START--
INFO: Run Behavior\BuildLiteBehavior [ RunTime:0.000000s ]
INFO: [ app_init ] --END-- [ RunTime:0.000000s ]

[ 2016-09-14T14:03:41+08:00 ] 127.0.0.1 /zhihuiyuan(1)/Login/zhuce
INFO: [ app_init ] --START--
INFO: Run Behavior\BuildLiteBehavior [ RunTime:0.000000s ]
INFO: [ app_init ] --END-- [ RunTime:0.001000s ]

[ 2016-09-14T14:04:21+08:00 ] 127.0.0.1 /zhihuiyuan(1)/Login/zhuce
INFO: [ app_init ] --START--
INFO: Run Behavior\BuildLiteBehavior [ RunTime:0.000000s ]
INFO: [ app_init ] --END-- [ RunTime:0.001000s ]

[ 2016-09-14T14:04:28+08:00 ] 127.0.0.1 /zhihuiyuan(1)/Login/zhuce
INFO: [ app_init ] --START--
INFO: Run Behavior\BuildLiteBehavior [ RunTime:0.000000s ]
INFO: [ app_init ] --END-- [ RunTime:0.000000s ]

[ 2016-09-14T14:04:39+08:00 ] 127.0.0.1 /zhihuiyuan(1)/Login/regmobile
INFO: [ app_init ] --START--
INFO: Run Behavior\BuildLiteBehavior [ RunTime:0.000000s ]
INFO: [ app_init ] --END-- [ RunTime:0.001000s ]

[ 2016-09-14T14:04:39+08:00 ] 127.0.0.1 /zhihuiyuan(1)/Login/regmobile
INFO: [ app_init ] --START--
INFO: Run Behavior\BuildLiteBehavior [ RunTime:0.000000s ]
INFO: [ app_init ] --END-- [ RunTime:0.001000s ]

[ 2016-09-14T14:04:40+08:00 ] 127.0.0.1 /zhihuiyuan(1)/Login/regmobile
INFO: [ app_init ] --START--
INFO: Run Behavior\BuildLiteBehavior [ RunTime:0.000000s ]
INFO: [ app_init ] --END-- [ RunTime:0.000000s ]

[ 2016-09-14T14:04:40+08:00 ] 127.0.0.1 /zhihuiyuan(1)/Login/regmobile
INFO: [ app_init ] --START--
INFO: Run Behavior\BuildLiteBehavior [ RunTime:0.000000s ]
INFO: [ app_init ] --END-- [ RunTime:0.000000s ]

[ 2016-09-14T14:05:30+08:00 ] 127.0.0.1 /zhihuiyuan(1)/Login/regmobile
INFO: [ app_init ] --START--
INFO: Run Behavior\BuildLiteBehavior [ RunTime:0.000000s ]
INFO: [ app_init ] --END-- [ RunTime:0.001000s ]

[ 2016-09-14T14:05:31+08:00 ] 127.0.0.1 /zhihuiyuan(1)/Login/regmobile
INFO: [ app_init ] --START--
INFO: Run Behavior\BuildLiteBehavior [ RunTime:0.000000s ]
INFO: [ app_init ] --END-- [ RunTime:0.000000s ]

[ 2016-09-14T14:06:15+08:00 ] 127.0.0.1 /zhihuiyuan(1)/Login/regmobile
INFO: [ app_init ] --START--
INFO: Run Behavior\BuildLiteBehavior [ RunTime:0.000000s ]
INFO: [ app_init ] --END-- [ RunTime:0.000000s ]

[ 2016-09-14T14:06:22+08:00 ] 127.0.0.1 /zhihuiyuan(1)/Login/regmobile
INFO: [ app_init ] --START--
INFO: Run Behavior\BuildLiteBehavior [ RunTime:0.000000s ]
INFO: [ app_init ] --END-- [ RunTime:0.000000s ]

[ 2016-09-14T14:06:44+08:00 ] 127.0.0.1 /zhihuiyuan(1)/Login/regmobile
INFO: [ app_init ] --START--
INFO: Run Behavior\BuildLiteBehavior [ RunTime:0.000000s ]
INFO: [ app_init ] --END-- [ RunTime:0.001000s ]

[ 2016-09-14T14:06:47+08:00 ] 127.0.0.1 /zhihuiyuan(1)/Login/regmobile
INFO: [ app_init ] --START--
INFO: Run Behavior\BuildLiteBehavior [ RunTime:0.000000s ]
INFO: [ app_init ] --END-- [ RunTime:0.001000s ]

[ 2016-09-14T14:07:28+08:00 ] 127.0.0.1 /zhihuiyuan(1)/Login/regmobile
INFO: [ app_init ] --START--
INFO: Run Behavior\BuildLiteBehavior [ RunTime:0.000000s ]
INFO: [ app_init ] --END-- [ RunTime:0.000000s ]

[ 2016-09-14T14:07:47+08:00 ] 127.0.0.1 /zhihuiyuan(1)/Login/regmobile
INFO: [ app_init ] --START--
INFO: Run Behavior\BuildLiteBehavior [ RunTime:0.000000s ]
INFO: [ app_init ] --END-- [ RunTime:0.001000s ]

[ 2016-09-14T14:08:03+08:00 ] 127.0.0.1 /zhihuiyuan(1)/Login/regmobile
INFO: [ app_init ] --START--
INFO: Run Behavior\BuildLiteBehavior [ RunTime:0.000000s ]
INFO: [ app_init ] --END-- [ RunTime:0.000000s ]

[ 2016-09-14T14:08:04+08:00 ] 127.0.0.1 /zhihuiyuan(1)/Login/regmobile
INFO: [ app_init ] --START--
INFO: Run Behavior\BuildLiteBehavior [ RunTime:0.001000s ]
INFO: [ app_init ] --END-- [ RunTime:0.001000s ]

[ 2016-09-14T14:08:05+08:00 ] 127.0.0.1 /zhihuiyuan(1)/Login/regmobile
INFO: [ app_init ] --START--
INFO: Run Behavior\BuildLiteBehavior [ RunTime:0.000000s ]
INFO: [ app_init ] --END-- [ RunTime:0.000000s ]

[ 2016-09-14T14:08:20+08:00 ] 127.0.0.1 /zhihuiyuan(1)/Login/regmobile
INFO: [ app_init ] --START--
INFO: Run Behavior\BuildLiteBehavior [ RunTime:0.000000s ]
INFO: [ app_init ] --END-- [ RunTime:0.000000s ]

[ 2016-09-14T14:09:00+08:00 ] 127.0.0.1 /zhihuiyuan(1)/Login/zhuce
INFO: [ app_init ] --START--
INFO: Run Behavior\BuildLiteBehavior [ RunTime:0.000000s ]
INFO: [ app_init ] --END-- [ RunTime:0.000000s ]

[ 2016-09-14T14:09:31+08:00 ] 127.0.0.1 /zhihuiyuan(1)/Login/zhuce
INFO: [ app_init ] --START--
INFO: Run Behavior\BuildLiteBehavior [ RunTime:0.000000s ]
INFO: [ app_init ] --END-- [ RunTime:0.001000s ]

[ 2016-09-14T14:09:33+08:00 ] 127.0.0.1 /zhihuiyuan(1)/Login/zhuce
INFO: [ app_init ] --START--
INFO: Run Behavior\BuildLiteBehavior [ RunTime:0.000000s ]
INFO: [ app_init ] --END-- [ RunTime:0.001000s ]

[ 2016-09-14T14:09:50+08:00 ] 127.0.0.1 /zhihuiyuan(1)/Login/zhuce
INFO: [ app_init ] --START--
INFO: Run Behavior\BuildLiteBehavior [ RunTime:0.000000s ]
INFO: [ app_init ] --END-- [ RunTime:0.003000s ]

[ 2016-09-14T14:10:09+08:00 ] 127.0.0.1 /zhihuiyuan(1)/Login/zhuce
INFO: [ app_init ] --START--
INFO: Run Behavior\BuildLiteBehavior [ RunTime:0.000000s ]
INFO: [ app_init ] --END-- [ RunTime:0.001000s ]

[ 2016-09-14T14:10:48+08:00 ] 127.0.0.1 /zhihuiyuan(1)/Login/zhuce
INFO: [ app_init ] --START--
INFO: Run Behavior\BuildLiteBehavior [ RunTime:0.000000s ]
INFO: [ app_init ] --END-- [ RunTime:0.001000s ]

[ 2016-09-14T14:10:50+08:00 ] 127.0.0.1 /zhihuiyuan(1)/Login/regmobile
INFO: [ app_init ] --START--
INFO: Run Behavior\BuildLiteBehavior [ RunTime:0.000000s ]
INFO: [ app_init ] --END-- [ RunTime:0.000000s ]

[ 2016-09-14T14:10:51+08:00 ] 127.0.0.1 /zhihuiyuan(1)/Login/regmobile
INFO: [ app_init ] --START--
INFO: Run Behavior\BuildLiteBehavior [ RunTime:0.000000s ]
INFO: [ app_init ] --END-- [ RunTime:0.001000s ]

[ 2016-09-14T14:11:22+08:00 ] 127.0.0.1 /zhihuiyuan(1)/Login/zhuce
INFO: [ app_init ] --START--
INFO: Run Behavior\BuildLiteBehavior [ RunTime:0.000000s ]
INFO: [ app_init ] --END-- [ RunTime:0.000000s ]

[ 2016-09-14T14:11:41+08:00 ] 127.0.0.1 /zhihuiyuan(1)/Login/zhuce
INFO: [ app_init ] --START--
INFO: Run Behavior\BuildLiteBehavior [ RunTime:0.000000s ]
INFO: [ app_init ] --END-- [ RunTime:0.000000s ]

[ 2016-09-14T14:11:43+08:00 ] 127.0.0.1 /zhihuiyuan(1)/Login/regmobile
INFO: [ app_init ] --START--
INFO: Run Behavior\BuildLiteBehavior [ RunTime:0.000000s ]
INFO: [ app_init ] --END-- [ RunTime:0.001000s ]

[ 2016-09-14T14:12:10+08:00 ] 127.0.0.1 /zhihuiyuan(1)/Login/regmobile
INFO: [ app_init ] --START--
INFO: Run Behavior\BuildLiteBehavior [ RunTime:0.000000s ]
INFO: [ app_init ] --END-- [ RunTime:0.000000s ]

[ 2016-09-14T14:12:22+08:00 ] 127.0.0.1 /zhihuiyuan(1)/Login/regmobile
INFO: [ app_init ] --START--
INFO: Run Behavior\BuildLiteBehavior [ RunTime:0.000000s ]
INFO: [ app_init ] --END-- [ RunTime:0.000000s ]

[ 2016-09-14T14:12:42+08:00 ] 127.0.0.1 /zhihuiyuan(1)/Login/zhuce
INFO: [ app_init ] --START--
INFO: Run Behavior\BuildLiteBehavior [ RunTime:0.000000s ]
INFO: [ app_init ] --END-- [ RunTime:0.000000s ]

[ 2016-09-14T14:13:19+08:00 ] 127.0.0.1 /zhihuiyuan(1)/Login/regmobile
INFO: [ app_init ] --START--
INFO: Run Behavior\BuildLiteBehavior [ RunTime:0.000000s ]
INFO: [ app_init ] --END-- [ RunTime:0.000000s ]

[ 2016-09-14T14:13:39+08:00 ] 127.0.0.1 /zhihuiyuan(1)/Login/zhuce
INFO: [ app_init ] --START--
INFO: Run Behavior\BuildLiteBehavior [ RunTime:0.000000s ]
INFO: [ app_init ] --END-- [ RunTime:0.000000s ]

[ 2016-09-14T14:15:14+08:00 ] 127.0.0.1 /zhihuiyuan(1)/Login/regmobile
INFO: [ app_init ] --START--
INFO: Run Behavior\BuildLiteBehavior [ RunTime:0.000000s ]
INFO: [ app_init ] --END-- [ RunTime:0.000000s ]

[ 2016-09-14T14:18:11+08:00 ] 127.0.0.1 /zhihuiyuan(1)/Login/regmobile
INFO: [ app_init ] --START--
INFO: Run Behavior\BuildLiteBehavior [ RunTime:0.000000s ]
INFO: [ app_init ] --END-- [ RunTime:0.000000s ]

[ 2016-09-14T14:18:40+08:00 ] 127.0.0.1 /zhihuiyuan(1)/Login/regmobile
INFO: [ app_init ] --START--
INFO: Run Behavior\BuildLiteBehavior [ RunTime:0.000000s ]
INFO: [ app_init ] --END-- [ RunTime:0.000000s ]

[ 2016-09-14T14:20:21+08:00 ] 127.0.0.1 /zhihuiyuan(1)/Login/regmobile
INFO: [ app_init ] --START--
INFO: Run Behavior\BuildLiteBehavior [ RunTime:0.000000s ]
INFO: [ app_init ] --END-- [ RunTime:0.001000s ]

[ 2016-09-14T14:20:23+08:00 ] 127.0.0.1 /zhihuiyuan(1)/Login/regmobile
INFO: [ app_init ] --START--
INFO: Run Behavior\BuildLiteBehavior [ RunTime:0.000000s ]
INFO: [ app_init ] --END-- [ RunTime:0.000000s ]

[ 2016-09-14T14:20:23+08:00 ] 127.0.0.1 /zhihuiyuan(1)/Login/regmobile
INFO: [ app_init ] --START--
INFO: Run Behavior\BuildLiteBehavior [ RunTime:0.000000s ]
INFO: [ app_init ] --END-- [ RunTime:0.000000s ]

[ 2016-09-14T14:22:08+08:00 ] 127.0.0.1 /zhihuiyuan(1)/Login/regmobile
INFO: [ app_init ] --START--
INFO: Run Behavior\BuildLiteBehavior [ RunTime:0.000000s ]
INFO: [ app_init ] --END-- [ RunTime:0.000000s ]

[ 2016-09-14T14:22:18+08:00 ] 127.0.0.1 /zhihuiyuan(1)/Login/regmobile
INFO: [ app_init ] --START--
INFO: Run Behavior\BuildLiteBehavior [ RunTime:0.000000s ]
INFO: [ app_init ] --END-- [ RunTime:0.000000s ]

[ 2016-09-14T14:26:07+08:00 ] 127.0.0.1 /zhihuiyuan(1)/Login/regmobile
INFO: [ app_init ] --START--
INFO: Run Behavior\BuildLiteBehavior [ RunTime:0.000000s ]
INFO: [ app_init ] --END-- [ RunTime:0.000000s ]

[ 2016-09-14T14:27:07+08:00 ] 127.0.0.1 /zhihuiyuan(1)/Login/regmobile
INFO: [ app_init ] --START--
INFO: Run Behavior\BuildLiteBehavior [ RunTime:0.000000s ]
INFO: [ app_init ] --END-- [ RunTime:0.001001s ]

[ 2016-09-14T14:28:05+08:00 ] 127.0.0.1 /zhihuiyuan(1)/Login/zhuce
INFO: [ app_init ] --START--
INFO: Run Behavior\BuildLiteBehavior [ RunTime:0.000000s ]
INFO: [ app_init ] --END-- [ RunTime:0.000000s ]

[ 2016-09-14T14:33:01+08:00 ] 127.0.0.1 /zhihuiyuan(1)/Login/zhuce
INFO: [ app_init ] --START--
INFO: Run Behavior\BuildLiteBehavior [ RunTime:0.001001s ]
INFO: [ app_init ] --END-- [ RunTime:0.001001s ]

[ 2016-09-14T14:35:43+08:00 ] 127.0.0.1 /zhihuiyuan(1)/Login/zhuce
INFO: [ app_init ] --START--
INFO: Run Behavior\BuildLiteBehavior [ RunTime:0.000000s ]
INFO: [ app_init ] --END-- [ RunTime:0.001000s ]

[ 2016-09-14T14:55:22+08:00 ] 127.0.0.1 /zhihuiyuan(1)/Login/regmobile
INFO: [ app_init ] --START--
INFO: Run Behavior\BuildLiteBehavior [ RunTime:0.000000s ]
INFO: [ app_init ] --END-- [ RunTime:0.001000s ]

[ 2016-09-14T14:55:49+08:00 ] 127.0.0.1 /zhihuiyuan(1)/Login/zhuce
INFO: [ app_init ] --START--
INFO: Run Behavior\BuildLiteBehavior [ RunTime:0.000000s ]
INFO: [ app_init ] --END-- [ RunTime:0.000000s ]

[ 2016-09-14T14:55:51+08:00 ] 127.0.0.1 /zhihuiyuan(1)/Index/index.html
INFO: [ app_init ] --START--
INFO: Run Behavior\BuildLiteBehavior [ RunTime:0.000000s ]
INFO: [ app_init ] --END-- [ RunTime:0.000000s ]

[ 2016-09-14T14:55:54+08:00 ] 127.0.0.1 /zhihuiyuan(1)/Login/index
INFO: [ app_init ] --START--
INFO: Run Behavior\BuildLiteBehavior [ RunTime:0.000000s ]
INFO: [ app_init ] --END-- [ RunTime:0.000000s ]

[ 2016-09-14T14:56:04+08:00 ] 127.0.0.1 /zhihuiyuan(1)/Login/login
INFO: [ app_init ] --START--
INFO: Run Behavior\BuildLiteBehavior [ RunTime:0.000000s ]
INFO: [ app_init ] --END-- [ RunTime:0.000000s ]

[ 2016-09-14T14:56:16+08:00 ] 127.0.0.1 /zhihuiyuan(1)/Login/regmobile
INFO: [ app_init ] --START--
INFO: Run Behavior\BuildLiteBehavior [ RunTime:0.000000s ]
INFO: [ app_init ] --END-- [ RunTime:0.001000s ]

[ 2016-09-14T14:56:41+08:00 ] 127.0.0.1 /zhihuiyuan(1)/Login/zhuce
INFO: [ app_init ] --START--
INFO: Run Behavior\BuildLiteBehavior [ RunTime:0.000000s ]
INFO: [ app_init ] --END-- [ RunTime:0.000000s ]

[ 2016-09-14T14:56:57+08:00 ] 127.0.0.1 /zhihuiyuan(1)/Login/zhuce
INFO: [ app_init ] --START--
INFO: Run Behavior\BuildLiteBehavior [ RunTime:0.000000s ]
INFO: [ app_init ] --END-- [ RunTime:0.000000s ]

[ 2016-09-14T14:56:58+08:00 ] 127.0.0.1 /zhihuiyuan(1)/Index/index.html
INFO: [ app_init ] --START--
INFO: Run Behavior\BuildLiteBehavior [ RunTime:0.000000s ]
INFO: [ app_init ] --END-- [ RunTime:0.001000s ]

[ 2016-09-14T14:57:03+08:00 ] 127.0.0.1 /zhihuiyuan(1)/Index/index.html
INFO: [ app_init ] --START--
INFO: Run Behavior\BuildLiteBehavior [ RunTime:0.000000s ]
INFO: [ app_init ] --END-- [ RunTime:0.000000s ]

[ 2016-09-14T14:57:04+08:00 ] 127.0.0.1 /zhihuiyuan(1)/Login/index
INFO: [ app_init ] --START--
INFO: Run Behavior\BuildLiteBehavior [ RunTime:0.000000s ]
INFO: [ app_init ] --END-- [ RunTime:0.001000s ]

[ 2016-09-14T14:57:14+08:00 ] 127.0.0.1 /zhihuiyuan(1)/Login/login
INFO: [ app_init ] --START--
INFO: Run Behavior\BuildLiteBehavior [ RunTime:0.000000s ]
INFO: [ app_init ] --END-- [ RunTime:0.001000s ]

[ 2016-09-14T14:57:36+08:00 ] 127.0.0.1 /zhihuiyuan(1)/Login/login
INFO: [ app_init ] --START--
INFO: Run Behavior\BuildLiteBehavior [ RunTime:0.000000s ]
INFO: [ app_init ] --END-- [ RunTime:0.000000s ]

[ 2016-09-14T14:57:40+08:00 ] 127.0.0.1 /zhihuiyuan(1)/Login/index
INFO: [ app_init ] --START--
INFO: Run Behavior\BuildLiteBehavior [ RunTime:0.000000s ]
INFO: [ app_init ] --END-- [ RunTime:0.001000s ]

[ 2016-09-14T14:57:43+08:00 ] 127.0.0.1 /zhihuiyuan(1)/Login/regmobile
INFO: [ app_init ] --START--
INFO: Run Behavior\BuildLiteBehavior [ RunTime:0.000000s ]
INFO: [ app_init ] --END-- [ RunTime:0.001000s ]

[ 2016-09-14T14:59:07+08:00 ] 127.0.0.1 /zhihuiyuan(1)/Login/index
INFO: [ app_init ] --START--
INFO: Run Behavior\BuildLiteBehavior [ RunTime:0.000000s ]
INFO: [ app_init ] --END-- [ RunTime:0.001000s ]

[ 2016-09-14T14:59:15+08:00 ] 127.0.0.1 /zhihuiyuan(1)/Login/login
INFO: [ app_init ] --START--
INFO: Run Behavior\BuildLiteBehavior [ RunTime:0.000000s ]
INFO: [ app_init ] --END-- [ RunTime:0.000000s ]

[ 2016-09-14T14:59:16+08:00 ] 127.0.0.1 /zhihuiyuan(1)/Login/index.html
INFO: [ app_init ] --START--
INFO: Run Behavior\BuildLiteBehavior [ RunTime:0.000000s ]
INFO: [ app_init ] --END-- [ RunTime:0.000000s ]

[ 2016-09-14T14:59:23+08:00 ] 127.0.0.1 /zhihuiyuan(1)/index.html
INFO: [ app_init ] --START--
INFO: Run Behavior\BuildLiteBehavior [ RunTime:0.000000s ]
INFO: [ app_init ] --END-- [ RunTime:0.000000s ]

[ 2016-09-14T14:59:44+08:00 ] 127.0.0.1 /zhihuiyuan(1)/Login/index
INFO: [ app_init ] --START--
INFO: Run Behavior\BuildLiteBehavior [ RunTime:0.000000s ]
INFO: [ app_init ] --END-- [ RunTime:0.001000s ]

[ 2016-09-14T15:00:29+08:00 ] 127.0.0.1 /zhihuiyuan(1)/Login/login
INFO: [ app_init ] --START--
INFO: Run Behavior\BuildLiteBehavior [ RunTime:0.000000s ]
INFO: [ app_init ] --END-- [ RunTime:0.000000s ]

[ 2016-09-14T15:00:31+08:00 ] 127.0.0.1 /zhihuiyuan(1)/Login/index.html
INFO: [ app_init ] --START--
INFO: Run Behavior\BuildLiteBehavior [ RunTime:0.000000s ]
INFO: [ app_init ] --END-- [ RunTime:0.000000s ]

[ 2016-09-14T15:01:16+08:00 ] 127.0.0.1 /zhihuiyuan(1)/Login/login
INFO: [ app_init ] --START--
INFO: Run Behavior\BuildLiteBehavior [ RunTime:0.000000s ]
INFO: [ app_init ] --END-- [ RunTime:0.001000s ]

[ 2016-09-14T15:01:17+08:00 ] 127.0.0.1 /zhihuiyuan(1)/Index/index.html
INFO: [ app_init ] --START--
INFO: Run Behavior\BuildLiteBehavior [ RunTime:0.000000s ]
INFO: [ app_init ] --END-- [ RunTime:0.001000s ]

[ 2016-09-14T15:01:26+08:00 ] 127.0.0.1 /zhihuiyuan(1)/Login/index
INFO: [ app_init ] --START--
INFO: Run Behavior\BuildLiteBehavior [ RunTime:0.000000s ]
INFO: [ app_init ] --END-- [ RunTime:0.000000s ]

[ 2016-09-14T15:02:26+08:00 ] 127.0.0.1 /zhihuiyuan(1)/Login/information
INFO: [ app_init ] --START--
INFO: Run Behavior\BuildLiteBehavior [ RunTime:0.000000s ]
INFO: [ app_init ] --END-- [ RunTime:0.000000s ]

[ 2016-09-14T15:22:55+08:00 ] 127.0.0.1 /zhihuiyuan(1)/Login/information
INFO: [ app_init ] --START--
INFO: Run Behavior\BuildLiteBehavior [ RunTime:0.000000s ]
INFO: [ app_init ] --END-- [ RunTime:0.000000s ]

[ 2016-09-14T15:27:01+08:00 ] 127.0.0.1 /zhihuiyuan(1)/Login/index
INFO: [ app_init ] --START--
INFO: Run Behavior\BuildLiteBehavior [ RunTime:0.000000s ]
INFO: [ app_init ] --END-- [ RunTime:0.001001s ]

[ 2016-09-14T15:27:08+08:00 ] 127.0.0.1 /zhihuiyuan(1)/Login/login
INFO: [ app_init ] --START--
INFO: Run Behavior\BuildLiteBehavior [ RunTime:0.000000s ]
INFO: [ app_init ] --END-- [ RunTime:0.001000s ]

[ 2016-09-14T15:27:10+08:00 ] 127.0.0.1 /zhihuiyuan(1)/Index/index.html
INFO: [ app_init ] --START--
INFO: Run Behavior\BuildLiteBehavior [ RunTime:0.000000s ]
INFO: [ app_init ] --END-- [ RunTime:0.000000s ]

[ 2016-09-14T15:32:13+08:00 ] 127.0.0.1 /zhihuiyuan(1)/Login/index
INFO: [ app_init ] --START--
INFO: Run Behavior\BuildLiteBehavior [ RunTime:0.000000s ]
INFO: [ app_init ] --END-- [ RunTime:0.000000s ]

[ 2016-09-14T15:32:21+08:00 ] 127.0.0.1 /zhihuiyuan(1)/Login/login
INFO: [ app_init ] --START--
INFO: Run Behavior\BuildLiteBehavior [ RunTime:0.000000s ]
INFO: [ app_init ] --END-- [ RunTime:0.001000s ]

[ 2016-09-14T15:32:22+08:00 ] 127.0.0.1 /zhihuiyuan(1)/Index/index.html
INFO: [ app_init ] --START--
INFO: Run Behavior\BuildLiteBehavior [ RunTime:0.000000s ]
INFO: [ app_init ] --END-- [ RunTime:0.000000s ]

[ 2016-09-14T15:32:25+08:00 ] 127.0.0.1 /zhihuiyuan(1)/Login/index
INFO: [ app_init ] --START--
INFO: Run Behavior\BuildLiteBehavior [ RunTime:0.000000s ]
INFO: [ app_init ] --END-- [ RunTime:0.001000s ]

[ 2016-09-14T15:32:26+08:00 ] 127.0.0.1 /zhihuiyuan(1)/Login/information
INFO: [ app_init ] --START--
INFO: Run Behavior\BuildLiteBehavior [ RunTime:0.000000s ]
INFO: [ app_init ] --END-- [ RunTime:0.000000s ]

[ 2016-09-14T15:33:49+08:00 ] 127.0.0.1 /zhihuiyuan(1)/Login/information
INFO: [ app_init ] --START--
INFO: Run Behavior\BuildLiteBehavior [ RunTime:0.000000s ]
INFO: [ app_init ] --END-- [ RunTime:0.000000s ]

[ 2016-09-14T15:34:27+08:00 ] 127.0.0.1 /zhihuiyuan(1)/Login/information
INFO: [ app_init ] --START--
INFO: Run Behavior\BuildLiteBehavior [ RunTime:0.000000s ]
INFO: [ app_init ] --END-- [ RunTime:0.000000s ]

[ 2016-09-14T15:34:38+08:00 ] 127.0.0.1 /zhihuiyuan(1)/Login/information
INFO: [ app_init ] --START--
INFO: Run Behavior\BuildLiteBehavior [ RunTime:0.000000s ]
INFO: [ app_init ] --END-- [ RunTime:0.000000s ]

[ 2016-09-14T15:37:25+08:00 ] 127.0.0.1 /zhihuiyuan(1)/Login/information
INFO: [ app_init ] --START--
INFO: Run Behavior\BuildLiteBehavior [ RunTime:0.000000s ]
INFO: [ app_init ] --END-- [ RunTime:0.013001s ]

[ 2016-09-14T15:38:46+08:00 ] 127.0.0.1 /zhihuiyuan(1)/Login/information
INFO: [ app_init ] --START--
INFO: Run Behavior\BuildLiteBehavior [ RunTime:0.000000s ]
INFO: [ app_init ] --END-- [ RunTime:0.001000s ]

[ 2016-09-14T15:39:20+08:00 ] 127.0.0.1 /zhihuiyuan(1)/Login/information
INFO: [ app_init ] --START--
INFO: Run Behavior\BuildLiteBehavior [ RunTime:0.000000s ]
INFO: [ app_init ] --END-- [ RunTime:0.000000s ]

[ 2016-09-14T15:39:42+08:00 ] 127.0.0.1 /zhihuiyuan(1)/Login/information
INFO: [ app_init ] --START--
INFO: Run Behavior\BuildLiteBehavior [ RunTime:0.000000s ]
INFO: [ app_init ] --END-- [ RunTime:0.001000s ]

[ 2016-09-14T15:46:08+08:00 ] 127.0.0.1 /zhihuiyuan(1)/Login/information
INFO: [ app_init ] --START--
INFO: Run Behavior\BuildLiteBehavior [ RunTime:0.000000s ]
INFO: [ app_init ] --END-- [ RunTime:0.001001s ]

[ 2016-09-14T15:46:49+08:00 ] 127.0.0.1 /zhihuiyuan(1)/Login/information
INFO: [ app_init ] --START--
INFO: Run Behavior\BuildLiteBehavior [ RunTime:0.000000s ]
INFO: [ app_init ] --END-- [ RunTime:0.001000s ]

[ 2016-09-14T15:50:20+08:00 ] 127.0.0.1 /zhihuiyuan(1)/Login/information
INFO: [ app_init ] --START--
INFO: Run Behavior\BuildLiteBehavior [ RunTime:0.000000s ]
INFO: [ app_init ] --END-- [ RunTime:0.001000s ]

[ 2016-09-14T15:50:39+08:00 ] 127.0.0.1 /zhihuiyuan(1)/Login/information
INFO: [ app_init ] --START--
INFO: Run Behavior\BuildLiteBehavior [ RunTime:0.000000s ]
INFO: [ app_init ] --END-- [ RunTime:0.000000s ]

[ 2016-09-14T15:50:40+08:00 ] 127.0.0.1 /zhihuiyuan(1)/Login/information
INFO: [ app_init ] --START--
INFO: Run Behavior\BuildLiteBehavior [ RunTime:0.000000s ]
INFO: [ app_init ] --END-- [ RunTime:0.001000s ]

[ 2016-09-14T15:51:06+08:00 ] 127.0.0.1 /zhihuiyuan(1)/Login/information
INFO: [ app_init ] --START--
INFO: Run Behavior\BuildLiteBehavior [ RunTime:0.000000s ]
INFO: [ app_init ] --END-- [ RunTime:0.002000s ]

[ 2016-09-14T15:52:10+08:00 ] 127.0.0.1 /zhihuiyuan(1)/Login/information
INFO: [ app_init ] --START--
INFO: Run Behavior\BuildLiteBehavior [ RunTime:0.000000s ]
INFO: [ app_init ] --END-- [ RunTime:0.000000s ]

[ 2016-09-14T15:53:03+08:00 ] 127.0.0.1 /zhihuiyuan(1)/Login/information
INFO: [ app_init ] --START--
INFO: Run Behavior\BuildLiteBehavior [ RunTime:0.000000s ]
INFO: [ app_init ] --END-- [ RunTime:0.001000s ]

[ 2016-09-14T15:57:06+08:00 ] 127.0.0.1 /zhihuiyuan(1)/Login/information
INFO: [ app_init ] --START--
INFO: Run Behavior\BuildLiteBehavior [ RunTime:0.000000s ]
INFO: [ app_init ] --END-- [ RunTime:0.001000s ]

[ 2016-09-14T15:57:18+08:00 ] 127.0.0.1 /zhihuiyuan(1)/Login/information
INFO: [ app_init ] --START--
INFO: Run Behavior\BuildLiteBehavior [ RunTime:0.000000s ]
INFO: [ app_init ] --END-- [ RunTime:0.000000s ]

[ 2016-09-14T15:58:52+08:00 ] 127.0.0.1 /zhihuiyuan(1)/Login/information
INFO: [ app_init ] --START--
INFO: Run Behavior\BuildLiteBehavior [ RunTime:0.000000s ]
INFO: [ app_init ] --END-- [ RunTime:0.000000s ]

[ 2016-09-14T16:00:51+08:00 ] 127.0.0.1 /zhihuiyuan(1)/Login/information
INFO: [ app_init ] --START--
INFO: Run Behavior\BuildLiteBehavior [ RunTime:0.000000s ]
INFO: [ app_init ] --END-- [ RunTime:0.000000s ]

[ 2016-09-14T16:01:18+08:00 ] 192.168.1.118 /zhihuiyuan(1)/
INFO: [ app_init ] --START--
INFO: Run Behavior\BuildLiteBehavior [ RunTime:0.000000s ]
INFO: [ app_init ] --END-- [ RunTime:0.001000s ]

[ 2016-09-14T16:01:20+08:00 ] 192.168.1.118 /zhihuiyuan(1)/Login/index
INFO: [ app_init ] --START--
INFO: Run Behavior\BuildLiteBehavior [ RunTime:0.000000s ]
INFO: [ app_init ] --END-- [ RunTime:0.000000s ]

[ 2016-09-14T16:01:22+08:00 ] 192.168.1.118 /zhihuiyuan(1)/Login/regmobile
INFO: [ app_init ] --START--
INFO: Run Behavior\BuildLiteBehavior [ RunTime:0.000000s ]
INFO: [ app_init ] --END-- [ RunTime:0.001001s ]

[ 2016-09-14T16:02:09+08:00 ] 192.168.1.118 /zhihuiyuan(1)/Login/informtion
INFO: [ app_init ] --START--
INFO: Run Behavior\BuildLiteBehavior [ RunTime:0.001000s ]
INFO: [ app_init ] --END-- [ RunTime:0.001000s ]
ERR: 非法操作:informtion

[ 2016-09-14T16:02:22+08:00 ] 192.168.1.118 /zhihuiyuan(1)/Login/informtion
INFO: [ app_init ] --START--
INFO: Run Behavior\BuildLiteBehavior [ RunTime:0.000000s ]
INFO: [ app_init ] --END-- [ RunTime:0.000000s ]
ERR: 非法操作:informtion

[ 2016-09-14T16:02:38+08:00 ] 192.168.1.118 /zhihuiyuan(1)/
INFO: [ app_init ] --START--
INFO: Run Behavior\BuildLiteBehavior [ RunTime:0.000000s ]
INFO: [ app_init ] --END-- [ RunTime:0.000000s ]

[ 2016-09-14T16:02:45+08:00 ] 192.168.1.118 /zhihuiyuan(1)/Login/index
INFO: [ app_init ] --START--
INFO: Run Behavior\BuildLiteBehavior [ RunTime:0.000000s ]
INFO: [ app_init ] --END-- [ RunTime:0.001001s ]

[ 2016-09-14T16:04:07+08:00 ] 192.168.1.118 /zhihuiyuan(1)/Login/information
INFO: [ app_init ] --START--
INFO: Run Behavior\BuildLiteBehavior [ RunTime:0.000000s ]
INFO: [ app_init ] --END-- [ RunTime:0.000000s ]

[ 2016-09-14T16:04:45+08:00 ] 192.168.1.118 /zhihuiyuan(1)/Login/information
INFO: [ app_init ] --START--
INFO: Run Behavior\BuildLiteBehavior [ RunTime:0.000000s ]
INFO: [ app_init ] --END-- [ RunTime:0.000000s ]

[ 2016-09-14T16:04:50+08:00 ] 192.168.1.118 /zhihuiyuan(1)/Login/information
INFO: [ app_init ] --START--
INFO: Run Behavior\BuildLiteBehavior [ RunTime:0.000000s ]
INFO: [ app_init ] --END-- [ RunTime:0.000000s ]

[ 2016-09-14T16:05:01+08:00 ] 192.168.1.118 /zhihuiyuan(1)/Login/information
INFO: [ app_init ] --START--
INFO: Run Behavior\BuildLiteBehavior [ RunTime:0.000000s ]
INFO: [ app_init ] --END-- [ RunTime:0.000000s ]

[ 2016-09-14T16:05:42+08:00 ] 192.168.1.118 /zhihuiyuan(1)/
INFO: [ app_init ] --START--
INFO: Run Behavior\BuildLiteBehavior [ RunTime:0.000000s ]
INFO: [ app_init ] --END-- [ RunTime:0.011000s ]

[ 2016-09-14T16:05:46+08:00 ] 192.168.1.118 /zhihuiyuan(1)/Login/index
INFO: [ app_init ] --START--
INFO: Run Behavior\BuildLiteBehavior [ RunTime:0.000000s ]
INFO: [ app_init ] --END-- [ RunTime:0.001001s ]

[ 2016-09-14T16:06:29+08:00 ] 192.168.1.118 /zhihuiyuan(1)/index.html
INFO: [ app_init ] --START--
INFO: Run Behavior\BuildLiteBehavior [ RunTime:0.000000s ]
INFO: [ app_init ] --END-- [ RunTime:0.000000s ]

[ 2016-09-14T16:06:30+08:00 ] 192.168.1.118 /zhihuiyuan(1)/Login/index
INFO: [ app_init ] --START--
INFO: Run Behavior\BuildLiteBehavior [ RunTime:0.000000s ]
INFO: [ app_init ] --END-- [ RunTime:0.000000s ]

[ 2016-09-14T16:06:44+08:00 ] 192.168.1.118 /zhihuiyuan(1)/Login/regmobile
INFO: [ app_init ] --START--
INFO: Run Behavior\BuildLiteBehavior [ RunTime:0.000000s ]
INFO: [ app_init ] --END-- [ RunTime:0.000000s ]

[ 2016-09-14T16:07:17+08:00 ] 192.168.1.118 /zhihuiyuan(1)/Login/information
INFO: [ app_init ] --START--
INFO: Run Behavior\BuildLiteBehavior [ RunTime:0.000000s ]
INFO: [ app_init ] --END-- [ RunTime:0.001000s ]

[ 2016-09-14T16:07:55+08:00 ] 192.168.1.118 /zhihuiyuan(1)/Login/information
INFO: [ app_init ] --START--
INFO: Run Behavior\BuildLiteBehavior [ RunTime:0.000000s ]
INFO: [ app_init ] --END-- [ RunTime:0.001000s ]

[ 2016-09-14T16:08:34+08:00 ] 192.168.1.118 /zhihuiyuan(1)/Login/information
INFO: [ app_init ] --START--
INFO: Run Behavior\BuildLiteBehavior [ RunTime:0.000000s ]
INFO: [ app_init ] --END-- [ RunTime:0.001000s ]

[ 2016-09-14T16:08:44+08:00 ] 192.168.1.118 /zhihuiyuan(1)/Login/information
INFO: [ app_init ] --START--
INFO: Run Behavior\BuildLiteBehavior [ RunTime:0.000000s ]
INFO: [ app_init ] --END-- [ RunTime:0.001000s ]

[ 2016-09-14T16:08:56+08:00 ] 127.0.0.1 /zhihuiyuan(1)/Login/information
INFO: [ app_init ] --START--
INFO: Run Behavior\BuildLiteBehavior [ RunTime:0.000000s ]
INFO: [ app_init ] --END-- [ RunTime:0.000000s ]

[ 2016-09-14T16:09:28+08:00 ] 127.0.0.1 /zhihuiyuan(1)/Login/information
INFO: [ app_init ] --START--
INFO: Run Behavior\BuildLiteBehavior [ RunTime:0.000000s ]
INFO: [ app_init ] --END-- [ RunTime:0.001000s ]

[ 2016-09-14T16:09:34+08:00 ] 192.168.1.118 /zhihuiyuan(1)/Login/information
INFO: [ app_init ] --START--
INFO: Run Behavior\BuildLiteBehavior [ RunTime:0.000000s ]
INFO: [ app_init ] --END-- [ RunTime:0.000000s ]

[ 2016-09-14T16:09:39+08:00 ] 192.168.1.118 /zhihuiyuan(1)/Login/information
INFO: [ app_init ] --START--
INFO: Run Behavior\BuildLiteBehavior [ RunTime:0.000000s ]
INFO: [ app_init ] --END-- [ RunTime:0.000000s ]

[ 2016-09-14T16:10:17+08:00 ] 192.168.1.118 /zhihuiyuan(1)/Login/information
INFO: [ app_init ] --START--
INFO: Run Behavior\BuildLiteBehavior [ RunTime:0.000000s ]
INFO: [ app_init ] --END-- [ RunTime:0.000000s ]

[ 2016-09-14T16:10:21+08:00 ] 192.168.1.118 /zhihuiyuan(1)/Login/regmobile
INFO: [ app_init ] --START--
INFO: Run Behavior\BuildLiteBehavior [ RunTime:0.000000s ]
INFO: [ app_init ] --END-- [ RunTime:0.000000s ]

[ 2016-09-14T16:15:20+08:00 ] 192.168.1.118 /zhihuiyuan(1)/Login/information
INFO: [ app_init ] --START--
INFO: Run Behavior\BuildLiteBehavior [ RunTime:0.000000s ]
INFO: [ app_init ] --END-- [ RunTime:0.001000s ]

[ 2016-09-14T16:17:35+08:00 ] 192.168.1.118 /zhihuiyuan(1)/Login/information
INFO: [ app_init ] --START--
INFO: Run Behavior\BuildLiteBehavior [ RunTime:0.000000s ]
INFO: [ app_init ] --END-- [ RunTime:0.000000s ]

[ 2016-09-14T16:18:01+08:00 ] 192.168.1.118 /zhihuiyuan(1)/Login/information
INFO: [ app_init ] --START--
INFO: Run Behavior\BuildLiteBehavior [ RunTime:0.000000s ]
INFO: [ app_init ] --END-- [ RunTime:0.001000s ]

[ 2016-09-14T16:18:13+08:00 ] 192.168.1.118 /zhihuiyuan(1)/Login/information
INFO: [ app_init ] --START--
INFO: Run Behavior\BuildLiteBehavior [ RunTime:0.000000s ]
INFO: [ app_init ] --END-- [ RunTime:0.001000s ]

[ 2016-09-14T16:18:44+08:00 ] 192.168.1.118 /zhihuiyuan(1)/Login/information
INFO: [ app_init ] --START--
INFO: Run Behavior\BuildLiteBehavior [ RunTime:0.000000s ]
INFO: [ app_init ] --END-- [ RunTime:0.000000s ]

[ 2016-09-14T16:19:35+08:00 ] 192.168.1.118 /zhihuiyuan(1)/Login/information
INFO: [ app_init ] --START--
INFO: Run Behavior\BuildLiteBehavior [ RunTime:0.000000s ]
INFO: [ app_init ] --END-- [ RunTime:0.000000s ]

[ 2016-09-14T16:20:13+08:00 ] 192.168.1.118 /zhihuiyuan(1)/Login/information
INFO: [ app_init ] --START--
INFO: Run Behavior\BuildLiteBehavior [ RunTime:0.000000s ]
INFO: [ app_init ] --END-- [ RunTime:0.000000s ]

[ 2016-09-14T16:22:15+08:00 ] 192.168.1.118 /zhihuiyuan(1)/Login/information
INFO: [ app_init ] --START--
INFO: Run Behavior\BuildLiteBehavior [ RunTime:0.000000s ]
INFO: [ app_init ] --END-- [ RunTime:0.000000s ]

[ 2016-09-14T16:23:00+08:00 ] 192.168.1.118 /zhihuiyuan(1)/Login/information
INFO: [ app_init ] --START--
INFO: Run Behavior\BuildLiteBehavior [ RunTime:0.000000s ]
INFO: [ app_init ] --END-- [ RunTime:0.001000s ]

[ 2016-09-14T16:24:01+08:00 ] 192.168.1.118 /zhihuiyuan(1)/Login/information
INFO: [ app_init ] --START--
INFO: Run Behavior\BuildLiteBehavior [ RunTime:0.000000s ]
INFO: [ app_init ] --END-- [ RunTime:0.000000s ]

[ 2016-09-14T16:24:08+08:00 ] 192.168.1.118 /zhihuiyuan(1)/Login/information
INFO: [ app_init ] --START--
INFO: Run Behavior\BuildLiteBehavior [ RunTime:0.000000s ]
INFO: [ app_init ] --END-- [ RunTime:0.001000s ]

[ 2016-09-14T16:24:52+08:00 ] 192.168.1.118 /zhihuiyuan(1)/Login/information
INFO: [ app_init ] --START--
INFO: Run Behavior\BuildLiteBehavior [ RunTime:0.000000s ]
INFO: [ app_init ] --END-- [ RunTime:0.000000s ]

[ 2016-09-14T16:25:23+08:00 ] 192.168.1.118 /zhihuiyuan(1)/Login/regmobile
INFO: [ app_init ] --START--
INFO: Run Behavior\BuildLiteBehavior [ RunTime:0.000000s ]
INFO: [ app_init ] --END-- [ RunTime:0.001001s ]

[ 2016-09-14T16:25:32+08:00 ] 192.168.1.118 /zhihuiyuan(1)/Login/index
INFO: [ app_init ] --START--
INFO: Run Behavior\BuildLiteBehavior [ RunTime:0.000000s ]
INFO: [ app_init ] --END-- [ RunTime:0.000000s ]

[ 2016-09-14T16:25:33+08:00 ] 192.168.1.118 /zhihuiyuan(1)/Login/information
INFO: [ app_init ] --START--
INFO: Run Behavior\BuildLiteBehavior [ RunTime:0.000000s ]
INFO: [ app_init ] --END-- [ RunTime:0.000000s ]

[ 2016-09-14T16:26:38+08:00 ] 192.168.1.118 /zhihuiyuan(1)/index.html
INFO: [ app_init ] --START--
INFO: Run Behavior\BuildLiteBehavior [ RunTime:0.000000s ]
INFO: [ app_init ] --END-- [ RunTime:0.000000s ]

[ 2016-09-14T16:26:58+08:00 ] 192.168.1.118 /zhihuiyuan(1)/Login/information
INFO: [ app_init ] --START--
INFO: Run Behavior\BuildLiteBehavior [ RunTime:0.000000s ]
INFO: [ app_init ] --END-- [ RunTime:0.001000s ]

[ 2016-09-14T16:27:15+08:00 ] 192.168.1.118 /zhihuiyuan(1)/index.html
INFO: [ app_init ] --START--
INFO: Run Behavior\BuildLiteBehavior [ RunTime:0.000000s ]
INFO: [ app_init ] --END-- [ RunTime:0.000000s ]

[ 2016-09-14T16:27:20+08:00 ] 192.168.1.118 /zhihuiyuan(1)/index.html
INFO: [ app_init ] --START--
INFO: Run Behavior\BuildLiteBehavior [ RunTime:0.000000s ]
INFO: [ app_init ] --END-- [ RunTime:0.000000s ]

[ 2016-09-14T16:27:30+08:00 ] 192.168.1.118 /zhihuiyuan(1)/index.html
INFO: [ app_init ] --START--
INFO: Run Behavior\BuildLiteBehavior [ RunTime:0.000000s ]
INFO: [ app_init ] --END-- [ RunTime:0.001001s ]

[ 2016-09-14T16:28:06+08:00 ] 192.168.1.118 /zhihuiyuan(1)/
INFO: [ app_init ] --START--
INFO: Run Behavior\BuildLiteBehavior [ RunTime:0.000000s ]
INFO: [ app_init ] --END-- [ RunTime:0.001000s ]

[ 2016-09-14T16:28:55+08:00 ] 192.168.1.118 /zhihuiyuan(1)/Glod/index/id/26
INFO: [ app_init ] --START--
INFO: Run Behavior\BuildLiteBehavior [ RunTime:0.000000s ]
INFO: [ app_init ] --END-- [ RunTime:0.001000s ]

[ 2016-09-14T16:29:25+08:00 ] 192.168.1.118 /zhihuiyuan(1)/Login/index
INFO: [ app_init ] --START--
INFO: Run Behavior\BuildLiteBehavior [ RunTime:0.000000s ]
INFO: [ app_init ] --END-- [ RunTime:0.000000s ]

[ 2016-09-14T16:29:42+08:00 ] 127.0.0.1 /zhihuiyuan(1)/Login/index
INFO: [ app_init ] --START--
INFO: Run Behavior\BuildLiteBehavior [ RunTime:0.000000s ]
INFO: [ app_init ] --END-- [ RunTime:0.000000s ]

[ 2016-09-14T16:30:45+08:00 ] 127.0.0.1 /zhihuiyuan(1)/index.html
INFO: [ app_init ] --START--
INFO: Run Behavior\BuildLiteBehavior [ RunTime:0.000000s ]
INFO: [ app_init ] --END-- [ RunTime:0.000000s ]

[ 2016-09-14T16:31:33+08:00 ] 192.168.1.118 /zhihuiyuan(1)/index.html
INFO: [ app_init ] --START--
INFO: Run Behavior\BuildLiteBehavior [ RunTime:0.000000s ]
INFO: [ app_init ] --END-- [ RunTime:0.000000s ]

[ 2016-09-14T16:31:42+08:00 ] 192.168.1.118 /zhihuiyuan(1)/index.html
INFO: [ app_init ] --START--
INFO: Run Behavior\BuildLiteBehavior [ RunTime:0.000000s ]
INFO: [ app_init ] --END-- [ RunTime:0.001000s ]

[ 2016-09-14T16:32:05+08:00 ] 127.0.0.1 /zhihuiyuan(1)/index.html
INFO: [ app_init ] --START--
INFO: Run Behavior\BuildLiteBehavior [ RunTime:0.000000s ]
INFO: [ app_init ] --END-- [ RunTime:0.001000s ]

[ 2016-09-14T16:32:47+08:00 ] 127.0.0.1 /zhihuiyuan(1)/index.html
INFO: [ app_init ] --START--
INFO: Run Behavior\BuildLiteBehavior [ RunTime:0.000000s ]
INFO: [ app_init ] --END-- [ RunTime:0.001000s ]

[ 2016-09-14T16:32:49+08:00 ] 192.168.1.118 /zhihuiyuan(1)/index.html
INFO: [ app_init ] --START--
INFO: Run Behavior\BuildLiteBehavior [ RunTime:0.000000s ]
INFO: [ app_init ] --END-- [ RunTime:0.001000s ]

[ 2016-09-14T16:35:14+08:00 ] 192.168.1.118 /zhihuiyuan(1)/index.html
INFO: [ app_init ] --START--
INFO: Run Behavior\BuildLiteBehavior [ RunTime:0.000000s ]
INFO: [ app_init ] --END-- [ RunTime:0.001000s ]

[ 2016-09-14T16:35:16+08:00 ] 192.168.1.118 /zhihuiyuan(1)/index.html
INFO: [ app_init ] --START--
INFO: Run Behavior\BuildLiteBehavior [ RunTime:0.000000s ]
INFO: [ app_init ] --END-- [ RunTime:0.000000s ]

[ 2016-09-14T16:35:43+08:00 ] 192.168.1.118 /zhihuiyuan(1)/
INFO: [ app_init ] --START--
INFO: Run Behavior\BuildLiteBehavior [ RunTime:0.000000s ]
INFO: [ app_init ] --END-- [ RunTime:0.001000s ]

[ 2016-09-14T16:39:05+08:00 ] 192.168.1.118 /zhihuiyuan(1)/index.html
INFO: [ app_init ] --START--
INFO: Run Behavior\BuildLiteBehavior [ RunTime:0.000000s ]
INFO: [ app_init ] --END-- [ RunTime:0.000000s ]

[ 2016-09-14T16:39:21+08:00 ] 192.168.1.118 /zhihuiyuan(1)/index.html
INFO: [ app_init ] --START--
INFO: Run Behavior\BuildLiteBehavior [ RunTime:0.000000s ]
INFO: [ app_init ] --END-- [ RunTime:0.000000s ]

[ 2016-09-14T16:39:43+08:00 ] 192.168.1.118 /zhihuiyuan(1)/Map/index
INFO: [ app_init ] --START--
INFO: Run Behavior\BuildLiteBehavior [ RunTime:0.000000s ]
INFO: [ app_init ] --END-- [ RunTime:0.000000s ]

[ 2016-09-14T16:40:15+08:00 ] 192.168.1.118 /zhihuiyuan(1)/Map/login.html
INFO: [ app_init ] --START--
INFO: Run Behavior\BuildLiteBehavior [ RunTime:0.000000s ]
INFO: [ app_init ] --END-- [ RunTime:0.001000s ]
ERR: 非法操作:login

[ 2016-09-14T16:40:27+08:00 ] 192.168.1.118 /zhihuiyuan(1)/
INFO: [ app_init ] --START--
INFO: Run Behavior\BuildLiteBehavior [ RunTime:0.000000s ]
INFO: [ app_init ] --END-- [ RunTime:0.000000s ]

[ 2016-09-14T16:40:31+08:00 ] 192.168.1.118 /zhihuiyuan(1)/Login/index
INFO: [ app_init ] --START--
INFO: Run Behavior\BuildLiteBehavior [ RunTime:0.000000s ]
INFO: [ app_init ] --END-- [ RunTime:0.000000s ]

[ 2016-09-14T16:40:38+08:00 ] 192.168.1.118 /zhihuiyuan(1)/Login/index
INFO: [ app_init ] --START--
INFO: Run Behavior\BuildLiteBehavior [ RunTime:0.000000s ]
INFO: [ app_init ] --END-- [ RunTime:0.001000s ]

[ 2016-09-14T16:41:28+08:00 ] 127.0.0.1 /zhihuiyuan(1)/Login/index
INFO: [ app_init ] --START--
INFO: Run Behavior\BuildLiteBehavior [ RunTime:0.000000s ]
INFO: [ app_init ] --END-- [ RunTime:0.000000s ]

[ 2016-09-14T16:44:29+08:00 ] 192.168.1.118 /zhihuiyuan(1)/Login/index
INFO: [ app_init ] --START--
INFO: Run Behavior\BuildLiteBehavior [ RunTime:0.000000s ]
INFO: [ app_init ] --END-- [ RunTime:0.001000s ]

[ 2016-09-14T16:45:11+08:00 ] 127.0.0.1 /zhihuiyuan(1)/Login/index
INFO: [ app_init ] --START--
INFO: Run Behavior\BuildLiteBehavior [ RunTime:0.000000s ]
INFO: [ app_init ] --END-- [ RunTime:0.001000s ]

[ 2016-09-14T16:45:19+08:00 ] 192.168.1.118 /zhihuiyuan(1)/Login/index
INFO: [ app_init ] --START--
INFO: Run Behavior\BuildLiteBehavior [ RunTime:0.000000s ]
INFO: [ app_init ] --END-- [ RunTime:0.001000s ]

[ 2016-09-14T16:45:35+08:00 ] 127.0.0.1 /zhihuiyuan(1)/Login/index
INFO: [ app_init ] --START--
INFO: Run Behavior\BuildLiteBehavior [ RunTime:0.000000s ]
INFO: [ app_init ] --END-- [ RunTime:0.001000s ]

[ 2016-09-14T16:45:44+08:00 ] 127.0.0.1 /zhihuiyuan(1)/Login/index
INFO: [ app_init ] --START--
INFO: Run Behavior\BuildLiteBehavior [ RunTime:0.000000s ]
INFO: [ app_init ] --END-- [ RunTime:0.001000s ]

[ 2016-09-14T16:45:47+08:00 ] 192.168.1.118 /zhihuiyuan(1)/Login/index
INFO: [ app_init ] --START--
INFO: Run Behavior\BuildLiteBehavior [ RunTime:0.000000s ]
INFO: [ app_init ] --END-- [ RunTime:0.000000s ]

[ 2016-09-14T16:45:47+08:00 ] 192.168.1.118 /zhihuiyuan(1)/Login/index
INFO: [ app_init ] --START--
INFO: Run Behavior\BuildLiteBehavior [ RunTime:0.000000s ]
INFO: [ app_init ] --END-- [ RunTime:0.000000s ]

[ 2016-09-14T16:45:49+08:00 ] 192.168.1.118 /zhihuiyuan(1)/Login/index
INFO: [ app_init ] --START--
INFO: Run Behavior\BuildLiteBehavior [ RunTime:0.000000s ]
INFO: [ app_init ] --END-- [ RunTime:0.001000s ]

[ 2016-09-14T16:45:50+08:00 ] 192.168.1.118 /zhihuiyuan(1)/Login/index
INFO: [ app_init ] --START--
INFO: Run Behavior\BuildLiteBehavior [ RunTime:0.000000s ]
INFO: [ app_init ] --END-- [ RunTime:0.000000s ]

[ 2016-09-14T16:45:51+08:00 ] 192.168.1.118 /zhihuiyuan(1)/Login/index
INFO: [ app_init ] --START--
INFO: Run Behavior\BuildLiteBehavior [ RunTime:0.000000s ]
INFO: [ app_init ] --END-- [ RunTime:0.001000s ]

[ 2016-09-14T16:45:56+08:00 ] 192.168.1.118 /zhihuiyuan(1)/Login/index
INFO: [ app_init ] --START--
INFO: Run Behavior\BuildLiteBehavior [ RunTime:0.000000s ]
INFO: [ app_init ] --END-- [ RunTime:0.001000s ]

[ 2016-09-14T16:45:57+08:00 ] 127.0.0.1 /zhihuiyuan(1)/Login/index
INFO: [ app_init ] --START--
INFO: Run Behavior\BuildLiteBehavior [ RunTime:0.000000s ]
INFO: [ app_init ] --END-- [ RunTime:0.000000s ]

[ 2016-09-14T16:45:58+08:00 ] 192.168.1.118 /zhihuiyuan(1)/Login/index
INFO: [ app_init ] --START--
INFO: Run Behavior\BuildLiteBehavior [ RunTime:0.000000s ]
INFO: [ app_init ] --END-- [ RunTime:0.000000s ]

[ 2016-09-14T16:45:59+08:00 ] 192.168.1.118 /zhihuiyuan(1)/Login/index
INFO: [ app_init ] --START--
INFO: Run Behavior\BuildLiteBehavior [ RunTime:0.000000s ]
INFO: [ app_init ] --END-- [ RunTime:0.001000s ]

[ 2016-09-14T16:46:00+08:00 ] 192.168.1.118 /zhihuiyuan(1)/Login/index
INFO: [ app_init ] --START--
INFO: Run Behavior\BuildLiteBehavior [ RunTime:0.000000s ]
INFO: [ app_init ] --END-- [ RunTime:0.000000s ]

[ 2016-09-14T16:46:02+08:00 ] 192.168.1.118 /zhihuiyuan(1)/Login/index
INFO: [ app_init ] --START--
INFO: Run Behavior\BuildLiteBehavior [ RunTime:0.000000s ]
INFO: [ app_init ] --END-- [ RunTime:0.000000s ]

[ 2016-09-14T16:46:11+08:00 ] 192.168.1.118 /zhihuiyuan(1)/Login/index
INFO: [ app_init ] --START--
INFO: Run Behavior\BuildLiteBehavior [ RunTime:0.000000s ]
INFO: [ app_init ] --END-- [ RunTime:0.000000s ]

[ 2016-09-14T16:46:21+08:00 ] 127.0.0.1 /zhihuiyuan(1)/Login/index
INFO: [ app_init ] --START--
INFO: Run Behavior\BuildLiteBehavior [ RunTime:0.000000s ]
INFO: [ app_init ] --END-- [ RunTime:0.001000s ]

[ 2016-09-14T16:46:23+08:00 ] 192.168.1.118 /zhihuiyuan(1)/Login/index
INFO: [ app_init ] --START--
INFO: Run Behavior\BuildLiteBehavior [ RunTime:0.000000s ]
INFO: [ app_init ] --END-- [ RunTime:0.000000s ]

[ 2016-09-14T16:46:27+08:00 ] 192.168.1.118 /zhihuiyuan(1)/Login/index
INFO: [ app_init ] --START--
INFO: Run Behavior\BuildLiteBehavior [ RunTime:0.000000s ]
INFO: [ app_init ] --END-- [ RunTime:0.000000s ]

[ 2016-09-14T16:46:36+08:00 ] 192.168.1.118 /zhihuiyuan(1)/Login/information
INFO: [ app_init ] --START--
INFO: Run Behavior\BuildLiteBehavior [ RunTime:0.000000s ]
INFO: [ app_init ] --END-- [ RunTime:0.000000s ]

[ 2016-09-14T16:47:06+08:00 ] 127.0.0.1 /zhihuiyuan(1)/Login/index
INFO: [ app_init ] --START--
INFO: Run Behavior\BuildLiteBehavior [ RunTime:0.000000s ]
INFO: [ app_init ] --END-- [ RunTime:0.001000s ]

[ 2016-09-14T16:47:15+08:00 ] 127.0.0.1 /zhihuiyuan(1)/Login/index
INFO: [ app_init ] --START--
INFO: Run Behavior\BuildLiteBehavior [ RunTime:0.000000s ]
INFO: [ app_init ] --END-- [ RunTime:0.000000s ]

[ 2016-09-14T16:47:34+08:00 ] 192.168.1.118 /zhihuiyuan(1)/Login/index
INFO: [ app_init ] --START--
INFO: Run Behavior\BuildLiteBehavior [ RunTime:0.000000s ]
INFO: [ app_init ] --END-- [ RunTime:0.001000s ]

[ 2016-09-14T16:48:14+08:00 ] 192.168.1.118 /zhihuiyuan(1)/Map/index
INFO: [ app_init ] --START--
INFO: Run Behavior\BuildLiteBehavior [ RunTime:0.000000s ]
INFO: [ app_init ] --END-- [ RunTime:0.000000s ]

[ 2016-09-14T16:48:15+08:00 ] 192.168.1.118 /zhihuiyuan(1)/Public/Home/css/swiper.min.css
INFO: [ app_init ] --START--
INFO: Run Behavior\BuildLiteBehavior [ RunTime:0.000000s ]
INFO: [ app_init ] --END-- [ RunTime:0.001000s ]
ERR: 无法加载控制器:Public

[ 2016-09-14T16:48:15+08:00 ] 192.168.1.118 /zhihuiyuan(1)/Public/Home/js/swiper.jquery.min.js
INFO: [ app_init ] --START--
INFO: Run Behavior\BuildLiteBehavior [ RunTime:0.000000s ]
INFO: [ app_init ] --END-- [ RunTime:0.001000s ]
ERR: 无法加载控制器:Public

[ 2016-09-14T16:49:39+08:00 ] 127.0.0.1 /zhihuiyuan(1)/Login/index
INFO: [ app_init ] --START--
INFO: Run Behavior\BuildLiteBehavior [ RunTime:0.000000s ]
INFO: [ app_init ] --END-- [ RunTime:0.000000s ]

[ 2016-09-14T16:49:46+08:00 ] 127.0.0.1 /zhihuiyuan(1)/Login/index
INFO: [ app_init ] --START--
INFO: Run Behavior\BuildLiteBehavior [ RunTime:0.000000s ]
INFO: [ app_init ] --END-- [ RunTime:0.000000s ]

[ 2016-09-14T16:49:52+08:00 ] 192.168.1.118 /zhihuiyuan(1)/Login/index
INFO: [ app_init ] --START--
INFO: Run Behavior\BuildLiteBehavior [ RunTime:0.000000s ]
INFO: [ app_init ] --END-- [ RunTime:0.001000s ]

[ 2016-09-14T16:50:05+08:00 ] 192.168.1.118 /zhihuiyuan(1)/Login/index
INFO: [ app_init ] --START--
INFO: Run Behavior\BuildLiteBehavior [ RunTime:0.000000s ]
INFO: [ app_init ] --END-- [ RunTime:0.000000s ]

[ 2016-09-14T16:50:16+08:00 ] 192.168.1.118 /zhihuiyuan(1)/Login/index
INFO: [ app_init ] --START--
INFO: Run Behavior\BuildLiteBehavior [ RunTime:0.000000s ]
INFO: [ app_init ] --END-- [ RunTime:0.001000s ]

[ 2016-09-14T16:51:29+08:00 ] 192.168.1.118 /zhihuiyuan(1)/Login/information
INFO: [ app_init ] --START--
INFO: Run Behavior\BuildLiteBehavior [ RunTime:0.000000s ]
INFO: [ app_init ] --END-- [ RunTime:0.000000s ]

[ 2016-09-14T16:51:32+08:00 ] 192.168.1.118 /zhihuiyuan(1)/Login/index
INFO: [ app_init ] --START--
INFO: Run Behavior\BuildLiteBehavior [ RunTime:0.000000s ]
INFO: [ app_init ] --END-- [ RunTime:0.001000s ]

[ 2016-09-14T16:53:26+08:00 ] 192.168.1.118 /zhihuiyuan(1)/Login/index
INFO: [ app_init ] --START--
INFO: Run Behavior\BuildLiteBehavior [ RunTime:0.000000s ]
INFO: [ app_init ] --END-- [ RunTime:0.000000s ]

[ 2016-09-14T16:54:04+08:00 ] 192.168.1.118 /zhihuiyuan(1)/Login/index
INFO: [ app_init ] --START--
INFO: Run Behavior\BuildLiteBehavior [ RunTime:0.000000s ]
INFO: [ app_init ] --END-- [ RunTime:0.000000s ]

[ 2016-09-14T16:54:40+08:00 ] 127.0.0.1 /zhihuiyuan(1)/Login/index
INFO: [ app_init ] --START--
INFO: Run Behavior\BuildLiteBehavior [ RunTime:0.000000s ]
INFO: [ app_init ] --END-- [ RunTime:0.001000s ]

[ 2016-09-14T16:54:44+08:00 ] 192.168.1.118 /zhihuiyuan(1)/Login/index
INFO: [ app_init ] --START--
INFO: Run Behavior\BuildLiteBehavior [ RunTime:0.000000s ]
INFO: [ app_init ] --END-- [ RunTime:0.001000s ]

[ 2016-09-14T16:56:45+08:00 ] 192.168.1.118 /zhihuiyuan(1)/Login/login
INFO: [ app_init ] --START--
INFO: Run Behavior\BuildLiteBehavior [ RunTime:0.000000s ]
INFO: [ app_init ] --END-- [ RunTime:0.001000s ]

[ 2016-09-14T16:56:49+08:00 ] 192.168.1.118 /zhihuiyuan(1)/Login/login
INFO: [ app_init ] --START--
INFO: Run Behavior\BuildLiteBehavior [ RunTime:0.000000s ]
INFO: [ app_init ] --END-- [ RunTime:0.001000s ]

[ 2016-09-14T16:56:55+08:00 ] 192.168.1.118 /zhihuiyuan(1)/Login/login
INFO: [ app_init ] --START--
INFO: Run Behavior\BuildLiteBehavior [ RunTime:0.000000s ]
INFO: [ app_init ] --END-- [ RunTime:0.000000s ]

[ 2016-09-14T16:57:08+08:00 ] 192.168.1.118 /zhihuiyuan(1)/Login/regmobile
INFO: [ app_init ] --START--
INFO: Run Behavior\BuildLiteBehavior [ RunTime:0.000000s ]
INFO: [ app_init ] --END-- [ RunTime:0.000000s ]

[ 2016-09-14T16:57:22+08:00 ] 127.0.0.1 /zhihuiyuan(1)/Login/regmobile
INFO: [ app_init ] --START--
INFO: Run Behavior\BuildLiteBehavior [ RunTime:0.000000s ]
INFO: [ app_init ] --END-- [ RunTime:0.001000s ]

[ 2016-09-14T16:58:25+08:00 ] 192.168.1.118 /zhihuiyuan(1)/Login/regmobile
INFO: [ app_init ] --START--
INFO: Run Behavior\BuildLiteBehavior [ RunTime:0.000000s ]
INFO: [ app_init ] --END-- [ RunTime:0.000000s ]

