[ 2016-09-18T10:21:04+08:00 ] 127.0.0.1 /zhihuiyuan/zhihuiyuanPhone/
INFO: [ app_init ] --START--
INFO: Run Behavior\BuildLiteBehavior [ RunTime:0.000000s ]
INFO: [ app_init ] --END-- [ RunTime:0.001000s ]

[ 2016-09-18T10:21:09+08:00 ] 127.0.0.1 /zhihuiyuan/zhihuiyuanPhone/Login/index
INFO: [ app_init ] --START--
INFO: Run Behavior\BuildLiteBehavior [ RunTime:0.000000s ]
INFO: [ app_init ] --END-- [ RunTime:0.001000s ]

[ 2016-09-18T10:21:11+08:00 ] 127.0.0.1 /zhihuiyuan/zhihuiyuanPhone/index.html
INFO: [ app_init ] --START--
INFO: Run Behavior\BuildLiteBehavior [ RunTime:0.000000s ]
INFO: [ app_init ] --END-- [ RunTime:0.001000s ]

[ 2016-09-18T10:29:52+08:00 ] 127.0.0.1 /zhihuiyuan/zhihuiyuanPhone/Login/index
INFO: [ app_init ] --START--
INFO: Run Behavior\BuildLiteBehavior [ RunTime:0.000000s ]
INFO: [ app_init ] --END-- [ RunTime:0.000000s ]

[ 2016-09-18T10:29:59+08:00 ] 127.0.0.1 /zhihuiyuan/zhihuiyuanPhone/index.html
INFO: [ app_init ] --START--
INFO: Run Behavior\BuildLiteBehavior [ RunTime:0.000000s ]
INFO: [ app_init ] --END-- [ RunTime:0.000000s ]

[ 2016-09-18T10:32:30+08:00 ] 127.0.0.1 /zhihuiyuan/zhihuiyuanPhone/Login/index
INFO: [ app_init ] --START--
INFO: Run Behavior\BuildLiteBehavior [ RunTime:0.000000s ]
INFO: [ app_init ] --END-- [ RunTime:0.000000s ]

[ 2016-09-18T10:34:38+08:00 ] 127.0.0.1 /zhihuiyuan/zhihuiyuanPhone/Login/index
INFO: [ app_init ] --START--
INFO: Run Behavior\BuildLiteBehavior [ RunTime:0.000000s ]
INFO: [ app_init ] --END-- [ RunTime:0.000000s ]

[ 2016-09-18T10:34:39+08:00 ] 127.0.0.1 /zhihuiyuan/zhihuiyuanPhone/Login/index
INFO: [ app_init ] --START--
INFO: Run Behavior\BuildLiteBehavior [ RunTime:0.000000s ]
INFO: [ app_init ] --END-- [ RunTime:0.015600s ]

[ 2016-09-18T10:34:40+08:00 ] 127.0.0.1 /zhihuiyuan/zhihuiyuanPhone/Login/index
INFO: [ app_init ] --START--
INFO: Run Behavior\BuildLiteBehavior [ RunTime:0.000000s ]
INFO: [ app_init ] --END-- [ RunTime:0.000000s ]

[ 2016-09-18T10:34:49+08:00 ] 127.0.0.1 /zhihuiyuan/zhihuiyuanPhone/index.html
INFO: [ app_init ] --START--
INFO: Run Behavior\BuildLiteBehavior [ RunTime:0.000000s ]
INFO: [ app_init ] --END-- [ RunTime:0.000000s ]

[ 2016-09-18T10:34:55+08:00 ] 127.0.0.1 /zhihuiyuan/zhihuiyuanPhone/Login/index
INFO: [ app_init ] --START--
INFO: Run Behavior\BuildLiteBehavior [ RunTime:0.000000s ]
INFO: [ app_init ] --END-- [ RunTime:0.000000s ]

[ 2016-09-18T10:35:01+08:00 ] 127.0.0.1 /zhihuiyuan/zhihuiyuanPhone/index.html
INFO: [ app_init ] --START--
INFO: Run Behavior\BuildLiteBehavior [ RunTime:0.000000s ]
INFO: [ app_init ] --END-- [ RunTime:0.000000s ]

[ 2016-09-18T10:35:06+08:00 ] 127.0.0.1 /zhihuiyuan/zhihuiyuanPhone/Map/index
INFO: [ app_init ] --START--
INFO: Run Behavior\BuildLiteBehavior [ RunTime:0.000000s ]
INFO: [ app_init ] --END-- [ RunTime:0.000000s ]

[ 2016-09-18T10:35:06+08:00 ] 127.0.0.1 /zhihuiyuan/zhihuiyuanPhone/Public/Home/css/swiper.min.css
INFO: [ app_init ] --START--
INFO: Run Behavior\BuildLiteBehavior [ RunTime:0.000000s ]
INFO: [ app_init ] --END-- [ RunTime:0.001000s ]
ERR: 无法加载控制器:Public

[ 2016-09-18T10:35:06+08:00 ] 127.0.0.1 /zhihuiyuan/zhihuiyuanPhone/Public/Home/js/swiper.jquery.min.js
INFO: [ app_init ] --START--
INFO: Run Behavior\BuildLiteBehavior [ RunTime:0.000000s ]
INFO: [ app_init ] --END-- [ RunTime:0.001000s ]
ERR: 无法加载控制器:Public

[ 2016-09-18T10:35:12+08:00 ] 127.0.0.1 /zhihuiyuan/zhihuiyuanPhone/index.html
INFO: [ app_init ] --START--
INFO: Run Behavior\BuildLiteBehavior [ RunTime:0.000000s ]
INFO: [ app_init ] --END-- [ RunTime:0.001000s ]

[ 2016-09-18T10:35:13+08:00 ] 127.0.0.1 /zhihuiyuan/zhihuiyuanPhone/Glod/index/id/2
INFO: [ app_init ] --START--
INFO: Run Behavior\BuildLiteBehavior [ RunTime:0.000000s ]
INFO: [ app_init ] --END-- [ RunTime:0.000000s ]

[ 2016-09-18T10:36:11+08:00 ] 127.0.0.1 /zhihuiyuan/zhihuiyuanPhone/Login/index
INFO: [ app_init ] --START--
INFO: Run Behavior\BuildLiteBehavior [ RunTime:0.000000s ]
INFO: [ app_init ] --END-- [ RunTime:0.000000s ]

[ 2016-09-18T10:36:13+08:00 ] 127.0.0.1 /zhihuiyuan/zhihuiyuanPhone/Login/information
INFO: [ app_init ] --START--
INFO: Run Behavior\BuildLiteBehavior [ RunTime:0.000000s ]
INFO: [ app_init ] --END-- [ RunTime:0.000000s ]

[ 2016-09-18T10:37:22+08:00 ] 127.0.0.1 /zhihuiyuan/zhihuiyuanPhone/index.html
INFO: [ app_init ] --START--
INFO: Run Behavior\BuildLiteBehavior [ RunTime:0.000000s ]
INFO: [ app_init ] --END-- [ RunTime:0.001000s ]

[ 2016-09-18T10:38:59+08:00 ] 127.0.0.1 /zhihuiyuan/zhihuiyuanPhone/index.html
INFO: [ app_init ] --START--
INFO: Run Behavior\BuildLiteBehavior [ RunTime:0.000000s ]
INFO: [ app_init ] --END-- [ RunTime:0.000000s ]

[ 2016-09-18T10:40:09+08:00 ] 127.0.0.1 /zhihuiyuan/zhihuiyuanPhone/index.html
INFO: [ app_init ] --START--
INFO: Run Behavior\BuildLiteBehavior [ RunTime:0.000000s ]
INFO: [ app_init ] --END-- [ RunTime:0.001000s ]

[ 2016-09-18T10:40:52+08:00 ] 127.0.0.1 /zhihuiyuan/zhihuiyuanPhone/index.html
INFO: [ app_init ] --START--
INFO: Run Behavior\BuildLiteBehavior [ RunTime:0.000000s ]
INFO: [ app_init ] --END-- [ RunTime:0.000000s ]

[ 2016-09-18T11:06:21+08:00 ] 127.0.0.1 /zhihuiyuan/zhihuiyuanPhone/index.html
INFO: [ app_init ] --START--
INFO: Run Behavior\BuildLiteBehavior [ RunTime:0.000000s ]
INFO: [ app_init ] --END-- [ RunTime:0.001000s ]

[ 2016-09-18T11:08:21+08:00 ] 127.0.0.1 /zhihuiyuan/zhihuiyuanPhone/Login/index
INFO: [ app_init ] --START--
INFO: Run Behavior\BuildLiteBehavior [ RunTime:0.000000s ]
INFO: [ app_init ] --END-- [ RunTime:0.000000s ]

[ 2016-09-18T11:11:56+08:00 ] 127.0.0.1 /zhihuiyuan/zhihuiyuanPhone/index.html
INFO: [ app_init ] --START--
INFO: Run Behavior\BuildLiteBehavior [ RunTime:0.000000s ]
INFO: [ app_init ] --END-- [ RunTime:0.001000s ]

[ 2016-09-18T11:12:11+08:00 ] 127.0.0.1 /zhihuiyuan/zhihuiyuanPhone/index.html
INFO: [ app_init ] --START--
INFO: Run Behavior\BuildLiteBehavior [ RunTime:0.000000s ]
INFO: [ app_init ] --END-- [ RunTime:0.000000s ]

[ 2016-09-18T11:12:17+08:00 ] 127.0.0.1 /zhihuiyuan/zhihuiyuanPhone/Login/index
INFO: [ app_init ] --START--
INFO: Run Behavior\BuildLiteBehavior [ RunTime:0.000000s ]
INFO: [ app_init ] --END-- [ RunTime:0.000000s ]

[ 2016-09-18T11:12:21+08:00 ] 127.0.0.1 /zhihuiyuan/zhihuiyuanPhone/index.html
INFO: [ app_init ] --START--
INFO: Run Behavior\BuildLiteBehavior [ RunTime:0.000000s ]
INFO: [ app_init ] --END-- [ RunTime:0.000000s ]

[ 2016-09-18T11:12:25+08:00 ] 127.0.0.1 /zhihuiyuan/zhihuiyuanPhone/Login/index
INFO: [ app_init ] --START--
INFO: Run Behavior\BuildLiteBehavior [ RunTime:0.000000s ]
INFO: [ app_init ] --END-- [ RunTime:0.000000s ]

[ 2016-09-18T11:12:27+08:00 ] 127.0.0.1 /zhihuiyuan/zhihuiyuanPhone/index.html
INFO: [ app_init ] --START--
INFO: Run Behavior\BuildLiteBehavior [ RunTime:0.000000s ]
INFO: [ app_init ] --END-- [ RunTime:0.001000s ]

[ 2016-09-18T11:12:30+08:00 ] 127.0.0.1 /zhihuiyuan/zhihuiyuanPhone/Login/index
INFO: [ app_init ] --START--
INFO: Run Behavior\BuildLiteBehavior [ RunTime:0.000000s ]
INFO: [ app_init ] --END-- [ RunTime:0.001000s ]

[ 2016-09-18T11:13:07+08:00 ] 127.0.0.1 /zhihuiyuan/zhihuiyuanPhone/index.html
INFO: [ app_init ] --START--
INFO: Run Behavior\BuildLiteBehavior [ RunTime:0.000000s ]
INFO: [ app_init ] --END-- [ RunTime:0.001000s ]

[ 2016-09-18T11:13:10+08:00 ] 127.0.0.1 /zhihuiyuan/zhihuiyuanPhone/Login/index
INFO: [ app_init ] --START--
INFO: Run Behavior\BuildLiteBehavior [ RunTime:0.001000s ]
INFO: [ app_init ] --END-- [ RunTime:0.001000s ]

[ 2016-09-18T11:13:11+08:00 ] 127.0.0.1 /zhihuiyuan/zhihuiyuanPhone/Login/login
INFO: [ app_init ] --START--
INFO: Run Behavior\BuildLiteBehavior [ RunTime:0.000000s ]
INFO: [ app_init ] --END-- [ RunTime:0.000000s ]

[ 2016-09-18T11:13:15+08:00 ] 127.0.0.1 /zhihuiyuan/zhihuiyuanPhone/Login/regmobile
INFO: [ app_init ] --START--
INFO: Run Behavior\BuildLiteBehavior [ RunTime:0.000000s ]
INFO: [ app_init ] --END-- [ RunTime:0.000000s ]

[ 2016-09-18T11:15:17+08:00 ] 127.0.0.1 /zhihuiyuan/zhihuiyuanPhone/Login/index
INFO: [ app_init ] --START--
INFO: Run Behavior\BuildLiteBehavior [ RunTime:0.000000s ]
INFO: [ app_init ] --END-- [ RunTime:0.000000s ]

[ 2016-09-18T11:15:45+08:00 ] 127.0.0.1 /zhihuiyuan/zhihuiyuanPhone/Login/index
INFO: [ app_init ] --START--
INFO: Run Behavior\BuildLiteBehavior [ RunTime:0.000000s ]
INFO: [ app_init ] --END-- [ RunTime:0.000000s ]

[ 2016-09-18T11:15:46+08:00 ] 127.0.0.1 /zhihuiyuan/zhihuiyuanPhone/Login/regmobile
INFO: [ app_init ] --START--
INFO: Run Behavior\BuildLiteBehavior [ RunTime:0.000000s ]
INFO: [ app_init ] --END-- [ RunTime:0.000000s ]

[ 2016-09-18T11:15:49+08:00 ] 127.0.0.1 /zhihuiyuan/zhihuiyuanPhone/Login/index
INFO: [ app_init ] --START--
INFO: Run Behavior\BuildLiteBehavior [ RunTime:0.000000s ]
INFO: [ app_init ] --END-- [ RunTime:0.001000s ]

[ 2016-09-18T11:15:50+08:00 ] 127.0.0.1 /zhihuiyuan/zhihuiyuanPhone/Login/regmobile
INFO: [ app_init ] --START--
INFO: Run Behavior\BuildLiteBehavior [ RunTime:0.000000s ]
INFO: [ app_init ] --END-- [ RunTime:0.000000s ]

[ 2016-09-18T11:15:52+08:00 ] 127.0.0.1 /zhihuiyuan/zhihuiyuanPhone/Login/index
INFO: [ app_init ] --START--
INFO: Run Behavior\BuildLiteBehavior [ RunTime:0.000000s ]
INFO: [ app_init ] --END-- [ RunTime:0.001000s ]

[ 2016-09-18T11:15:55+08:00 ] 127.0.0.1 /zhihuiyuan/zhihuiyuanPhone/Login/regmobile
INFO: [ app_init ] --START--
INFO: Run Behavior\BuildLiteBehavior [ RunTime:0.000000s ]
INFO: [ app_init ] --END-- [ RunTime:0.000000s ]

[ 2016-09-18T11:15:56+08:00 ] 127.0.0.1 /zhihuiyuan/zhihuiyuanPhone/Login/index
INFO: [ app_init ] --START--
INFO: Run Behavior\BuildLiteBehavior [ RunTime:0.000000s ]
INFO: [ app_init ] --END-- [ RunTime:0.000000s ]

[ 2016-09-18T11:15:57+08:00 ] 127.0.0.1 /zhihuiyuan/zhihuiyuanPhone/Login/information
INFO: [ app_init ] --START--
INFO: Run Behavior\BuildLiteBehavior [ RunTime:0.000000s ]
INFO: [ app_init ] --END-- [ RunTime:0.000000s ]

[ 2016-09-18T11:15:59+08:00 ] 127.0.0.1 /zhihuiyuan/zhihuiyuanPhone/Login/index
INFO: [ app_init ] --START--
INFO: Run Behavior\BuildLiteBehavior [ RunTime:0.000000s ]
INFO: [ app_init ] --END-- [ RunTime:0.000000s ]

[ 2016-09-18T11:16:15+08:00 ] 127.0.0.1 /zhihuiyuan/zhihuiyuanPhone/Login/index.html
INFO: [ app_init ] --START--
INFO: Run Behavior\BuildLiteBehavior [ RunTime:0.000000s ]
INFO: [ app_init ] --END-- [ RunTime:0.000000s ]

[ 2016-09-18T11:16:17+08:00 ] 127.0.0.1 /zhihuiyuan/zhihuiyuanPhone/Login/index.html
INFO: [ app_init ] --START--
INFO: Run Behavior\BuildLiteBehavior [ RunTime:0.000000s ]
INFO: [ app_init ] --END-- [ RunTime:0.001000s ]

[ 2016-09-18T11:16:18+08:00 ] 127.0.0.1 /zhihuiyuan/zhihuiyuanPhone/Login/index.html
INFO: [ app_init ] --START--
INFO: Run Behavior\BuildLiteBehavior [ RunTime:0.000000s ]
INFO: [ app_init ] --END-- [ RunTime:0.001000s ]

[ 2016-09-18T11:16:18+08:00 ] 127.0.0.1 /zhihuiyuan/zhihuiyuanPhone/Login/index.html
INFO: [ app_init ] --START--
INFO: Run Behavior\BuildLiteBehavior [ RunTime:0.000000s ]
INFO: [ app_init ] --END-- [ RunTime:0.001000s ]

[ 2016-09-18T11:16:18+08:00 ] 127.0.0.1 /zhihuiyuan/zhihuiyuanPhone/Login/index.html
INFO: [ app_init ] --START--
INFO: Run Behavior\BuildLiteBehavior [ RunTime:0.000000s ]
INFO: [ app_init ] --END-- [ RunTime:0.001000s ]

[ 2016-09-18T11:16:19+08:00 ] 127.0.0.1 /zhihuiyuan/zhihuiyuanPhone/Login/index.html
INFO: [ app_init ] --START--
INFO: Run Behavior\BuildLiteBehavior [ RunTime:0.000000s ]
INFO: [ app_init ] --END-- [ RunTime:0.000000s ]

[ 2016-09-18T11:16:19+08:00 ] 127.0.0.1 /zhihuiyuan/zhihuiyuanPhone/Login/index.html
INFO: [ app_init ] --START--
INFO: Run Behavior\BuildLiteBehavior [ RunTime:0.000000s ]
INFO: [ app_init ] --END-- [ RunTime:0.001000s ]

[ 2016-09-18T11:16:20+08:00 ] 127.0.0.1 /zhihuiyuan/zhihuiyuanPhone/Login/index.html
INFO: [ app_init ] --START--
INFO: Run Behavior\BuildLiteBehavior [ RunTime:0.000000s ]
INFO: [ app_init ] --END-- [ RunTime:0.001000s ]

[ 2016-09-18T11:16:20+08:00 ] 127.0.0.1 /zhihuiyuan/zhihuiyuanPhone/Login/index.html
INFO: [ app_init ] --START--
INFO: Run Behavior\BuildLiteBehavior [ RunTime:0.000000s ]
INFO: [ app_init ] --END-- [ RunTime:0.000000s ]

[ 2016-09-18T11:16:21+08:00 ] 127.0.0.1 /zhihuiyuan/zhihuiyuanPhone/Login/index.html
INFO: [ app_init ] --START--
INFO: Run Behavior\BuildLiteBehavior [ RunTime:0.000000s ]
INFO: [ app_init ] --END-- [ RunTime:0.000000s ]

[ 2016-09-18T11:16:22+08:00 ] 127.0.0.1 /zhihuiyuan/zhihuiyuanPhone/Login/index.html
INFO: [ app_init ] --START--
INFO: Run Behavior\BuildLiteBehavior [ RunTime:0.000000s ]
INFO: [ app_init ] --END-- [ RunTime:0.001000s ]

[ 2016-09-18T11:16:24+08:00 ] 127.0.0.1 /zhihuiyuan/zhihuiyuanPhone/Login/index
INFO: [ app_init ] --START--
INFO: Run Behavior\BuildLiteBehavior [ RunTime:0.000000s ]
INFO: [ app_init ] --END-- [ RunTime:0.001000s ]

[ 2016-09-18T11:16:24+08:00 ] 127.0.0.1 /zhihuiyuan/zhihuiyuanPhone/Map/index
INFO: [ app_init ] --START--
INFO: Run Behavior\BuildLiteBehavior [ RunTime:0.000000s ]
INFO: [ app_init ] --END-- [ RunTime:0.001000s ]

[ 2016-09-18T11:16:24+08:00 ] 127.0.0.1 /zhihuiyuan/zhihuiyuanPhone/Public/Home/css/swiper.min.css
INFO: [ app_init ] --START--
INFO: Run Behavior\BuildLiteBehavior [ RunTime:0.000000s ]
INFO: [ app_init ] --END-- [ RunTime:0.001000s ]
ERR: 无法加载控制器:Public

[ 2016-09-18T11:16:24+08:00 ] 127.0.0.1 /zhihuiyuan/zhihuiyuanPhone/Public/Home/js/swiper.jquery.min.js
INFO: [ app_init ] --START--
INFO: Run Behavior\BuildLiteBehavior [ RunTime:0.000000s ]
INFO: [ app_init ] --END-- [ RunTime:0.001000s ]
ERR: 无法加载控制器:Public

[ 2016-09-18T11:16:26+08:00 ] 127.0.0.1 /zhihuiyuan/zhihuiyuanPhone/index.html
INFO: [ app_init ] --START--
INFO: Run Behavior\BuildLiteBehavior [ RunTime:0.000000s ]
INFO: [ app_init ] --END-- [ RunTime:0.000000s ]

[ 2016-09-18T11:16:27+08:00 ] 127.0.0.1 /zhihuiyuan/zhihuiyuanPhone/Login/index
INFO: [ app_init ] --START--
INFO: Run Behavior\BuildLiteBehavior [ RunTime:0.000000s ]
INFO: [ app_init ] --END-- [ RunTime:0.000000s ]

[ 2016-09-18T11:16:28+08:00 ] 127.0.0.1 /zhihuiyuan/zhihuiyuanPhone/Login/index.html
INFO: [ app_init ] --START--
INFO: Run Behavior\BuildLiteBehavior [ RunTime:0.000000s ]
INFO: [ app_init ] --END-- [ RunTime:0.000000s ]

[ 2016-09-18T11:16:29+08:00 ] 127.0.0.1 /zhihuiyuan/zhihuiyuanPhone/Login/index.html
INFO: [ app_init ] --START--
INFO: Run Behavior\BuildLiteBehavior [ RunTime:0.000000s ]
INFO: [ app_init ] --END-- [ RunTime:0.001000s ]

[ 2016-09-18T11:16:56+08:00 ] 127.0.0.1 /zhihuiyuan/zhihuiyuanPhone/Login/index.html
INFO: [ app_init ] --START--
INFO: Run Behavior\BuildLiteBehavior [ RunTime:0.000000s ]
INFO: [ app_init ] --END-- [ RunTime:0.000000s ]

[ 2016-09-18T11:16:58+08:00 ] 127.0.0.1 /zhihuiyuan/zhihuiyuanPhone/index.html
INFO: [ app_init ] --START--
INFO: Run Behavior\BuildLiteBehavior [ RunTime:0.000000s ]
INFO: [ app_init ] --END-- [ RunTime:0.000000s ]

[ 2016-09-18T11:17:00+08:00 ] 127.0.0.1 /zhihuiyuan/zhihuiyuanPhone/Login/index
INFO: [ app_init ] --START--
INFO: Run Behavior\BuildLiteBehavior [ RunTime:0.000000s ]
INFO: [ app_init ] --END-- [ RunTime:0.000000s ]

[ 2016-09-18T11:17:02+08:00 ] 127.0.0.1 /zhihuiyuan/zhihuiyuanPhone/index.html
INFO: [ app_init ] --START--
INFO: Run Behavior\BuildLiteBehavior [ RunTime:0.000000s ]
INFO: [ app_init ] --END-- [ RunTime:0.001000s ]

[ 2016-09-18T11:17:04+08:00 ] 127.0.0.1 /zhihuiyuan/zhihuiyuanPhone/Glod/index/id/2
INFO: [ app_init ] --START--
INFO: Run Behavior\BuildLiteBehavior [ RunTime:0.000000s ]
INFO: [ app_init ] --END-- [ RunTime:0.001000s ]

[ 2016-09-18T11:17:08+08:00 ] 127.0.0.1 /zhihuiyuan/zhihuiyuanPhone/index.html
INFO: [ app_init ] --START--
INFO: Run Behavior\BuildLiteBehavior [ RunTime:0.000000s ]
INFO: [ app_init ] --END-- [ RunTime:0.001000s ]

[ 2016-09-18T11:17:11+08:00 ] 127.0.0.1 /zhihuiyuan/zhihuiyuanPhone/Glod/index/id/4
INFO: [ app_init ] --START--
INFO: Run Behavior\BuildLiteBehavior [ RunTime:0.000000s ]
INFO: [ app_init ] --END-- [ RunTime:0.001000s ]

[ 2016-09-18T11:29:44+08:00 ] 127.0.0.1 /zhihuiyuan/zhihuiyuanPhone/
INFO: [ app_init ] --START--
INFO: Run Behavior\BuildLiteBehavior [ RunTime:0.000000s ]
INFO: [ app_init ] --END-- [ RunTime:0.000000s ]

[ 2016-09-18T11:31:14+08:00 ] 127.0.0.1 /zhihuiyuan/zhihuiyuanPhone/
INFO: [ app_init ] --START--
INFO: Run Behavior\BuildLiteBehavior [ RunTime:0.000000s ]
INFO: [ app_init ] --END-- [ RunTime:0.001000s ]

[ 2016-09-18T11:31:15+08:00 ] 127.0.0.1 /zhihuiyuan/zhihuiyuanPhone/
INFO: [ app_init ] --START--
INFO: Run Behavior\BuildLiteBehavior [ RunTime:0.000000s ]
INFO: [ app_init ] --END-- [ RunTime:0.001000s ]

[ 2016-09-18T11:31:15+08:00 ] 127.0.0.1 /zhihuiyuan/zhihuiyuanPhone/
INFO: [ app_init ] --START--
INFO: Run Behavior\BuildLiteBehavior [ RunTime:0.000000s ]
INFO: [ app_init ] --END-- [ RunTime:0.001000s ]

[ 2016-09-18T11:31:16+08:00 ] 127.0.0.1 /zhihuiyuan/zhihuiyuanPhone/
INFO: [ app_init ] --START--
INFO: Run Behavior\BuildLiteBehavior [ RunTime:0.001000s ]
INFO: [ app_init ] --END-- [ RunTime:0.001000s ]

[ 2016-09-18T11:31:21+08:00 ] 127.0.0.1 /zhihuiyuan/zhihuiyuanPhone/Glod/index/id/9
INFO: [ app_init ] --START--
INFO: Run Behavior\BuildLiteBehavior [ RunTime:0.000000s ]
INFO: [ app_init ] --END-- [ RunTime:0.001000s ]

[ 2016-09-18T11:31:49+08:00 ] 127.0.0.1 /zhihuiyuan/zhihuiyuanPhone/
INFO: [ app_init ] --START--
INFO: Run Behavior\BuildLiteBehavior [ RunTime:0.000000s ]
INFO: [ app_init ] --END-- [ RunTime:0.000000s ]

[ 2016-09-18T11:33:22+08:00 ] 127.0.0.1 /zhihuiyuan/zhihuiyuanPhone/
INFO: [ app_init ] --START--
INFO: Run Behavior\BuildLiteBehavior [ RunTime:0.000000s ]
INFO: [ app_init ] --END-- [ RunTime:0.001000s ]

[ 2016-09-18T11:33:25+08:00 ] 127.0.0.1 /zhihuiyuan/zhihuiyuanPhone/Glod/index/id/9
INFO: [ app_init ] --START--
INFO: Run Behavior\BuildLiteBehavior [ RunTime:0.000000s ]
INFO: [ app_init ] --END-- [ RunTime:0.001000s ]

[ 2016-09-18T11:34:16+08:00 ] 127.0.0.1 /zhihuiyuan/zhihuiyuanPhone/
INFO: [ app_init ] --START--
INFO: Run Behavior\BuildLiteBehavior [ RunTime:0.000000s ]
INFO: [ app_init ] --END-- [ RunTime:0.000000s ]

[ 2016-09-18T11:34:17+08:00 ] 127.0.0.1 /zhihuiyuan/zhihuiyuanPhone/
INFO: [ app_init ] --START--
INFO: Run Behavior\BuildLiteBehavior [ RunTime:0.000000s ]
INFO: [ app_init ] --END-- [ RunTime:0.001000s ]

[ 2016-09-18T11:34:44+08:00 ] 127.0.0.1 /zhihuiyuan/zhihuiyuanPhone/
INFO: [ app_init ] --START--
INFO: Run Behavior\BuildLiteBehavior [ RunTime:0.000000s ]
INFO: [ app_init ] --END-- [ RunTime:0.001000s ]

[ 2016-09-18T11:36:31+08:00 ] 127.0.0.1 /zhihuiyuan/zhihuiyuanPhone/
INFO: [ app_init ] --START--
INFO: Run Behavior\BuildLiteBehavior [ RunTime:0.000000s ]
INFO: [ app_init ] --END-- [ RunTime:0.001000s ]

[ 2016-09-18T11:36:32+08:00 ] 127.0.0.1 /zhihuiyuan/zhihuiyuanPhone/
INFO: [ app_init ] --START--
INFO: Run Behavior\BuildLiteBehavior [ RunTime:0.000000s ]
INFO: [ app_init ] --END-- [ RunTime:0.000000s ]

[ 2016-09-18T11:36:34+08:00 ] 127.0.0.1 /zhihuiyuan/zhihuiyuanPhone/Glod/index/id/
INFO: [ app_init ] --START--
INFO: Run Behavior\BuildLiteBehavior [ RunTime:0.000000s ]
INFO: [ app_init ] --END-- [ RunTime:0.001000s ]

[ 2016-09-18T11:36:45+08:00 ] 127.0.0.1 /zhihuiyuan/zhihuiyuanPhone/
INFO: [ app_init ] --START--
INFO: Run Behavior\BuildLiteBehavior [ RunTime:0.000000s ]
INFO: [ app_init ] --END-- [ RunTime:0.000000s ]

[ 2016-09-18T11:36:46+08:00 ] 127.0.0.1 /zhihuiyuan/zhihuiyuanPhone/
INFO: [ app_init ] --START--
INFO: Run Behavior\BuildLiteBehavior [ RunTime:0.000000s ]
INFO: [ app_init ] --END-- [ RunTime:0.001001s ]

[ 2016-09-18T11:38:21+08:00 ] 127.0.0.1 /zhihuiyuan/zhihuiyuanPhone/
INFO: [ app_init ] --START--
INFO: Run Behavior\BuildLiteBehavior [ RunTime:0.000000s ]
INFO: [ app_init ] --END-- [ RunTime:0.000000s ]

[ 2016-09-18T11:38:22+08:00 ] 127.0.0.1 /zhihuiyuan/zhihuiyuanPhone/
INFO: [ app_init ] --START--
INFO: Run Behavior\BuildLiteBehavior [ RunTime:0.000000s ]
INFO: [ app_init ] --END-- [ RunTime:0.000000s ]

[ 2016-09-18T11:38:28+08:00 ] 127.0.0.1 /zhihuiyuan/zhihuiyuanPhone/
INFO: [ app_init ] --START--
INFO: Run Behavior\BuildLiteBehavior [ RunTime:0.000000s ]
INFO: [ app_init ] --END-- [ RunTime:0.000000s ]

[ 2016-09-18T11:39:01+08:00 ] 127.0.0.1 /zhihuiyuan/zhihuiyuanPhone/
INFO: [ app_init ] --START--
INFO: Run Behavior\BuildLiteBehavior [ RunTime:0.000000s ]
INFO: [ app_init ] --END-- [ RunTime:0.001000s ]

[ 2016-09-18T11:39:02+08:00 ] 127.0.0.1 /zhihuiyuan/zhihuiyuanPhone/
INFO: [ app_init ] --START--
INFO: Run Behavior\BuildLiteBehavior [ RunTime:0.000000s ]
INFO: [ app_init ] --END-- [ RunTime:0.000000s ]

[ 2016-09-18T11:39:02+08:00 ] 127.0.0.1 /zhihuiyuan/zhihuiyuanPhone/
INFO: [ app_init ] --START--
INFO: Run Behavior\BuildLiteBehavior [ RunTime:0.000000s ]
INFO: [ app_init ] --END-- [ RunTime:0.001000s ]

[ 2016-09-18T11:39:04+08:00 ] 127.0.0.1 /zhihuiyuan/zhihuiyuanPhone/Glod/index/id/2
INFO: [ app_init ] --START--
INFO: Run Behavior\BuildLiteBehavior [ RunTime:0.000000s ]
INFO: [ app_init ] --END-- [ RunTime:0.001000s ]

[ 2016-09-18T11:40:11+08:00 ] 127.0.0.1 /zhihuiyuan/zhihuiyuanPhone/
INFO: [ app_init ] --START--
INFO: Run Behavior\BuildLiteBehavior [ RunTime:0.000000s ]
INFO: [ app_init ] --END-- [ RunTime:0.001000s ]

[ 2016-09-18T11:40:15+08:00 ] 127.0.0.1 /zhihuiyuan/zhihuiyuanPhone/Glod/index/id/16
INFO: [ app_init ] --START--
INFO: Run Behavior\BuildLiteBehavior [ RunTime:0.000000s ]
INFO: [ app_init ] --END-- [ RunTime:0.000000s ]

[ 2016-09-18T11:41:33+08:00 ] 127.0.0.1 /zhihuiyuan/zhihuiyuanPhone/Glod/index/id/10
INFO: [ app_init ] --START--
INFO: Run Behavior\BuildLiteBehavior [ RunTime:0.000000s ]
INFO: [ app_init ] --END-- [ RunTime:0.001000s ]

[ 2016-09-18T11:43:21+08:00 ] 127.0.0.1 /zhihuiyuan/zhihuiyuanPhone/Glod/index/id/10
INFO: [ app_init ] --START--
INFO: Run Behavior\BuildLiteBehavior [ RunTime:0.000000s ]
INFO: [ app_init ] --END-- [ RunTime:0.000000s ]

[ 2016-09-18T11:43:22+08:00 ] 127.0.0.1 /zhihuiyuan/zhihuiyuanPhone/Glod/index/id/10
INFO: [ app_init ] --START--
INFO: Run Behavior\BuildLiteBehavior [ RunTime:0.000000s ]
INFO: [ app_init ] --END-- [ RunTime:0.000000s ]

[ 2016-09-18T11:43:23+08:00 ] 127.0.0.1 /zhihuiyuan/zhihuiyuanPhone/Glod/index/id/10
INFO: [ app_init ] --START--
INFO: Run Behavior\BuildLiteBehavior [ RunTime:0.000000s ]
INFO: [ app_init ] --END-- [ RunTime:0.001000s ]

[ 2016-09-18T11:43:43+08:00 ] 127.0.0.1 /zhihuiyuan/zhihuiyuanPhone/Glod/index/id/10
INFO: [ app_init ] --START--
INFO: Run Behavior\BuildLiteBehavior [ RunTime:0.000000s ]
INFO: [ app_init ] --END-- [ RunTime:0.000000s ]

[ 2016-09-18T11:43:48+08:00 ] 127.0.0.1 /zhihuiyuan/zhihuiyuanPhone/Glod/goldproject/id/63
INFO: [ app_init ] --START--
INFO: Run Behavior\BuildLiteBehavior [ RunTime:0.000000s ]
INFO: [ app_init ] --END-- [ RunTime:0.000000s ]

[ 2016-09-18T11:43:50+08:00 ] 127.0.0.1 /zhihuiyuan/zhihuiyuanPhone/index.html
INFO: [ app_init ] --START--
INFO: Run Behavior\BuildLiteBehavior [ RunTime:0.000000s ]
INFO: [ app_init ] --END-- [ RunTime:0.001000s ]

[ 2016-09-18T11:43:54+08:00 ] 127.0.0.1 /zhihuiyuan/zhihuiyuanPhone/Glod/index/id/10
INFO: [ app_init ] --START--
INFO: Run Behavior\BuildLiteBehavior [ RunTime:0.000000s ]
INFO: [ app_init ] --END-- [ RunTime:0.000000s ]

[ 2016-09-18T11:43:57+08:00 ] 127.0.0.1 /zhihuiyuan/zhihuiyuanPhone/Glod/goldproject/id/64
INFO: [ app_init ] --START--
INFO: Run Behavior\BuildLiteBehavior [ RunTime:0.000000s ]
INFO: [ app_init ] --END-- [ RunTime:0.001000s ]

[ 2016-09-18T11:46:48+08:00 ] 127.0.0.1 /zhihuiyuan/zhihuiyuanPhone/index.html
INFO: [ app_init ] --START--
INFO: Run Behavior\BuildLiteBehavior [ RunTime:0.000000s ]
INFO: [ app_init ] --END-- [ RunTime:0.000000s ]

[ 2016-09-18T11:46:50+08:00 ] 127.0.0.1 /zhihuiyuan/zhihuiyuanPhone/Login/index
INFO: [ app_init ] --START--
INFO: Run Behavior\BuildLiteBehavior [ RunTime:0.000000s ]
INFO: [ app_init ] --END-- [ RunTime:0.000000s ]

[ 2016-09-18T11:46:52+08:00 ] 127.0.0.1 /zhihuiyuan/zhihuiyuanPhone/index.html
INFO: [ app_init ] --START--
INFO: Run Behavior\BuildLiteBehavior [ RunTime:0.001000s ]
INFO: [ app_init ] --END-- [ RunTime:0.001000s ]

[ 2016-09-18T11:46:53+08:00 ] 127.0.0.1 /zhihuiyuan/zhihuiyuanPhone/Glod/index/id/4
INFO: [ app_init ] --START--
INFO: Run Behavior\BuildLiteBehavior [ RunTime:0.000000s ]
INFO: [ app_init ] --END-- [ RunTime:0.001000s ]

[ 2016-09-18T11:46:57+08:00 ] 127.0.0.1 /zhihuiyuan/zhihuiyuanPhone/index.html
INFO: [ app_init ] --START--
INFO: Run Behavior\BuildLiteBehavior [ RunTime:0.000000s ]
INFO: [ app_init ] --END-- [ RunTime:0.000000s ]

[ 2016-09-18T11:46:59+08:00 ] 127.0.0.1 /zhihuiyuan/zhihuiyuanPhone/Glod/index/id/6
INFO: [ app_init ] --START--
INFO: Run Behavior\BuildLiteBehavior [ RunTime:0.000000s ]
INFO: [ app_init ] --END-- [ RunTime:0.001000s ]

[ 2016-09-18T11:47:03+08:00 ] 127.0.0.1 /zhihuiyuan/zhihuiyuanPhone/index.html
INFO: [ app_init ] --START--
INFO: Run Behavior\BuildLiteBehavior [ RunTime:0.000000s ]
INFO: [ app_init ] --END-- [ RunTime:0.000000s ]

[ 2016-09-18T11:47:07+08:00 ] 127.0.0.1 /zhihuiyuan/zhihuiyuanPhone/Glod/index/id/2
INFO: [ app_init ] --START--
INFO: Run Behavior\BuildLiteBehavior [ RunTime:0.000000s ]
INFO: [ app_init ] --END-- [ RunTime:0.001000s ]

[ 2016-09-18T11:47:10+08:00 ] 127.0.0.1 /zhihuiyuan/zhihuiyuanPhone/index.html
INFO: [ app_init ] --START--
INFO: Run Behavior\BuildLiteBehavior [ RunTime:0.000000s ]
INFO: [ app_init ] --END-- [ RunTime:0.000000s ]

[ 2016-09-18T12:58:40+08:00 ] 127.0.0.1 /zhihuiyuan/zhihuiyuanPhone/index.html
INFO: [ app_init ] --START--
INFO: Run Behavior\BuildLiteBehavior [ RunTime:0.000000s ]
INFO: [ app_init ] --END-- [ RunTime:0.000000s ]

[ 2016-09-18T12:58:44+08:00 ] 127.0.0.1 /zhihuiyuan/zhihuiyuanPhone/Glod/index/id/16
INFO: [ app_init ] --START--
INFO: Run Behavior\BuildLiteBehavior [ RunTime:0.000000s ]
INFO: [ app_init ] --END-- [ RunTime:0.001000s ]

[ 2016-09-18T12:58:46+08:00 ] 127.0.0.1 /zhihuiyuan/zhihuiyuanPhone/index.html
INFO: [ app_init ] --START--
INFO: Run Behavior\BuildLiteBehavior [ RunTime:0.000000s ]
INFO: [ app_init ] --END-- [ RunTime:0.001000s ]

[ 2016-09-18T14:30:39+08:00 ] 127.0.0.1 /zhihuiyuan/zhihuiyuanPhone/Glod/index/id/16
INFO: [ app_init ] --START--
INFO: Run Behavior\BuildLiteBehavior [ RunTime:0.000000s ]
INFO: [ app_init ] --END-- [ RunTime:0.000000s ]

[ 2016-09-18T14:30:41+08:00 ] 127.0.0.1 /zhihuiyuan/zhihuiyuanPhone/index.html
INFO: [ app_init ] --START--
INFO: Run Behavior\BuildLiteBehavior [ RunTime:0.000000s ]
INFO: [ app_init ] --END-- [ RunTime:0.000000s ]

[ 2016-09-18T14:30:55+08:00 ] 127.0.0.1 /zhihuiyuan/zhihuiyuanPhone/Glod/index/id/2
INFO: [ app_init ] --START--
INFO: Run Behavior\BuildLiteBehavior [ RunTime:0.000000s ]
INFO: [ app_init ] --END-- [ RunTime:0.001000s ]

[ 2016-09-18T14:30:57+08:00 ] 127.0.0.1 /zhihuiyuan/zhihuiyuanPhone/Login/index
INFO: [ app_init ] --START--
INFO: Run Behavior\BuildLiteBehavior [ RunTime:0.000000s ]
INFO: [ app_init ] --END-- [ RunTime:0.001001s ]

[ 2016-09-18T14:30:58+08:00 ] 127.0.0.1 /zhihuiyuan/zhihuiyuanPhone/index.html
INFO: [ app_init ] --START--
INFO: Run Behavior\BuildLiteBehavior [ RunTime:0.000000s ]
INFO: [ app_init ] --END-- [ RunTime:0.000000s ]

[ 2016-09-18T15:01:09+08:00 ] 127.0.0.1 /zhihuiyuan/zhihuiyuanPhone/Map/index
INFO: [ app_init ] --START--
INFO: Run Behavior\BuildLiteBehavior [ RunTime:0.000000s ]
INFO: [ app_init ] --END-- [ RunTime:0.000000s ]

[ 2016-09-18T15:01:09+08:00 ] 127.0.0.1 /zhihuiyuan/zhihuiyuanPhone/Public/Home/css/swiper.min.css
INFO: [ app_init ] --START--
INFO: Run Behavior\BuildLiteBehavior [ RunTime:0.000000s ]
INFO: [ app_init ] --END-- [ RunTime:0.000000s ]
ERR: 无法加载控制器:Public

[ 2016-09-18T15:01:09+08:00 ] 127.0.0.1 /zhihuiyuan/zhihuiyuanPhone/Public/Home/js/swiper.jquery.min.js
INFO: [ app_init ] --START--
INFO: Run Behavior\BuildLiteBehavior [ RunTime:0.000000s ]
INFO: [ app_init ] --END-- [ RunTime:0.000000s ]
ERR: 无法加载控制器:Public

[ 2016-09-18T15:01:16+08:00 ] 127.0.0.1 /zhihuiyuan/zhihuiyuanPhone/index.html
INFO: [ app_init ] --START--
INFO: Run Behavior\BuildLiteBehavior [ RunTime:0.000000s ]
INFO: [ app_init ] --END-- [ RunTime:0.001000s ]

[ 2016-09-18T15:01:18+08:00 ] 127.0.0.1 /zhihuiyuan/zhihuiyuanPhone/Map/index
INFO: [ app_init ] --START--
INFO: Run Behavior\BuildLiteBehavior [ RunTime:0.000000s ]
INFO: [ app_init ] --END-- [ RunTime:0.001000s ]

[ 2016-09-18T15:01:18+08:00 ] 127.0.0.1 /zhihuiyuan/zhihuiyuanPhone/Public/Home/css/swiper.min.css
INFO: [ app_init ] --START--
INFO: Run Behavior\BuildLiteBehavior [ RunTime:0.001000s ]
INFO: [ app_init ] --END-- [ RunTime:0.001000s ]
ERR: 无法加载控制器:Public

[ 2016-09-18T15:01:18+08:00 ] 127.0.0.1 /zhihuiyuan/zhihuiyuanPhone/Public/Home/js/swiper.jquery.min.js
INFO: [ app_init ] --START--
INFO: Run Behavior\BuildLiteBehavior [ RunTime:0.000000s ]
INFO: [ app_init ] --END-- [ RunTime:0.001000s ]
ERR: 无法加载控制器:Public

[ 2016-09-18T15:05:00+08:00 ] 127.0.0.1 /zhihuiyuan/zhihuiyuanPhone/Map/index
INFO: [ app_init ] --START--
INFO: Run Behavior\BuildLiteBehavior [ RunTime:0.000000s ]
INFO: [ app_init ] --END-- [ RunTime:0.001000s ]

[ 2016-09-18T15:05:00+08:00 ] 127.0.0.1 /zhihuiyuan/zhihuiyuanPhone/Public/Home/css/swiper.min.css
INFO: [ app_init ] --START--
INFO: Run Behavior\BuildLiteBehavior [ RunTime:0.000000s ]
INFO: [ app_init ] --END-- [ RunTime:0.001000s ]
ERR: 无法加载控制器:Public

[ 2016-09-18T15:05:00+08:00 ] 127.0.0.1 /zhihuiyuan/zhihuiyuanPhone/Public/Home/js/swiper.jquery.min.js
INFO: [ app_init ] --START--
INFO: Run Behavior\BuildLiteBehavior [ RunTime:0.000000s ]
INFO: [ app_init ] --END-- [ RunTime:0.000000s ]
ERR: 无法加载控制器:Public

[ 2016-09-18T15:11:07+08:00 ] 127.0.0.1 /zhihuiyuan/zhihuiyuanPhone/Map/index
INFO: [ app_init ] --START--
INFO: Run Behavior\BuildLiteBehavior [ RunTime:0.000000s ]
INFO: [ app_init ] --END-- [ RunTime:0.001000s ]

[ 2016-09-18T15:11:07+08:00 ] 127.0.0.1 /zhihuiyuan/zhihuiyuanPhone/Public/Home/js/swiper.jquery.min.js
INFO: [ app_init ] --START--
INFO: Run Behavior\BuildLiteBehavior [ RunTime:0.000000s ]
INFO: [ app_init ] --END-- [ RunTime:0.000000s ]
ERR: 无法加载控制器:Public

[ 2016-09-18T15:11:07+08:00 ] 127.0.0.1 /zhihuiyuan/zhihuiyuanPhone/Public/Home/css/swiper.min.css
INFO: [ app_init ] --START--
INFO: Run Behavior\BuildLiteBehavior [ RunTime:0.000000s ]
INFO: [ app_init ] --END-- [ RunTime:0.000000s ]
ERR: 无法加载控制器:Public

[ 2016-09-18T15:12:41+08:00 ] 127.0.0.1 /zhihuiyuan/zhihuiyuanPhone/Map/index
INFO: [ app_init ] --START--
INFO: Run Behavior\BuildLiteBehavior [ RunTime:0.000000s ]
INFO: [ app_init ] --END-- [ RunTime:0.000000s ]

[ 2016-09-18T15:12:41+08:00 ] 127.0.0.1 /zhihuiyuan/zhihuiyuanPhone/Public/Home/js/swiper.jquery.min.js
INFO: [ app_init ] --START--
INFO: Run Behavior\BuildLiteBehavior [ RunTime:0.000000s ]
INFO: [ app_init ] --END-- [ RunTime:0.000000s ]
ERR: 无法加载控制器:Public

[ 2016-09-18T15:12:59+08:00 ] 127.0.0.1 /zhihuiyuan/zhihuiyuanPhone/Map/index
INFO: [ app_init ] --START--
INFO: Run Behavior\BuildLiteBehavior [ RunTime:0.000000s ]
INFO: [ app_init ] --END-- [ RunTime:0.000000s ]

[ 2016-09-18T15:13:00+08:00 ] 127.0.0.1 /zhihuiyuan/zhihuiyuanPhone/Public/Home/js/swiper.jquery.min.js
INFO: [ app_init ] --START--
INFO: Run Behavior\BuildLiteBehavior [ RunTime:0.000000s ]
INFO: [ app_init ] --END-- [ RunTime:0.001000s ]
ERR: 无法加载控制器:Public

[ 2016-09-18T15:18:05+08:00 ] 127.0.0.1 /zhihuiyuan/zhihuiyuanPhone/index.html
INFO: [ app_init ] --START--
INFO: Run Behavior\BuildLiteBehavior [ RunTime:0.000000s ]
INFO: [ app_init ] --END-- [ RunTime:0.001000s ]

[ 2016-09-18T15:18:05+08:00 ] 127.0.0.1 /zhihuiyuan/zhihuiyuanPhone/Public/Home/js/swiper.jquery.min.js
INFO: [ app_init ] --START--
INFO: Run Behavior\BuildLiteBehavior [ RunTime:0.000000s ]
INFO: [ app_init ] --END-- [ RunTime:0.000000s ]
ERR: 无法加载控制器:Public

[ 2016-09-18T15:18:34+08:00 ] 127.0.0.1 /zhihuiyuan/zhihuiyuanPhone/index.html
INFO: [ app_init ] --START--
INFO: Run Behavior\BuildLiteBehavior [ RunTime:0.000000s ]
INFO: [ app_init ] --END-- [ RunTime:0.000000s ]

[ 2016-09-18T15:18:34+08:00 ] 127.0.0.1 /zhihuiyuan/zhihuiyuanPhone/Public/Home/js/swiper.jquery.min.js
INFO: [ app_init ] --START--
INFO: Run Behavior\BuildLiteBehavior [ RunTime:0.000000s ]
INFO: [ app_init ] --END-- [ RunTime:0.000000s ]
ERR: 无法加载控制器:Public

[ 2016-09-18T15:18:36+08:00 ] 127.0.0.1 /zhihuiyuan/zhihuiyuanPhone/Map/index
INFO: [ app_init ] --START--
INFO: Run Behavior\BuildLiteBehavior [ RunTime:0.000000s ]
INFO: [ app_init ] --END-- [ RunTime:0.000000s ]

[ 2016-09-18T15:18:39+08:00 ] 127.0.0.1 /zhihuiyuan/zhihuiyuanPhone/index.html
INFO: [ app_init ] --START--
INFO: Run Behavior\BuildLiteBehavior [ RunTime:0.000000s ]
INFO: [ app_init ] --END-- [ RunTime:0.000000s ]

[ 2016-09-18T15:18:39+08:00 ] 127.0.0.1 /zhihuiyuan/zhihuiyuanPhone/Public/Home/js/swiper.jquery.min.js
INFO: [ app_init ] --START--
INFO: Run Behavior\BuildLiteBehavior [ RunTime:0.000000s ]
INFO: [ app_init ] --END-- [ RunTime:0.001000s ]
ERR: 无法加载控制器:Public

[ 2016-09-18T15:18:47+08:00 ] 127.0.0.1 /zhihuiyuan/zhihuiyuanPhone/Map/index
INFO: [ app_init ] --START--
INFO: Run Behavior\BuildLiteBehavior [ RunTime:0.000000s ]
INFO: [ app_init ] --END-- [ RunTime:0.000000s ]

[ 2016-09-18T15:18:50+08:00 ] 127.0.0.1 /zhihuiyuan/zhihuiyuanPhone/index.html
INFO: [ app_init ] --START--
INFO: Run Behavior\BuildLiteBehavior [ RunTime:0.000000s ]
INFO: [ app_init ] --END-- [ RunTime:0.000000s ]

[ 2016-09-18T15:18:50+08:00 ] 127.0.0.1 /zhihuiyuan/zhihuiyuanPhone/Public/Home/js/swiper.jquery.min.js
INFO: [ app_init ] --START--
INFO: Run Behavior\BuildLiteBehavior [ RunTime:0.000000s ]
INFO: [ app_init ] --END-- [ RunTime:0.001000s ]
ERR: 无法加载控制器:Public

[ 2016-09-18T15:19:17+08:00 ] 127.0.0.1 /zhihuiyuan/zhihuiyuanPhone/index.html
INFO: [ app_init ] --START--
INFO: Run Behavior\BuildLiteBehavior [ RunTime:0.000000s ]
INFO: [ app_init ] --END-- [ RunTime:0.001000s ]

[ 2016-09-18T15:19:25+08:00 ] 127.0.0.1 /zhihuiyuan/zhihuiyuanPhone/Login/index
INFO: [ app_init ] --START--
INFO: Run Behavior\BuildLiteBehavior [ RunTime:0.000000s ]
INFO: [ app_init ] --END-- [ RunTime:0.000000s ]

[ 2016-09-18T16:51:48+08:00 ] 127.0.0.1 /zhihuiyuan/zhihuiyuanPhone/Login/index
INFO: [ app_init ] --START--
INFO: Run Behavior\BuildLiteBehavior [ RunTime:0.000000s ]
INFO: [ app_init ] --END-- [ RunTime:0.000000s ]

[ 2016-09-18T16:51:49+08:00 ] 127.0.0.1 /zhihuiyuan/zhihuiyuanPhone/Login/index
INFO: [ app_init ] --START--
INFO: Run Behavior\BuildLiteBehavior [ RunTime:0.000000s ]
INFO: [ app_init ] --END-- [ RunTime:0.001000s ]

[ 2016-09-18T16:51:51+08:00 ] 127.0.0.1 /zhihuiyuan/zhihuiyuanPhone/index.html
INFO: [ app_init ] --START--
INFO: Run Behavior\BuildLiteBehavior [ RunTime:0.000000s ]
INFO: [ app_init ] --END-- [ RunTime:0.001000s ]

[ 2016-09-18T16:51:52+08:00 ] 127.0.0.1 /zhihuiyuan/zhihuiyuanPhone/Login/index
INFO: [ app_init ] --START--
INFO: Run Behavior\BuildLiteBehavior [ RunTime:0.000000s ]
INFO: [ app_init ] --END-- [ RunTime:0.000000s ]

[ 2016-09-18T16:51:54+08:00 ] 127.0.0.1 /zhihuiyuan/zhihuiyuanPhone/index.html
INFO: [ app_init ] --START--
INFO: Run Behavior\BuildLiteBehavior [ RunTime:0.000000s ]
INFO: [ app_init ] --END-- [ RunTime:0.001000s ]

[ 2016-09-18T16:53:40+08:00 ] 127.0.0.1 /zhihuiyuan/zhihuiyuanPhone/index.html
INFO: [ app_init ] --START--
INFO: Run Behavior\BuildLiteBehavior [ RunTime:0.000000s ]
INFO: [ app_init ] --END-- [ RunTime:0.000000s ]

[ 2016-09-18T16:53:42+08:00 ] 127.0.0.1 /zhihuiyuan/zhihuiyuanPhone/Login/index
INFO: [ app_init ] --START--
INFO: Run Behavior\BuildLiteBehavior [ RunTime:0.000000s ]
INFO: [ app_init ] --END-- [ RunTime:0.001000s ]

[ 2016-09-18T16:53:44+08:00 ] 127.0.0.1 /zhihuiyuan/zhihuiyuanPhone/Map/index
INFO: [ app_init ] --START--
INFO: Run Behavior\BuildLiteBehavior [ RunTime:0.000000s ]
INFO: [ app_init ] --END-- [ RunTime:0.001000s ]

[ 2016-09-18T16:55:09+08:00 ] 127.0.0.1 /zhihuiyuan/zhihuiyuanPhone/Map/index
INFO: [ app_init ] --START--
INFO: Run Behavior\BuildLiteBehavior [ RunTime:0.000000s ]
INFO: [ app_init ] --END-- [ RunTime:0.001000s ]

[ 2016-09-18T17:01:57+08:00 ] 127.0.0.1 /zhihuiyuan/zhihuiyuanPhone/index.html
INFO: [ app_init ] --START--
INFO: Run Behavior\BuildLiteBehavior [ RunTime:0.000000s ]
INFO: [ app_init ] --END-- [ RunTime:0.001000s ]

[ 2016-09-18T17:01:59+08:00 ] 127.0.0.1 /zhihuiyuan/zhihuiyuanPhone/index.html
INFO: [ app_init ] --START--
INFO: Run Behavior\BuildLiteBehavior [ RunTime:0.000000s ]
INFO: [ app_init ] --END-- [ RunTime:0.001000s ]

[ 2016-09-18T17:02:00+08:00 ] 127.0.0.1 /zhihuiyuan/zhihuiyuanPhone/Gold/teachermore
INFO: [ app_init ] --START--
INFO: Run Behavior\BuildLiteBehavior [ RunTime:0.000000s ]
INFO: [ app_init ] --END-- [ RunTime:0.001000s ]
ERR: 无法加载控制器:Gold

[ 2016-09-18T17:02:37+08:00 ] 127.0.0.1 /zhihuiyuan/zhihuiyuanPhone/Gold/teachermore
INFO: [ app_init ] --START--
INFO: Run Behavior\BuildLiteBehavior [ RunTime:0.000000s ]
INFO: [ app_init ] --END-- [ RunTime:0.000000s ]
ERR: 无法加载控制器:Gold

[ 2016-09-18T17:02:40+08:00 ] 127.0.0.1 /zhihuiyuan/zhihuiyuanPhone/index.html
INFO: [ app_init ] --START--
INFO: Run Behavior\BuildLiteBehavior [ RunTime:0.000000s ]
INFO: [ app_init ] --END-- [ RunTime:0.000000s ]

[ 2016-09-18T17:02:41+08:00 ] 127.0.0.1 /zhihuiyuan/zhihuiyuanPhone/index.html
INFO: [ app_init ] --START--
INFO: Run Behavior\BuildLiteBehavior [ RunTime:0.000000s ]
INFO: [ app_init ] --END-- [ RunTime:0.001000s ]

[ 2016-09-18T17:02:43+08:00 ] 127.0.0.1 /zhihuiyuan/zhihuiyuanPhone/Glod/teachermore
INFO: [ app_init ] --START--
INFO: Run Behavior\BuildLiteBehavior [ RunTime:0.000000s ]
INFO: [ app_init ] --END-- [ RunTime:0.000000s ]

[ 2016-09-18T17:02:44+08:00 ] 127.0.0.1 /zhihuiyuan/zhihuiyuanPhone/Glod/video/video.mp4
INFO: [ app_init ] --START--
INFO: Run Behavior\BuildLiteBehavior [ RunTime:0.000000s ]
INFO: [ app_init ] --END-- [ RunTime:0.001000s ]
ERR: 非法操作:video

[ 2016-09-18T17:05:14+08:00 ] 127.0.0.1 /zhihuiyuan/zhihuiyuanPhone/Glod/teachermore
INFO: [ app_init ] --START--
INFO: Run Behavior\BuildLiteBehavior [ RunTime:0.000000s ]
INFO: [ app_init ] --END-- [ RunTime:0.000000s ]

[ 2016-09-18T17:05:14+08:00 ] 127.0.0.1 /zhihuiyuan/zhihuiyuanPhone/Glod/video/video.mp4
INFO: [ app_init ] --START--
INFO: Run Behavior\BuildLiteBehavior [ RunTime:0.000000s ]
INFO: [ app_init ] --END-- [ RunTime:0.001000s ]
ERR: 非法操作:video

[ 2016-09-18T17:05:15+08:00 ] 127.0.0.1 /zhihuiyuan/zhihuiyuanPhone/index.html
INFO: [ app_init ] --START--
INFO: Run Behavior\BuildLiteBehavior [ RunTime:0.000000s ]
INFO: [ app_init ] --END-- [ RunTime:0.001000s ]

[ 2016-09-18T17:05:16+08:00 ] 127.0.0.1 /zhihuiyuan/zhihuiyuanPhone/index.html
INFO: [ app_init ] --START--
INFO: Run Behavior\BuildLiteBehavior [ RunTime:0.000000s ]
INFO: [ app_init ] --END-- [ RunTime:0.001000s ]

[ 2016-09-18T17:05:18+08:00 ] 127.0.0.1 /zhihuiyuan/zhihuiyuanPhone/Glod/teachermore/id/$id
INFO: [ app_init ] --START--
INFO: Run Behavior\BuildLiteBehavior [ RunTime:0.000000s ]
INFO: [ app_init ] --END-- [ RunTime:0.002000s ]

[ 2016-09-18T17:05:18+08:00 ] 127.0.0.1 /zhihuiyuan/zhihuiyuanPhone/Glod/teachermore/id/video/video.mp4
INFO: [ app_init ] --START--
INFO: Run Behavior\BuildLiteBehavior [ RunTime:0.000000s ]
INFO: [ app_init ] --END-- [ RunTime:0.001000s ]

[ 2016-09-18T17:05:33+08:00 ] 127.0.0.1 /zhihuiyuan/zhihuiyuanPhone/Glod/teachermore/id/$id
INFO: [ app_init ] --START--
INFO: Run Behavior\BuildLiteBehavior [ RunTime:0.000000s ]
INFO: [ app_init ] --END-- [ RunTime:0.002000s ]

[ 2016-09-18T17:05:33+08:00 ] 127.0.0.1 /zhihuiyuan/zhihuiyuanPhone/Glod/teachermore/id/video/video.mp4
INFO: [ app_init ] --START--
INFO: Run Behavior\BuildLiteBehavior [ RunTime:0.000000s ]
INFO: [ app_init ] --END-- [ RunTime:0.001000s ]

[ 2016-09-18T17:05:34+08:00 ] 127.0.0.1 /zhihuiyuan/zhihuiyuanPhone/Glod/teachermore/id/login.html
INFO: [ app_init ] --START--
INFO: Run Behavior\BuildLiteBehavior [ RunTime:0.000000s ]
INFO: [ app_init ] --END-- [ RunTime:0.000000s ]

[ 2016-09-18T17:05:35+08:00 ] 127.0.0.1 /zhihuiyuan/zhihuiyuanPhone/Glod/teachermore/id/video/video.mp4
INFO: [ app_init ] --START--
INFO: Run Behavior\BuildLiteBehavior [ RunTime:0.000000s ]
INFO: [ app_init ] --END-- [ RunTime:0.000000s ]

[ 2016-09-18T17:05:36+08:00 ] 127.0.0.1 /zhihuiyuan/zhihuiyuanPhone/index.html
INFO: [ app_init ] --START--
INFO: Run Behavior\BuildLiteBehavior [ RunTime:0.000000s ]
INFO: [ app_init ] --END-- [ RunTime:0.001000s ]

[ 2016-09-18T17:05:37+08:00 ] 127.0.0.1 /zhihuiyuan/zhihuiyuanPhone/index.html
INFO: [ app_init ] --START--
INFO: Run Behavior\BuildLiteBehavior [ RunTime:0.000000s ]
INFO: [ app_init ] --END-- [ RunTime:0.001000s ]

[ 2016-09-18T17:05:39+08:00 ] 127.0.0.1 /zhihuiyuan/zhihuiyuanPhone/Glod/teachermore/id/
INFO: [ app_init ] --START--
INFO: Run Behavior\BuildLiteBehavior [ RunTime:0.000000s ]
INFO: [ app_init ] --END-- [ RunTime:0.001000s ]

[ 2016-09-18T17:05:40+08:00 ] 127.0.0.1 /zhihuiyuan/zhihuiyuanPhone/Glod/teachermore/id/video/video.mp4
INFO: [ app_init ] --START--
INFO: Run Behavior\BuildLiteBehavior [ RunTime:0.000000s ]
INFO: [ app_init ] --END-- [ RunTime:0.000000s ]

[ 2016-09-18T17:05:45+08:00 ] 127.0.0.1 /zhihuiyuan/zhihuiyuanPhone/index.html
INFO: [ app_init ] --START--
INFO: Run Behavior\BuildLiteBehavior [ RunTime:0.000000s ]
INFO: [ app_init ] --END-- [ RunTime:0.000000s ]

[ 2016-09-18T17:05:53+08:00 ] 127.0.0.1 /zhihuiyuan/zhihuiyuanPhone/Glod/teachermore/id/
INFO: [ app_init ] --START--
INFO: Run Behavior\BuildLiteBehavior [ RunTime:0.000000s ]
INFO: [ app_init ] --END-- [ RunTime:0.000000s ]

[ 2016-09-18T17:05:54+08:00 ] 127.0.0.1 /zhihuiyuan/zhihuiyuanPhone/Glod/teachermore/id/video/video.mp4
INFO: [ app_init ] --START--
INFO: Run Behavior\BuildLiteBehavior [ RunTime:0.000000s ]
INFO: [ app_init ] --END-- [ RunTime:0.001000s ]

[ 2016-09-18T17:05:55+08:00 ] 127.0.0.1 /zhihuiyuan/zhihuiyuanPhone/index.html
INFO: [ app_init ] --START--
INFO: Run Behavior\BuildLiteBehavior [ RunTime:0.000000s ]
INFO: [ app_init ] --END-- [ RunTime:0.000000s ]

[ 2016-09-18T17:06:07+08:00 ] 127.0.0.1 /zhihuiyuan/zhihuiyuanPhone/Glod/teachermore/id/
INFO: [ app_init ] --START--
INFO: Run Behavior\BuildLiteBehavior [ RunTime:0.000000s ]
INFO: [ app_init ] --END-- [ RunTime:0.000000s ]

[ 2016-09-18T17:06:07+08:00 ] 127.0.0.1 /zhihuiyuan/zhihuiyuanPhone/Glod/teachermore/id/video/video.mp4
INFO: [ app_init ] --START--
INFO: Run Behavior\BuildLiteBehavior [ RunTime:0.000000s ]
INFO: [ app_init ] --END-- [ RunTime:0.001000s ]

[ 2016-09-18T17:06:14+08:00 ] 127.0.0.1 /zhihuiyuan/zhihuiyuanPhone/Glod/teachermore/id/login.html
INFO: [ app_init ] --START--
INFO: Run Behavior\BuildLiteBehavior [ RunTime:0.000000s ]
INFO: [ app_init ] --END-- [ RunTime:0.001000s ]

[ 2016-09-18T17:06:14+08:00 ] 127.0.0.1 /zhihuiyuan/zhihuiyuanPhone/Glod/teachermore/id/video/video.mp4
INFO: [ app_init ] --START--
INFO: Run Behavior\BuildLiteBehavior [ RunTime:0.000000s ]
INFO: [ app_init ] --END-- [ RunTime:0.001000s ]

[ 2016-09-18T17:06:16+08:00 ] 127.0.0.1 /zhihuiyuan/zhihuiyuanPhone/index.html
INFO: [ app_init ] --START--
INFO: Run Behavior\BuildLiteBehavior [ RunTime:0.000000s ]
INFO: [ app_init ] --END-- [ RunTime:0.000000s ]

[ 2016-09-18T17:06:21+08:00 ] 127.0.0.1 /zhihuiyuan/zhihuiyuanPhone/Glod/index/id/2
INFO: [ app_init ] --START--
INFO: Run Behavior\BuildLiteBehavior [ RunTime:0.000000s ]
INFO: [ app_init ] --END-- [ RunTime:0.000000s ]

[ 2016-09-18T17:06:32+08:00 ] 127.0.0.1 /zhihuiyuan/zhihuiyuanPhone/Login/index
INFO: [ app_init ] --START--
INFO: Run Behavior\BuildLiteBehavior [ RunTime:0.000000s ]
INFO: [ app_init ] --END-- [ RunTime:0.000000s ]

[ 2016-09-18T17:06:55+08:00 ] 127.0.0.1 /zhihuiyuan/zhihuiyuanPhone/index.html
INFO: [ app_init ] --START--
INFO: Run Behavior\BuildLiteBehavior [ RunTime:0.000000s ]
INFO: [ app_init ] --END-- [ RunTime:0.000000s ]

[ 2016-09-18T17:06:56+08:00 ] 127.0.0.1 /zhihuiyuan/zhihuiyuanPhone/Glod/teachermore/id/
INFO: [ app_init ] --START--
INFO: Run Behavior\BuildLiteBehavior [ RunTime:0.000000s ]
INFO: [ app_init ] --END-- [ RunTime:0.000000s ]

[ 2016-09-18T17:06:56+08:00 ] 127.0.0.1 /zhihuiyuan/zhihuiyuanPhone/Glod/teachermore/id/video/video.mp4
INFO: [ app_init ] --START--
INFO: Run Behavior\BuildLiteBehavior [ RunTime:0.000000s ]
INFO: [ app_init ] --END-- [ RunTime:0.001000s ]

[ 2016-09-18T17:09:17+08:00 ] 127.0.0.1 /zhihuiyuan/zhihuiyuanPhone/index.html
INFO: [ app_init ] --START--
INFO: Run Behavior\BuildLiteBehavior [ RunTime:0.000000s ]
INFO: [ app_init ] --END-- [ RunTime:0.001000s ]

[ 2016-09-18T17:09:45+08:00 ] 127.0.0.1 /zhihuiyuan/zhihuiyuanPhone/Glod/index/id/22
INFO: [ app_init ] --START--
INFO: Run Behavior\BuildLiteBehavior [ RunTime:0.000000s ]
INFO: [ app_init ] --END-- [ RunTime:0.000000s ]

[ 2016-09-18T17:09:58+08:00 ] 127.0.0.1 /zhihuiyuan/zhihuiyuanPhone/Glod/index/id/17
INFO: [ app_init ] --START--
INFO: Run Behavior\BuildLiteBehavior [ RunTime:0.000000s ]
INFO: [ app_init ] --END-- [ RunTime:0.000000s ]

[ 2016-09-18T17:10:14+08:00 ] 127.0.0.1 /zhihuiyuan/zhihuiyuanPhone/Glod/index/id/16
INFO: [ app_init ] --START--
INFO: Run Behavior\BuildLiteBehavior [ RunTime:0.000000s ]
INFO: [ app_init ] --END-- [ RunTime:0.001000s ]

[ 2016-09-18T17:10:23+08:00 ] 127.0.0.1 /zhihuiyuan/zhihuiyuanPhone/Glod/index/id/18
INFO: [ app_init ] --START--
INFO: Run Behavior\BuildLiteBehavior [ RunTime:0.000000s ]
INFO: [ app_init ] --END-- [ RunTime:0.000000s ]

[ 2016-09-18T17:10:27+08:00 ] 127.0.0.1 /zhihuiyuan/zhihuiyuanPhone/index.html
INFO: [ app_init ] --START--
INFO: Run Behavior\BuildLiteBehavior [ RunTime:0.000000s ]
INFO: [ app_init ] --END-- [ RunTime:0.001000s ]

[ 2016-09-18T17:11:06+08:00 ] 127.0.0.1 /zhihuiyuan/zhihuiyuanPhone/Login/index
INFO: [ app_init ] --START--
INFO: Run Behavior\BuildLiteBehavior [ RunTime:0.000000s ]
INFO: [ app_init ] --END-- [ RunTime:0.001000s ]

[ 2016-09-18T17:11:08+08:00 ] 127.0.0.1 /zhihuiyuan/zhihuiyuanPhone/index.html
INFO: [ app_init ] --START--
INFO: Run Behavior\BuildLiteBehavior [ RunTime:0.000000s ]
INFO: [ app_init ] --END-- [ RunTime:0.001000s ]

[ 2016-09-18T17:14:35+08:00 ] 127.0.0.1 /zhihuiyuan/zhihuiyuanPhone/Glod/index/id/17
INFO: [ app_init ] --START--
INFO: Run Behavior\BuildLiteBehavior [ RunTime:0.000000s ]
INFO: [ app_init ] --END-- [ RunTime:0.001000s ]

[ 2016-09-18T17:21:59+08:00 ] 127.0.0.1 /zhihuiyuan/zhihuiyuanPhone/index.html
INFO: [ app_init ] --START--
INFO: Run Behavior\BuildLiteBehavior [ RunTime:0.000000s ]
INFO: [ app_init ] --END-- [ RunTime:0.001000s ]

[ 2016-09-18T17:24:34+08:00 ] 127.0.0.1 /zhihuiyuan/zhihuiyuanPhone/Login/index
INFO: [ app_init ] --START--
INFO: Run Behavior\BuildLiteBehavior [ RunTime:0.000000s ]
INFO: [ app_init ] --END-- [ RunTime:0.000000s ]

[ 2016-09-18T17:24:36+08:00 ] 127.0.0.1 /zhihuiyuan/zhihuiyuanPhone/index.html
INFO: [ app_init ] --START--
INFO: Run Behavior\BuildLiteBehavior [ RunTime:0.000000s ]
INFO: [ app_init ] --END-- [ RunTime:0.001000s ]

[ 2016-09-18T17:24:59+08:00 ] 127.0.0.1 /zhihuiyuan/zhihuiyuanPhone/index.html
INFO: [ app_init ] --START--
INFO: Run Behavior\BuildLiteBehavior [ RunTime:0.000000s ]
INFO: [ app_init ] --END-- [ RunTime:0.000000s ]

[ 2016-09-18T17:25:27+08:00 ] 127.0.0.1 /zhihuiyuan/zhihuiyuanPhone/Login/index
INFO: [ app_init ] --START--
INFO: Run Behavior\BuildLiteBehavior [ RunTime:0.000000s ]
INFO: [ app_init ] --END-- [ RunTime:0.000000s ]

[ 2016-09-18T17:25:30+08:00 ] 127.0.0.1 /zhihuiyuan/zhihuiyuanPhone/index.html
INFO: [ app_init ] --START--
INFO: Run Behavior\BuildLiteBehavior [ RunTime:0.000000s ]
INFO: [ app_init ] --END-- [ RunTime:0.001000s ]

[ 2016-09-18T17:25:32+08:00 ] 127.0.0.1 /zhihuiyuan/zhihuiyuanPhone/Login/index
INFO: [ app_init ] --START--
INFO: Run Behavior\BuildLiteBehavior [ RunTime:0.000000s ]
INFO: [ app_init ] --END-- [ RunTime:0.000000s ]

[ 2016-09-18T17:25:46+08:00 ] 127.0.0.1 /zhihuiyuan/zhihuiyuanPhone/Login/login
INFO: [ app_init ] --START--
INFO: Run Behavior\BuildLiteBehavior [ RunTime:0.000000s ]
INFO: [ app_init ] --END-- [ RunTime:0.001000s ]

[ 2016-09-18T17:25:48+08:00 ] 127.0.0.1 /zhihuiyuan/zhihuiyuanPhone/Index/index.html
INFO: [ app_init ] --START--
INFO: Run Behavior\BuildLiteBehavior [ RunTime:0.000000s ]
INFO: [ app_init ] --END-- [ RunTime:0.000000s ]

[ 2016-09-18T17:25:49+08:00 ] 127.0.0.1 /zhihuiyuan/zhihuiyuanPhone/Glod/teachermore/id/
INFO: [ app_init ] --START--
INFO: Run Behavior\BuildLiteBehavior [ RunTime:0.000000s ]
INFO: [ app_init ] --END-- [ RunTime:0.000000s ]

[ 2016-09-18T17:25:50+08:00 ] 127.0.0.1 /zhihuiyuan/zhihuiyuanPhone/Glod/teachermore/id/video/video.mp4
INFO: [ app_init ] --START--
INFO: Run Behavior\BuildLiteBehavior [ RunTime:0.000000s ]
INFO: [ app_init ] --END-- [ RunTime:0.000000s ]

