[ 2016-08-23T08:34:43+08:00 ] 127.0.0.1 /zhihuiyuan/
INFO: [ app_init ] --START--
INFO: Run Behavior\BuildLiteBehavior [ RunTime:0.000000s ]
INFO: [ app_init ] --END-- [ RunTime:0.062400s ]

[ 2016-08-23T10:10:13+08:00 ] 127.0.0.1 /zhihuiyuan/Public/Admin/js/jquery-1.10.1.min.map
INFO: [ app_init ] --START--
INFO: Run Behavior\BuildLiteBehavior [ RunTime:0.000000s ]
INFO: [ app_init ] --END-- [ RunTime:0.000000s ]
ERR: 无法加载控制器:Public

[ 2016-08-23T10:10:32+08:00 ] 127.0.0.1 /zhihuiyuan/Public/Admin/js/jquery-1.10.1.min.map
INFO: [ app_init ] --START--
INFO: Run Behavior\BuildLiteBehavior [ RunTime:0.000000s ]
INFO: [ app_init ] --END-- [ RunTime:0.000000s ]
ERR: 无法加载控制器:Public

[ 2016-08-23T10:10:41+08:00 ] 127.0.0.1 /zhihuiyuan/Public/Admin/js/jquery-1.10.1.min.map
INFO: [ app_init ] --START--
INFO: Run Behavior\BuildLiteBehavior [ RunTime:0.000000s ]
INFO: [ app_init ] --END-- [ RunTime:0.000000s ]
ERR: 无法加载控制器:Public

[ 2016-08-23T10:10:43+08:00 ] 127.0.0.1 /zhihuiyuan/Public/Admin/js/jquery-1.10.1.min.map
INFO: [ app_init ] --START--
INFO: Run Behavior\BuildLiteBehavior [ RunTime:0.000000s ]
INFO: [ app_init ] --END-- [ RunTime:0.015600s ]
ERR: 无法加载控制器:Public

[ 2016-08-23T10:10:53+08:00 ] 127.0.0.1 /zhihuiyuan/Public/Admin/js/jquery-1.10.1.min.map
INFO: [ app_init ] --START--
INFO: Run Behavior\BuildLiteBehavior [ RunTime:0.000000s ]
INFO: [ app_init ] --END-- [ RunTime:0.000000s ]
ERR: 无法加载控制器:Public

[ 2016-08-23T10:11:04+08:00 ] 127.0.0.1 /zhihuiyuan/Public/Admin/js/jquery-1.10.1.min.map
INFO: [ app_init ] --START--
INFO: Run Behavior\BuildLiteBehavior [ RunTime:0.000000s ]
INFO: [ app_init ] --END-- [ RunTime:0.000000s ]
ERR: 无法加载控制器:Public

[ 2016-08-23T10:11:19+08:00 ] 127.0.0.1 /zhihuiyuan/Public/Admin/js/jquery-1.10.1.min.map
INFO: [ app_init ] --START--
INFO: Run Behavior\BuildLiteBehavior [ RunTime:0.000000s ]
INFO: [ app_init ] --END-- [ RunTime:0.000000s ]
ERR: 无法加载控制器:Public

[ 2016-08-23T10:15:24+08:00 ] 127.0.0.1 /zhihuiyuan/Public/Admin/js/jquery-1.10.1.min.map
INFO: [ app_init ] --START--
INFO: Run Behavior\BuildLiteBehavior [ RunTime:0.000000s ]
INFO: [ app_init ] --END-- [ RunTime:0.000000s ]
ERR: 无法加载控制器:Public

[ 2016-08-23T10:15:52+08:00 ] 127.0.0.1 /zhihuiyuan/Public/Admin/js/jquery-1.10.1.min.map
INFO: [ app_init ] --START--
INFO: Run Behavior\BuildLiteBehavior [ RunTime:0.000000s ]
INFO: [ app_init ] --END-- [ RunTime:0.000000s ]
ERR: 无法加载控制器:Public

[ 2016-08-23T10:16:31+08:00 ] 127.0.0.1 /zhihuiyuan/Public/Admin/js/jquery-1.10.1.min.map
INFO: [ app_init ] --START--
INFO: Run Behavior\BuildLiteBehavior [ RunTime:0.000000s ]
INFO: [ app_init ] --END-- [ RunTime:0.002000s ]
ERR: 无法加载控制器:Public

[ 2016-08-23T10:18:47+08:00 ] 127.0.0.1 /zhihuiyuan/Public/Admin/js/jquery-1.10.1.min.map
INFO: [ app_init ] --START--
INFO: Run Behavior\BuildLiteBehavior [ RunTime:0.000000s ]
INFO: [ app_init ] --END-- [ RunTime:0.000000s ]
ERR: 无法加载控制器:Public

[ 2016-08-23T10:18:57+08:00 ] 127.0.0.1 /zhihuiyuan/Public/Admin/js/jquery-1.10.1.min.map
INFO: [ app_init ] --START--
INFO: Run Behavior\BuildLiteBehavior [ RunTime:0.000000s ]
INFO: [ app_init ] --END-- [ RunTime:0.000000s ]
ERR: 无法加载控制器:Public

[ 2016-08-23T10:20:08+08:00 ] 127.0.0.1 /zhihuiyuan/Public/Admin/js/jquery-1.10.1.min.map
INFO: [ app_init ] --START--
INFO: Run Behavior\BuildLiteBehavior [ RunTime:0.000000s ]
INFO: [ app_init ] --END-- [ RunTime:0.000000s ]
ERR: 无法加载控制器:Public

[ 2016-08-23T10:25:09+08:00 ] 127.0.0.1 /zhihuiyuan/Public/Admin/js/jquery-1.10.1.min.map
INFO: [ app_init ] --START--
INFO: Run Behavior\BuildLiteBehavior [ RunTime:0.000000s ]
INFO: [ app_init ] --END-- [ RunTime:0.000000s ]
ERR: 无法加载控制器:Public

[ 2016-08-23T10:25:20+08:00 ] 127.0.0.1 /zhihuiyuan/Public/Admin/js/jquery-1.10.1.min.map
INFO: [ app_init ] --START--
INFO: Run Behavior\BuildLiteBehavior [ RunTime:0.000000s ]
INFO: [ app_init ] --END-- [ RunTime:0.000000s ]
ERR: 无法加载控制器:Public

[ 2016-08-23T10:26:43+08:00 ] 127.0.0.1 /zhihuiyuan/Public/Admin/js/jquery-1.10.1.min.map
INFO: [ app_init ] --START--
INFO: Run Behavior\BuildLiteBehavior [ RunTime:0.000000s ]
INFO: [ app_init ] --END-- [ RunTime:0.000000s ]
ERR: 无法加载控制器:Public

[ 2016-08-23T10:29:29+08:00 ] 127.0.0.1 /zhihuiyuan/Public/Admin/js/jquery-1.10.1.min.map
INFO: [ app_init ] --START--
INFO: Run Behavior\BuildLiteBehavior [ RunTime:0.000000s ]
INFO: [ app_init ] --END-- [ RunTime:0.015600s ]
ERR: 无法加载控制器:Public

[ 2016-08-23T10:30:18+08:00 ] 127.0.0.1 /zhihuiyuan/Public/Admin/js/jquery-1.10.1.min.map
INFO: [ app_init ] --START--
INFO: Run Behavior\BuildLiteBehavior [ RunTime:0.000000s ]
INFO: [ app_init ] --END-- [ RunTime:0.000000s ]
ERR: 无法加载控制器:Public

[ 2016-08-23T10:33:42+08:00 ] 127.0.0.1 /zhihuiyuan/Public/Admin/js/jquery-1.10.1.min.map
INFO: [ app_init ] --START--
INFO: Run Behavior\BuildLiteBehavior [ RunTime:0.000000s ]
INFO: [ app_init ] --END-- [ RunTime:0.000000s ]
ERR: 无法加载控制器:Public

[ 2016-08-23T10:34:52+08:00 ] 127.0.0.1 /zhihuiyuan/Public/Admin/js/jquery-1.10.1.min.map
INFO: [ app_init ] --START--
INFO: Run Behavior\BuildLiteBehavior [ RunTime:0.000000s ]
INFO: [ app_init ] --END-- [ RunTime:0.000000s ]
ERR: 无法加载控制器:Public

[ 2016-08-23T10:38:40+08:00 ] 127.0.0.1 /zhihuiyuan/Public/Admin/js/jquery-1.10.1.min.map
INFO: [ app_init ] --START--
INFO: Run Behavior\BuildLiteBehavior [ RunTime:0.000000s ]
INFO: [ app_init ] --END-- [ RunTime:0.000000s ]
ERR: 无法加载控制器:Public

[ 2016-08-23T10:39:32+08:00 ] 127.0.0.1 /zhihuiyuan/Public/Admin/js/jquery-1.10.1.min.map
INFO: [ app_init ] --START--
INFO: Run Behavior\BuildLiteBehavior [ RunTime:0.000000s ]
INFO: [ app_init ] --END-- [ RunTime:0.000000s ]
ERR: 无法加载控制器:Public

[ 2016-08-23T10:42:26+08:00 ] 127.0.0.1 /zhihuiyuan/Public/Admin/js/jquery-1.10.1.min.map
INFO: [ app_init ] --START--
INFO: Run Behavior\BuildLiteBehavior [ RunTime:0.000000s ]
INFO: [ app_init ] --END-- [ RunTime:0.000000s ]
ERR: 无法加载控制器:Public

[ 2016-08-23T10:44:07+08:00 ] 127.0.0.1 /zhihuiyuan/Public/Admin/js/jquery-1.10.1.min.map
INFO: [ app_init ] --START--
INFO: Run Behavior\BuildLiteBehavior [ RunTime:0.000000s ]
INFO: [ app_init ] --END-- [ RunTime:0.000000s ]
ERR: 无法加载控制器:Public

[ 2016-08-23T10:45:43+08:00 ] 127.0.0.1 /zhihuiyuan/Public/Admin/js/jquery-1.10.1.min.map
INFO: [ app_init ] --START--
INFO: Run Behavior\BuildLiteBehavior [ RunTime:0.000000s ]
INFO: [ app_init ] --END-- [ RunTime:0.000000s ]
ERR: 无法加载控制器:Public

[ 2016-08-23T10:46:12+08:00 ] 127.0.0.1 /zhihuiyuan/Public/Admin/js/jquery-1.10.1.min.map
INFO: [ app_init ] --START--
INFO: Run Behavior\BuildLiteBehavior [ RunTime:0.000000s ]
INFO: [ app_init ] --END-- [ RunTime:0.000000s ]
ERR: 无法加载控制器:Public

[ 2016-08-23T10:48:42+08:00 ] 127.0.0.1 /zhihuiyuan/Public/Admin/js/jquery-1.10.1.min.map
INFO: [ app_init ] --START--
INFO: Run Behavior\BuildLiteBehavior [ RunTime:0.000000s ]
INFO: [ app_init ] --END-- [ RunTime:0.000000s ]
ERR: 无法加载控制器:Public

[ 2016-08-23T10:48:48+08:00 ] 127.0.0.1 /zhihuiyuan/Public/Admin/js/jquery-1.10.1.min.map
INFO: [ app_init ] --START--
INFO: Run Behavior\BuildLiteBehavior [ RunTime:0.000000s ]
INFO: [ app_init ] --END-- [ RunTime:0.000000s ]
ERR: 无法加载控制器:Public

[ 2016-08-23T10:50:26+08:00 ] 127.0.0.1 /zhihuiyuan/Public/Admin/js/jquery-1.10.1.min.map
INFO: [ app_init ] --START--
INFO: Run Behavior\BuildLiteBehavior [ RunTime:0.000000s ]
INFO: [ app_init ] --END-- [ RunTime:0.000000s ]
ERR: 无法加载控制器:Public

[ 2016-08-23T10:50:44+08:00 ] 127.0.0.1 /zhihuiyuan/Public/Admin/js/jquery-1.10.1.min.map
INFO: [ app_init ] --START--
INFO: Run Behavior\BuildLiteBehavior [ RunTime:0.000000s ]
INFO: [ app_init ] --END-- [ RunTime:0.000000s ]
ERR: 无法加载控制器:Public

[ 2016-08-23T10:50:57+08:00 ] 127.0.0.1 /zhihuiyuan/Public/Admin/js/jquery-1.10.1.min.map
INFO: [ app_init ] --START--
INFO: Run Behavior\BuildLiteBehavior [ RunTime:0.000000s ]
INFO: [ app_init ] --END-- [ RunTime:0.015600s ]
ERR: 无法加载控制器:Public

[ 2016-08-23T10:51:35+08:00 ] 127.0.0.1 /zhihuiyuan/Public/Admin/js/jquery-1.10.1.min.map
INFO: [ app_init ] --START--
INFO: Run Behavior\BuildLiteBehavior [ RunTime:0.000000s ]
INFO: [ app_init ] --END-- [ RunTime:0.000000s ]
ERR: 无法加载控制器:Public

[ 2016-08-23T10:53:46+08:00 ] 127.0.0.1 /zhihuiyuan/Public/Admin/js/jquery-1.10.1.min.map
INFO: [ app_init ] --START--
INFO: Run Behavior\BuildLiteBehavior [ RunTime:0.000000s ]
INFO: [ app_init ] --END-- [ RunTime:0.000000s ]
ERR: 无法加载控制器:Public

[ 2016-08-23T11:07:27+08:00 ] 127.0.0.1 /zhihuiyuan/Public/Admin/js/jquery-1.10.1.min.map
INFO: [ app_init ] --START--
INFO: Run Behavior\BuildLiteBehavior [ RunTime:0.000000s ]
INFO: [ app_init ] --END-- [ RunTime:0.000000s ]
ERR: 无法加载控制器:Public

[ 2016-08-23T11:20:13+08:00 ] 127.0.0.1 /zhihuiyuan/Public/Admin/js/jquery-1.10.1.min.map
INFO: [ app_init ] --START--
INFO: Run Behavior\BuildLiteBehavior [ RunTime:0.000000s ]
INFO: [ app_init ] --END-- [ RunTime:0.000000s ]
ERR: 无法加载控制器:Public

[ 2016-08-23T11:20:43+08:00 ] 127.0.0.1 /zhihuiyuan/Public/Admin/js/jquery-1.10.1.min.map
INFO: [ app_init ] --START--
INFO: Run Behavior\BuildLiteBehavior [ RunTime:0.000000s ]
INFO: [ app_init ] --END-- [ RunTime:0.000000s ]
ERR: 无法加载控制器:Public

[ 2016-08-23T11:26:02+08:00 ] 127.0.0.1 /zhihuiyuan/Public/Admin/js/jquery-1.10.1.min.map
INFO: [ app_init ] --START--
INFO: Run Behavior\BuildLiteBehavior [ RunTime:0.000000s ]
INFO: [ app_init ] --END-- [ RunTime:0.000000s ]
ERR: 无法加载控制器:Public

[ 2016-08-23T11:27:17+08:00 ] 127.0.0.1 /zhihuiyuan/Public/Admin/js/jquery-1.10.1.min.map
INFO: [ app_init ] --START--
INFO: Run Behavior\BuildLiteBehavior [ RunTime:0.000000s ]
INFO: [ app_init ] --END-- [ RunTime:0.000000s ]
ERR: 无法加载控制器:Public

[ 2016-08-23T11:27:27+08:00 ] 127.0.0.1 /zhihuiyuan/Public/Admin/js/jquery-1.10.1.min.map
INFO: [ app_init ] --START--
INFO: Run Behavior\BuildLiteBehavior [ RunTime:0.000000s ]
INFO: [ app_init ] --END-- [ RunTime:0.000000s ]
ERR: 无法加载控制器:Public

[ 2016-08-23T11:28:24+08:00 ] 127.0.0.1 /zhihuiyuan/Public/Admin/js/jquery-1.10.1.min.map
INFO: [ app_init ] --START--
INFO: Run Behavior\BuildLiteBehavior [ RunTime:0.000000s ]
INFO: [ app_init ] --END-- [ RunTime:0.015600s ]
ERR: 无法加载控制器:Public

[ 2016-08-23T11:28:41+08:00 ] 127.0.0.1 /zhihuiyuan/Public/Admin/js/jquery-1.10.1.min.map
INFO: [ app_init ] --START--
INFO: Run Behavior\BuildLiteBehavior [ RunTime:0.000000s ]
INFO: [ app_init ] --END-- [ RunTime:0.000000s ]
ERR: 无法加载控制器:Public

[ 2016-08-23T11:48:11+08:00 ] 127.0.0.1 /zhihuiyuan/Public/Admin/Left/left.js
INFO: [ app_init ] --START--
INFO: Run Behavior\BuildLiteBehavior [ RunTime:0.000000s ]
INFO: [ app_init ] --END-- [ RunTime:0.000000s ]
ERR: 无法加载控制器:Public

[ 2016-08-23T11:48:55+08:00 ] 127.0.0.1 /zhihuiyuan/Public/Admin/Left/left.js
INFO: [ app_init ] --START--
INFO: Run Behavior\BuildLiteBehavior [ RunTime:0.000000s ]
INFO: [ app_init ] --END-- [ RunTime:0.000000s ]
ERR: 无法加载控制器:Public

[ 2016-08-23T11:49:53+08:00 ] 127.0.0.1 /zhihuiyuan/Public/Admin/js/jquery-1.10.1.min.map
INFO: [ app_init ] --START--
INFO: Run Behavior\BuildLiteBehavior [ RunTime:0.000000s ]
INFO: [ app_init ] --END-- [ RunTime:0.000000s ]
ERR: 无法加载控制器:Public

[ 2016-08-23T11:49:55+08:00 ] 127.0.0.1 /zhihuiyuan/Public/Admin/js/jquery-1.10.1.min.map
INFO: [ app_init ] --START--
INFO: Run Behavior\BuildLiteBehavior [ RunTime:0.000000s ]
INFO: [ app_init ] --END-- [ RunTime:0.000000s ]
ERR: 无法加载控制器:Public

[ 2016-08-23T11:58:26+08:00 ] 127.0.0.1 /zhihuiyuan/Public/Admin/js/jquery-1.10.1.min.map
INFO: [ app_init ] --START--
INFO: Run Behavior\BuildLiteBehavior [ RunTime:0.000000s ]
INFO: [ app_init ] --END-- [ RunTime:0.000000s ]
ERR: 无法加载控制器:Public

[ 2016-08-23T11:58:33+08:00 ] 127.0.0.1 /zhihuiyuan/Public/Admin/js/jquery-1.10.1.min.map
INFO: [ app_init ] --START--
INFO: Run Behavior\BuildLiteBehavior [ RunTime:0.000000s ]
INFO: [ app_init ] --END-- [ RunTime:0.000000s ]
ERR: 无法加载控制器:Public

[ 2016-08-23T11:58:59+08:00 ] 127.0.0.1 /zhihuiyuan/Public/Admin/js/jquery-1.10.1.min.map
INFO: [ app_init ] --START--
INFO: Run Behavior\BuildLiteBehavior [ RunTime:0.000000s ]
INFO: [ app_init ] --END-- [ RunTime:0.000000s ]
ERR: 无法加载控制器:Public

[ 2016-08-23T11:59:31+08:00 ] 127.0.0.1 /zhihuiyuan/Public/Admin/js/jquery-1.10.1.min.map
INFO: [ app_init ] --START--
INFO: Run Behavior\BuildLiteBehavior [ RunTime:0.000000s ]
INFO: [ app_init ] --END-- [ RunTime:0.000000s ]
ERR: 无法加载控制器:Public

[ 2016-08-23T11:59:55+08:00 ] 127.0.0.1 /zhihuiyuan/Public/Admin/js/jquery-1.10.1.min.map
INFO: [ app_init ] --START--
INFO: Run Behavior\BuildLiteBehavior [ RunTime:0.000000s ]
INFO: [ app_init ] --END-- [ RunTime:0.000000s ]
ERR: 无法加载控制器:Public

[ 2016-08-23T11:59:57+08:00 ] 127.0.0.1 /zhihuiyuan/Public/Admin/js/jquery-1.10.1.min.map
INFO: [ app_init ] --START--
INFO: Run Behavior\BuildLiteBehavior [ RunTime:0.000000s ]
INFO: [ app_init ] --END-- [ RunTime:0.000000s ]
ERR: 无法加载控制器:Public

[ 2016-08-23T12:00:43+08:00 ] 127.0.0.1 /zhihuiyuan/Public/Admin/js/jquery-1.10.1.min.map
INFO: [ app_init ] --START--
INFO: Run Behavior\BuildLiteBehavior [ RunTime:0.000000s ]
INFO: [ app_init ] --END-- [ RunTime:0.000000s ]
ERR: 无法加载控制器:Public

[ 2016-08-23T12:00:47+08:00 ] 127.0.0.1 /zhihuiyuan/Public/Admin/js/jquery-1.10.1.min.map
INFO: [ app_init ] --START--
INFO: Run Behavior\BuildLiteBehavior [ RunTime:0.000000s ]
INFO: [ app_init ] --END-- [ RunTime:0.000000s ]
ERR: 无法加载控制器:Public

[ 2016-08-23T12:00:50+08:00 ] 127.0.0.1 /zhihuiyuan/Public/Admin/js/jquery-1.10.1.min.map
INFO: [ app_init ] --START--
INFO: Run Behavior\BuildLiteBehavior [ RunTime:0.000000s ]
INFO: [ app_init ] --END-- [ RunTime:0.000000s ]
ERR: 无法加载控制器:Public

[ 2016-08-23T12:02:08+08:00 ] 127.0.0.1 /zhihuiyuan/Public/Admin/js/text/lang/zh-CN.js
INFO: [ app_init ] --START--
INFO: Run Behavior\BuildLiteBehavior [ RunTime:0.000000s ]
INFO: [ app_init ] --END-- [ RunTime:0.000000s ]
ERR: 无法加载控制器:Public

[ 2016-08-23T12:02:09+08:00 ] 127.0.0.1 /zhihuiyuan/Public/Admin/js/jquery-1.10.1.min.map
INFO: [ app_init ] --START--
INFO: Run Behavior\BuildLiteBehavior [ RunTime:0.000000s ]
INFO: [ app_init ] --END-- [ RunTime:0.015600s ]
ERR: 无法加载控制器:Public

[ 2016-08-23T12:02:09+08:00 ] 127.0.0.1 /zhihuiyuan/Public/Admin/js/text/lang/zh-CN.js
INFO: [ app_init ] --START--
INFO: Run Behavior\BuildLiteBehavior [ RunTime:0.000000s ]
INFO: [ app_init ] --END-- [ RunTime:0.000000s ]
ERR: 无法加载控制器:Public

[ 2016-08-23T12:02:30+08:00 ] 127.0.0.1 /zhihuiyuan/Public/Admin/js/lang/zh-CN.js
INFO: [ app_init ] --START--
INFO: Run Behavior\BuildLiteBehavior [ RunTime:0.000000s ]
INFO: [ app_init ] --END-- [ RunTime:0.000000s ]
ERR: 无法加载控制器:Public

[ 2016-08-23T12:02:30+08:00 ] 127.0.0.1 /zhihuiyuan/Public/Admin/js/jquery-1.10.1.min.map
INFO: [ app_init ] --START--
INFO: Run Behavior\BuildLiteBehavior [ RunTime:0.000000s ]
INFO: [ app_init ] --END-- [ RunTime:0.000000s ]
ERR: 无法加载控制器:Public

[ 2016-08-23T12:02:30+08:00 ] 127.0.0.1 /zhihuiyuan/Public/Admin/js/lang/zh-CN.js
INFO: [ app_init ] --START--
INFO: Run Behavior\BuildLiteBehavior [ RunTime:0.000000s ]
INFO: [ app_init ] --END-- [ RunTime:0.000000s ]
ERR: 无法加载控制器:Public

[ 2016-08-23T12:03:26+08:00 ] 127.0.0.1 /zhihuiyuan/Public/Admin/js/jquery-1.10.1.min.map
INFO: [ app_init ] --START--
INFO: Run Behavior\BuildLiteBehavior [ RunTime:0.000000s ]
INFO: [ app_init ] --END-- [ RunTime:0.000000s ]
ERR: 无法加载控制器:Public

[ 2016-08-23T12:57:53+08:00 ] 127.0.0.1 /zhihuiyuan/Public/Admin/js/jquery-1.10.1.min.map
INFO: [ app_init ] --START--
INFO: Run Behavior\BuildLiteBehavior [ RunTime:0.000000s ]
INFO: [ app_init ] --END-- [ RunTime:0.000000s ]
ERR: 无法加载控制器:Public

[ 2016-08-23T12:58:45+08:00 ] 127.0.0.1 /zhihuiyuan/Public/Admin/js/jquery-1.10.1.min.map
INFO: [ app_init ] --START--
INFO: Run Behavior\BuildLiteBehavior [ RunTime:0.000000s ]
INFO: [ app_init ] --END-- [ RunTime:0.015600s ]
ERR: 无法加载控制器:Public

[ 2016-08-23T12:59:55+08:00 ] 127.0.0.1 /zhihuiyuan/Public/Admin/js/jquery-1.10.1.min.map
INFO: [ app_init ] --START--
INFO: Run Behavior\BuildLiteBehavior [ RunTime:0.000000s ]
INFO: [ app_init ] --END-- [ RunTime:0.015600s ]
ERR: 无法加载控制器:Public

[ 2016-08-23T12:59:57+08:00 ] 127.0.0.1 /zhihuiyuan/Public/Admin/js/jquery-1.10.1.min.map
INFO: [ app_init ] --START--
INFO: Run Behavior\BuildLiteBehavior [ RunTime:0.000000s ]
INFO: [ app_init ] --END-- [ RunTime:0.015600s ]
ERR: 无法加载控制器:Public

[ 2016-08-23T13:00:46+08:00 ] 127.0.0.1 /zhihuiyuan/Public/Admin/js/jquery-1.10.1.min.map
INFO: [ app_init ] --START--
INFO: Run Behavior\BuildLiteBehavior [ RunTime:0.000000s ]
INFO: [ app_init ] --END-- [ RunTime:0.000000s ]
ERR: 无法加载控制器:Public

[ 2016-08-23T13:06:16+08:00 ] 127.0.0.1 /zhihuiyuan/Public/Admin/js/jquery-1.10.1.min.map
INFO: [ app_init ] --START--
INFO: Run Behavior\BuildLiteBehavior [ RunTime:0.000000s ]
INFO: [ app_init ] --END-- [ RunTime:0.000000s ]
ERR: 无法加载控制器:Public

[ 2016-08-23T13:08:09+08:00 ] 127.0.0.1 /zhihuiyuan/Public/Admin/js/jquery-1.10.1.min.map
INFO: [ app_init ] --START--
INFO: Run Behavior\BuildLiteBehavior [ RunTime:0.000000s ]
INFO: [ app_init ] --END-- [ RunTime:0.000000s ]
ERR: 无法加载控制器:Public

[ 2016-08-23T13:10:25+08:00 ] 127.0.0.1 /zhihuiyuan/Public/Admin/js/jquery-1.10.1.min.map
INFO: [ app_init ] --START--
INFO: Run Behavior\BuildLiteBehavior [ RunTime:0.000000s ]
INFO: [ app_init ] --END-- [ RunTime:0.000000s ]
ERR: 无法加载控制器:Public

[ 2016-08-23T13:11:52+08:00 ] 127.0.0.1 /zhihuiyuan/
INFO: [ app_init ] --START--
INFO: Run Behavior\BuildLiteBehavior [ RunTime:0.000000s ]
INFO: [ app_init ] --END-- [ RunTime:0.001000s ]

[ 2016-08-23T13:11:53+08:00 ] 127.0.0.1 /zhihuiyuan/Public/Home/js/jquery-1.10.1.min.map
INFO: [ app_init ] --START--
INFO: Run Behavior\BuildLiteBehavior [ RunTime:0.000000s ]
INFO: [ app_init ] --END-- [ RunTime:0.001000s ]
ERR: 无法加载控制器:Public

[ 2016-08-23T13:12:01+08:00 ] 127.0.0.1 /zhihuiyuan/Index/commitList1/nid/10
INFO: [ app_init ] --START--
INFO: Run Behavior\BuildLiteBehavior [ RunTime:0.000000s ]
INFO: [ app_init ] --END-- [ RunTime:0.000000s ]

[ 2016-08-23T13:12:01+08:00 ] 127.0.0.1 /zhihuiyuan/Public/Home/js/jquery-1.10.1.min.map
INFO: [ app_init ] --START--
INFO: Run Behavior\BuildLiteBehavior [ RunTime:0.000000s ]
INFO: [ app_init ] --END-- [ RunTime:0.001000s ]
ERR: 无法加载控制器:Public

[ 2016-08-23T13:12:03+08:00 ] 127.0.0.1 /zhihuiyuan/Index/index
INFO: [ app_init ] --START--
INFO: Run Behavior\BuildLiteBehavior [ RunTime:0.000000s ]
INFO: [ app_init ] --END-- [ RunTime:0.001000s ]

[ 2016-08-23T13:12:03+08:00 ] 127.0.0.1 /zhihuiyuan/Public/Home/js/jquery-1.10.1.min.map
INFO: [ app_init ] --START--
INFO: Run Behavior\BuildLiteBehavior [ RunTime:0.000000s ]
INFO: [ app_init ] --END-- [ RunTime:0.001000s ]
ERR: 无法加载控制器:Public

[ 2016-08-23T13:12:20+08:00 ] 127.0.0.1 /zhihuiyuan/Public/Admin/js/jquery-1.10.1.min.map
INFO: [ app_init ] --START--
INFO: Run Behavior\BuildLiteBehavior [ RunTime:0.000000s ]
INFO: [ app_init ] --END-- [ RunTime:0.001000s ]
ERR: 无法加载控制器:Public

[ 2016-08-23T13:15:20+08:00 ] 127.0.0.1 /zhihuiyuan/Public/Admin/js/jquery-1.10.1.min.map
INFO: [ app_init ] --START--
INFO: Run Behavior\BuildLiteBehavior [ RunTime:0.000000s ]
INFO: [ app_init ] --END-- [ RunTime:0.000000s ]
ERR: 无法加载控制器:Public

[ 2016-08-23T13:15:54+08:00 ] 127.0.0.1 /zhihuiyuan/Index/commitList1/nid/9
INFO: [ app_init ] --START--
INFO: Run Behavior\BuildLiteBehavior [ RunTime:0.000000s ]
INFO: [ app_init ] --END-- [ RunTime:0.000000s ]

[ 2016-08-23T13:15:55+08:00 ] 127.0.0.1 /zhihuiyuan/Public/Home/js/jquery-1.10.1.min.map
INFO: [ app_init ] --START--
INFO: Run Behavior\BuildLiteBehavior [ RunTime:0.000000s ]
INFO: [ app_init ] --END-- [ RunTime:0.000000s ]
ERR: 无法加载控制器:Public

[ 2016-08-23T13:18:00+08:00 ] 127.0.0.1 /zhihuiyuan/Public/Admin/js/jquery-1.10.1.min.map
INFO: [ app_init ] --START--
INFO: Run Behavior\BuildLiteBehavior [ RunTime:0.000000s ]
INFO: [ app_init ] --END-- [ RunTime:0.000000s ]
ERR: 无法加载控制器:Public

[ 2016-08-23T13:19:37+08:00 ] 127.0.0.1 /zhihuiyuan/Public/Admin/js/jquery-1.10.1.min.map
INFO: [ app_init ] --START--
INFO: Run Behavior\BuildLiteBehavior [ RunTime:0.000000s ]
INFO: [ app_init ] --END-- [ RunTime:0.000000s ]
ERR: 无法加载控制器:Public

[ 2016-08-23T13:20:35+08:00 ] 127.0.0.1 /zhihuiyuan/Public/Admin/js/jquery-1.10.1.min.map
INFO: [ app_init ] --START--
INFO: Run Behavior\BuildLiteBehavior [ RunTime:0.000000s ]
INFO: [ app_init ] --END-- [ RunTime:0.000000s ]
ERR: 无法加载控制器:Public

[ 2016-08-23T13:21:50+08:00 ] 127.0.0.1 /zhihuiyuan/Index/index
INFO: [ app_init ] --START--
INFO: Run Behavior\BuildLiteBehavior [ RunTime:0.000000s ]
INFO: [ app_init ] --END-- [ RunTime:0.000000s ]

[ 2016-08-23T13:21:54+08:00 ] 127.0.0.1 /zhihuiyuan/Index/commitList1/nid/17
INFO: [ app_init ] --START--
INFO: Run Behavior\BuildLiteBehavior [ RunTime:0.000000s ]
INFO: [ app_init ] --END-- [ RunTime:0.000000s ]

[ 2016-08-23T13:21:55+08:00 ] 127.0.0.1 /zhihuiyuan/Reteacher/index/nid/17
INFO: [ app_init ] --START--
INFO: Run Behavior\BuildLiteBehavior [ RunTime:0.000000s ]
INFO: [ app_init ] --END-- [ RunTime:0.000000s ]

[ 2016-08-23T13:22:05+08:00 ] 127.0.0.1 /zhihuiyuan/Index/index
INFO: [ app_init ] --START--
INFO: Run Behavior\BuildLiteBehavior [ RunTime:0.000000s ]
INFO: [ app_init ] --END-- [ RunTime:0.000000s ]

[ 2016-08-23T13:24:02+08:00 ] 127.0.0.1 /zhihuiyuan/Public/Admin/js/jquery-1.10.1.min.map
INFO: [ app_init ] --START--
INFO: Run Behavior\BuildLiteBehavior [ RunTime:0.000000s ]
INFO: [ app_init ] --END-- [ RunTime:0.000000s ]
ERR: 无法加载控制器:Public

[ 2016-08-23T13:24:09+08:00 ] 127.0.0.1 /zhihuiyuan/Public/Home/js/jquery-1.10.1.min.map
INFO: [ app_init ] --START--
INFO: Run Behavior\BuildLiteBehavior [ RunTime:0.000000s ]
INFO: [ app_init ] --END-- [ RunTime:0.000000s ]
ERR: 无法加载控制器:Public

[ 2016-08-23T13:25:25+08:00 ] 127.0.0.1 /zhihuiyuan/Public/Admin/js/jquery-1.10.1.min.map
INFO: [ app_init ] --START--
INFO: Run Behavior\BuildLiteBehavior [ RunTime:0.000000s ]
INFO: [ app_init ] --END-- [ RunTime:0.000000s ]
ERR: 无法加载控制器:Public

[ 2016-08-23T13:29:01+08:00 ] 127.0.0.1 /zhihuiyuan/Public/Admin/js/jquery-1.10.1.min.map
INFO: [ app_init ] --START--
INFO: Run Behavior\BuildLiteBehavior [ RunTime:0.000000s ]
INFO: [ app_init ] --END-- [ RunTime:0.000000s ]
ERR: 无法加载控制器:Public

[ 2016-08-23T13:29:27+08:00 ] 127.0.0.1 /zhihuiyuan/Public/Admin/js/jquery-1.10.1.min.map
INFO: [ app_init ] --START--
INFO: Run Behavior\BuildLiteBehavior [ RunTime:0.000000s ]
INFO: [ app_init ] --END-- [ RunTime:0.000000s ]
ERR: 无法加载控制器:Public

[ 2016-08-23T13:29:55+08:00 ] 127.0.0.1 /zhihuiyuan/Public/Admin/js/jquery-1.10.1.min.map
INFO: [ app_init ] --START--
INFO: Run Behavior\BuildLiteBehavior [ RunTime:0.000000s ]
INFO: [ app_init ] --END-- [ RunTime:0.000000s ]
ERR: 无法加载控制器:Public

[ 2016-08-23T13:30:39+08:00 ] 127.0.0.1 /zhihuiyuan/Public/Admin/js/jquery-1.10.1.min.map
INFO: [ app_init ] --START--
INFO: Run Behavior\BuildLiteBehavior [ RunTime:0.000000s ]
INFO: [ app_init ] --END-- [ RunTime:0.000000s ]
ERR: 无法加载控制器:Public

[ 2016-08-23T13:32:00+08:00 ] 127.0.0.1 /zhihuiyuan/Public/Admin/js/jquery-1.10.1.min.map
INFO: [ app_init ] --START--
INFO: Run Behavior\BuildLiteBehavior [ RunTime:0.000000s ]
INFO: [ app_init ] --END-- [ RunTime:0.000000s ]
ERR: 无法加载控制器:Public

[ 2016-08-23T13:34:10+08:00 ] 127.0.0.1 /zhihuiyuan/Public/Admin/js/jquery-1.10.1.min.map
INFO: [ app_init ] --START--
INFO: Run Behavior\BuildLiteBehavior [ RunTime:0.000000s ]
INFO: [ app_init ] --END-- [ RunTime:0.000000s ]
ERR: 无法加载控制器:Public

[ 2016-08-23T13:43:58+08:00 ] 127.0.0.1 /zhihuiyuan/Public/Admin/js/jquery-1.10.1.min.map
INFO: [ app_init ] --START--
INFO: Run Behavior\BuildLiteBehavior [ RunTime:0.000000s ]
INFO: [ app_init ] --END-- [ RunTime:0.000000s ]
ERR: 无法加载控制器:Public

[ 2016-08-23T13:44:51+08:00 ] 127.0.0.1 /zhihuiyuan/Index/commitList1/nid/32
INFO: [ app_init ] --START--
INFO: Run Behavior\BuildLiteBehavior [ RunTime:0.000000s ]
INFO: [ app_init ] --END-- [ RunTime:0.000000s ]

[ 2016-08-23T13:44:52+08:00 ] 127.0.0.1 /zhihuiyuan/Public/Home/js/jquery-1.10.1.min.map
INFO: [ app_init ] --START--
INFO: Run Behavior\BuildLiteBehavior [ RunTime:0.000000s ]
INFO: [ app_init ] --END-- [ RunTime:0.000000s ]
ERR: 无法加载控制器:Public

[ 2016-08-23T13:44:56+08:00 ] 127.0.0.1 /zhihuiyuan/Index/commitList1/id/50
INFO: [ app_init ] --START--
INFO: Run Behavior\BuildLiteBehavior [ RunTime:0.000000s ]
INFO: [ app_init ] --END-- [ RunTime:0.000000s ]

[ 2016-08-23T13:44:57+08:00 ] 127.0.0.1 /zhihuiyuan/Public/Home/js/jquery-1.10.1.min.map
INFO: [ app_init ] --START--
INFO: Run Behavior\BuildLiteBehavior [ RunTime:0.000000s ]
INFO: [ app_init ] --END-- [ RunTime:0.000000s ]
ERR: 无法加载控制器:Public

[ 2016-08-23T13:45:01+08:00 ] 127.0.0.1 /zhihuiyuan/Index/commitList1/nid/32
INFO: [ app_init ] --START--
INFO: Run Behavior\BuildLiteBehavior [ RunTime:0.000000s ]
INFO: [ app_init ] --END-- [ RunTime:0.000000s ]

[ 2016-08-23T13:45:01+08:00 ] 127.0.0.1 /zhihuiyuan/Public/Home/js/jquery-1.10.1.min.map
INFO: [ app_init ] --START--
INFO: Run Behavior\BuildLiteBehavior [ RunTime:0.000000s ]
INFO: [ app_init ] --END-- [ RunTime:0.000000s ]
ERR: 无法加载控制器:Public

[ 2016-08-23T13:45:05+08:00 ] 127.0.0.1 /zhihuiyuan/Index/commitList1/id/47
INFO: [ app_init ] --START--
INFO: Run Behavior\BuildLiteBehavior [ RunTime:0.000000s ]
INFO: [ app_init ] --END-- [ RunTime:0.000000s ]

[ 2016-08-23T13:45:05+08:00 ] 127.0.0.1 /zhihuiyuan/Public/Home/js/jquery-1.10.1.min.map
INFO: [ app_init ] --START--
INFO: Run Behavior\BuildLiteBehavior [ RunTime:0.000000s ]
INFO: [ app_init ] --END-- [ RunTime:0.000000s ]
ERR: 无法加载控制器:Public

[ 2016-08-23T13:45:08+08:00 ] 127.0.0.1 /zhihuiyuan/Index/commitList1/id/47
INFO: [ app_init ] --START--
INFO: Run Behavior\BuildLiteBehavior [ RunTime:0.000000s ]
INFO: [ app_init ] --END-- [ RunTime:0.000000s ]

[ 2016-08-23T13:45:08+08:00 ] 127.0.0.1 /zhihuiyuan/Public/Home/js/jquery-1.10.1.min.map
INFO: [ app_init ] --START--
INFO: Run Behavior\BuildLiteBehavior [ RunTime:0.000000s ]
INFO: [ app_init ] --END-- [ RunTime:0.000000s ]
ERR: 无法加载控制器:Public

[ 2016-08-23T13:45:11+08:00 ] 127.0.0.1 /zhihuiyuan/Index/commitList1/nid/32
INFO: [ app_init ] --START--
INFO: Run Behavior\BuildLiteBehavior [ RunTime:0.000000s ]
INFO: [ app_init ] --END-- [ RunTime:0.000000s ]

[ 2016-08-23T13:45:11+08:00 ] 127.0.0.1 /zhihuiyuan/Public/Home/js/jquery-1.10.1.min.map
INFO: [ app_init ] --START--
INFO: Run Behavior\BuildLiteBehavior [ RunTime:0.000000s ]
INFO: [ app_init ] --END-- [ RunTime:0.000000s ]
ERR: 无法加载控制器:Public

[ 2016-08-23T13:46:06+08:00 ] 127.0.0.1 /zhihuiyuan/Index/commitList1/nid/32
INFO: [ app_init ] --START--
INFO: Run Behavior\BuildLiteBehavior [ RunTime:0.000000s ]
INFO: [ app_init ] --END-- [ RunTime:0.000000s ]

[ 2016-08-23T13:46:07+08:00 ] 127.0.0.1 /zhihuiyuan/Public/Home/js/jquery-1.10.1.min.map
INFO: [ app_init ] --START--
INFO: Run Behavior\BuildLiteBehavior [ RunTime:0.000000s ]
INFO: [ app_init ] --END-- [ RunTime:0.000000s ]
ERR: 无法加载控制器:Public

[ 2016-08-23T13:46:10+08:00 ] 127.0.0.1 /zhihuiyuan/Index/index
INFO: [ app_init ] --START--
INFO: Run Behavior\BuildLiteBehavior [ RunTime:0.000000s ]
INFO: [ app_init ] --END-- [ RunTime:0.000000s ]

[ 2016-08-23T13:46:11+08:00 ] 127.0.0.1 /zhihuiyuan/Public/Home/js/jquery-1.10.1.min.map
INFO: [ app_init ] --START--
INFO: Run Behavior\BuildLiteBehavior [ RunTime:0.000000s ]
INFO: [ app_init ] --END-- [ RunTime:0.000000s ]
ERR: 无法加载控制器:Public

[ 2016-08-23T13:46:22+08:00 ] 127.0.0.1 /zhihuiyuan/Index/commitList1/id/47/nid/32
INFO: [ app_init ] --START--
INFO: Run Behavior\BuildLiteBehavior [ RunTime:0.000000s ]
INFO: [ app_init ] --END-- [ RunTime:0.000000s ]

[ 2016-08-23T13:46:23+08:00 ] 127.0.0.1 /zhihuiyuan/Public/Home/js/jquery-1.10.1.min.map
INFO: [ app_init ] --START--
INFO: Run Behavior\BuildLiteBehavior [ RunTime:0.000000s ]
INFO: [ app_init ] --END-- [ RunTime:0.000000s ]
ERR: 无法加载控制器:Public

[ 2016-08-23T13:46:33+08:00 ] 127.0.0.1 /zhihuiyuan/Index/index
INFO: [ app_init ] --START--
INFO: Run Behavior\BuildLiteBehavior [ RunTime:0.000000s ]
INFO: [ app_init ] --END-- [ RunTime:0.000000s ]

[ 2016-08-23T13:46:33+08:00 ] 127.0.0.1 /zhihuiyuan/Public/Home/js/jquery-1.10.1.min.map
INFO: [ app_init ] --START--
INFO: Run Behavior\BuildLiteBehavior [ RunTime:0.000000s ]
INFO: [ app_init ] --END-- [ RunTime:0.000000s ]
ERR: 无法加载控制器:Public

[ 2016-08-23T13:46:38+08:00 ] 127.0.0.1 /zhihuiyuan/Index/commitList1/id/43/nid/9
INFO: [ app_init ] --START--
INFO: Run Behavior\BuildLiteBehavior [ RunTime:0.000000s ]
INFO: [ app_init ] --END-- [ RunTime:0.000000s ]

[ 2016-08-23T13:46:38+08:00 ] 127.0.0.1 /zhihuiyuan/Public/Home/js/jquery-1.10.1.min.map
INFO: [ app_init ] --START--
INFO: Run Behavior\BuildLiteBehavior [ RunTime:0.000000s ]
INFO: [ app_init ] --END-- [ RunTime:0.000000s ]
ERR: 无法加载控制器:Public

[ 2016-08-23T13:48:41+08:00 ] 127.0.0.1 /zhihuiyuan/Index/index
INFO: [ app_init ] --START--
INFO: Run Behavior\BuildLiteBehavior [ RunTime:0.000000s ]
INFO: [ app_init ] --END-- [ RunTime:0.000000s ]

[ 2016-08-23T13:48:41+08:00 ] 127.0.0.1 /zhihuiyuan/Public/Home/js/jquery-1.10.1.min.map
INFO: [ app_init ] --START--
INFO: Run Behavior\BuildLiteBehavior [ RunTime:0.000000s ]
INFO: [ app_init ] --END-- [ RunTime:0.000000s ]
ERR: 无法加载控制器:Public

[ 2016-08-23T13:48:49+08:00 ] 127.0.0.1 /zhihuiyuan/Company/index
INFO: [ app_init ] --START--
INFO: Run Behavior\BuildLiteBehavior [ RunTime:0.000000s ]
INFO: [ app_init ] --END-- [ RunTime:0.000000s ]

[ 2016-08-23T13:48:49+08:00 ] 127.0.0.1 /zhihuiyuan/Public/Home/js/jquery-1.10.1.min.map
INFO: [ app_init ] --START--
INFO: Run Behavior\BuildLiteBehavior [ RunTime:0.000000s ]
INFO: [ app_init ] --END-- [ RunTime:0.000000s ]
ERR: 无法加载控制器:Public

[ 2016-08-23T13:48:59+08:00 ] 127.0.0.1 /zhihuiyuan/Index/index
INFO: [ app_init ] --START--
INFO: Run Behavior\BuildLiteBehavior [ RunTime:0.000000s ]
INFO: [ app_init ] --END-- [ RunTime:0.000000s ]

[ 2016-08-23T13:48:59+08:00 ] 127.0.0.1 /zhihuiyuan/Public/Home/js/jquery-1.10.1.min.map
INFO: [ app_init ] --START--
INFO: Run Behavior\BuildLiteBehavior [ RunTime:0.000000s ]
INFO: [ app_init ] --END-- [ RunTime:0.000000s ]
ERR: 无法加载控制器:Public

[ 2016-08-23T13:51:43+08:00 ] 127.0.0.1 /zhihuiyuan/Public/Admin/js/jquery-1.10.1.min.map
INFO: [ app_init ] --START--
INFO: Run Behavior\BuildLiteBehavior [ RunTime:0.000000s ]
INFO: [ app_init ] --END-- [ RunTime:0.000000s ]
ERR: 无法加载控制器:Public

[ 2016-08-23T13:54:08+08:00 ] 127.0.0.1 /zhihuiyuan/Public/Admin/js/jquery-1.10.1.min.map
INFO: [ app_init ] --START--
INFO: Run Behavior\BuildLiteBehavior [ RunTime:0.000000s ]
INFO: [ app_init ] --END-- [ RunTime:0.000000s ]
ERR: 无法加载控制器:Public

[ 2016-08-23T14:30:22+08:00 ] 127.0.0.1 /zhihuiyuan/Public/Admin/js/jquery-1.10.1.min.map
INFO: [ app_init ] --START--
INFO: Run Behavior\BuildLiteBehavior [ RunTime:0.000000s ]
INFO: [ app_init ] --END-- [ RunTime:0.000000s ]
ERR: 无法加载控制器:Public

[ 2016-08-23T14:30:41+08:00 ] 127.0.0.1 /zhihuiyuan/Public/Admin/js/jquery-1.10.1.min.map
INFO: [ app_init ] --START--
INFO: Run Behavior\BuildLiteBehavior [ RunTime:0.000000s ]
INFO: [ app_init ] --END-- [ RunTime:0.000000s ]
ERR: 无法加载控制器:Public

[ 2016-08-23T14:31:51+08:00 ] 127.0.0.1 /zhihuiyuan/Public/Admin/js/jquery-1.10.1.min.map
INFO: [ app_init ] --START--
INFO: Run Behavior\BuildLiteBehavior [ RunTime:0.000000s ]
INFO: [ app_init ] --END-- [ RunTime:0.000000s ]
ERR: 无法加载控制器:Public

[ 2016-08-23T14:34:42+08:00 ] 127.0.0.1 /zhihuiyuan/Public/Admin/js/jquery-1.10.1.min.map
INFO: [ app_init ] --START--
INFO: Run Behavior\BuildLiteBehavior [ RunTime:0.000000s ]
INFO: [ app_init ] --END-- [ RunTime:0.000000s ]
ERR: 无法加载控制器:Public

[ 2016-08-23T14:37:23+08:00 ] 127.0.0.1 /zhihuiyuan/Public/Admin/js/jquery-1.10.1.min.map
INFO: [ app_init ] --START--
INFO: Run Behavior\BuildLiteBehavior [ RunTime:0.000000s ]
INFO: [ app_init ] --END-- [ RunTime:0.000000s ]
ERR: 无法加载控制器:Public

[ 2016-08-23T14:39:18+08:00 ] 127.0.0.1 /zhihuiyuan/Public/Admin/js/jquery-1.10.1.min.map
INFO: [ app_init ] --START--
INFO: Run Behavior\BuildLiteBehavior [ RunTime:0.000000s ]
INFO: [ app_init ] --END-- [ RunTime:0.015600s ]
ERR: 无法加载控制器:Public

[ 2016-08-23T14:42:16+08:00 ] 127.0.0.1 /zhihuiyuan/Public/Admin/js/jquery-1.10.1.min.map
INFO: [ app_init ] --START--
INFO: Run Behavior\BuildLiteBehavior [ RunTime:0.000000s ]
INFO: [ app_init ] --END-- [ RunTime:0.015601s ]
ERR: 无法加载控制器:Public

[ 2016-08-23T14:43:22+08:00 ] 127.0.0.1 /zhihuiyuan/Public/Admin/js/jquery-1.10.1.min.map
INFO: [ app_init ] --START--
INFO: Run Behavior\BuildLiteBehavior [ RunTime:0.000000s ]
INFO: [ app_init ] --END-- [ RunTime:0.000000s ]
ERR: 无法加载控制器:Public

[ 2016-08-23T14:44:22+08:00 ] 127.0.0.1 /zhihuiyuan/Public/Admin/js/jquery-1.10.1.min.map
INFO: [ app_init ] --START--
INFO: Run Behavior\BuildLiteBehavior [ RunTime:0.000000s ]
INFO: [ app_init ] --END-- [ RunTime:0.000000s ]
ERR: 无法加载控制器:Public

[ 2016-08-23T14:44:53+08:00 ] 127.0.0.1 /zhihuiyuan/Public/Admin/js/jquery-1.10.1.min.map
INFO: [ app_init ] --START--
INFO: Run Behavior\BuildLiteBehavior [ RunTime:0.000000s ]
INFO: [ app_init ] --END-- [ RunTime:0.000000s ]
ERR: 无法加载控制器:Public

[ 2016-08-23T14:45:05+08:00 ] 127.0.0.1 /zhihuiyuan/Public/Admin/js/jquery-1.10.1.min.map
INFO: [ app_init ] --START--
INFO: Run Behavior\BuildLiteBehavior [ RunTime:0.000000s ]
INFO: [ app_init ] --END-- [ RunTime:0.000000s ]
ERR: 无法加载控制器:Public

[ 2016-08-23T14:45:08+08:00 ] 127.0.0.1 /zhihuiyuan/Public/Admin/js/jquery-1.10.1.min.map
INFO: [ app_init ] --START--
INFO: Run Behavior\BuildLiteBehavior [ RunTime:0.000000s ]
INFO: [ app_init ] --END-- [ RunTime:0.000000s ]
ERR: 无法加载控制器:Public

[ 2016-08-23T14:45:10+08:00 ] 127.0.0.1 /zhihuiyuan/Public/Admin/js/jquery-1.10.1.min.map
INFO: [ app_init ] --START--
INFO: Run Behavior\BuildLiteBehavior [ RunTime:0.000000s ]
INFO: [ app_init ] --END-- [ RunTime:0.000000s ]
ERR: 无法加载控制器:Public

[ 2016-08-23T14:46:31+08:00 ] 127.0.0.1 /zhihuiyuan/Public/Admin/js/jquery-1.10.1.min.map
INFO: [ app_init ] --START--
INFO: Run Behavior\BuildLiteBehavior [ RunTime:0.000000s ]
INFO: [ app_init ] --END-- [ RunTime:0.015601s ]
ERR: 无法加载控制器:Public

[ 2016-08-23T14:47:09+08:00 ] 127.0.0.1 /zhihuiyuan/Public/Admin/js/jquery-1.10.1.min.map
INFO: [ app_init ] --START--
INFO: Run Behavior\BuildLiteBehavior [ RunTime:0.000000s ]
INFO: [ app_init ] --END-- [ RunTime:0.015600s ]
ERR: 无法加载控制器:Public

[ 2016-08-23T14:47:56+08:00 ] 127.0.0.1 /zhihuiyuan/Public/Admin/js/jquery-1.10.1.min.map
INFO: [ app_init ] --START--
INFO: Run Behavior\BuildLiteBehavior [ RunTime:0.000000s ]
INFO: [ app_init ] --END-- [ RunTime:0.000000s ]
ERR: 无法加载控制器:Public

[ 2016-08-23T14:50:34+08:00 ] 127.0.0.1 /zhihuiyuan/Public/Admin/js/jquery-1.10.1.min.map
INFO: [ app_init ] --START--
INFO: Run Behavior\BuildLiteBehavior [ RunTime:0.000000s ]
INFO: [ app_init ] --END-- [ RunTime:0.000000s ]
ERR: 无法加载控制器:Public

[ 2016-08-23T14:50:37+08:00 ] 127.0.0.1 /zhihuiyuan/Public/Admin/js/jquery-1.10.1.min.map
INFO: [ app_init ] --START--
INFO: Run Behavior\BuildLiteBehavior [ RunTime:0.000000s ]
INFO: [ app_init ] --END-- [ RunTime:0.000000s ]
ERR: 无法加载控制器:Public

[ 2016-08-23T14:50:41+08:00 ] 127.0.0.1 /zhihuiyuan/Public/Admin/js/jquery-1.10.1.min.map
INFO: [ app_init ] --START--
INFO: Run Behavior\BuildLiteBehavior [ RunTime:0.000000s ]
INFO: [ app_init ] --END-- [ RunTime:0.000000s ]
ERR: 无法加载控制器:Public

[ 2016-08-23T14:50:45+08:00 ] 127.0.0.1 /zhihuiyuan/Public/Admin/js/jquery-1.10.1.min.map
INFO: [ app_init ] --START--
INFO: Run Behavior\BuildLiteBehavior [ RunTime:0.000000s ]
INFO: [ app_init ] --END-- [ RunTime:0.000000s ]
ERR: 无法加载控制器:Public

[ 2016-08-23T14:51:10+08:00 ] 127.0.0.1 /zhihuiyuan/Public/Admin/js/jquery-1.10.1.min.map
INFO: [ app_init ] --START--
INFO: Run Behavior\BuildLiteBehavior [ RunTime:0.000000s ]
INFO: [ app_init ] --END-- [ RunTime:0.000000s ]
ERR: 无法加载控制器:Public

[ 2016-08-23T14:51:23+08:00 ] 127.0.0.1 /zhihuiyuan/Public/Admin/js/jquery-1.10.1.min.map
INFO: [ app_init ] --START--
INFO: Run Behavior\BuildLiteBehavior [ RunTime:0.000000s ]
INFO: [ app_init ] --END-- [ RunTime:0.000000s ]
ERR: 无法加载控制器:Public

[ 2016-08-23T14:51:32+08:00 ] 127.0.0.1 /zhihuiyuan/Public/Admin/js/jquery-1.10.1.min.map
INFO: [ app_init ] --START--
INFO: Run Behavior\BuildLiteBehavior [ RunTime:0.000000s ]
INFO: [ app_init ] --END-- [ RunTime:0.000000s ]
ERR: 无法加载控制器:Public

[ 2016-08-23T14:51:36+08:00 ] 127.0.0.1 /zhihuiyuan/Public/Admin/js/jquery-1.10.1.min.map
INFO: [ app_init ] --START--
INFO: Run Behavior\BuildLiteBehavior [ RunTime:0.000000s ]
INFO: [ app_init ] --END-- [ RunTime:0.000000s ]
ERR: 无法加载控制器:Public

[ 2016-08-23T14:52:18+08:00 ] 127.0.0.1 /zhihuiyuan/Public/Admin/js/jquery-1.10.1.min.map
INFO: [ app_init ] --START--
INFO: Run Behavior\BuildLiteBehavior [ RunTime:0.000000s ]
INFO: [ app_init ] --END-- [ RunTime:0.015600s ]
ERR: 无法加载控制器:Public

[ 2016-08-23T14:52:32+08:00 ] 127.0.0.1 /zhihuiyuan/Public/Admin/js/jquery-1.10.1.min.map
INFO: [ app_init ] --START--
INFO: Run Behavior\BuildLiteBehavior [ RunTime:0.000000s ]
INFO: [ app_init ] --END-- [ RunTime:0.000000s ]
ERR: 无法加载控制器:Public

[ 2016-08-23T14:52:53+08:00 ] 127.0.0.1 /zhihuiyuan/Public/Admin/js/jquery-1.10.1.min.map
INFO: [ app_init ] --START--
INFO: Run Behavior\BuildLiteBehavior [ RunTime:0.000000s ]
INFO: [ app_init ] --END-- [ RunTime:0.015600s ]
ERR: 无法加载控制器:Public

[ 2016-08-23T15:01:41+08:00 ] 127.0.0.1 /zhihuiyuan/Public/Admin/js/jquery-1.10.1.min.map
INFO: [ app_init ] --START--
INFO: Run Behavior\BuildLiteBehavior [ RunTime:0.000000s ]
INFO: [ app_init ] --END-- [ RunTime:0.000000s ]
ERR: 无法加载控制器:Public

[ 2016-08-23T15:01:55+08:00 ] 127.0.0.1 /zhihuiyuan/Public/Admin/js/jquery-1.10.1.min.map
INFO: [ app_init ] --START--
INFO: Run Behavior\BuildLiteBehavior [ RunTime:0.000000s ]
INFO: [ app_init ] --END-- [ RunTime:0.000000s ]
ERR: 无法加载控制器:Public

[ 2016-08-23T15:01:59+08:00 ] 127.0.0.1 /zhihuiyuan/Public/Admin/js/jquery-1.10.1.min.map
INFO: [ app_init ] --START--
INFO: Run Behavior\BuildLiteBehavior [ RunTime:0.000000s ]
INFO: [ app_init ] --END-- [ RunTime:0.000000s ]
ERR: 无法加载控制器:Public

[ 2016-08-23T15:02:16+08:00 ] 127.0.0.1 /zhihuiyuan/Public/Admin/js/jquery-1.10.1.min.map
INFO: [ app_init ] --START--
INFO: Run Behavior\BuildLiteBehavior [ RunTime:0.000000s ]
INFO: [ app_init ] --END-- [ RunTime:0.015600s ]
ERR: 无法加载控制器:Public

[ 2016-08-23T15:02:19+08:00 ] 127.0.0.1 /zhihuiyuan/Public/Admin/js/jquery-1.10.1.min.map
INFO: [ app_init ] --START--
INFO: Run Behavior\BuildLiteBehavior [ RunTime:0.000000s ]
INFO: [ app_init ] --END-- [ RunTime:0.000000s ]
ERR: 无法加载控制器:Public

[ 2016-08-23T15:02:20+08:00 ] 127.0.0.1 /zhihuiyuan/Public/Admin/js/jquery-1.10.1.min.map
INFO: [ app_init ] --START--
INFO: Run Behavior\BuildLiteBehavior [ RunTime:0.000000s ]
INFO: [ app_init ] --END-- [ RunTime:0.000000s ]
ERR: 无法加载控制器:Public

[ 2016-08-23T15:02:34+08:00 ] 127.0.0.1 /zhihuiyuan/Public/Admin/js/jquery-1.10.1.min.map
INFO: [ app_init ] --START--
INFO: Run Behavior\BuildLiteBehavior [ RunTime:0.000000s ]
INFO: [ app_init ] --END-- [ RunTime:0.000000s ]
ERR: 无法加载控制器:Public

[ 2016-08-23T15:02:43+08:00 ] 127.0.0.1 /zhihuiyuan/Public/Admin/js/jquery-1.10.1.min.map
INFO: [ app_init ] --START--
INFO: Run Behavior\BuildLiteBehavior [ RunTime:0.000000s ]
INFO: [ app_init ] --END-- [ RunTime:0.000000s ]
ERR: 无法加载控制器:Public

[ 2016-08-23T15:03:28+08:00 ] 127.0.0.1 /zhihuiyuan/Public/Admin/js/jquery-1.10.1.min.map
INFO: [ app_init ] --START--
INFO: Run Behavior\BuildLiteBehavior [ RunTime:0.000000s ]
INFO: [ app_init ] --END-- [ RunTime:0.000000s ]
ERR: 无法加载控制器:Public

[ 2016-08-23T15:03:37+08:00 ] 127.0.0.1 /zhihuiyuan/Public/Admin/js/jquery-1.10.1.min.map
INFO: [ app_init ] --START--
INFO: Run Behavior\BuildLiteBehavior [ RunTime:0.000000s ]
INFO: [ app_init ] --END-- [ RunTime:0.015600s ]
ERR: 无法加载控制器:Public

[ 2016-08-23T15:03:39+08:00 ] 127.0.0.1 /zhihuiyuan/Public/Admin/js/jquery-1.10.1.min.map
INFO: [ app_init ] --START--
INFO: Run Behavior\BuildLiteBehavior [ RunTime:0.000000s ]
INFO: [ app_init ] --END-- [ RunTime:0.000000s ]
ERR: 无法加载控制器:Public

[ 2016-08-23T15:07:51+08:00 ] 127.0.0.1 /zhihuiyuan/Public/Admin/js/jquery-1.10.1.min.map
INFO: [ app_init ] --START--
INFO: Run Behavior\BuildLiteBehavior [ RunTime:0.000000s ]
INFO: [ app_init ] --END-- [ RunTime:0.000000s ]
ERR: 无法加载控制器:Public

[ 2016-08-23T15:09:21+08:00 ] 127.0.0.1 /zhihuiyuan/Public/Admin/js/jquery-1.10.1.min.map
INFO: [ app_init ] --START--
INFO: Run Behavior\BuildLiteBehavior [ RunTime:0.000000s ]
INFO: [ app_init ] --END-- [ RunTime:0.000000s ]
ERR: 无法加载控制器:Public

[ 2016-08-23T15:10:10+08:00 ] 127.0.0.1 /zhihuiyuan/Public/Admin/js/jquery-1.10.1.min.map
INFO: [ app_init ] --START--
INFO: Run Behavior\BuildLiteBehavior [ RunTime:0.000000s ]
INFO: [ app_init ] --END-- [ RunTime:0.000000s ]
ERR: 无法加载控制器:Public

[ 2016-08-23T15:10:12+08:00 ] 127.0.0.1 /zhihuiyuan/Public/Admin/js/jquery-1.10.1.min.map
INFO: [ app_init ] --START--
INFO: Run Behavior\BuildLiteBehavior [ RunTime:0.000000s ]
INFO: [ app_init ] --END-- [ RunTime:0.000000s ]
ERR: 无法加载控制器:Public

[ 2016-08-23T15:10:52+08:00 ] 127.0.0.1 /zhihuiyuan/Public/Admin/js/jquery-1.10.1.min.map
INFO: [ app_init ] --START--
INFO: Run Behavior\BuildLiteBehavior [ RunTime:0.000000s ]
INFO: [ app_init ] --END-- [ RunTime:0.000000s ]
ERR: 无法加载控制器:Public

[ 2016-08-23T15:11:33+08:00 ] 127.0.0.1 /zhihuiyuan/Public/Admin/js/jquery-1.10.1.min.map
INFO: [ app_init ] --START--
INFO: Run Behavior\BuildLiteBehavior [ RunTime:0.000000s ]
INFO: [ app_init ] --END-- [ RunTime:0.000000s ]
ERR: 无法加载控制器:Public

[ 2016-08-23T15:11:35+08:00 ] 127.0.0.1 /zhihuiyuan/Public/Admin/js/jquery-1.10.1.min.map
INFO: [ app_init ] --START--
INFO: Run Behavior\BuildLiteBehavior [ RunTime:0.000000s ]
INFO: [ app_init ] --END-- [ RunTime:0.000000s ]
ERR: 无法加载控制器:Public

[ 2016-08-23T15:11:37+08:00 ] 127.0.0.1 /zhihuiyuan/Public/Admin/js/jquery-1.10.1.min.map
INFO: [ app_init ] --START--
INFO: Run Behavior\BuildLiteBehavior [ RunTime:0.000000s ]
INFO: [ app_init ] --END-- [ RunTime:0.000000s ]
ERR: 无法加载控制器:Public

[ 2016-08-23T15:12:23+08:00 ] 127.0.0.1 /zhihuiyuan/Public/Admin/js/jquery-1.10.1.min.map
INFO: [ app_init ] --START--
INFO: Run Behavior\BuildLiteBehavior [ RunTime:0.000000s ]
INFO: [ app_init ] --END-- [ RunTime:0.000000s ]
ERR: 无法加载控制器:Public

[ 2016-08-23T15:12:24+08:00 ] 127.0.0.1 /zhihuiyuan/Public/Admin/js/jquery-1.10.1.min.map
INFO: [ app_init ] --START--
INFO: Run Behavior\BuildLiteBehavior [ RunTime:0.000000s ]
INFO: [ app_init ] --END-- [ RunTime:0.000000s ]
ERR: 无法加载控制器:Public

[ 2016-08-23T15:13:26+08:00 ] 127.0.0.1 /zhihuiyuan/Public/Admin/js/jquery-1.10.1.min.map
INFO: [ app_init ] --START--
INFO: Run Behavior\BuildLiteBehavior [ RunTime:0.000000s ]
INFO: [ app_init ] --END-- [ RunTime:0.000000s ]
ERR: 无法加载控制器:Public

[ 2016-08-23T15:13:50+08:00 ] 127.0.0.1 /zhihuiyuan/Public/Admin/js/jquery-1.10.1.min.map
INFO: [ app_init ] --START--
INFO: Run Behavior\BuildLiteBehavior [ RunTime:0.000000s ]
INFO: [ app_init ] --END-- [ RunTime:0.000000s ]
ERR: 无法加载控制器:Public

[ 2016-08-23T15:14:36+08:00 ] 127.0.0.1 /zhihuiyuan/Public/Admin/js/jquery-1.10.1.min.map
INFO: [ app_init ] --START--
INFO: Run Behavior\BuildLiteBehavior [ RunTime:0.000000s ]
INFO: [ app_init ] --END-- [ RunTime:0.000000s ]
ERR: 无法加载控制器:Public

[ 2016-08-23T15:15:48+08:00 ] 127.0.0.1 /zhihuiyuan/Public/Admin/js/jquery-1.10.1.min.map
INFO: [ app_init ] --START--
INFO: Run Behavior\BuildLiteBehavior [ RunTime:0.000000s ]
INFO: [ app_init ] --END-- [ RunTime:0.015600s ]
ERR: 无法加载控制器:Public

[ 2016-08-23T15:17:27+08:00 ] 127.0.0.1 /zhihuiyuan/Public/Admin/js/jquery-1.10.1.min.map
INFO: [ app_init ] --START--
INFO: Run Behavior\BuildLiteBehavior [ RunTime:0.000000s ]
INFO: [ app_init ] --END-- [ RunTime:0.000000s ]
ERR: 无法加载控制器:Public

[ 2016-08-23T15:17:52+08:00 ] 127.0.0.1 /zhihuiyuan/Public/Admin/js/jquery-1.10.1.min.map
INFO: [ app_init ] --START--
INFO: Run Behavior\BuildLiteBehavior [ RunTime:0.000000s ]
INFO: [ app_init ] --END-- [ RunTime:0.000000s ]
ERR: 无法加载控制器:Public

[ 2016-08-23T15:17:54+08:00 ] 127.0.0.1 /zhihuiyuan/Public/Admin/js/jquery-1.10.1.min.map
INFO: [ app_init ] --START--
INFO: Run Behavior\BuildLiteBehavior [ RunTime:0.000000s ]
INFO: [ app_init ] --END-- [ RunTime:0.000000s ]
ERR: 无法加载控制器:Public

[ 2016-08-23T15:18:07+08:00 ] 127.0.0.1 /zhihuiyuan/Public/Admin/js/jquery-1.10.1.min.map
INFO: [ app_init ] --START--
INFO: Run Behavior\BuildLiteBehavior [ RunTime:0.000000s ]
INFO: [ app_init ] --END-- [ RunTime:0.000000s ]
ERR: 无法加载控制器:Public

[ 2016-08-23T15:19:25+08:00 ] 127.0.0.1 /zhihuiyuan/Public/Admin/js/jquery-1.10.1.min.map
INFO: [ app_init ] --START--
INFO: Run Behavior\BuildLiteBehavior [ RunTime:0.000000s ]
INFO: [ app_init ] --END-- [ RunTime:0.000000s ]
ERR: 无法加载控制器:Public

[ 2016-08-23T15:19:35+08:00 ] 127.0.0.1 /zhihuiyuan/Public/Admin/js/jquery-1.10.1.min.map
INFO: [ app_init ] --START--
INFO: Run Behavior\BuildLiteBehavior [ RunTime:0.000000s ]
INFO: [ app_init ] --END-- [ RunTime:0.000000s ]
ERR: 无法加载控制器:Public

[ 2016-08-23T15:21:21+08:00 ] 127.0.0.1 /zhihuiyuan/Public/Admin/js/jquery-1.10.1.min.map
INFO: [ app_init ] --START--
INFO: Run Behavior\BuildLiteBehavior [ RunTime:0.000000s ]
INFO: [ app_init ] --END-- [ RunTime:0.000000s ]
ERR: 无法加载控制器:Public

[ 2016-08-23T15:21:29+08:00 ] 127.0.0.1 /zhihuiyuan/Public/Admin/js/jquery-1.10.1.min.map
INFO: [ app_init ] --START--
INFO: Run Behavior\BuildLiteBehavior [ RunTime:0.000000s ]
INFO: [ app_init ] --END-- [ RunTime:0.000000s ]
ERR: 无法加载控制器:Public

[ 2016-08-23T15:22:57+08:00 ] 127.0.0.1 /zhihuiyuan/Public/Admin/js/jquery-1.10.1.min.map
INFO: [ app_init ] --START--
INFO: Run Behavior\BuildLiteBehavior [ RunTime:0.000000s ]
INFO: [ app_init ] --END-- [ RunTime:0.000000s ]
ERR: 无法加载控制器:Public

[ 2016-08-23T15:23:27+08:00 ] 127.0.0.1 /zhihuiyuan/Public/Admin/js/jquery-1.10.1.min.map
INFO: [ app_init ] --START--
INFO: Run Behavior\BuildLiteBehavior [ RunTime:0.000000s ]
INFO: [ app_init ] --END-- [ RunTime:0.000000s ]
ERR: 无法加载控制器:Public

[ 2016-08-23T15:27:06+08:00 ] 127.0.0.1 /zhihuiyuan/Public/Admin/js/jquery-1.10.1.min.map
INFO: [ app_init ] --START--
INFO: Run Behavior\BuildLiteBehavior [ RunTime:0.000000s ]
INFO: [ app_init ] --END-- [ RunTime:0.000000s ]
ERR: 无法加载控制器:Public

[ 2016-08-23T15:27:55+08:00 ] 127.0.0.1 /zhihuiyuan/Public/Admin/js/jquery-1.10.1.min.map
INFO: [ app_init ] --START--
INFO: Run Behavior\BuildLiteBehavior [ RunTime:0.000000s ]
INFO: [ app_init ] --END-- [ RunTime:0.000000s ]
ERR: 无法加载控制器:Public

[ 2016-08-23T15:28:11+08:00 ] 127.0.0.1 /zhihuiyuan/Public/Admin/js/jquery-1.10.1.min.map
INFO: [ app_init ] --START--
INFO: Run Behavior\BuildLiteBehavior [ RunTime:0.000000s ]
INFO: [ app_init ] --END-- [ RunTime:0.000000s ]
ERR: 无法加载控制器:Public

[ 2016-08-23T15:43:44+08:00 ] 127.0.0.1 /zhihuiyuan/Public/Admin/js/jquery-1.10.1.min.map
INFO: [ app_init ] --START--
INFO: Run Behavior\BuildLiteBehavior [ RunTime:0.000000s ]
INFO: [ app_init ] --END-- [ RunTime:0.000000s ]
ERR: 无法加载控制器:Public

[ 2016-08-23T16:35:22+08:00 ] 127.0.0.1 /zhihuiyuan/Index/index
INFO: [ app_init ] --START--
INFO: Run Behavior\BuildLiteBehavior [ RunTime:0.000000s ]
INFO: [ app_init ] --END-- [ RunTime:0.001000s ]

[ 2016-08-23T17:55:53+08:00 ] 127.0.0.1 /zhihuiyuan/Public/Admin/js/jquery-1.10.1.min.map
INFO: [ app_init ] --START--
INFO: Run Behavior\BuildLiteBehavior [ RunTime:0.000000s ]
INFO: [ app_init ] --END-- [ RunTime:0.001000s ]
ERR: 无法加载控制器:Public

[ 2016-08-23T17:55:57+08:00 ] 127.0.0.1 /zhihuiyuan/Public/Admin/js/jquery-1.10.1.min.map
INFO: [ app_init ] --START--
INFO: Run Behavior\BuildLiteBehavior [ RunTime:0.000000s ]
INFO: [ app_init ] --END-- [ RunTime:0.002000s ]
ERR: 无法加载控制器:Public

[ 2016-08-23T17:56:51+08:00 ] 127.0.0.1 /zhihuiyuan/Public/Admin/js/jquery-1.10.1.min.map
INFO: [ app_init ] --START--
INFO: Run Behavior\BuildLiteBehavior [ RunTime:0.000000s ]
INFO: [ app_init ] --END-- [ RunTime:0.001000s ]
ERR: 无法加载控制器:Public

[ 2016-08-23T17:58:03+08:00 ] 127.0.0.1 /zhihuiyuan/Public/Admin/js/jquery-1.10.1.min.map
INFO: [ app_init ] --START--
INFO: Run Behavior\BuildLiteBehavior [ RunTime:0.000000s ]
INFO: [ app_init ] --END-- [ RunTime:0.001000s ]
ERR: 无法加载控制器:Public

[ 2016-08-23T17:58:56+08:00 ] 127.0.0.1 /zhihuiyuan/Public/Admin/js/jquery-1.10.1.min.map
INFO: [ app_init ] --START--
INFO: Run Behavior\BuildLiteBehavior [ RunTime:0.000000s ]
INFO: [ app_init ] --END-- [ RunTime:0.001000s ]
ERR: 无法加载控制器:Public

[ 2016-08-23T17:59:00+08:00 ] 127.0.0.1 /zhihuiyuan/Public/Admin/js/jquery-1.10.1.min.map
INFO: [ app_init ] --START--
INFO: Run Behavior\BuildLiteBehavior [ RunTime:0.000000s ]
INFO: [ app_init ] --END-- [ RunTime:0.001000s ]
ERR: 无法加载控制器:Public

